2016-09-07 21:27:01 [::1][-][-][error][yii\base\UnknownClassException] exception 'yii\base\UnknownClassException' with message 'Unable to find 'backend\controllers\AloginController' in file: D:\PHP\phpstudy1\WWW\xiaoshixun1\xiaozuxiangmu\advanced/backend/controllers/AloginController.php. Namespace missing?' in D:\PHP\phpstudy1\WWW\xiaoshixun1\xiaozuxiangmu\advanced\vendor\yiisoft\yii2\BaseYii.php:291
Stack trace:
#0 [internal function]: yii\BaseYii::autoload('backend\\control...')
#1 [internal function]: spl_autoload_call('backend\\control...')
#2 D:\PHP\phpstudy1\WWW\xiaoshixun1\xiaozuxiangmu\advanced\vendor\yiisoft\yii2\base\Module.php(563): class_exists('backend\\control...')
#3 D:\PHP\phpstudy1\WWW\xiaoshixun1\xiaozuxiangmu\advanced\vendor\yiisoft\yii2\base\Module.php(521): yii\base\Module->createControllerByID('alogin')
#4 D:\PHP\phpstudy1\WWW\xiaoshixun1\xiaozuxiangmu\advanced\vendor\yiisoft\yii2\base\Module.php(449): yii\base\Module->createController('')
#5 D:\PHP\phpstudy1\WWW\xiaoshixun1\xiaozuxiangmu\advanced\vendor\yiisoft\yii2\web\Application.php(84): yii\base\Module->runAction('', Array)
#6 D:\PHP\phpstudy1\WWW\xiaoshixun1\xiaozuxiangmu\advanced\vendor\yiisoft\yii2\base\Application.php(375): yii\web\Application->handleRequest(Object(yii\web\Request))
#7 D:\PHP\phpstudy1\WWW\xiaoshixun1\xiaozuxiangmu\advanced\backend\web\index.php(18): yii\base\Application->run()
#8 {main}
2016-09-07 21:27:01 [::1][-][-][info][application] $_COOKIE = [
    'PHPSESSID' => 'uhjnu0vr3etr1bu5c0p402p845'
    '_csrf' => 'e63054fad1eca8314737cf12bc3d991e2c936854cc8aeff41a17fac738957f0ba:2:{i:0;s:5:\"_csrf\";i:1;s:32:\"asUieDucEeNoFIR4sCwFiFEKgIyOUIBy\";}'
]

$_SERVER = [
    'HTTP_HOST' => 'localhost'
    'HTTP_USER_AGENT' => 'Mozilla/5.0 (Windows NT 6.3; WOW64; rv:39.0) Gecko/20100101 Firefox/39.0'
    'HTTP_ACCEPT' => 'text/html,application/xhtml+xml,application/xml;q=0.9,*/*;q=0.8'
    'HTTP_ACCEPT_LANGUAGE' => 'zh-CN,zh;q=0.8,en-US;q=0.5,en;q=0.3'
    'HTTP_ACCEPT_ENCODING' => 'gzip, deflate'
    'HTTP_REFERER' => 'http://localhost/xiaoshixun1/xiaozuxiangmu/advanced/backend/web/'
    'HTTP_COOKIE' => 'PHPSESSID=uhjnu0vr3etr1bu5c0p402p845; _csrf=e63054fad1eca8314737cf12bc3d991e2c936854cc8aeff41a17fac738957f0ba%3A2%3A%7Bi%3A0%3Bs%3A5%3A%22_csrf%22%3Bi%3A1%3Bs%3A32%3A%22asUieDucEeNoFIR4sCwFiFEKgIyOUIBy%22%3B%7D'
    'HTTP_CONNECTION' => 'keep-alive'
    'PATH' => 'C:\\Program Files (x86)\\NVIDIA Corporation\\PhysX\\Common;C:\\Program Files (x86)\\Intel\\iCLS Client\\;C:\\Program Files\\Intel\\iCLS Client\\;C:\\WINDOWS\\system32;C:\\WINDOWS;C:\\WINDOWS\\System32\\Wbem;C:\\WINDOWS\\System32\\WindowsPowerShell\\v1.0\\;C:\\Program Files\\Hewlett-Packard\\SimplePass\\;C:\\Program Files\\Intel\\Intel(R) Management Engine Components\\DAL;C:\\Program Files (x86)\\Intel\\Intel(R) Management Engine Components\\DAL;C:\\Program Files\\Intel\\Intel(R) Management Engine Components\\IPT;C:\\Program Files (x86)\\Intel\\Intel(R) Management Engine Components\\IPT;C:\\Program Files (x86)\\iFLYTEK\\VoiceAssistant\\SpeechPlusRuntime;D:\\svn\\bin'
    'SystemRoot' => 'C:\\WINDOWS'
    'COMSPEC' => 'C:\\WINDOWS\\system32\\cmd.exe'
    'PATHEXT' => '.COM;.EXE;.BAT;.CMD;.VBS;.VBE;.JS;.JSE;.WSF;.WSH;.MSC'
    'WINDIR' => 'C:\\WINDOWS'
    'SERVER_SIGNATURE' => ''
    'SERVER_SOFTWARE' => 'Apache/2.4.18 (Win32) OpenSSL/1.0.2e PHP/5.5.30'
    'SERVER_NAME' => 'localhost'
    'SERVER_ADDR' => '::1'
    'SERVER_PORT' => '80'
    'REMOTE_ADDR' => '::1'
    'DOCUMENT_ROOT' => 'D:/PHP/phpstudy1/WWW'
    'REQUEST_SCHEME' => 'http'
    'CONTEXT_PREFIX' => ''
    'CONTEXT_DOCUMENT_ROOT' => 'D:/PHP/phpstudy1/WWW'
    'SERVER_ADMIN' => 'admin@phpStudy.net'
    'SCRIPT_FILENAME' => 'D:/PHP/phpstudy1/WWW/xiaoshixun1/xiaozuxiangmu/advanced/backend/web/index.php'
    'REMOTE_PORT' => '55951'
    'GATEWAY_INTERFACE' => 'CGI/1.1'
    'SERVER_PROTOCOL' => 'HTTP/1.1'
    'REQUEST_METHOD' => 'GET'
    'QUERY_STRING' => ''
    'REQUEST_URI' => '/xiaoshixun1/xiaozuxiangmu/advanced/backend/web/index.php'
    'SCRIPT_NAME' => '/xiaoshixun1/xiaozuxiangmu/advanced/backend/web/index.php'
    'PHP_SELF' => '/xiaoshixun1/xiaozuxiangmu/advanced/backend/web/index.php'
    'REQUEST_TIME_FLOAT' => 1473254821.334
    'REQUEST_TIME' => 1473254821
]
2016-09-07 21:27:52 [::1][-][-][error][yii\base\UnknownClassException] exception 'yii\base\UnknownClassException' with message 'Unable to find 'backend\controllers\AloginController' in file: D:\PHP\phpstudy1\WWW\xiaoshixun1\xiaozuxiangmu\advanced/backend/controllers/AloginController.php. Namespace missing?' in D:\PHP\phpstudy1\WWW\xiaoshixun1\xiaozuxiangmu\advanced\vendor\yiisoft\yii2\BaseYii.php:291
Stack trace:
#0 [internal function]: yii\BaseYii::autoload('backend\\control...')
#1 [internal function]: spl_autoload_call('backend\\control...')
#2 D:\PHP\phpstudy1\WWW\xiaoshixun1\xiaozuxiangmu\advanced\vendor\yiisoft\yii2\base\Module.php(563): class_exists('backend\\control...')
#3 D:\PHP\phpstudy1\WWW\xiaoshixun1\xiaozuxiangmu\advanced\vendor\yiisoft\yii2\base\Module.php(521): yii\base\Module->createControllerByID('alogin')
#4 D:\PHP\phpstudy1\WWW\xiaoshixun1\xiaozuxiangmu\advanced\vendor\yiisoft\yii2\base\Module.php(449): yii\base\Module->createController('')
#5 D:\PHP\phpstudy1\WWW\xiaoshixun1\xiaozuxiangmu\advanced\vendor\yiisoft\yii2\web\Application.php(84): yii\base\Module->runAction('', Array)
#6 D:\PHP\phpstudy1\WWW\xiaoshixun1\xiaozuxiangmu\advanced\vendor\yiisoft\yii2\base\Application.php(375): yii\web\Application->handleRequest(Object(yii\web\Request))
#7 D:\PHP\phpstudy1\WWW\xiaoshixun1\xiaozuxiangmu\advanced\backend\web\index.php(18): yii\base\Application->run()
#8 {main}
2016-09-07 21:27:52 [::1][-][-][info][application] $_COOKIE = [
    'PHPSESSID' => 'uhjnu0vr3etr1bu5c0p402p845'
    '_csrf' => 'e63054fad1eca8314737cf12bc3d991e2c936854cc8aeff41a17fac738957f0ba:2:{i:0;s:5:\"_csrf\";i:1;s:32:\"asUieDucEeNoFIR4sCwFiFEKgIyOUIBy\";}'
]

$_SERVER = [
    'HTTP_HOST' => 'localhost'
    'HTTP_USER_AGENT' => 'Mozilla/5.0 (Windows NT 6.3; WOW64; rv:39.0) Gecko/20100101 Firefox/39.0'
    'HTTP_ACCEPT' => 'text/html,application/xhtml+xml,application/xml;q=0.9,*/*;q=0.8'
    'HTTP_ACCEPT_LANGUAGE' => 'zh-CN,zh;q=0.8,en-US;q=0.5,en;q=0.3'
    'HTTP_ACCEPT_ENCODING' => 'gzip, deflate'
    'HTTP_REFERER' => 'http://localhost/xiaoshixun1/xiaozuxiangmu/advanced/backend/web/'
    'HTTP_COOKIE' => 'PHPSESSID=uhjnu0vr3etr1bu5c0p402p845; _csrf=e63054fad1eca8314737cf12bc3d991e2c936854cc8aeff41a17fac738957f0ba%3A2%3A%7Bi%3A0%3Bs%3A5%3A%22_csrf%22%3Bi%3A1%3Bs%3A32%3A%22asUieDucEeNoFIR4sCwFiFEKgIyOUIBy%22%3B%7D'
    'HTTP_CONNECTION' => 'keep-alive'
    'HTTP_CACHE_CONTROL' => 'max-age=0'
    'PATH' => 'C:\\Program Files (x86)\\NVIDIA Corporation\\PhysX\\Common;C:\\Program Files (x86)\\Intel\\iCLS Client\\;C:\\Program Files\\Intel\\iCLS Client\\;C:\\WINDOWS\\system32;C:\\WINDOWS;C:\\WINDOWS\\System32\\Wbem;C:\\WINDOWS\\System32\\WindowsPowerShell\\v1.0\\;C:\\Program Files\\Hewlett-Packard\\SimplePass\\;C:\\Program Files\\Intel\\Intel(R) Management Engine Components\\DAL;C:\\Program Files (x86)\\Intel\\Intel(R) Management Engine Components\\DAL;C:\\Program Files\\Intel\\Intel(R) Management Engine Components\\IPT;C:\\Program Files (x86)\\Intel\\Intel(R) Management Engine Components\\IPT;C:\\Program Files (x86)\\iFLYTEK\\VoiceAssistant\\SpeechPlusRuntime;D:\\svn\\bin'
    'SystemRoot' => 'C:\\WINDOWS'
    'COMSPEC' => 'C:\\WINDOWS\\system32\\cmd.exe'
    'PATHEXT' => '.COM;.EXE;.BAT;.CMD;.VBS;.VBE;.JS;.JSE;.WSF;.WSH;.MSC'
    'WINDIR' => 'C:\\WINDOWS'
    'SERVER_SIGNATURE' => ''
    'SERVER_SOFTWARE' => 'Apache/2.4.18 (Win32) OpenSSL/1.0.2e PHP/5.5.30'
    'SERVER_NAME' => 'localhost'
    'SERVER_ADDR' => '::1'
    'SERVER_PORT' => '80'
    'REMOTE_ADDR' => '::1'
    'DOCUMENT_ROOT' => 'D:/PHP/phpstudy1/WWW'
    'REQUEST_SCHEME' => 'http'
    'CONTEXT_PREFIX' => ''
    'CONTEXT_DOCUMENT_ROOT' => 'D:/PHP/phpstudy1/WWW'
    'SERVER_ADMIN' => 'admin@phpStudy.net'
    'SCRIPT_FILENAME' => 'D:/PHP/phpstudy1/WWW/xiaoshixun1/xiaozuxiangmu/advanced/backend/web/index.php'
    'REMOTE_PORT' => '55966'
    'GATEWAY_INTERFACE' => 'CGI/1.1'
    'SERVER_PROTOCOL' => 'HTTP/1.1'
    'REQUEST_METHOD' => 'GET'
    'QUERY_STRING' => ''
    'REQUEST_URI' => '/xiaoshixun1/xiaozuxiangmu/advanced/backend/web/index.php'
    'SCRIPT_NAME' => '/xiaoshixun1/xiaozuxiangmu/advanced/backend/web/index.php'
    'PHP_SELF' => '/xiaoshixun1/xiaozuxiangmu/advanced/backend/web/index.php'
    'REQUEST_TIME_FLOAT' => 1473254872.084
    'REQUEST_TIME' => 1473254872
]
2016-09-07 21:27:53 [::1][-][-][error][yii\base\UnknownClassException] exception 'yii\base\UnknownClassException' with message 'Unable to find 'backend\controllers\AloginController' in file: D:\PHP\phpstudy1\WWW\xiaoshixun1\xiaozuxiangmu\advanced/backend/controllers/AloginController.php. Namespace missing?' in D:\PHP\phpstudy1\WWW\xiaoshixun1\xiaozuxiangmu\advanced\vendor\yiisoft\yii2\BaseYii.php:291
Stack trace:
#0 [internal function]: yii\BaseYii::autoload('backend\\control...')
#1 [internal function]: spl_autoload_call('backend\\control...')
#2 D:\PHP\phpstudy1\WWW\xiaoshixun1\xiaozuxiangmu\advanced\vendor\yiisoft\yii2\base\Module.php(563): class_exists('backend\\control...')
#3 D:\PHP\phpstudy1\WWW\xiaoshixun1\xiaozuxiangmu\advanced\vendor\yiisoft\yii2\base\Module.php(521): yii\base\Module->createControllerByID('alogin')
#4 D:\PHP\phpstudy1\WWW\xiaoshixun1\xiaozuxiangmu\advanced\vendor\yiisoft\yii2\base\Module.php(449): yii\base\Module->createController('')
#5 D:\PHP\phpstudy1\WWW\xiaoshixun1\xiaozuxiangmu\advanced\vendor\yiisoft\yii2\web\Application.php(84): yii\base\Module->runAction('', Array)
#6 D:\PHP\phpstudy1\WWW\xiaoshixun1\xiaozuxiangmu\advanced\vendor\yiisoft\yii2\base\Application.php(375): yii\web\Application->handleRequest(Object(yii\web\Request))
#7 D:\PHP\phpstudy1\WWW\xiaoshixun1\xiaozuxiangmu\advanced\backend\web\index.php(18): yii\base\Application->run()
#8 {main}
2016-09-07 21:27:53 [::1][-][-][info][application] $_COOKIE = [
    'PHPSESSID' => 'uhjnu0vr3etr1bu5c0p402p845'
    '_csrf' => 'e63054fad1eca8314737cf12bc3d991e2c936854cc8aeff41a17fac738957f0ba:2:{i:0;s:5:\"_csrf\";i:1;s:32:\"asUieDucEeNoFIR4sCwFiFEKgIyOUIBy\";}'
]

$_SERVER = [
    'HTTP_HOST' => 'localhost'
    'HTTP_USER_AGENT' => 'Mozilla/5.0 (Windows NT 6.3; WOW64; rv:39.0) Gecko/20100101 Firefox/39.0'
    'HTTP_ACCEPT' => 'text/html,application/xhtml+xml,application/xml;q=0.9,*/*;q=0.8'
    'HTTP_ACCEPT_LANGUAGE' => 'zh-CN,zh;q=0.8,en-US;q=0.5,en;q=0.3'
    'HTTP_ACCEPT_ENCODING' => 'gzip, deflate'
    'HTTP_REFERER' => 'http://localhost/xiaoshixun1/xiaozuxiangmu/advanced/backend/web/'
    'HTTP_COOKIE' => 'PHPSESSID=uhjnu0vr3etr1bu5c0p402p845; _csrf=e63054fad1eca8314737cf12bc3d991e2c936854cc8aeff41a17fac738957f0ba%3A2%3A%7Bi%3A0%3Bs%3A5%3A%22_csrf%22%3Bi%3A1%3Bs%3A32%3A%22asUieDucEeNoFIR4sCwFiFEKgIyOUIBy%22%3B%7D'
    'HTTP_CONNECTION' => 'keep-alive'
    'HTTP_CACHE_CONTROL' => 'max-age=0'
    'PATH' => 'C:\\Program Files (x86)\\NVIDIA Corporation\\PhysX\\Common;C:\\Program Files (x86)\\Intel\\iCLS Client\\;C:\\Program Files\\Intel\\iCLS Client\\;C:\\WINDOWS\\system32;C:\\WINDOWS;C:\\WINDOWS\\System32\\Wbem;C:\\WINDOWS\\System32\\WindowsPowerShell\\v1.0\\;C:\\Program Files\\Hewlett-Packard\\SimplePass\\;C:\\Program Files\\Intel\\Intel(R) Management Engine Components\\DAL;C:\\Program Files (x86)\\Intel\\Intel(R) Management Engine Components\\DAL;C:\\Program Files\\Intel\\Intel(R) Management Engine Components\\IPT;C:\\Program Files (x86)\\Intel\\Intel(R) Management Engine Components\\IPT;C:\\Program Files (x86)\\iFLYTEK\\VoiceAssistant\\SpeechPlusRuntime;D:\\svn\\bin'
    'SystemRoot' => 'C:\\WINDOWS'
    'COMSPEC' => 'C:\\WINDOWS\\system32\\cmd.exe'
    'PATHEXT' => '.COM;.EXE;.BAT;.CMD;.VBS;.VBE;.JS;.JSE;.WSF;.WSH;.MSC'
    'WINDIR' => 'C:\\WINDOWS'
    'SERVER_SIGNATURE' => ''
    'SERVER_SOFTWARE' => 'Apache/2.4.18 (Win32) OpenSSL/1.0.2e PHP/5.5.30'
    'SERVER_NAME' => 'localhost'
    'SERVER_ADDR' => '::1'
    'SERVER_PORT' => '80'
    'REMOTE_ADDR' => '::1'
    'DOCUMENT_ROOT' => 'D:/PHP/phpstudy1/WWW'
    'REQUEST_SCHEME' => 'http'
    'CONTEXT_PREFIX' => ''
    'CONTEXT_DOCUMENT_ROOT' => 'D:/PHP/phpstudy1/WWW'
    'SERVER_ADMIN' => 'admin@phpStudy.net'
    'SCRIPT_FILENAME' => 'D:/PHP/phpstudy1/WWW/xiaoshixun1/xiaozuxiangmu/advanced/backend/web/index.php'
    'REMOTE_PORT' => '55967'
    'GATEWAY_INTERFACE' => 'CGI/1.1'
    'SERVER_PROTOCOL' => 'HTTP/1.1'
    'REQUEST_METHOD' => 'GET'
    'QUERY_STRING' => ''
    'REQUEST_URI' => '/xiaoshixun1/xiaozuxiangmu/advanced/backend/web/index.php'
    'SCRIPT_NAME' => '/xiaoshixun1/xiaozuxiangmu/advanced/backend/web/index.php'
    'PHP_SELF' => '/xiaoshixun1/xiaozuxiangmu/advanced/backend/web/index.php'
    'REQUEST_TIME_FLOAT' => 1473254873.297
    'REQUEST_TIME' => 1473254873
]
2016-09-07 21:38:06 [::1][-][-][error][yii\base\UnknownClassException] exception 'yii\base\UnknownClassException' with message 'Unable to find 'backend\controllers\AloginController' in file: D:\PHP\phpstudy1\WWW\xiaoshixun1\xiaozuxiangmu\advanced/backend/controllers/AloginController.php. Namespace missing?' in D:\PHP\phpstudy1\WWW\xiaoshixun1\xiaozuxiangmu\advanced\vendor\yiisoft\yii2\BaseYii.php:291
Stack trace:
#0 [internal function]: yii\BaseYii::autoload('backend\\control...')
#1 [internal function]: spl_autoload_call('backend\\control...')
#2 D:\PHP\phpstudy1\WWW\xiaoshixun1\xiaozuxiangmu\advanced\vendor\yiisoft\yii2\base\Module.php(563): class_exists('backend\\control...')
#3 D:\PHP\phpstudy1\WWW\xiaoshixun1\xiaozuxiangmu\advanced\vendor\yiisoft\yii2\base\Module.php(521): yii\base\Module->createControllerByID('alogin')
#4 D:\PHP\phpstudy1\WWW\xiaoshixun1\xiaozuxiangmu\advanced\vendor\yiisoft\yii2\base\Module.php(449): yii\base\Module->createController('')
#5 D:\PHP\phpstudy1\WWW\xiaoshixun1\xiaozuxiangmu\advanced\vendor\yiisoft\yii2\web\Application.php(84): yii\base\Module->runAction('', Array)
#6 D:\PHP\phpstudy1\WWW\xiaoshixun1\xiaozuxiangmu\advanced\vendor\yiisoft\yii2\base\Application.php(375): yii\web\Application->handleRequest(Object(yii\web\Request))
#7 D:\PHP\phpstudy1\WWW\xiaoshixun1\xiaozuxiangmu\advanced\backend\web\index.php(18): yii\base\Application->run()
#8 {main}
2016-09-07 21:38:06 [::1][-][-][info][application] $_COOKIE = [
    'PHPSESSID' => 'uhjnu0vr3etr1bu5c0p402p845'
    '_csrf' => 'e63054fad1eca8314737cf12bc3d991e2c936854cc8aeff41a17fac738957f0ba:2:{i:0;s:5:\"_csrf\";i:1;s:32:\"asUieDucEeNoFIR4sCwFiFEKgIyOUIBy\";}'
]

$_SERVER = [
    'HTTP_HOST' => 'localhost'
    'HTTP_USER_AGENT' => 'Mozilla/5.0 (Windows NT 6.3; WOW64; rv:39.0) Gecko/20100101 Firefox/39.0'
    'HTTP_ACCEPT' => 'text/html,application/xhtml+xml,application/xml;q=0.9,*/*;q=0.8'
    'HTTP_ACCEPT_LANGUAGE' => 'zh-CN,zh;q=0.8,en-US;q=0.5,en;q=0.3'
    'HTTP_ACCEPT_ENCODING' => 'gzip, deflate'
    'HTTP_REFERER' => 'http://localhost/xiaoshixun1/xiaozuxiangmu/advanced/backend/web/'
    'HTTP_COOKIE' => 'PHPSESSID=uhjnu0vr3etr1bu5c0p402p845; _csrf=e63054fad1eca8314737cf12bc3d991e2c936854cc8aeff41a17fac738957f0ba%3A2%3A%7Bi%3A0%3Bs%3A5%3A%22_csrf%22%3Bi%3A1%3Bs%3A32%3A%22asUieDucEeNoFIR4sCwFiFEKgIyOUIBy%22%3B%7D'
    'HTTP_CONNECTION' => 'keep-alive'
    'HTTP_CACHE_CONTROL' => 'max-age=0'
    'PATH' => 'C:\\Program Files (x86)\\NVIDIA Corporation\\PhysX\\Common;C:\\Program Files (x86)\\Intel\\iCLS Client\\;C:\\Program Files\\Intel\\iCLS Client\\;C:\\WINDOWS\\system32;C:\\WINDOWS;C:\\WINDOWS\\System32\\Wbem;C:\\WINDOWS\\System32\\WindowsPowerShell\\v1.0\\;C:\\Program Files\\Hewlett-Packard\\SimplePass\\;C:\\Program Files\\Intel\\Intel(R) Management Engine Components\\DAL;C:\\Program Files (x86)\\Intel\\Intel(R) Management Engine Components\\DAL;C:\\Program Files\\Intel\\Intel(R) Management Engine Components\\IPT;C:\\Program Files (x86)\\Intel\\Intel(R) Management Engine Components\\IPT;C:\\Program Files (x86)\\iFLYTEK\\VoiceAssistant\\SpeechPlusRuntime;D:\\svn\\bin'
    'SystemRoot' => 'C:\\WINDOWS'
    'COMSPEC' => 'C:\\WINDOWS\\system32\\cmd.exe'
    'PATHEXT' => '.COM;.EXE;.BAT;.CMD;.VBS;.VBE;.JS;.JSE;.WSF;.WSH;.MSC'
    'WINDIR' => 'C:\\WINDOWS'
    'SERVER_SIGNATURE' => ''
    'SERVER_SOFTWARE' => 'Apache/2.4.18 (Win32) OpenSSL/1.0.2e PHP/5.5.30'
    'SERVER_NAME' => 'localhost'
    'SERVER_ADDR' => '::1'
    'SERVER_PORT' => '80'
    'REMOTE_ADDR' => '::1'
    'DOCUMENT_ROOT' => 'D:/PHP/phpstudy1/WWW'
    'REQUEST_SCHEME' => 'http'
    'CONTEXT_PREFIX' => ''
    'CONTEXT_DOCUMENT_ROOT' => 'D:/PHP/phpstudy1/WWW'
    'SERVER_ADMIN' => 'admin@phpStudy.net'
    'SCRIPT_FILENAME' => 'D:/PHP/phpstudy1/WWW/xiaoshixun1/xiaozuxiangmu/advanced/backend/web/index.php'
    'REMOTE_PORT' => '56197'
    'GATEWAY_INTERFACE' => 'CGI/1.1'
    'SERVER_PROTOCOL' => 'HTTP/1.1'
    'REQUEST_METHOD' => 'GET'
    'QUERY_STRING' => ''
    'REQUEST_URI' => '/xiaoshixun1/xiaozuxiangmu/advanced/backend/web/index.php'
    'SCRIPT_NAME' => '/xiaoshixun1/xiaozuxiangmu/advanced/backend/web/index.php'
    'PHP_SELF' => '/xiaoshixun1/xiaozuxiangmu/advanced/backend/web/index.php'
    'REQUEST_TIME_FLOAT' => 1473255486.745
    'REQUEST_TIME' => 1473255486
]
2016-09-07 21:38:07 [::1][-][-][error][yii\base\UnknownClassException] exception 'yii\base\UnknownClassException' with message 'Unable to find 'backend\controllers\AloginController' in file: D:\PHP\phpstudy1\WWW\xiaoshixun1\xiaozuxiangmu\advanced/backend/controllers/AloginController.php. Namespace missing?' in D:\PHP\phpstudy1\WWW\xiaoshixun1\xiaozuxiangmu\advanced\vendor\yiisoft\yii2\BaseYii.php:291
Stack trace:
#0 [internal function]: yii\BaseYii::autoload('backend\\control...')
#1 [internal function]: spl_autoload_call('backend\\control...')
#2 D:\PHP\phpstudy1\WWW\xiaoshixun1\xiaozuxiangmu\advanced\vendor\yiisoft\yii2\base\Module.php(563): class_exists('backend\\control...')
#3 D:\PHP\phpstudy1\WWW\xiaoshixun1\xiaozuxiangmu\advanced\vendor\yiisoft\yii2\base\Module.php(521): yii\base\Module->createControllerByID('alogin')
#4 D:\PHP\phpstudy1\WWW\xiaoshixun1\xiaozuxiangmu\advanced\vendor\yiisoft\yii2\base\Module.php(449): yii\base\Module->createController('')
#5 D:\PHP\phpstudy1\WWW\xiaoshixun1\xiaozuxiangmu\advanced\vendor\yiisoft\yii2\web\Application.php(84): yii\base\Module->runAction('', Array)
#6 D:\PHP\phpstudy1\WWW\xiaoshixun1\xiaozuxiangmu\advanced\vendor\yiisoft\yii2\base\Application.php(375): yii\web\Application->handleRequest(Object(yii\web\Request))
#7 D:\PHP\phpstudy1\WWW\xiaoshixun1\xiaozuxiangmu\advanced\backend\web\index.php(18): yii\base\Application->run()
#8 {main}
2016-09-07 21:38:07 [::1][-][-][info][application] $_COOKIE = [
    'PHPSESSID' => 'uhjnu0vr3etr1bu5c0p402p845'
    '_csrf' => 'e63054fad1eca8314737cf12bc3d991e2c936854cc8aeff41a17fac738957f0ba:2:{i:0;s:5:\"_csrf\";i:1;s:32:\"asUieDucEeNoFIR4sCwFiFEKgIyOUIBy\";}'
]

$_SERVER = [
    'HTTP_HOST' => 'localhost'
    'HTTP_USER_AGENT' => 'Mozilla/5.0 (Windows NT 6.3; WOW64; rv:39.0) Gecko/20100101 Firefox/39.0'
    'HTTP_ACCEPT' => 'text/html,application/xhtml+xml,application/xml;q=0.9,*/*;q=0.8'
    'HTTP_ACCEPT_LANGUAGE' => 'zh-CN,zh;q=0.8,en-US;q=0.5,en;q=0.3'
    'HTTP_ACCEPT_ENCODING' => 'gzip, deflate'
    'HTTP_REFERER' => 'http://localhost/xiaoshixun1/xiaozuxiangmu/advanced/backend/web/'
    'HTTP_COOKIE' => 'PHPSESSID=uhjnu0vr3etr1bu5c0p402p845; _csrf=e63054fad1eca8314737cf12bc3d991e2c936854cc8aeff41a17fac738957f0ba%3A2%3A%7Bi%3A0%3Bs%3A5%3A%22_csrf%22%3Bi%3A1%3Bs%3A32%3A%22asUieDucEeNoFIR4sCwFiFEKgIyOUIBy%22%3B%7D'
    'HTTP_CONNECTION' => 'keep-alive'
    'HTTP_CACHE_CONTROL' => 'max-age=0'
    'PATH' => 'C:\\Program Files (x86)\\NVIDIA Corporation\\PhysX\\Common;C:\\Program Files (x86)\\Intel\\iCLS Client\\;C:\\Program Files\\Intel\\iCLS Client\\;C:\\WINDOWS\\system32;C:\\WINDOWS;C:\\WINDOWS\\System32\\Wbem;C:\\WINDOWS\\System32\\WindowsPowerShell\\v1.0\\;C:\\Program Files\\Hewlett-Packard\\SimplePass\\;C:\\Program Files\\Intel\\Intel(R) Management Engine Components\\DAL;C:\\Program Files (x86)\\Intel\\Intel(R) Management Engine Components\\DAL;C:\\Program Files\\Intel\\Intel(R) Management Engine Components\\IPT;C:\\Program Files (x86)\\Intel\\Intel(R) Management Engine Components\\IPT;C:\\Program Files (x86)\\iFLYTEK\\VoiceAssistant\\SpeechPlusRuntime;D:\\svn\\bin'
    'SystemRoot' => 'C:\\WINDOWS'
    'COMSPEC' => 'C:\\WINDOWS\\system32\\cmd.exe'
    'PATHEXT' => '.COM;.EXE;.BAT;.CMD;.VBS;.VBE;.JS;.JSE;.WSF;.WSH;.MSC'
    'WINDIR' => 'C:\\WINDOWS'
    'SERVER_SIGNATURE' => ''
    'SERVER_SOFTWARE' => 'Apache/2.4.18 (Win32) OpenSSL/1.0.2e PHP/5.5.30'
    'SERVER_NAME' => 'localhost'
    'SERVER_ADDR' => '::1'
    'SERVER_PORT' => '80'
    'REMOTE_ADDR' => '::1'
    'DOCUMENT_ROOT' => 'D:/PHP/phpstudy1/WWW'
    'REQUEST_SCHEME' => 'http'
    'CONTEXT_PREFIX' => ''
    'CONTEXT_DOCUMENT_ROOT' => 'D:/PHP/phpstudy1/WWW'
    'SERVER_ADMIN' => 'admin@phpStudy.net'
    'SCRIPT_FILENAME' => 'D:/PHP/phpstudy1/WWW/xiaoshixun1/xiaozuxiangmu/advanced/backend/web/index.php'
    'REMOTE_PORT' => '56198'
    'GATEWAY_INTERFACE' => 'CGI/1.1'
    'SERVER_PROTOCOL' => 'HTTP/1.1'
    'REQUEST_METHOD' => 'GET'
    'QUERY_STRING' => ''
    'REQUEST_URI' => '/xiaoshixun1/xiaozuxiangmu/advanced/backend/web/index.php'
    'SCRIPT_NAME' => '/xiaoshixun1/xiaozuxiangmu/advanced/backend/web/index.php'
    'PHP_SELF' => '/xiaoshixun1/xiaozuxiangmu/advanced/backend/web/index.php'
    'REQUEST_TIME_FLOAT' => 1473255487.878
    'REQUEST_TIME' => 1473255487
]
2016-09-07 21:38:08 [::1][-][-][error][yii\base\UnknownClassException] exception 'yii\base\UnknownClassException' with message 'Unable to find 'backend\controllers\AloginController' in file: D:\PHP\phpstudy1\WWW\xiaoshixun1\xiaozuxiangmu\advanced/backend/controllers/AloginController.php. Namespace missing?' in D:\PHP\phpstudy1\WWW\xiaoshixun1\xiaozuxiangmu\advanced\vendor\yiisoft\yii2\BaseYii.php:291
Stack trace:
#0 [internal function]: yii\BaseYii::autoload('backend\\control...')
#1 [internal function]: spl_autoload_call('backend\\control...')
#2 D:\PHP\phpstudy1\WWW\xiaoshixun1\xiaozuxiangmu\advanced\vendor\yiisoft\yii2\base\Module.php(563): class_exists('backend\\control...')
#3 D:\PHP\phpstudy1\WWW\xiaoshixun1\xiaozuxiangmu\advanced\vendor\yiisoft\yii2\base\Module.php(521): yii\base\Module->createControllerByID('alogin')
#4 D:\PHP\phpstudy1\WWW\xiaoshixun1\xiaozuxiangmu\advanced\vendor\yiisoft\yii2\base\Module.php(449): yii\base\Module->createController('')
#5 D:\PHP\phpstudy1\WWW\xiaoshixun1\xiaozuxiangmu\advanced\vendor\yiisoft\yii2\web\Application.php(84): yii\base\Module->runAction('', Array)
#6 D:\PHP\phpstudy1\WWW\xiaoshixun1\xiaozuxiangmu\advanced\vendor\yiisoft\yii2\base\Application.php(375): yii\web\Application->handleRequest(Object(yii\web\Request))
#7 D:\PHP\phpstudy1\WWW\xiaoshixun1\xiaozuxiangmu\advanced\backend\web\index.php(18): yii\base\Application->run()
#8 {main}
2016-09-07 21:38:08 [::1][-][-][info][application] $_COOKIE = [
    'PHPSESSID' => 'uhjnu0vr3etr1bu5c0p402p845'
    '_csrf' => 'e63054fad1eca8314737cf12bc3d991e2c936854cc8aeff41a17fac738957f0ba:2:{i:0;s:5:\"_csrf\";i:1;s:32:\"asUieDucEeNoFIR4sCwFiFEKgIyOUIBy\";}'
]

$_SERVER = [
    'HTTP_HOST' => 'localhost'
    'HTTP_USER_AGENT' => 'Mozilla/5.0 (Windows NT 6.3; WOW64; rv:39.0) Gecko/20100101 Firefox/39.0'
    'HTTP_ACCEPT' => 'text/html,application/xhtml+xml,application/xml;q=0.9,*/*;q=0.8'
    'HTTP_ACCEPT_LANGUAGE' => 'zh-CN,zh;q=0.8,en-US;q=0.5,en;q=0.3'
    'HTTP_ACCEPT_ENCODING' => 'gzip, deflate'
    'HTTP_REFERER' => 'http://localhost/xiaoshixun1/xiaozuxiangmu/advanced/backend/web/'
    'HTTP_COOKIE' => 'PHPSESSID=uhjnu0vr3etr1bu5c0p402p845; _csrf=e63054fad1eca8314737cf12bc3d991e2c936854cc8aeff41a17fac738957f0ba%3A2%3A%7Bi%3A0%3Bs%3A5%3A%22_csrf%22%3Bi%3A1%3Bs%3A32%3A%22asUieDucEeNoFIR4sCwFiFEKgIyOUIBy%22%3B%7D'
    'HTTP_CONNECTION' => 'keep-alive'
    'HTTP_CACHE_CONTROL' => 'max-age=0'
    'PATH' => 'C:\\Program Files (x86)\\NVIDIA Corporation\\PhysX\\Common;C:\\Program Files (x86)\\Intel\\iCLS Client\\;C:\\Program Files\\Intel\\iCLS Client\\;C:\\WINDOWS\\system32;C:\\WINDOWS;C:\\WINDOWS\\System32\\Wbem;C:\\WINDOWS\\System32\\WindowsPowerShell\\v1.0\\;C:\\Program Files\\Hewlett-Packard\\SimplePass\\;C:\\Program Files\\Intel\\Intel(R) Management Engine Components\\DAL;C:\\Program Files (x86)\\Intel\\Intel(R) Management Engine Components\\DAL;C:\\Program Files\\Intel\\Intel(R) Management Engine Components\\IPT;C:\\Program Files (x86)\\Intel\\Intel(R) Management Engine Components\\IPT;C:\\Program Files (x86)\\iFLYTEK\\VoiceAssistant\\SpeechPlusRuntime;D:\\svn\\bin'
    'SystemRoot' => 'C:\\WINDOWS'
    'COMSPEC' => 'C:\\WINDOWS\\system32\\cmd.exe'
    'PATHEXT' => '.COM;.EXE;.BAT;.CMD;.VBS;.VBE;.JS;.JSE;.WSF;.WSH;.MSC'
    'WINDIR' => 'C:\\WINDOWS'
    'SERVER_SIGNATURE' => ''
    'SERVER_SOFTWARE' => 'Apache/2.4.18 (Win32) OpenSSL/1.0.2e PHP/5.5.30'
    'SERVER_NAME' => 'localhost'
    'SERVER_ADDR' => '::1'
    'SERVER_PORT' => '80'
    'REMOTE_ADDR' => '::1'
    'DOCUMENT_ROOT' => 'D:/PHP/phpstudy1/WWW'
    'REQUEST_SCHEME' => 'http'
    'CONTEXT_PREFIX' => ''
    'CONTEXT_DOCUMENT_ROOT' => 'D:/PHP/phpstudy1/WWW'
    'SERVER_ADMIN' => 'admin@phpStudy.net'
    'SCRIPT_FILENAME' => 'D:/PHP/phpstudy1/WWW/xiaoshixun1/xiaozuxiangmu/advanced/backend/web/index.php'
    'REMOTE_PORT' => '56199'
    'GATEWAY_INTERFACE' => 'CGI/1.1'
    'SERVER_PROTOCOL' => 'HTTP/1.1'
    'REQUEST_METHOD' => 'GET'
    'QUERY_STRING' => ''
    'REQUEST_URI' => '/xiaoshixun1/xiaozuxiangmu/advanced/backend/web/index.php'
    'SCRIPT_NAME' => '/xiaoshixun1/xiaozuxiangmu/advanced/backend/web/index.php'
    'PHP_SELF' => '/xiaoshixun1/xiaozuxiangmu/advanced/backend/web/index.php'
    'REQUEST_TIME_FLOAT' => 1473255488.861
    'REQUEST_TIME' => 1473255488
]
2016-09-07 21:38:09 [::1][-][-][error][yii\base\UnknownClassException] exception 'yii\base\UnknownClassException' with message 'Unable to find 'backend\controllers\AloginController' in file: D:\PHP\phpstudy1\WWW\xiaoshixun1\xiaozuxiangmu\advanced/backend/controllers/AloginController.php. Namespace missing?' in D:\PHP\phpstudy1\WWW\xiaoshixun1\xiaozuxiangmu\advanced\vendor\yiisoft\yii2\BaseYii.php:291
Stack trace:
#0 [internal function]: yii\BaseYii::autoload('backend\\control...')
#1 [internal function]: spl_autoload_call('backend\\control...')
#2 D:\PHP\phpstudy1\WWW\xiaoshixun1\xiaozuxiangmu\advanced\vendor\yiisoft\yii2\base\Module.php(563): class_exists('backend\\control...')
#3 D:\PHP\phpstudy1\WWW\xiaoshixun1\xiaozuxiangmu\advanced\vendor\yiisoft\yii2\base\Module.php(521): yii\base\Module->createControllerByID('alogin')
#4 D:\PHP\phpstudy1\WWW\xiaoshixun1\xiaozuxiangmu\advanced\vendor\yiisoft\yii2\base\Module.php(449): yii\base\Module->createController('')
#5 D:\PHP\phpstudy1\WWW\xiaoshixun1\xiaozuxiangmu\advanced\vendor\yiisoft\yii2\web\Application.php(84): yii\base\Module->runAction('', Array)
#6 D:\PHP\phpstudy1\WWW\xiaoshixun1\xiaozuxiangmu\advanced\vendor\yiisoft\yii2\base\Application.php(375): yii\web\Application->handleRequest(Object(yii\web\Request))
#7 D:\PHP\phpstudy1\WWW\xiaoshixun1\xiaozuxiangmu\advanced\backend\web\index.php(18): yii\base\Application->run()
#8 {main}
2016-09-07 21:38:09 [::1][-][-][info][application] $_COOKIE = [
    'PHPSESSID' => 'uhjnu0vr3etr1bu5c0p402p845'
    '_csrf' => 'e63054fad1eca8314737cf12bc3d991e2c936854cc8aeff41a17fac738957f0ba:2:{i:0;s:5:\"_csrf\";i:1;s:32:\"asUieDucEeNoFIR4sCwFiFEKgIyOUIBy\";}'
]

$_SERVER = [
    'HTTP_HOST' => 'localhost'
    'HTTP_USER_AGENT' => 'Mozilla/5.0 (Windows NT 6.3; WOW64; rv:39.0) Gecko/20100101 Firefox/39.0'
    'HTTP_ACCEPT' => 'text/html,application/xhtml+xml,application/xml;q=0.9,*/*;q=0.8'
    'HTTP_ACCEPT_LANGUAGE' => 'zh-CN,zh;q=0.8,en-US;q=0.5,en;q=0.3'
    'HTTP_ACCEPT_ENCODING' => 'gzip, deflate'
    'HTTP_REFERER' => 'http://localhost/xiaoshixun1/xiaozuxiangmu/advanced/backend/web/'
    'HTTP_COOKIE' => 'PHPSESSID=uhjnu0vr3etr1bu5c0p402p845; _csrf=e63054fad1eca8314737cf12bc3d991e2c936854cc8aeff41a17fac738957f0ba%3A2%3A%7Bi%3A0%3Bs%3A5%3A%22_csrf%22%3Bi%3A1%3Bs%3A32%3A%22asUieDucEeNoFIR4sCwFiFEKgIyOUIBy%22%3B%7D'
    'HTTP_CONNECTION' => 'keep-alive'
    'HTTP_CACHE_CONTROL' => 'max-age=0'
    'PATH' => 'C:\\Program Files (x86)\\NVIDIA Corporation\\PhysX\\Common;C:\\Program Files (x86)\\Intel\\iCLS Client\\;C:\\Program Files\\Intel\\iCLS Client\\;C:\\WINDOWS\\system32;C:\\WINDOWS;C:\\WINDOWS\\System32\\Wbem;C:\\WINDOWS\\System32\\WindowsPowerShell\\v1.0\\;C:\\Program Files\\Hewlett-Packard\\SimplePass\\;C:\\Program Files\\Intel\\Intel(R) Management Engine Components\\DAL;C:\\Program Files (x86)\\Intel\\Intel(R) Management Engine Components\\DAL;C:\\Program Files\\Intel\\Intel(R) Management Engine Components\\IPT;C:\\Program Files (x86)\\Intel\\Intel(R) Management Engine Components\\IPT;C:\\Program Files (x86)\\iFLYTEK\\VoiceAssistant\\SpeechPlusRuntime;D:\\svn\\bin'
    'SystemRoot' => 'C:\\WINDOWS'
    'COMSPEC' => 'C:\\WINDOWS\\system32\\cmd.exe'
    'PATHEXT' => '.COM;.EXE;.BAT;.CMD;.VBS;.VBE;.JS;.JSE;.WSF;.WSH;.MSC'
    'WINDIR' => 'C:\\WINDOWS'
    'SERVER_SIGNATURE' => ''
    'SERVER_SOFTWARE' => 'Apache/2.4.18 (Win32) OpenSSL/1.0.2e PHP/5.5.30'
    'SERVER_NAME' => 'localhost'
    'SERVER_ADDR' => '::1'
    'SERVER_PORT' => '80'
    'REMOTE_ADDR' => '::1'
    'DOCUMENT_ROOT' => 'D:/PHP/phpstudy1/WWW'
    'REQUEST_SCHEME' => 'http'
    'CONTEXT_PREFIX' => ''
    'CONTEXT_DOCUMENT_ROOT' => 'D:/PHP/phpstudy1/WWW'
    'SERVER_ADMIN' => 'admin@phpStudy.net'
    'SCRIPT_FILENAME' => 'D:/PHP/phpstudy1/WWW/xiaoshixun1/xiaozuxiangmu/advanced/backend/web/index.php'
    'REMOTE_PORT' => '56200'
    'GATEWAY_INTERFACE' => 'CGI/1.1'
    'SERVER_PROTOCOL' => 'HTTP/1.1'
    'REQUEST_METHOD' => 'GET'
    'QUERY_STRING' => ''
    'REQUEST_URI' => '/xiaoshixun1/xiaozuxiangmu/advanced/backend/web/index.php'
    'SCRIPT_NAME' => '/xiaoshixun1/xiaozuxiangmu/advanced/backend/web/index.php'
    'PHP_SELF' => '/xiaoshixun1/xiaozuxiangmu/advanced/backend/web/index.php'
    'REQUEST_TIME_FLOAT' => 1473255489.726
    'REQUEST_TIME' => 1473255489
]
2016-09-07 21:38:10 [::1][-][-][error][yii\base\UnknownClassException] exception 'yii\base\UnknownClassException' with message 'Unable to find 'backend\controllers\AloginController' in file: D:\PHP\phpstudy1\WWW\xiaoshixun1\xiaozuxiangmu\advanced/backend/controllers/AloginController.php. Namespace missing?' in D:\PHP\phpstudy1\WWW\xiaoshixun1\xiaozuxiangmu\advanced\vendor\yiisoft\yii2\BaseYii.php:291
Stack trace:
#0 [internal function]: yii\BaseYii::autoload('backend\\control...')
#1 [internal function]: spl_autoload_call('backend\\control...')
#2 D:\PHP\phpstudy1\WWW\xiaoshixun1\xiaozuxiangmu\advanced\vendor\yiisoft\yii2\base\Module.php(563): class_exists('backend\\control...')
#3 D:\PHP\phpstudy1\WWW\xiaoshixun1\xiaozuxiangmu\advanced\vendor\yiisoft\yii2\base\Module.php(521): yii\base\Module->createControllerByID('alogin')
#4 D:\PHP\phpstudy1\WWW\xiaoshixun1\xiaozuxiangmu\advanced\vendor\yiisoft\yii2\base\Module.php(449): yii\base\Module->createController('')
#5 D:\PHP\phpstudy1\WWW\xiaoshixun1\xiaozuxiangmu\advanced\vendor\yiisoft\yii2\web\Application.php(84): yii\base\Module->runAction('', Array)
#6 D:\PHP\phpstudy1\WWW\xiaoshixun1\xiaozuxiangmu\advanced\vendor\yiisoft\yii2\base\Application.php(375): yii\web\Application->handleRequest(Object(yii\web\Request))
#7 D:\PHP\phpstudy1\WWW\xiaoshixun1\xiaozuxiangmu\advanced\backend\web\index.php(18): yii\base\Application->run()
#8 {main}
2016-09-07 21:38:10 [::1][-][-][info][application] $_COOKIE = [
    'PHPSESSID' => 'uhjnu0vr3etr1bu5c0p402p845'
    '_csrf' => 'e63054fad1eca8314737cf12bc3d991e2c936854cc8aeff41a17fac738957f0ba:2:{i:0;s:5:\"_csrf\";i:1;s:32:\"asUieDucEeNoFIR4sCwFiFEKgIyOUIBy\";}'
]

$_SERVER = [
    'HTTP_HOST' => 'localhost'
    'HTTP_USER_AGENT' => 'Mozilla/5.0 (Windows NT 6.3; WOW64; rv:39.0) Gecko/20100101 Firefox/39.0'
    'HTTP_ACCEPT' => 'text/html,application/xhtml+xml,application/xml;q=0.9,*/*;q=0.8'
    'HTTP_ACCEPT_LANGUAGE' => 'zh-CN,zh;q=0.8,en-US;q=0.5,en;q=0.3'
    'HTTP_ACCEPT_ENCODING' => 'gzip, deflate'
    'HTTP_REFERER' => 'http://localhost/xiaoshixun1/xiaozuxiangmu/advanced/backend/web/'
    'HTTP_COOKIE' => 'PHPSESSID=uhjnu0vr3etr1bu5c0p402p845; _csrf=e63054fad1eca8314737cf12bc3d991e2c936854cc8aeff41a17fac738957f0ba%3A2%3A%7Bi%3A0%3Bs%3A5%3A%22_csrf%22%3Bi%3A1%3Bs%3A32%3A%22asUieDucEeNoFIR4sCwFiFEKgIyOUIBy%22%3B%7D'
    'HTTP_CONNECTION' => 'keep-alive'
    'HTTP_CACHE_CONTROL' => 'max-age=0'
    'PATH' => 'C:\\Program Files (x86)\\NVIDIA Corporation\\PhysX\\Common;C:\\Program Files (x86)\\Intel\\iCLS Client\\;C:\\Program Files\\Intel\\iCLS Client\\;C:\\WINDOWS\\system32;C:\\WINDOWS;C:\\WINDOWS\\System32\\Wbem;C:\\WINDOWS\\System32\\WindowsPowerShell\\v1.0\\;C:\\Program Files\\Hewlett-Packard\\SimplePass\\;C:\\Program Files\\Intel\\Intel(R) Management Engine Components\\DAL;C:\\Program Files (x86)\\Intel\\Intel(R) Management Engine Components\\DAL;C:\\Program Files\\Intel\\Intel(R) Management Engine Components\\IPT;C:\\Program Files (x86)\\Intel\\Intel(R) Management Engine Components\\IPT;C:\\Program Files (x86)\\iFLYTEK\\VoiceAssistant\\SpeechPlusRuntime;D:\\svn\\bin'
    'SystemRoot' => 'C:\\WINDOWS'
    'COMSPEC' => 'C:\\WINDOWS\\system32\\cmd.exe'
    'PATHEXT' => '.COM;.EXE;.BAT;.CMD;.VBS;.VBE;.JS;.JSE;.WSF;.WSH;.MSC'
    'WINDIR' => 'C:\\WINDOWS'
    'SERVER_SIGNATURE' => ''
    'SERVER_SOFTWARE' => 'Apache/2.4.18 (Win32) OpenSSL/1.0.2e PHP/5.5.30'
    'SERVER_NAME' => 'localhost'
    'SERVER_ADDR' => '::1'
    'SERVER_PORT' => '80'
    'REMOTE_ADDR' => '::1'
    'DOCUMENT_ROOT' => 'D:/PHP/phpstudy1/WWW'
    'REQUEST_SCHEME' => 'http'
    'CONTEXT_PREFIX' => ''
    'CONTEXT_DOCUMENT_ROOT' => 'D:/PHP/phpstudy1/WWW'
    'SERVER_ADMIN' => 'admin@phpStudy.net'
    'SCRIPT_FILENAME' => 'D:/PHP/phpstudy1/WWW/xiaoshixun1/xiaozuxiangmu/advanced/backend/web/index.php'
    'REMOTE_PORT' => '56202'
    'GATEWAY_INTERFACE' => 'CGI/1.1'
    'SERVER_PROTOCOL' => 'HTTP/1.1'
    'REQUEST_METHOD' => 'GET'
    'QUERY_STRING' => ''
    'REQUEST_URI' => '/xiaoshixun1/xiaozuxiangmu/advanced/backend/web/index.php'
    'SCRIPT_NAME' => '/xiaoshixun1/xiaozuxiangmu/advanced/backend/web/index.php'
    'PHP_SELF' => '/xiaoshixun1/xiaozuxiangmu/advanced/backend/web/index.php'
    'REQUEST_TIME_FLOAT' => 1473255490.791
    'REQUEST_TIME' => 1473255490
]
2016-09-07 21:38:44 [::1][-][-][error][yii\base\UnknownClassException] exception 'yii\base\UnknownClassException' with message 'Unable to find 'backend\controllers\AloginController' in file: D:\PHP\phpstudy1\WWW\xiaoshixun1\xiaozuxiangmu\advanced/backend/controllers/AloginController.php. Namespace missing?' in D:\PHP\phpstudy1\WWW\xiaoshixun1\xiaozuxiangmu\advanced\vendor\yiisoft\yii2\BaseYii.php:291
Stack trace:
#0 [internal function]: yii\BaseYii::autoload('backend\\control...')
#1 [internal function]: spl_autoload_call('backend\\control...')
#2 D:\PHP\phpstudy1\WWW\xiaoshixun1\xiaozuxiangmu\advanced\vendor\yiisoft\yii2\base\Module.php(563): class_exists('backend\\control...')
#3 D:\PHP\phpstudy1\WWW\xiaoshixun1\xiaozuxiangmu\advanced\vendor\yiisoft\yii2\base\Module.php(521): yii\base\Module->createControllerByID('alogin')
#4 D:\PHP\phpstudy1\WWW\xiaoshixun1\xiaozuxiangmu\advanced\vendor\yiisoft\yii2\base\Module.php(449): yii\base\Module->createController('')
#5 D:\PHP\phpstudy1\WWW\xiaoshixun1\xiaozuxiangmu\advanced\vendor\yiisoft\yii2\web\Application.php(84): yii\base\Module->runAction('', Array)
#6 D:\PHP\phpstudy1\WWW\xiaoshixun1\xiaozuxiangmu\advanced\vendor\yiisoft\yii2\base\Application.php(375): yii\web\Application->handleRequest(Object(yii\web\Request))
#7 D:\PHP\phpstudy1\WWW\xiaoshixun1\xiaozuxiangmu\advanced\backend\web\index.php(18): yii\base\Application->run()
#8 {main}
2016-09-07 21:38:44 [::1][-][-][info][application] $_COOKIE = [
    'PHPSESSID' => 'uhjnu0vr3etr1bu5c0p402p845'
    '_csrf' => 'e63054fad1eca8314737cf12bc3d991e2c936854cc8aeff41a17fac738957f0ba:2:{i:0;s:5:\"_csrf\";i:1;s:32:\"asUieDucEeNoFIR4sCwFiFEKgIyOUIBy\";}'
]

$_SERVER = [
    'HTTP_HOST' => 'localhost'
    'HTTP_USER_AGENT' => 'Mozilla/5.0 (Windows NT 6.3; WOW64; rv:39.0) Gecko/20100101 Firefox/39.0'
    'HTTP_ACCEPT' => 'text/html,application/xhtml+xml,application/xml;q=0.9,*/*;q=0.8'
    'HTTP_ACCEPT_LANGUAGE' => 'zh-CN,zh;q=0.8,en-US;q=0.5,en;q=0.3'
    'HTTP_ACCEPT_ENCODING' => 'gzip, deflate'
    'HTTP_REFERER' => 'http://localhost/xiaoshixun1/xiaozuxiangmu/advanced/backend/web/'
    'HTTP_COOKIE' => 'PHPSESSID=uhjnu0vr3etr1bu5c0p402p845; _csrf=e63054fad1eca8314737cf12bc3d991e2c936854cc8aeff41a17fac738957f0ba%3A2%3A%7Bi%3A0%3Bs%3A5%3A%22_csrf%22%3Bi%3A1%3Bs%3A32%3A%22asUieDucEeNoFIR4sCwFiFEKgIyOUIBy%22%3B%7D'
    'HTTP_CONNECTION' => 'keep-alive'
    'HTTP_CACHE_CONTROL' => 'max-age=0'
    'PATH' => 'C:\\Program Files (x86)\\NVIDIA Corporation\\PhysX\\Common;C:\\Program Files (x86)\\Intel\\iCLS Client\\;C:\\Program Files\\Intel\\iCLS Client\\;C:\\WINDOWS\\system32;C:\\WINDOWS;C:\\WINDOWS\\System32\\Wbem;C:\\WINDOWS\\System32\\WindowsPowerShell\\v1.0\\;C:\\Program Files\\Hewlett-Packard\\SimplePass\\;C:\\Program Files\\Intel\\Intel(R) Management Engine Components\\DAL;C:\\Program Files (x86)\\Intel\\Intel(R) Management Engine Components\\DAL;C:\\Program Files\\Intel\\Intel(R) Management Engine Components\\IPT;C:\\Program Files (x86)\\Intel\\Intel(R) Management Engine Components\\IPT;C:\\Program Files (x86)\\iFLYTEK\\VoiceAssistant\\SpeechPlusRuntime;D:\\svn\\bin'
    'SystemRoot' => 'C:\\WINDOWS'
    'COMSPEC' => 'C:\\WINDOWS\\system32\\cmd.exe'
    'PATHEXT' => '.COM;.EXE;.BAT;.CMD;.VBS;.VBE;.JS;.JSE;.WSF;.WSH;.MSC'
    'WINDIR' => 'C:\\WINDOWS'
    'SERVER_SIGNATURE' => ''
    'SERVER_SOFTWARE' => 'Apache/2.4.18 (Win32) OpenSSL/1.0.2e PHP/5.5.30'
    'SERVER_NAME' => 'localhost'
    'SERVER_ADDR' => '::1'
    'SERVER_PORT' => '80'
    'REMOTE_ADDR' => '::1'
    'DOCUMENT_ROOT' => 'D:/PHP/phpstudy1/WWW'
    'REQUEST_SCHEME' => 'http'
    'CONTEXT_PREFIX' => ''
    'CONTEXT_DOCUMENT_ROOT' => 'D:/PHP/phpstudy1/WWW'
    'SERVER_ADMIN' => 'admin@phpStudy.net'
    'SCRIPT_FILENAME' => 'D:/PHP/phpstudy1/WWW/xiaoshixun1/xiaozuxiangmu/advanced/backend/web/index.php'
    'REMOTE_PORT' => '56215'
    'GATEWAY_INTERFACE' => 'CGI/1.1'
    'SERVER_PROTOCOL' => 'HTTP/1.1'
    'REQUEST_METHOD' => 'GET'
    'QUERY_STRING' => ''
    'REQUEST_URI' => '/xiaoshixun1/xiaozuxiangmu/advanced/backend/web/index.php'
    'SCRIPT_NAME' => '/xiaoshixun1/xiaozuxiangmu/advanced/backend/web/index.php'
    'PHP_SELF' => '/xiaoshixun1/xiaozuxiangmu/advanced/backend/web/index.php'
    'REQUEST_TIME_FLOAT' => 1473255524.598
    'REQUEST_TIME' => 1473255524
]
2016-09-07 21:38:45 [::1][-][-][error][yii\base\UnknownClassException] exception 'yii\base\UnknownClassException' with message 'Unable to find 'backend\controllers\AloginController' in file: D:\PHP\phpstudy1\WWW\xiaoshixun1\xiaozuxiangmu\advanced/backend/controllers/AloginController.php. Namespace missing?' in D:\PHP\phpstudy1\WWW\xiaoshixun1\xiaozuxiangmu\advanced\vendor\yiisoft\yii2\BaseYii.php:291
Stack trace:
#0 [internal function]: yii\BaseYii::autoload('backend\\control...')
#1 [internal function]: spl_autoload_call('backend\\control...')
#2 D:\PHP\phpstudy1\WWW\xiaoshixun1\xiaozuxiangmu\advanced\vendor\yiisoft\yii2\base\Module.php(563): class_exists('backend\\control...')
#3 D:\PHP\phpstudy1\WWW\xiaoshixun1\xiaozuxiangmu\advanced\vendor\yiisoft\yii2\base\Module.php(521): yii\base\Module->createControllerByID('alogin')
#4 D:\PHP\phpstudy1\WWW\xiaoshixun1\xiaozuxiangmu\advanced\vendor\yiisoft\yii2\base\Module.php(449): yii\base\Module->createController('')
#5 D:\PHP\phpstudy1\WWW\xiaoshixun1\xiaozuxiangmu\advanced\vendor\yiisoft\yii2\web\Application.php(84): yii\base\Module->runAction('', Array)
#6 D:\PHP\phpstudy1\WWW\xiaoshixun1\xiaozuxiangmu\advanced\vendor\yiisoft\yii2\base\Application.php(375): yii\web\Application->handleRequest(Object(yii\web\Request))
#7 D:\PHP\phpstudy1\WWW\xiaoshixun1\xiaozuxiangmu\advanced\backend\web\index.php(18): yii\base\Application->run()
#8 {main}
2016-09-07 21:38:45 [::1][-][-][info][application] $_COOKIE = [
    'PHPSESSID' => 'uhjnu0vr3etr1bu5c0p402p845'
    '_csrf' => 'e63054fad1eca8314737cf12bc3d991e2c936854cc8aeff41a17fac738957f0ba:2:{i:0;s:5:\"_csrf\";i:1;s:32:\"asUieDucEeNoFIR4sCwFiFEKgIyOUIBy\";}'
]

$_SERVER = [
    'HTTP_HOST' => 'localhost'
    'HTTP_USER_AGENT' => 'Mozilla/5.0 (Windows NT 6.3; WOW64; rv:39.0) Gecko/20100101 Firefox/39.0'
    'HTTP_ACCEPT' => 'text/html,application/xhtml+xml,application/xml;q=0.9,*/*;q=0.8'
    'HTTP_ACCEPT_LANGUAGE' => 'zh-CN,zh;q=0.8,en-US;q=0.5,en;q=0.3'
    'HTTP_ACCEPT_ENCODING' => 'gzip, deflate'
    'HTTP_REFERER' => 'http://localhost/xiaoshixun1/xiaozuxiangmu/advanced/backend/web/'
    'HTTP_COOKIE' => 'PHPSESSID=uhjnu0vr3etr1bu5c0p402p845; _csrf=e63054fad1eca8314737cf12bc3d991e2c936854cc8aeff41a17fac738957f0ba%3A2%3A%7Bi%3A0%3Bs%3A5%3A%22_csrf%22%3Bi%3A1%3Bs%3A32%3A%22asUieDucEeNoFIR4sCwFiFEKgIyOUIBy%22%3B%7D'
    'HTTP_CONNECTION' => 'keep-alive'
    'HTTP_CACHE_CONTROL' => 'max-age=0'
    'PATH' => 'C:\\Program Files (x86)\\NVIDIA Corporation\\PhysX\\Common;C:\\Program Files (x86)\\Intel\\iCLS Client\\;C:\\Program Files\\Intel\\iCLS Client\\;C:\\WINDOWS\\system32;C:\\WINDOWS;C:\\WINDOWS\\System32\\Wbem;C:\\WINDOWS\\System32\\WindowsPowerShell\\v1.0\\;C:\\Program Files\\Hewlett-Packard\\SimplePass\\;C:\\Program Files\\Intel\\Intel(R) Management Engine Components\\DAL;C:\\Program Files (x86)\\Intel\\Intel(R) Management Engine Components\\DAL;C:\\Program Files\\Intel\\Intel(R) Management Engine Components\\IPT;C:\\Program Files (x86)\\Intel\\Intel(R) Management Engine Components\\IPT;C:\\Program Files (x86)\\iFLYTEK\\VoiceAssistant\\SpeechPlusRuntime;D:\\svn\\bin'
    'SystemRoot' => 'C:\\WINDOWS'
    'COMSPEC' => 'C:\\WINDOWS\\system32\\cmd.exe'
    'PATHEXT' => '.COM;.EXE;.BAT;.CMD;.VBS;.VBE;.JS;.JSE;.WSF;.WSH;.MSC'
    'WINDIR' => 'C:\\WINDOWS'
    'SERVER_SIGNATURE' => ''
    'SERVER_SOFTWARE' => 'Apache/2.4.18 (Win32) OpenSSL/1.0.2e PHP/5.5.30'
    'SERVER_NAME' => 'localhost'
    'SERVER_ADDR' => '::1'
    'SERVER_PORT' => '80'
    'REMOTE_ADDR' => '::1'
    'DOCUMENT_ROOT' => 'D:/PHP/phpstudy1/WWW'
    'REQUEST_SCHEME' => 'http'
    'CONTEXT_PREFIX' => ''
    'CONTEXT_DOCUMENT_ROOT' => 'D:/PHP/phpstudy1/WWW'
    'SERVER_ADMIN' => 'admin@phpStudy.net'
    'SCRIPT_FILENAME' => 'D:/PHP/phpstudy1/WWW/xiaoshixun1/xiaozuxiangmu/advanced/backend/web/index.php'
    'REMOTE_PORT' => '56216'
    'GATEWAY_INTERFACE' => 'CGI/1.1'
    'SERVER_PROTOCOL' => 'HTTP/1.1'
    'REQUEST_METHOD' => 'GET'
    'QUERY_STRING' => ''
    'REQUEST_URI' => '/xiaoshixun1/xiaozuxiangmu/advanced/backend/web/index.php'
    'SCRIPT_NAME' => '/xiaoshixun1/xiaozuxiangmu/advanced/backend/web/index.php'
    'PHP_SELF' => '/xiaoshixun1/xiaozuxiangmu/advanced/backend/web/index.php'
    'REQUEST_TIME_FLOAT' => 1473255525.446
    'REQUEST_TIME' => 1473255525
]
2016-09-07 21:38:46 [::1][-][-][error][yii\base\UnknownClassException] exception 'yii\base\UnknownClassException' with message 'Unable to find 'backend\controllers\AloginController' in file: D:\PHP\phpstudy1\WWW\xiaoshixun1\xiaozuxiangmu\advanced/backend/controllers/AloginController.php. Namespace missing?' in D:\PHP\phpstudy1\WWW\xiaoshixun1\xiaozuxiangmu\advanced\vendor\yiisoft\yii2\BaseYii.php:291
Stack trace:
#0 [internal function]: yii\BaseYii::autoload('backend\\control...')
#1 [internal function]: spl_autoload_call('backend\\control...')
#2 D:\PHP\phpstudy1\WWW\xiaoshixun1\xiaozuxiangmu\advanced\vendor\yiisoft\yii2\base\Module.php(563): class_exists('backend\\control...')
#3 D:\PHP\phpstudy1\WWW\xiaoshixun1\xiaozuxiangmu\advanced\vendor\yiisoft\yii2\base\Module.php(521): yii\base\Module->createControllerByID('alogin')
#4 D:\PHP\phpstudy1\WWW\xiaoshixun1\xiaozuxiangmu\advanced\vendor\yiisoft\yii2\base\Module.php(449): yii\base\Module->createController('')
#5 D:\PHP\phpstudy1\WWW\xiaoshixun1\xiaozuxiangmu\advanced\vendor\yiisoft\yii2\web\Application.php(84): yii\base\Module->runAction('', Array)
#6 D:\PHP\phpstudy1\WWW\xiaoshixun1\xiaozuxiangmu\advanced\vendor\yiisoft\yii2\base\Application.php(375): yii\web\Application->handleRequest(Object(yii\web\Request))
#7 D:\PHP\phpstudy1\WWW\xiaoshixun1\xiaozuxiangmu\advanced\backend\web\index.php(18): yii\base\Application->run()
#8 {main}
2016-09-07 21:38:46 [::1][-][-][info][application] $_COOKIE = [
    'PHPSESSID' => 'uhjnu0vr3etr1bu5c0p402p845'
    '_csrf' => 'e63054fad1eca8314737cf12bc3d991e2c936854cc8aeff41a17fac738957f0ba:2:{i:0;s:5:\"_csrf\";i:1;s:32:\"asUieDucEeNoFIR4sCwFiFEKgIyOUIBy\";}'
]

$_SERVER = [
    'HTTP_HOST' => 'localhost'
    'HTTP_USER_AGENT' => 'Mozilla/5.0 (Windows NT 6.3; WOW64; rv:39.0) Gecko/20100101 Firefox/39.0'
    'HTTP_ACCEPT' => 'text/html,application/xhtml+xml,application/xml;q=0.9,*/*;q=0.8'
    'HTTP_ACCEPT_LANGUAGE' => 'zh-CN,zh;q=0.8,en-US;q=0.5,en;q=0.3'
    'HTTP_ACCEPT_ENCODING' => 'gzip, deflate'
    'HTTP_REFERER' => 'http://localhost/xiaoshixun1/xiaozuxiangmu/advanced/backend/web/'
    'HTTP_COOKIE' => 'PHPSESSID=uhjnu0vr3etr1bu5c0p402p845; _csrf=e63054fad1eca8314737cf12bc3d991e2c936854cc8aeff41a17fac738957f0ba%3A2%3A%7Bi%3A0%3Bs%3A5%3A%22_csrf%22%3Bi%3A1%3Bs%3A32%3A%22asUieDucEeNoFIR4sCwFiFEKgIyOUIBy%22%3B%7D'
    'HTTP_CONNECTION' => 'keep-alive'
    'HTTP_CACHE_CONTROL' => 'max-age=0'
    'PATH' => 'C:\\Program Files (x86)\\NVIDIA Corporation\\PhysX\\Common;C:\\Program Files (x86)\\Intel\\iCLS Client\\;C:\\Program Files\\Intel\\iCLS Client\\;C:\\WINDOWS\\system32;C:\\WINDOWS;C:\\WINDOWS\\System32\\Wbem;C:\\WINDOWS\\System32\\WindowsPowerShell\\v1.0\\;C:\\Program Files\\Hewlett-Packard\\SimplePass\\;C:\\Program Files\\Intel\\Intel(R) Management Engine Components\\DAL;C:\\Program Files (x86)\\Intel\\Intel(R) Management Engine Components\\DAL;C:\\Program Files\\Intel\\Intel(R) Management Engine Components\\IPT;C:\\Program Files (x86)\\Intel\\Intel(R) Management Engine Components\\IPT;C:\\Program Files (x86)\\iFLYTEK\\VoiceAssistant\\SpeechPlusRuntime;D:\\svn\\bin'
    'SystemRoot' => 'C:\\WINDOWS'
    'COMSPEC' => 'C:\\WINDOWS\\system32\\cmd.exe'
    'PATHEXT' => '.COM;.EXE;.BAT;.CMD;.VBS;.VBE;.JS;.JSE;.WSF;.WSH;.MSC'
    'WINDIR' => 'C:\\WINDOWS'
    'SERVER_SIGNATURE' => ''
    'SERVER_SOFTWARE' => 'Apache/2.4.18 (Win32) OpenSSL/1.0.2e PHP/5.5.30'
    'SERVER_NAME' => 'localhost'
    'SERVER_ADDR' => '::1'
    'SERVER_PORT' => '80'
    'REMOTE_ADDR' => '::1'
    'DOCUMENT_ROOT' => 'D:/PHP/phpstudy1/WWW'
    'REQUEST_SCHEME' => 'http'
    'CONTEXT_PREFIX' => ''
    'CONTEXT_DOCUMENT_ROOT' => 'D:/PHP/phpstudy1/WWW'
    'SERVER_ADMIN' => 'admin@phpStudy.net'
    'SCRIPT_FILENAME' => 'D:/PHP/phpstudy1/WWW/xiaoshixun1/xiaozuxiangmu/advanced/backend/web/index.php'
    'REMOTE_PORT' => '56217'
    'GATEWAY_INTERFACE' => 'CGI/1.1'
    'SERVER_PROTOCOL' => 'HTTP/1.1'
    'REQUEST_METHOD' => 'GET'
    'QUERY_STRING' => ''
    'REQUEST_URI' => '/xiaoshixun1/xiaozuxiangmu/advanced/backend/web/index.php'
    'SCRIPT_NAME' => '/xiaoshixun1/xiaozuxiangmu/advanced/backend/web/index.php'
    'PHP_SELF' => '/xiaoshixun1/xiaozuxiangmu/advanced/backend/web/index.php'
    'REQUEST_TIME_FLOAT' => 1473255526.325
    'REQUEST_TIME' => 1473255526
]
2016-09-07 21:38:47 [::1][-][-][error][yii\base\UnknownClassException] exception 'yii\base\UnknownClassException' with message 'Unable to find 'backend\controllers\AloginController' in file: D:\PHP\phpstudy1\WWW\xiaoshixun1\xiaozuxiangmu\advanced/backend/controllers/AloginController.php. Namespace missing?' in D:\PHP\phpstudy1\WWW\xiaoshixun1\xiaozuxiangmu\advanced\vendor\yiisoft\yii2\BaseYii.php:291
Stack trace:
#0 [internal function]: yii\BaseYii::autoload('backend\\control...')
#1 [internal function]: spl_autoload_call('backend\\control...')
#2 D:\PHP\phpstudy1\WWW\xiaoshixun1\xiaozuxiangmu\advanced\vendor\yiisoft\yii2\base\Module.php(563): class_exists('backend\\control...')
#3 D:\PHP\phpstudy1\WWW\xiaoshixun1\xiaozuxiangmu\advanced\vendor\yiisoft\yii2\base\Module.php(521): yii\base\Module->createControllerByID('alogin')
#4 D:\PHP\phpstudy1\WWW\xiaoshixun1\xiaozuxiangmu\advanced\vendor\yiisoft\yii2\base\Module.php(449): yii\base\Module->createController('')
#5 D:\PHP\phpstudy1\WWW\xiaoshixun1\xiaozuxiangmu\advanced\vendor\yiisoft\yii2\web\Application.php(84): yii\base\Module->runAction('', Array)
#6 D:\PHP\phpstudy1\WWW\xiaoshixun1\xiaozuxiangmu\advanced\vendor\yiisoft\yii2\base\Application.php(375): yii\web\Application->handleRequest(Object(yii\web\Request))
#7 D:\PHP\phpstudy1\WWW\xiaoshixun1\xiaozuxiangmu\advanced\backend\web\index.php(18): yii\base\Application->run()
#8 {main}
2016-09-07 21:38:47 [::1][-][-][info][application] $_COOKIE = [
    'PHPSESSID' => 'uhjnu0vr3etr1bu5c0p402p845'
    '_csrf' => 'e63054fad1eca8314737cf12bc3d991e2c936854cc8aeff41a17fac738957f0ba:2:{i:0;s:5:\"_csrf\";i:1;s:32:\"asUieDucEeNoFIR4sCwFiFEKgIyOUIBy\";}'
]

$_SERVER = [
    'HTTP_HOST' => 'localhost'
    'HTTP_USER_AGENT' => 'Mozilla/5.0 (Windows NT 6.3; WOW64; rv:39.0) Gecko/20100101 Firefox/39.0'
    'HTTP_ACCEPT' => 'text/html,application/xhtml+xml,application/xml;q=0.9,*/*;q=0.8'
    'HTTP_ACCEPT_LANGUAGE' => 'zh-CN,zh;q=0.8,en-US;q=0.5,en;q=0.3'
    'HTTP_ACCEPT_ENCODING' => 'gzip, deflate'
    'HTTP_REFERER' => 'http://localhost/xiaoshixun1/xiaozuxiangmu/advanced/backend/web/'
    'HTTP_COOKIE' => 'PHPSESSID=uhjnu0vr3etr1bu5c0p402p845; _csrf=e63054fad1eca8314737cf12bc3d991e2c936854cc8aeff41a17fac738957f0ba%3A2%3A%7Bi%3A0%3Bs%3A5%3A%22_csrf%22%3Bi%3A1%3Bs%3A32%3A%22asUieDucEeNoFIR4sCwFiFEKgIyOUIBy%22%3B%7D'
    'HTTP_CONNECTION' => 'keep-alive'
    'HTTP_CACHE_CONTROL' => 'max-age=0'
    'PATH' => 'C:\\Program Files (x86)\\NVIDIA Corporation\\PhysX\\Common;C:\\Program Files (x86)\\Intel\\iCLS Client\\;C:\\Program Files\\Intel\\iCLS Client\\;C:\\WINDOWS\\system32;C:\\WINDOWS;C:\\WINDOWS\\System32\\Wbem;C:\\WINDOWS\\System32\\WindowsPowerShell\\v1.0\\;C:\\Program Files\\Hewlett-Packard\\SimplePass\\;C:\\Program Files\\Intel\\Intel(R) Management Engine Components\\DAL;C:\\Program Files (x86)\\Intel\\Intel(R) Management Engine Components\\DAL;C:\\Program Files\\Intel\\Intel(R) Management Engine Components\\IPT;C:\\Program Files (x86)\\Intel\\Intel(R) Management Engine Components\\IPT;C:\\Program Files (x86)\\iFLYTEK\\VoiceAssistant\\SpeechPlusRuntime;D:\\svn\\bin'
    'SystemRoot' => 'C:\\WINDOWS'
    'COMSPEC' => 'C:\\WINDOWS\\system32\\cmd.exe'
    'PATHEXT' => '.COM;.EXE;.BAT;.CMD;.VBS;.VBE;.JS;.JSE;.WSF;.WSH;.MSC'
    'WINDIR' => 'C:\\WINDOWS'
    'SERVER_SIGNATURE' => ''
    'SERVER_SOFTWARE' => 'Apache/2.4.18 (Win32) OpenSSL/1.0.2e PHP/5.5.30'
    'SERVER_NAME' => 'localhost'
    'SERVER_ADDR' => '::1'
    'SERVER_PORT' => '80'
    'REMOTE_ADDR' => '::1'
    'DOCUMENT_ROOT' => 'D:/PHP/phpstudy1/WWW'
    'REQUEST_SCHEME' => 'http'
    'CONTEXT_PREFIX' => ''
    'CONTEXT_DOCUMENT_ROOT' => 'D:/PHP/phpstudy1/WWW'
    'SERVER_ADMIN' => 'admin@phpStudy.net'
    'SCRIPT_FILENAME' => 'D:/PHP/phpstudy1/WWW/xiaoshixun1/xiaozuxiangmu/advanced/backend/web/index.php'
    'REMOTE_PORT' => '56218'
    'GATEWAY_INTERFACE' => 'CGI/1.1'
    'SERVER_PROTOCOL' => 'HTTP/1.1'
    'REQUEST_METHOD' => 'GET'
    'QUERY_STRING' => ''
    'REQUEST_URI' => '/xiaoshixun1/xiaozuxiangmu/advanced/backend/web/index.php'
    'SCRIPT_NAME' => '/xiaoshixun1/xiaozuxiangmu/advanced/backend/web/index.php'
    'PHP_SELF' => '/xiaoshixun1/xiaozuxiangmu/advanced/backend/web/index.php'
    'REQUEST_TIME_FLOAT' => 1473255527.245
    'REQUEST_TIME' => 1473255527
]
2016-09-07 21:38:48 [::1][-][-][error][yii\base\UnknownClassException] exception 'yii\base\UnknownClassException' with message 'Unable to find 'backend\controllers\AloginController' in file: D:\PHP\phpstudy1\WWW\xiaoshixun1\xiaozuxiangmu\advanced/backend/controllers/AloginController.php. Namespace missing?' in D:\PHP\phpstudy1\WWW\xiaoshixun1\xiaozuxiangmu\advanced\vendor\yiisoft\yii2\BaseYii.php:291
Stack trace:
#0 [internal function]: yii\BaseYii::autoload('backend\\control...')
#1 [internal function]: spl_autoload_call('backend\\control...')
#2 D:\PHP\phpstudy1\WWW\xiaoshixun1\xiaozuxiangmu\advanced\vendor\yiisoft\yii2\base\Module.php(563): class_exists('backend\\control...')
#3 D:\PHP\phpstudy1\WWW\xiaoshixun1\xiaozuxiangmu\advanced\vendor\yiisoft\yii2\base\Module.php(521): yii\base\Module->createControllerByID('alogin')
#4 D:\PHP\phpstudy1\WWW\xiaoshixun1\xiaozuxiangmu\advanced\vendor\yiisoft\yii2\base\Module.php(449): yii\base\Module->createController('')
#5 D:\PHP\phpstudy1\WWW\xiaoshixun1\xiaozuxiangmu\advanced\vendor\yiisoft\yii2\web\Application.php(84): yii\base\Module->runAction('', Array)
#6 D:\PHP\phpstudy1\WWW\xiaoshixun1\xiaozuxiangmu\advanced\vendor\yiisoft\yii2\base\Application.php(375): yii\web\Application->handleRequest(Object(yii\web\Request))
#7 D:\PHP\phpstudy1\WWW\xiaoshixun1\xiaozuxiangmu\advanced\backend\web\index.php(18): yii\base\Application->run()
#8 {main}
2016-09-07 21:38:48 [::1][-][-][info][application] $_COOKIE = [
    'PHPSESSID' => 'uhjnu0vr3etr1bu5c0p402p845'
    '_csrf' => 'e63054fad1eca8314737cf12bc3d991e2c936854cc8aeff41a17fac738957f0ba:2:{i:0;s:5:\"_csrf\";i:1;s:32:\"asUieDucEeNoFIR4sCwFiFEKgIyOUIBy\";}'
]

$_SERVER = [
    'HTTP_HOST' => 'localhost'
    'HTTP_USER_AGENT' => 'Mozilla/5.0 (Windows NT 6.3; WOW64; rv:39.0) Gecko/20100101 Firefox/39.0'
    'HTTP_ACCEPT' => 'text/html,application/xhtml+xml,application/xml;q=0.9,*/*;q=0.8'
    'HTTP_ACCEPT_LANGUAGE' => 'zh-CN,zh;q=0.8,en-US;q=0.5,en;q=0.3'
    'HTTP_ACCEPT_ENCODING' => 'gzip, deflate'
    'HTTP_REFERER' => 'http://localhost/xiaoshixun1/xiaozuxiangmu/advanced/backend/web/'
    'HTTP_COOKIE' => 'PHPSESSID=uhjnu0vr3etr1bu5c0p402p845; _csrf=e63054fad1eca8314737cf12bc3d991e2c936854cc8aeff41a17fac738957f0ba%3A2%3A%7Bi%3A0%3Bs%3A5%3A%22_csrf%22%3Bi%3A1%3Bs%3A32%3A%22asUieDucEeNoFIR4sCwFiFEKgIyOUIBy%22%3B%7D'
    'HTTP_CONNECTION' => 'keep-alive'
    'HTTP_CACHE_CONTROL' => 'max-age=0'
    'PATH' => 'C:\\Program Files (x86)\\NVIDIA Corporation\\PhysX\\Common;C:\\Program Files (x86)\\Intel\\iCLS Client\\;C:\\Program Files\\Intel\\iCLS Client\\;C:\\WINDOWS\\system32;C:\\WINDOWS;C:\\WINDOWS\\System32\\Wbem;C:\\WINDOWS\\System32\\WindowsPowerShell\\v1.0\\;C:\\Program Files\\Hewlett-Packard\\SimplePass\\;C:\\Program Files\\Intel\\Intel(R) Management Engine Components\\DAL;C:\\Program Files (x86)\\Intel\\Intel(R) Management Engine Components\\DAL;C:\\Program Files\\Intel\\Intel(R) Management Engine Components\\IPT;C:\\Program Files (x86)\\Intel\\Intel(R) Management Engine Components\\IPT;C:\\Program Files (x86)\\iFLYTEK\\VoiceAssistant\\SpeechPlusRuntime;D:\\svn\\bin'
    'SystemRoot' => 'C:\\WINDOWS'
    'COMSPEC' => 'C:\\WINDOWS\\system32\\cmd.exe'
    'PATHEXT' => '.COM;.EXE;.BAT;.CMD;.VBS;.VBE;.JS;.JSE;.WSF;.WSH;.MSC'
    'WINDIR' => 'C:\\WINDOWS'
    'SERVER_SIGNATURE' => ''
    'SERVER_SOFTWARE' => 'Apache/2.4.18 (Win32) OpenSSL/1.0.2e PHP/5.5.30'
    'SERVER_NAME' => 'localhost'
    'SERVER_ADDR' => '::1'
    'SERVER_PORT' => '80'
    'REMOTE_ADDR' => '::1'
    'DOCUMENT_ROOT' => 'D:/PHP/phpstudy1/WWW'
    'REQUEST_SCHEME' => 'http'
    'CONTEXT_PREFIX' => ''
    'CONTEXT_DOCUMENT_ROOT' => 'D:/PHP/phpstudy1/WWW'
    'SERVER_ADMIN' => 'admin@phpStudy.net'
    'SCRIPT_FILENAME' => 'D:/PHP/phpstudy1/WWW/xiaoshixun1/xiaozuxiangmu/advanced/backend/web/index.php'
    'REMOTE_PORT' => '56219'
    'GATEWAY_INTERFACE' => 'CGI/1.1'
    'SERVER_PROTOCOL' => 'HTTP/1.1'
    'REQUEST_METHOD' => 'GET'
    'QUERY_STRING' => ''
    'REQUEST_URI' => '/xiaoshixun1/xiaozuxiangmu/advanced/backend/web/index.php'
    'SCRIPT_NAME' => '/xiaoshixun1/xiaozuxiangmu/advanced/backend/web/index.php'
    'PHP_SELF' => '/xiaoshixun1/xiaozuxiangmu/advanced/backend/web/index.php'
    'REQUEST_TIME_FLOAT' => 1473255528.118
    'REQUEST_TIME' => 1473255528
]
2016-09-07 21:38:49 [::1][-][-][error][yii\base\UnknownClassException] exception 'yii\base\UnknownClassException' with message 'Unable to find 'backend\controllers\AloginController' in file: D:\PHP\phpstudy1\WWW\xiaoshixun1\xiaozuxiangmu\advanced/backend/controllers/AloginController.php. Namespace missing?' in D:\PHP\phpstudy1\WWW\xiaoshixun1\xiaozuxiangmu\advanced\vendor\yiisoft\yii2\BaseYii.php:291
Stack trace:
#0 [internal function]: yii\BaseYii::autoload('backend\\control...')
#1 [internal function]: spl_autoload_call('backend\\control...')
#2 D:\PHP\phpstudy1\WWW\xiaoshixun1\xiaozuxiangmu\advanced\vendor\yiisoft\yii2\base\Module.php(563): class_exists('backend\\control...')
#3 D:\PHP\phpstudy1\WWW\xiaoshixun1\xiaozuxiangmu\advanced\vendor\yiisoft\yii2\base\Module.php(521): yii\base\Module->createControllerByID('alogin')
#4 D:\PHP\phpstudy1\WWW\xiaoshixun1\xiaozuxiangmu\advanced\vendor\yiisoft\yii2\base\Module.php(449): yii\base\Module->createController('')
#5 D:\PHP\phpstudy1\WWW\xiaoshixun1\xiaozuxiangmu\advanced\vendor\yiisoft\yii2\web\Application.php(84): yii\base\Module->runAction('', Array)
#6 D:\PHP\phpstudy1\WWW\xiaoshixun1\xiaozuxiangmu\advanced\vendor\yiisoft\yii2\base\Application.php(375): yii\web\Application->handleRequest(Object(yii\web\Request))
#7 D:\PHP\phpstudy1\WWW\xiaoshixun1\xiaozuxiangmu\advanced\backend\web\index.php(18): yii\base\Application->run()
#8 {main}
2016-09-07 21:38:48 [::1][-][-][info][application] $_COOKIE = [
    'PHPSESSID' => 'uhjnu0vr3etr1bu5c0p402p845'
    '_csrf' => 'e63054fad1eca8314737cf12bc3d991e2c936854cc8aeff41a17fac738957f0ba:2:{i:0;s:5:\"_csrf\";i:1;s:32:\"asUieDucEeNoFIR4sCwFiFEKgIyOUIBy\";}'
]

$_SERVER = [
    'HTTP_HOST' => 'localhost'
    'HTTP_USER_AGENT' => 'Mozilla/5.0 (Windows NT 6.3; WOW64; rv:39.0) Gecko/20100101 Firefox/39.0'
    'HTTP_ACCEPT' => 'text/html,application/xhtml+xml,application/xml;q=0.9,*/*;q=0.8'
    'HTTP_ACCEPT_LANGUAGE' => 'zh-CN,zh;q=0.8,en-US;q=0.5,en;q=0.3'
    'HTTP_ACCEPT_ENCODING' => 'gzip, deflate'
    'HTTP_REFERER' => 'http://localhost/xiaoshixun1/xiaozuxiangmu/advanced/backend/web/'
    'HTTP_COOKIE' => 'PHPSESSID=uhjnu0vr3etr1bu5c0p402p845; _csrf=e63054fad1eca8314737cf12bc3d991e2c936854cc8aeff41a17fac738957f0ba%3A2%3A%7Bi%3A0%3Bs%3A5%3A%22_csrf%22%3Bi%3A1%3Bs%3A32%3A%22asUieDucEeNoFIR4sCwFiFEKgIyOUIBy%22%3B%7D'
    'HTTP_CONNECTION' => 'keep-alive'
    'HTTP_CACHE_CONTROL' => 'max-age=0'
    'PATH' => 'C:\\Program Files (x86)\\NVIDIA Corporation\\PhysX\\Common;C:\\Program Files (x86)\\Intel\\iCLS Client\\;C:\\Program Files\\Intel\\iCLS Client\\;C:\\WINDOWS\\system32;C:\\WINDOWS;C:\\WINDOWS\\System32\\Wbem;C:\\WINDOWS\\System32\\WindowsPowerShell\\v1.0\\;C:\\Program Files\\Hewlett-Packard\\SimplePass\\;C:\\Program Files\\Intel\\Intel(R) Management Engine Components\\DAL;C:\\Program Files (x86)\\Intel\\Intel(R) Management Engine Components\\DAL;C:\\Program Files\\Intel\\Intel(R) Management Engine Components\\IPT;C:\\Program Files (x86)\\Intel\\Intel(R) Management Engine Components\\IPT;C:\\Program Files (x86)\\iFLYTEK\\VoiceAssistant\\SpeechPlusRuntime;D:\\svn\\bin'
    'SystemRoot' => 'C:\\WINDOWS'
    'COMSPEC' => 'C:\\WINDOWS\\system32\\cmd.exe'
    'PATHEXT' => '.COM;.EXE;.BAT;.CMD;.VBS;.VBE;.JS;.JSE;.WSF;.WSH;.MSC'
    'WINDIR' => 'C:\\WINDOWS'
    'SERVER_SIGNATURE' => ''
    'SERVER_SOFTWARE' => 'Apache/2.4.18 (Win32) OpenSSL/1.0.2e PHP/5.5.30'
    'SERVER_NAME' => 'localhost'
    'SERVER_ADDR' => '::1'
    'SERVER_PORT' => '80'
    'REMOTE_ADDR' => '::1'
    'DOCUMENT_ROOT' => 'D:/PHP/phpstudy1/WWW'
    'REQUEST_SCHEME' => 'http'
    'CONTEXT_PREFIX' => ''
    'CONTEXT_DOCUMENT_ROOT' => 'D:/PHP/phpstudy1/WWW'
    'SERVER_ADMIN' => 'admin@phpStudy.net'
    'SCRIPT_FILENAME' => 'D:/PHP/phpstudy1/WWW/xiaoshixun1/xiaozuxiangmu/advanced/backend/web/index.php'
    'REMOTE_PORT' => '56220'
    'GATEWAY_INTERFACE' => 'CGI/1.1'
    'SERVER_PROTOCOL' => 'HTTP/1.1'
    'REQUEST_METHOD' => 'GET'
    'QUERY_STRING' => ''
    'REQUEST_URI' => '/xiaoshixun1/xiaozuxiangmu/advanced/backend/web/index.php'
    'SCRIPT_NAME' => '/xiaoshixun1/xiaozuxiangmu/advanced/backend/web/index.php'
    'PHP_SELF' => '/xiaoshixun1/xiaozuxiangmu/advanced/backend/web/index.php'
    'REQUEST_TIME_FLOAT' => 1473255528.96
    'REQUEST_TIME' => 1473255528
]
2016-09-07 21:38:49 [::1][-][-][error][yii\base\UnknownClassException] exception 'yii\base\UnknownClassException' with message 'Unable to find 'backend\controllers\AloginController' in file: D:\PHP\phpstudy1\WWW\xiaoshixun1\xiaozuxiangmu\advanced/backend/controllers/AloginController.php. Namespace missing?' in D:\PHP\phpstudy1\WWW\xiaoshixun1\xiaozuxiangmu\advanced\vendor\yiisoft\yii2\BaseYii.php:291
Stack trace:
#0 [internal function]: yii\BaseYii::autoload('backend\\control...')
#1 [internal function]: spl_autoload_call('backend\\control...')
#2 D:\PHP\phpstudy1\WWW\xiaoshixun1\xiaozuxiangmu\advanced\vendor\yiisoft\yii2\base\Module.php(563): class_exists('backend\\control...')
#3 D:\PHP\phpstudy1\WWW\xiaoshixun1\xiaozuxiangmu\advanced\vendor\yiisoft\yii2\base\Module.php(521): yii\base\Module->createControllerByID('alogin')
#4 D:\PHP\phpstudy1\WWW\xiaoshixun1\xiaozuxiangmu\advanced\vendor\yiisoft\yii2\base\Module.php(449): yii\base\Module->createController('')
#5 D:\PHP\phpstudy1\WWW\xiaoshixun1\xiaozuxiangmu\advanced\vendor\yiisoft\yii2\web\Application.php(84): yii\base\Module->runAction('', Array)
#6 D:\PHP\phpstudy1\WWW\xiaoshixun1\xiaozuxiangmu\advanced\vendor\yiisoft\yii2\base\Application.php(375): yii\web\Application->handleRequest(Object(yii\web\Request))
#7 D:\PHP\phpstudy1\WWW\xiaoshixun1\xiaozuxiangmu\advanced\backend\web\index.php(18): yii\base\Application->run()
#8 {main}
2016-09-07 21:38:49 [::1][-][-][info][application] $_COOKIE = [
    'PHPSESSID' => 'uhjnu0vr3etr1bu5c0p402p845'
    '_csrf' => 'e63054fad1eca8314737cf12bc3d991e2c936854cc8aeff41a17fac738957f0ba:2:{i:0;s:5:\"_csrf\";i:1;s:32:\"asUieDucEeNoFIR4sCwFiFEKgIyOUIBy\";}'
]

$_SERVER = [
    'HTTP_HOST' => 'localhost'
    'HTTP_USER_AGENT' => 'Mozilla/5.0 (Windows NT 6.3; WOW64; rv:39.0) Gecko/20100101 Firefox/39.0'
    'HTTP_ACCEPT' => 'text/html,application/xhtml+xml,application/xml;q=0.9,*/*;q=0.8'
    'HTTP_ACCEPT_LANGUAGE' => 'zh-CN,zh;q=0.8,en-US;q=0.5,en;q=0.3'
    'HTTP_ACCEPT_ENCODING' => 'gzip, deflate'
    'HTTP_REFERER' => 'http://localhost/xiaoshixun1/xiaozuxiangmu/advanced/backend/web/'
    'HTTP_COOKIE' => 'PHPSESSID=uhjnu0vr3etr1bu5c0p402p845; _csrf=e63054fad1eca8314737cf12bc3d991e2c936854cc8aeff41a17fac738957f0ba%3A2%3A%7Bi%3A0%3Bs%3A5%3A%22_csrf%22%3Bi%3A1%3Bs%3A32%3A%22asUieDucEeNoFIR4sCwFiFEKgIyOUIBy%22%3B%7D'
    'HTTP_CONNECTION' => 'keep-alive'
    'HTTP_CACHE_CONTROL' => 'max-age=0'
    'PATH' => 'C:\\Program Files (x86)\\NVIDIA Corporation\\PhysX\\Common;C:\\Program Files (x86)\\Intel\\iCLS Client\\;C:\\Program Files\\Intel\\iCLS Client\\;C:\\WINDOWS\\system32;C:\\WINDOWS;C:\\WINDOWS\\System32\\Wbem;C:\\WINDOWS\\System32\\WindowsPowerShell\\v1.0\\;C:\\Program Files\\Hewlett-Packard\\SimplePass\\;C:\\Program Files\\Intel\\Intel(R) Management Engine Components\\DAL;C:\\Program Files (x86)\\Intel\\Intel(R) Management Engine Components\\DAL;C:\\Program Files\\Intel\\Intel(R) Management Engine Components\\IPT;C:\\Program Files (x86)\\Intel\\Intel(R) Management Engine Components\\IPT;C:\\Program Files (x86)\\iFLYTEK\\VoiceAssistant\\SpeechPlusRuntime;D:\\svn\\bin'
    'SystemRoot' => 'C:\\WINDOWS'
    'COMSPEC' => 'C:\\WINDOWS\\system32\\cmd.exe'
    'PATHEXT' => '.COM;.EXE;.BAT;.CMD;.VBS;.VBE;.JS;.JSE;.WSF;.WSH;.MSC'
    'WINDIR' => 'C:\\WINDOWS'
    'SERVER_SIGNATURE' => ''
    'SERVER_SOFTWARE' => 'Apache/2.4.18 (Win32) OpenSSL/1.0.2e PHP/5.5.30'
    'SERVER_NAME' => 'localhost'
    'SERVER_ADDR' => '::1'
    'SERVER_PORT' => '80'
    'REMOTE_ADDR' => '::1'
    'DOCUMENT_ROOT' => 'D:/PHP/phpstudy1/WWW'
    'REQUEST_SCHEME' => 'http'
    'CONTEXT_PREFIX' => ''
    'CONTEXT_DOCUMENT_ROOT' => 'D:/PHP/phpstudy1/WWW'
    'SERVER_ADMIN' => 'admin@phpStudy.net'
    'SCRIPT_FILENAME' => 'D:/PHP/phpstudy1/WWW/xiaoshixun1/xiaozuxiangmu/advanced/backend/web/index.php'
    'REMOTE_PORT' => '56221'
    'GATEWAY_INTERFACE' => 'CGI/1.1'
    'SERVER_PROTOCOL' => 'HTTP/1.1'
    'REQUEST_METHOD' => 'GET'
    'QUERY_STRING' => ''
    'REQUEST_URI' => '/xiaoshixun1/xiaozuxiangmu/advanced/backend/web/index.php'
    'SCRIPT_NAME' => '/xiaoshixun1/xiaozuxiangmu/advanced/backend/web/index.php'
    'PHP_SELF' => '/xiaoshixun1/xiaozuxiangmu/advanced/backend/web/index.php'
    'REQUEST_TIME_FLOAT' => 1473255529.844
    'REQUEST_TIME' => 1473255529
]
2016-09-07 21:38:50 [::1][-][-][error][yii\base\UnknownClassException] exception 'yii\base\UnknownClassException' with message 'Unable to find 'backend\controllers\AloginController' in file: D:\PHP\phpstudy1\WWW\xiaoshixun1\xiaozuxiangmu\advanced/backend/controllers/AloginController.php. Namespace missing?' in D:\PHP\phpstudy1\WWW\xiaoshixun1\xiaozuxiangmu\advanced\vendor\yiisoft\yii2\BaseYii.php:291
Stack trace:
#0 [internal function]: yii\BaseYii::autoload('backend\\control...')
#1 [internal function]: spl_autoload_call('backend\\control...')
#2 D:\PHP\phpstudy1\WWW\xiaoshixun1\xiaozuxiangmu\advanced\vendor\yiisoft\yii2\base\Module.php(563): class_exists('backend\\control...')
#3 D:\PHP\phpstudy1\WWW\xiaoshixun1\xiaozuxiangmu\advanced\vendor\yiisoft\yii2\base\Module.php(521): yii\base\Module->createControllerByID('alogin')
#4 D:\PHP\phpstudy1\WWW\xiaoshixun1\xiaozuxiangmu\advanced\vendor\yiisoft\yii2\base\Module.php(449): yii\base\Module->createController('')
#5 D:\PHP\phpstudy1\WWW\xiaoshixun1\xiaozuxiangmu\advanced\vendor\yiisoft\yii2\web\Application.php(84): yii\base\Module->runAction('', Array)
#6 D:\PHP\phpstudy1\WWW\xiaoshixun1\xiaozuxiangmu\advanced\vendor\yiisoft\yii2\base\Application.php(375): yii\web\Application->handleRequest(Object(yii\web\Request))
#7 D:\PHP\phpstudy1\WWW\xiaoshixun1\xiaozuxiangmu\advanced\backend\web\index.php(18): yii\base\Application->run()
#8 {main}
2016-09-07 21:38:50 [::1][-][-][info][application] $_COOKIE = [
    'PHPSESSID' => 'uhjnu0vr3etr1bu5c0p402p845'
    '_csrf' => 'e63054fad1eca8314737cf12bc3d991e2c936854cc8aeff41a17fac738957f0ba:2:{i:0;s:5:\"_csrf\";i:1;s:32:\"asUieDucEeNoFIR4sCwFiFEKgIyOUIBy\";}'
]

$_SERVER = [
    'HTTP_HOST' => 'localhost'
    'HTTP_USER_AGENT' => 'Mozilla/5.0 (Windows NT 6.3; WOW64; rv:39.0) Gecko/20100101 Firefox/39.0'
    'HTTP_ACCEPT' => 'text/html,application/xhtml+xml,application/xml;q=0.9,*/*;q=0.8'
    'HTTP_ACCEPT_LANGUAGE' => 'zh-CN,zh;q=0.8,en-US;q=0.5,en;q=0.3'
    'HTTP_ACCEPT_ENCODING' => 'gzip, deflate'
    'HTTP_REFERER' => 'http://localhost/xiaoshixun1/xiaozuxiangmu/advanced/backend/web/'
    'HTTP_COOKIE' => 'PHPSESSID=uhjnu0vr3etr1bu5c0p402p845; _csrf=e63054fad1eca8314737cf12bc3d991e2c936854cc8aeff41a17fac738957f0ba%3A2%3A%7Bi%3A0%3Bs%3A5%3A%22_csrf%22%3Bi%3A1%3Bs%3A32%3A%22asUieDucEeNoFIR4sCwFiFEKgIyOUIBy%22%3B%7D'
    'HTTP_CONNECTION' => 'keep-alive'
    'HTTP_CACHE_CONTROL' => 'max-age=0'
    'PATH' => 'C:\\Program Files (x86)\\NVIDIA Corporation\\PhysX\\Common;C:\\Program Files (x86)\\Intel\\iCLS Client\\;C:\\Program Files\\Intel\\iCLS Client\\;C:\\WINDOWS\\system32;C:\\WINDOWS;C:\\WINDOWS\\System32\\Wbem;C:\\WINDOWS\\System32\\WindowsPowerShell\\v1.0\\;C:\\Program Files\\Hewlett-Packard\\SimplePass\\;C:\\Program Files\\Intel\\Intel(R) Management Engine Components\\DAL;C:\\Program Files (x86)\\Intel\\Intel(R) Management Engine Components\\DAL;C:\\Program Files\\Intel\\Intel(R) Management Engine Components\\IPT;C:\\Program Files (x86)\\Intel\\Intel(R) Management Engine Components\\IPT;C:\\Program Files (x86)\\iFLYTEK\\VoiceAssistant\\SpeechPlusRuntime;D:\\svn\\bin'
    'SystemRoot' => 'C:\\WINDOWS'
    'COMSPEC' => 'C:\\WINDOWS\\system32\\cmd.exe'
    'PATHEXT' => '.COM;.EXE;.BAT;.CMD;.VBS;.VBE;.JS;.JSE;.WSF;.WSH;.MSC'
    'WINDIR' => 'C:\\WINDOWS'
    'SERVER_SIGNATURE' => ''
    'SERVER_SOFTWARE' => 'Apache/2.4.18 (Win32) OpenSSL/1.0.2e PHP/5.5.30'
    'SERVER_NAME' => 'localhost'
    'SERVER_ADDR' => '::1'
    'SERVER_PORT' => '80'
    'REMOTE_ADDR' => '::1'
    'DOCUMENT_ROOT' => 'D:/PHP/phpstudy1/WWW'
    'REQUEST_SCHEME' => 'http'
    'CONTEXT_PREFIX' => ''
    'CONTEXT_DOCUMENT_ROOT' => 'D:/PHP/phpstudy1/WWW'
    'SERVER_ADMIN' => 'admin@phpStudy.net'
    'SCRIPT_FILENAME' => 'D:/PHP/phpstudy1/WWW/xiaoshixun1/xiaozuxiangmu/advanced/backend/web/index.php'
    'REMOTE_PORT' => '56223'
    'GATEWAY_INTERFACE' => 'CGI/1.1'
    'SERVER_PROTOCOL' => 'HTTP/1.1'
    'REQUEST_METHOD' => 'GET'
    'QUERY_STRING' => ''
    'REQUEST_URI' => '/xiaoshixun1/xiaozuxiangmu/advanced/backend/web/index.php'
    'SCRIPT_NAME' => '/xiaoshixun1/xiaozuxiangmu/advanced/backend/web/index.php'
    'PHP_SELF' => '/xiaoshixun1/xiaozuxiangmu/advanced/backend/web/index.php'
    'REQUEST_TIME_FLOAT' => 1473255530.716
    'REQUEST_TIME' => 1473255530
]
2016-09-07 21:38:52 [::1][-][-][error][yii\base\UnknownClassException] exception 'yii\base\UnknownClassException' with message 'Unable to find 'backend\controllers\AloginController' in file: D:\PHP\phpstudy1\WWW\xiaoshixun1\xiaozuxiangmu\advanced/backend/controllers/AloginController.php. Namespace missing?' in D:\PHP\phpstudy1\WWW\xiaoshixun1\xiaozuxiangmu\advanced\vendor\yiisoft\yii2\BaseYii.php:291
Stack trace:
#0 [internal function]: yii\BaseYii::autoload('backend\\control...')
#1 [internal function]: spl_autoload_call('backend\\control...')
#2 D:\PHP\phpstudy1\WWW\xiaoshixun1\xiaozuxiangmu\advanced\vendor\yiisoft\yii2\base\Module.php(563): class_exists('backend\\control...')
#3 D:\PHP\phpstudy1\WWW\xiaoshixun1\xiaozuxiangmu\advanced\vendor\yiisoft\yii2\base\Module.php(521): yii\base\Module->createControllerByID('alogin')
#4 D:\PHP\phpstudy1\WWW\xiaoshixun1\xiaozuxiangmu\advanced\vendor\yiisoft\yii2\base\Module.php(449): yii\base\Module->createController('')
#5 D:\PHP\phpstudy1\WWW\xiaoshixun1\xiaozuxiangmu\advanced\vendor\yiisoft\yii2\web\Application.php(84): yii\base\Module->runAction('', Array)
#6 D:\PHP\phpstudy1\WWW\xiaoshixun1\xiaozuxiangmu\advanced\vendor\yiisoft\yii2\base\Application.php(375): yii\web\Application->handleRequest(Object(yii\web\Request))
#7 D:\PHP\phpstudy1\WWW\xiaoshixun1\xiaozuxiangmu\advanced\backend\web\index.php(18): yii\base\Application->run()
#8 {main}
2016-09-07 21:38:52 [::1][-][-][info][application] $_COOKIE = [
    'PHPSESSID' => 'uhjnu0vr3etr1bu5c0p402p845'
    '_csrf' => 'e63054fad1eca8314737cf12bc3d991e2c936854cc8aeff41a17fac738957f0ba:2:{i:0;s:5:\"_csrf\";i:1;s:32:\"asUieDucEeNoFIR4sCwFiFEKgIyOUIBy\";}'
]

$_SERVER = [
    'HTTP_HOST' => 'localhost'
    'HTTP_USER_AGENT' => 'Mozilla/5.0 (Windows NT 6.3; WOW64; rv:39.0) Gecko/20100101 Firefox/39.0'
    'HTTP_ACCEPT' => 'text/html,application/xhtml+xml,application/xml;q=0.9,*/*;q=0.8'
    'HTTP_ACCEPT_LANGUAGE' => 'zh-CN,zh;q=0.8,en-US;q=0.5,en;q=0.3'
    'HTTP_ACCEPT_ENCODING' => 'gzip, deflate'
    'HTTP_REFERER' => 'http://localhost/xiaoshixun1/xiaozuxiangmu/advanced/backend/web/'
    'HTTP_COOKIE' => 'PHPSESSID=uhjnu0vr3etr1bu5c0p402p845; _csrf=e63054fad1eca8314737cf12bc3d991e2c936854cc8aeff41a17fac738957f0ba%3A2%3A%7Bi%3A0%3Bs%3A5%3A%22_csrf%22%3Bi%3A1%3Bs%3A32%3A%22asUieDucEeNoFIR4sCwFiFEKgIyOUIBy%22%3B%7D'
    'HTTP_CONNECTION' => 'keep-alive'
    'HTTP_CACHE_CONTROL' => 'max-age=0'
    'PATH' => 'C:\\Program Files (x86)\\NVIDIA Corporation\\PhysX\\Common;C:\\Program Files (x86)\\Intel\\iCLS Client\\;C:\\Program Files\\Intel\\iCLS Client\\;C:\\WINDOWS\\system32;C:\\WINDOWS;C:\\WINDOWS\\System32\\Wbem;C:\\WINDOWS\\System32\\WindowsPowerShell\\v1.0\\;C:\\Program Files\\Hewlett-Packard\\SimplePass\\;C:\\Program Files\\Intel\\Intel(R) Management Engine Components\\DAL;C:\\Program Files (x86)\\Intel\\Intel(R) Management Engine Components\\DAL;C:\\Program Files\\Intel\\Intel(R) Management Engine Components\\IPT;C:\\Program Files (x86)\\Intel\\Intel(R) Management Engine Components\\IPT;C:\\Program Files (x86)\\iFLYTEK\\VoiceAssistant\\SpeechPlusRuntime;D:\\svn\\bin'
    'SystemRoot' => 'C:\\WINDOWS'
    'COMSPEC' => 'C:\\WINDOWS\\system32\\cmd.exe'
    'PATHEXT' => '.COM;.EXE;.BAT;.CMD;.VBS;.VBE;.JS;.JSE;.WSF;.WSH;.MSC'
    'WINDIR' => 'C:\\WINDOWS'
    'SERVER_SIGNATURE' => ''
    'SERVER_SOFTWARE' => 'Apache/2.4.18 (Win32) OpenSSL/1.0.2e PHP/5.5.30'
    'SERVER_NAME' => 'localhost'
    'SERVER_ADDR' => '::1'
    'SERVER_PORT' => '80'
    'REMOTE_ADDR' => '::1'
    'DOCUMENT_ROOT' => 'D:/PHP/phpstudy1/WWW'
    'REQUEST_SCHEME' => 'http'
    'CONTEXT_PREFIX' => ''
    'CONTEXT_DOCUMENT_ROOT' => 'D:/PHP/phpstudy1/WWW'
    'SERVER_ADMIN' => 'admin@phpStudy.net'
    'SCRIPT_FILENAME' => 'D:/PHP/phpstudy1/WWW/xiaoshixun1/xiaozuxiangmu/advanced/backend/web/index.php'
    'REMOTE_PORT' => '56224'
    'GATEWAY_INTERFACE' => 'CGI/1.1'
    'SERVER_PROTOCOL' => 'HTTP/1.1'
    'REQUEST_METHOD' => 'GET'
    'QUERY_STRING' => ''
    'REQUEST_URI' => '/xiaoshixun1/xiaozuxiangmu/advanced/backend/web/index.php'
    'SCRIPT_NAME' => '/xiaoshixun1/xiaozuxiangmu/advanced/backend/web/index.php'
    'PHP_SELF' => '/xiaoshixun1/xiaozuxiangmu/advanced/backend/web/index.php'
    'REQUEST_TIME_FLOAT' => 1473255532.005
    'REQUEST_TIME' => 1473255532
]
