[ 2016-04-25T21:00:40+08:00 ] 127.0.0.1 /power/tp/index.php
INFO: [ app_init ] --START--
INFO: Run Behavior\BuildLiteBehavior [ RunTime:0.000017s ]
INFO: [ app_init ] --END-- [ RunTime:0.000598s ]
INFO: [ app_begin ] --START--
INFO: Run Behavior\ReadHtmlCacheBehavior [ RunTime:0.000837s ]
INFO: [ app_begin ] --END-- [ RunTime:0.000919s ]
INFO: [ view_parse ] --START--
INFO: [ template_filter ] --START--
INFO: Run Behavior\ContentReplaceBehavior [ RunTime:0.000064s ]
INFO: [ template_filter ] --END-- [ RunTime:0.000128s ]
INFO: Run Behavior\ParseTemplateBehavior [ RunTime:0.032431s ]
INFO: [ view_parse ] --END-- [ RunTime:0.032526s ]
INFO: [ view_filter ] --START--
INFO: Run Behavior\WriteHtmlCacheBehavior [ RunTime:0.001111s ]
INFO: [ view_filter ] --END-- [ RunTime:0.001191s ]
INFO: [ app_end ] --START--
INFO: Run Behavior\ShowPageTraceBehavior [ RunTime:0.026394s ]
INFO: [ app_end ] --END-- [ RunTime:0.026492s ]

[ 2016-04-25T21:00:40+08:00 ] 127.0.0.1 /power/tp/index.php/Home/Login/checkcodeimg/
INFO: [ app_init ] --START--
INFO: Run Behavior\BuildLiteBehavior [ RunTime:0.000018s ]
INFO: [ app_init ] --END-- [ RunTime:0.000497s ]
INFO: [ app_begin ] --START--
INFO: Run Behavior\ReadHtmlCacheBehavior [ RunTime:0.000945s ]
INFO: [ app_begin ] --END-- [ RunTime:0.001055s ]
INFO: [ app_end ] --START--
INFO: Run Behavior\ShowPageTraceBehavior [ RunTime:0.002497s ]
INFO: [ app_end ] --END-- [ RunTime:0.002781s ]

[ 2016-04-25T21:00:55+08:00 ] 127.0.0.1 /power/tp/index.php/Home/Login/checkcodeimg/0.5646167947502627
INFO: [ app_init ] --START--
INFO: Run Behavior\BuildLiteBehavior [ RunTime:0.000014s ]
INFO: [ app_init ] --END-- [ RunTime:0.000326s ]
INFO: [ app_begin ] --START--
INFO: Run Behavior\ReadHtmlCacheBehavior [ RunTime:0.000466s ]
INFO: [ app_begin ] --END-- [ RunTime:0.000522s ]
INFO: [ app_end ] --START--
INFO: Run Behavior\ShowPageTraceBehavior [ RunTime:0.000796s ]
INFO: [ app_end ] --END-- [ RunTime:0.000894s ]

[ 2016-04-25T21:00:56+08:00 ] 127.0.0.1 /power/tp/index.php/Home/Login/checkcodeimg/0.2678356560912415
INFO: [ app_init ] --START--
INFO: Run Behavior\BuildLiteBehavior [ RunTime:0.000014s ]
INFO: [ app_init ] --END-- [ RunTime:0.000302s ]
INFO: [ app_begin ] --START--
INFO: Run Behavior\ReadHtmlCacheBehavior [ RunTime:0.000411s ]
INFO: [ app_begin ] --END-- [ RunTime:0.000467s ]
INFO: [ app_end ] --START--
INFO: Run Behavior\ShowPageTraceBehavior [ RunTime:0.000642s ]
INFO: [ app_end ] --END-- [ RunTime:0.000717s ]

[ 2016-04-25T21:00:57+08:00 ] 127.0.0.1 /power/tp/index.php/Home/Login/checkcodeimg/0.10910391986406354
INFO: [ app_init ] --START--
INFO: Run Behavior\BuildLiteBehavior [ RunTime:0.000013s ]
INFO: [ app_init ] --END-- [ RunTime:0.000293s ]
INFO: [ app_begin ] --START--
INFO: Run Behavior\ReadHtmlCacheBehavior [ RunTime:0.000562s ]
INFO: [ app_begin ] --END-- [ RunTime:0.000631s ]
INFO: [ app_end ] --START--
INFO: Run Behavior\ShowPageTraceBehavior [ RunTime:0.000625s ]
INFO: [ app_end ] --END-- [ RunTime:0.000697s ]

[ 2016-04-25T21:01:03+08:00 ] 127.0.0.1 /power/tp/index.php/Home/Login/login_check
INFO: [ app_init ] --START--
INFO: Run Behavior\BuildLiteBehavior [ RunTime:0.000016s ]
INFO: [ app_init ] --END-- [ RunTime:0.000480s ]
INFO: [ app_begin ] --START--
INFO: Run Behavior\ReadHtmlCacheBehavior [ RunTime:0.000505s ]
INFO: [ app_begin ] --END-- [ RunTime:0.000577s ]

[ 2016-04-25T21:01:03+08:00 ] 127.0.0.1 /power/tp/index.php/Home/Index/index.html
INFO: [ app_init ] --START--
INFO: Run Behavior\BuildLiteBehavior [ RunTime:0.000016s ]
INFO: [ app_init ] --END-- [ RunTime:0.000353s ]
INFO: [ app_begin ] --START--
INFO: Run Behavior\ReadHtmlCacheBehavior [ RunTime:0.000670s ]
INFO: [ app_begin ] --END-- [ RunTime:0.000775s ]
INFO: [ view_parse ] --START--
INFO: [ template_filter ] --START--
INFO: Run Behavior\ContentReplaceBehavior [ RunTime:0.000073s ]
INFO: [ template_filter ] --END-- [ RunTime:0.000176s ]
INFO: Run Behavior\ParseTemplateBehavior [ RunTime:0.030959s ]
INFO: [ view_parse ] --END-- [ RunTime:0.031116s ]
INFO: [ view_filter ] --START--
INFO: Run Behavior\WriteHtmlCacheBehavior [ RunTime:0.000463s ]
INFO: [ view_filter ] --END-- [ RunTime:0.000537s ]
INFO: [ app_end ] --START--
INFO: Run Behavior\ShowPageTraceBehavior [ RunTime:0.000577s ]
INFO: [ app_end ] --END-- [ RunTime:0.000652s ]

[ 2016-04-25T21:01:03+08:00 ] 127.0.0.1 /power/tp/index.php/Home/Index/top
INFO: [ app_init ] --START--
INFO: Run Behavior\BuildLiteBehavior [ RunTime:0.000036s ]
INFO: [ app_init ] --END-- [ RunTime:0.000612s ]
INFO: [ app_begin ] --START--
INFO: Run Behavior\ReadHtmlCacheBehavior [ RunTime:0.000781s ]
INFO: [ app_begin ] --END-- [ RunTime:0.000897s ]
INFO: [ view_parse ] --START--
INFO: [ template_filter ] --START--
INFO: Run Behavior\ContentReplaceBehavior [ RunTime:0.000052s ]
INFO: [ template_filter ] --END-- [ RunTime:0.000123s ]
INFO: Run Behavior\ParseTemplateBehavior [ RunTime:0.027830s ]
INFO: [ view_parse ] --END-- [ RunTime:0.027905s ]
INFO: [ view_filter ] --START--
INFO: Run Behavior\WriteHtmlCacheBehavior [ RunTime:0.000363s ]
INFO: [ view_filter ] --END-- [ RunTime:0.000412s ]
INFO: [ app_end ] --START--
INFO: Run Behavior\ShowPageTraceBehavior [ RunTime:0.000574s ]
INFO: [ app_end ] --END-- [ RunTime:0.000645s ]

[ 2016-04-25T21:01:03+08:00 ] 127.0.0.1 /power/tp/index.php/Home/Index/left
INFO: [ app_init ] --START--
INFO: Run Behavior\BuildLiteBehavior [ RunTime:0.000015s ]
INFO: [ app_init ] --END-- [ RunTime:0.000475s ]
INFO: [ app_begin ] --START--
INFO: Run Behavior\ReadHtmlCacheBehavior [ RunTime:0.000749s ]
INFO: [ app_begin ] --END-- [ RunTime:0.000825s ]
INFO: [ view_parse ] --START--
INFO: [ template_filter ] --START--
INFO: Run Behavior\ContentReplaceBehavior [ RunTime:0.000136s ]
INFO: [ template_filter ] --END-- [ RunTime:0.000214s ]
INFO: Run Behavior\ParseTemplateBehavior [ RunTime:0.107046s ]
INFO: [ view_parse ] --END-- [ RunTime:0.107143s ]
INFO: [ view_filter ] --START--
INFO: Run Behavior\WriteHtmlCacheBehavior [ RunTime:0.000434s ]
INFO: [ view_filter ] --END-- [ RunTime:0.000481s ]
INFO: [ app_end ] --START--
INFO: Run Behavior\ShowPageTraceBehavior [ RunTime:0.000980s ]
INFO: [ app_end ] --END-- [ RunTime:0.001081s ]

[ 2016-04-25T21:01:03+08:00 ] 127.0.0.1 /power/tp/index.php/Home/Index/main
INFO: [ app_init ] --START--
INFO: Run Behavior\BuildLiteBehavior [ RunTime:0.000015s ]
INFO: [ app_init ] --END-- [ RunTime:0.000374s ]
INFO: [ app_begin ] --START--
INFO: Run Behavior\ReadHtmlCacheBehavior [ RunTime:0.000718s ]
INFO: [ app_begin ] --END-- [ RunTime:0.000785s ]
INFO: [ view_parse ] --START--
INFO: [ template_filter ] --START--
INFO: Run Behavior\ContentReplaceBehavior [ RunTime:0.000111s ]
INFO: [ template_filter ] --END-- [ RunTime:0.000200s ]
INFO: Run Behavior\ParseTemplateBehavior [ RunTime:0.013719s ]
INFO: [ view_parse ] --END-- [ RunTime:0.013845s ]
INFO: [ view_filter ] --START--
INFO: Run Behavior\WriteHtmlCacheBehavior [ RunTime:0.001019s ]
INFO: [ view_filter ] --END-- [ RunTime:0.001135s ]
INFO: [ app_end ] --START--
INFO: Run Behavior\ShowPageTraceBehavior [ RunTime:0.001034s ]
INFO: [ app_end ] --END-- [ RunTime:0.001271s ]

[ 2016-04-25T21:01:03+08:00 ] 127.0.0.1 /power/tp/index.php/Home/Index//power/tp/Public/Images/content_bg.gif
INFO: [ app_init ] --START--
INFO: Run Behavior\BuildLiteBehavior [ RunTime:0.000017s ]
INFO: [ app_init ] --END-- [ RunTime:0.000479s ]

[ 2016-04-25T21:01:11+08:00 ] 127.0.0.1 /power/tp/index.php/Home/Privilege/allot_privilege.html
INFO: [ app_init ] --START--
INFO: Run Behavior\BuildLiteBehavior [ RunTime:0.000018s ]
INFO: [ app_init ] --END-- [ RunTime:0.000398s ]
INFO: [ app_begin ] --START--
INFO: Run Behavior\ReadHtmlCacheBehavior [ RunTime:0.000628s ]
INFO: [ app_begin ] --END-- [ RunTime:0.000739s ]
NOTIC: [2048] Declaration of Home\Model\RoleModel::add() should be compatible with that of Think\Model::add() D:\web\apache\htdocs\power\tp\Application\Home\Model\RoleModel.class.php 第 4 行.
SQL: SHOW COLUMNS FROM `role` [ RunTime:0.0440s ]
NOTIC: [2048] Declaration of Home\Model\PrivilegeModel::add() should be compatible with that of Think\Model::add() D:\web\apache\htdocs\power\tp\Application\Home\Model\PrivilegeModel.class.php 第 15 行.
SQL: SHOW COLUMNS FROM `privilege` [ RunTime:0.0062s ]
SQL: SHOW COLUMNS FROM `Privilege` [ RunTime:0.0045s ]
SQL: SELECT * FROM `Privilege`  [ RunTime:0.0006s ]
SQL: SHOW COLUMNS FROM `role` [ RunTime:0.0044s ]
SQL: SELECT * FROM `role`  [ RunTime:0.0008s ]
INFO: [ view_parse ] --START--
INFO: [ template_filter ] --START--
INFO: Run Behavior\ContentReplaceBehavior [ RunTime:0.000127s ]
INFO: [ template_filter ] --END-- [ RunTime:0.000258s ]
INFO: Run Behavior\ParseTemplateBehavior [ RunTime:0.025040s ]
INFO: [ view_parse ] --END-- [ RunTime:0.025157s ]
INFO: [ view_filter ] --START--
INFO: Run Behavior\WriteHtmlCacheBehavior [ RunTime:0.000415s ]
INFO: [ view_filter ] --END-- [ RunTime:0.000466s ]
INFO: [ app_end ] --START--
INFO: Run Behavior\ShowPageTraceBehavior [ RunTime:0.000811s ]
INFO: [ app_end ] --END-- [ RunTime:0.000883s ]

[ 2016-04-25T21:01:11+08:00 ] 127.0.0.1 /power/tp/index.php/Home/Privilege//power/tp/Public/Images/content_bg.gif
INFO: [ app_init ] --START--
INFO: Run Behavior\BuildLiteBehavior [ RunTime:0.000039s ]
INFO: [ app_init ] --END-- [ RunTime:0.001112s ]

[ 2016-04-25T21:01:14+08:00 ] 127.0.0.1 /power/tp/index.php/Home/Privilege/mo
INFO: [ app_init ] --START--
INFO: Run Behavior\BuildLiteBehavior [ RunTime:0.000184s ]
INFO: [ app_init ] --END-- [ RunTime:0.001078s ]
INFO: [ app_begin ] --START--
INFO: Run Behavior\ReadHtmlCacheBehavior [ RunTime:0.000562s ]
INFO: [ app_begin ] --END-- [ RunTime:0.000636s ]
SQL: SHOW COLUMNS FROM `role_privilege` [ RunTime:0.0191s ]
SQL: SHOW COLUMNS FROM `role_privilege` [ RunTime:0.0063s ]
SQL: SELECT * FROM `role_privilege` WHERE ( r_id='2' )  [ RunTime:0.0010s ]
INFO: [ app_end ] --START--
INFO: Run Behavior\ShowPageTraceBehavior [ RunTime:0.000793s ]
INFO: [ app_end ] --END-- [ RunTime:0.000864s ]

[ 2016-04-25T21:01:25+08:00 ] 127.0.0.1 /power/tp/index.php/Home/Privilege/allot_privilege.html
INFO: [ app_init ] --START--
INFO: Run Behavior\BuildLiteBehavior [ RunTime:0.000018s ]
INFO: [ app_init ] --END-- [ RunTime:0.000375s ]
INFO: [ app_begin ] --START--
INFO: Run Behavior\ReadHtmlCacheBehavior [ RunTime:0.000553s ]
INFO: [ app_begin ] --END-- [ RunTime:0.000644s ]
SQL: SHOW COLUMNS FROM `role_privilege` [ RunTime:0.0048s ]
NOTIC: [8] Use of undefined constant r_id - assumed 'r_id' D:\web\apache\htdocs\power\tp\Application\Home\Controller\PrivilegeController.class.php 第 35 行.
NOTIC: [8] Use of undefined constant p_id - assumed 'p_id' D:\web\apache\htdocs\power\tp\Application\Home\Controller\PrivilegeController.class.php 第 36 行.
NOTIC: [8] Use of undefined constant r_id - assumed 'r_id' D:\web\apache\htdocs\power\tp\Application\Home\Controller\PrivilegeController.class.php 第 35 行.
NOTIC: [8] Use of undefined constant p_id - assumed 'p_id' D:\web\apache\htdocs\power\tp\Application\Home\Controller\PrivilegeController.class.php 第 36 行.
NOTIC: [8] Use of undefined constant r_id - assumed 'r_id' D:\web\apache\htdocs\power\tp\Application\Home\Controller\PrivilegeController.class.php 第 35 行.
NOTIC: [8] Use of undefined constant p_id - assumed 'p_id' D:\web\apache\htdocs\power\tp\Application\Home\Controller\PrivilegeController.class.php 第 36 行.
SQL: SHOW COLUMNS FROM `role_privilege` [ RunTime:0.0045s ]
SQL: DELETE FROM `role_privilege` WHERE ( r_id=2 ) [ RunTime:0.0621s ]
SQL: SHOW COLUMNS FROM `role_privilege` [ RunTime:0.0105s ]
SQL: INSERT INTO `role_privilege` (`r_id`,`p_id`) VALUES ('2','11'),('2','12'),('2','13') [ RunTime:0.0201s ]
INFO: [ view_parse ] --START--
INFO: [ template_filter ] --START--
INFO: Run Behavior\ContentReplaceBehavior [ RunTime:0.000125s ]
INFO: [ template_filter ] --END-- [ RunTime:0.000328s ]
INFO: Run Behavior\ParseTemplateBehavior [ RunTime:0.032676s ]
INFO: [ view_parse ] --END-- [ RunTime:0.032885s ]
INFO: [ view_filter ] --START--
INFO: Run Behavior\WriteHtmlCacheBehavior [ RunTime:0.000954s ]
INFO: [ view_filter ] --END-- [ RunTime:0.001093s ]
INFO: [ app_end ] --START--
INFO: Run Behavior\ShowPageTraceBehavior [ RunTime:0.001430s ]
INFO: [ app_end ] --END-- [ RunTime:0.001571s ]

[ 2016-04-25T21:01:26+08:00 ] 127.0.0.1 /power/tp/index.php/Home/Privilege/allot_privilege.html
INFO: [ app_init ] --START--
INFO: Run Behavior\BuildLiteBehavior [ RunTime:0.000024s ]
INFO: [ app_init ] --END-- [ RunTime:0.000564s ]
INFO: [ app_begin ] --START--
INFO: Run Behavior\ReadHtmlCacheBehavior [ RunTime:0.001368s ]
INFO: [ app_begin ] --END-- [ RunTime:0.001608s ]
NOTIC: [2048] Declaration of Home\Model\RoleModel::add() should be compatible with that of Think\Model::add() D:\web\apache\htdocs\power\tp\Application\Home\Model\RoleModel.class.php 第 4 行.
SQL: SHOW COLUMNS FROM `role` [ RunTime:0.0048s ]
NOTIC: [2048] Declaration of Home\Model\PrivilegeModel::add() should be compatible with that of Think\Model::add() D:\web\apache\htdocs\power\tp\Application\Home\Model\PrivilegeModel.class.php 第 15 行.
SQL: SHOW COLUMNS FROM `privilege` [ RunTime:0.0042s ]
SQL: SHOW COLUMNS FROM `Privilege` [ RunTime:0.0043s ]
SQL: SELECT * FROM `Privilege`  [ RunTime:0.0008s ]
SQL: SHOW COLUMNS FROM `role` [ RunTime:0.0047s ]
SQL: SELECT * FROM `role`  [ RunTime:0.0009s ]
INFO: [ view_parse ] --START--
INFO: [ template_filter ] --START--
INFO: Run Behavior\ContentReplaceBehavior [ RunTime:0.000102s ]
INFO: [ template_filter ] --END-- [ RunTime:0.000169s ]
INFO: Run Behavior\ParseTemplateBehavior [ RunTime:0.009832s ]
INFO: [ view_parse ] --END-- [ RunTime:0.009927s ]
INFO: [ view_filter ] --START--
INFO: Run Behavior\WriteHtmlCacheBehavior [ RunTime:0.000427s ]
INFO: [ view_filter ] --END-- [ RunTime:0.000479s ]
INFO: [ app_end ] --START--
INFO: Run Behavior\ShowPageTraceBehavior [ RunTime:0.000819s ]
INFO: [ app_end ] --END-- [ RunTime:0.000900s ]

[ 2016-04-25T21:01:26+08:00 ] 127.0.0.1 /power/tp/index.php/Home/Privilege//power/tp/Public/Images/content_bg.gif
INFO: [ app_init ] --START--
INFO: Run Behavior\BuildLiteBehavior [ RunTime:0.000015s ]
INFO: [ app_init ] --END-- [ RunTime:0.000347s ]

[ 2016-04-25T21:01:34+08:00 ] 127.0.0.1 /power/tp/index.php/Home/Privilege/mo
INFO: [ app_init ] --START--
INFO: Run Behavior\BuildLiteBehavior [ RunTime:0.000014s ]
INFO: [ app_init ] --END-- [ RunTime:0.000433s ]
INFO: [ app_begin ] --START--
INFO: Run Behavior\ReadHtmlCacheBehavior [ RunTime:0.001001s ]
INFO: [ app_begin ] --END-- [ RunTime:0.001101s ]
SQL: SHOW COLUMNS FROM `role_privilege` [ RunTime:0.0048s ]
SQL: SHOW COLUMNS FROM `role_privilege` [ RunTime:0.0046s ]
SQL: SELECT * FROM `role_privilege` WHERE ( r_id='2' )  [ RunTime:0.0008s ]
INFO: [ app_end ] --START--
INFO: Run Behavior\ShowPageTraceBehavior [ RunTime:0.000960s ]
INFO: [ app_end ] --END-- [ RunTime:0.001027s ]

[ 2016-04-25T21:01:50+08:00 ] 127.0.0.1 /power/tp/index.php/Home/Privilege/allot_privilege.html
INFO: [ app_init ] --START--
INFO: Run Behavior\BuildLiteBehavior [ RunTime:0.000019s ]
INFO: [ app_init ] --END-- [ RunTime:0.000449s ]
INFO: [ app_begin ] --START--
INFO: Run Behavior\ReadHtmlCacheBehavior [ RunTime:0.001069s ]
INFO: [ app_begin ] --END-- [ RunTime:0.001217s ]
NOTIC: [2048] Declaration of Home\Model\RoleModel::add() should be compatible with that of Think\Model::add() D:\web\apache\htdocs\power\tp\Application\Home\Model\RoleModel.class.php 第 4 行.
SQL: SHOW COLUMNS FROM `role` [ RunTime:0.0059s ]
NOTIC: [2048] Declaration of Home\Model\PrivilegeModel::add() should be compatible with that of Think\Model::add() D:\web\apache\htdocs\power\tp\Application\Home\Model\PrivilegeModel.class.php 第 15 行.
SQL: SHOW COLUMNS FROM `privilege` [ RunTime:0.0046s ]
SQL: SHOW COLUMNS FROM `Privilege` [ RunTime:0.0058s ]
SQL: SELECT * FROM `Privilege`  [ RunTime:0.0010s ]
SQL: SHOW COLUMNS FROM `role` [ RunTime:0.0061s ]
SQL: SELECT * FROM `role`  [ RunTime:0.0010s ]
INFO: [ view_parse ] --START--
INFO: [ template_filter ] --START--
INFO: Run Behavior\ContentReplaceBehavior [ RunTime:0.000102s ]
INFO: [ template_filter ] --END-- [ RunTime:0.000183s ]
INFO: Run Behavior\ParseTemplateBehavior [ RunTime:0.009806s ]
INFO: [ view_parse ] --END-- [ RunTime:0.009924s ]
INFO: [ view_filter ] --START--
INFO: Run Behavior\WriteHtmlCacheBehavior [ RunTime:0.000473s ]
INFO: [ view_filter ] --END-- [ RunTime:0.000539s ]
INFO: [ app_end ] --START--
INFO: Run Behavior\ShowPageTraceBehavior [ RunTime:0.000870s ]
INFO: [ app_end ] --END-- [ RunTime:0.000945s ]

[ 2016-04-25T21:01:50+08:00 ] 127.0.0.1 /power/tp/index.php/Home/Privilege//power/tp/Public/Images/content_bg.gif
INFO: [ app_init ] --START--
INFO: Run Behavior\BuildLiteBehavior [ RunTime:0.000017s ]
INFO: [ app_init ] --END-- [ RunTime:0.000330s ]

[ 2016-04-25T21:01:52+08:00 ] 127.0.0.1 /power/tp/index.php/Home/Privilege/lst.html
INFO: [ app_init ] --START--
INFO: Run Behavior\BuildLiteBehavior [ RunTime:0.000019s ]
INFO: [ app_init ] --END-- [ RunTime:0.000403s ]
INFO: [ app_begin ] --START--
INFO: Run Behavior\ReadHtmlCacheBehavior [ RunTime:0.000920s ]
INFO: [ app_begin ] --END-- [ RunTime:0.001051s ]
NOTIC: [2048] Declaration of Home\Model\PrivilegeModel::add() should be compatible with that of Think\Model::add() D:\web\apache\htdocs\power\tp\Application\Home\Model\PrivilegeModel.class.php 第 4 行.
SQL: SHOW COLUMNS FROM `privilege` [ RunTime:0.0046s ]
SQL: SHOW COLUMNS FROM `Privilege` [ RunTime:0.0046s ]
SQL: SELECT * FROM `Privilege`  [ RunTime:0.0008s ]
INFO: [ view_parse ] --START--
INFO: [ template_filter ] --START--
INFO: Run Behavior\ContentReplaceBehavior [ RunTime:0.000106s ]
INFO: [ template_filter ] --END-- [ RunTime:0.000214s ]
NOTIC: [8] Undefined variable: v D:\web\apache\htdocs\power\tp\Application\Runtime\Cache\Home\74ab7b88589f2e0dc5d29d2b43d05f19.php 第 65 行.
NOTIC: [8] Undefined variable: v D:\web\apache\htdocs\power\tp\Application\Runtime\Cache\Home\74ab7b88589f2e0dc5d29d2b43d05f19.php 第 65 行.
NOTIC: [8] Undefined variable: v D:\web\apache\htdocs\power\tp\Application\Runtime\Cache\Home\74ab7b88589f2e0dc5d29d2b43d05f19.php 第 65 行.
NOTIC: [8] Undefined variable: v D:\web\apache\htdocs\power\tp\Application\Runtime\Cache\Home\74ab7b88589f2e0dc5d29d2b43d05f19.php 第 65 行.
NOTIC: [8] Undefined variable: v D:\web\apache\htdocs\power\tp\Application\Runtime\Cache\Home\74ab7b88589f2e0dc5d29d2b43d05f19.php 第 65 行.
NOTIC: [8] Undefined variable: v D:\web\apache\htdocs\power\tp\Application\Runtime\Cache\Home\74ab7b88589f2e0dc5d29d2b43d05f19.php 第 65 行.
NOTIC: [8] Undefined variable: v D:\web\apache\htdocs\power\tp\Application\Runtime\Cache\Home\74ab7b88589f2e0dc5d29d2b43d05f19.php 第 65 行.
NOTIC: [8] Undefined variable: v D:\web\apache\htdocs\power\tp\Application\Runtime\Cache\Home\74ab7b88589f2e0dc5d29d2b43d05f19.php 第 65 行.
NOTIC: [8] Undefined variable: v D:\web\apache\htdocs\power\tp\Application\Runtime\Cache\Home\74ab7b88589f2e0dc5d29d2b43d05f19.php 第 65 行.
NOTIC: [8] Undefined variable: v D:\web\apache\htdocs\power\tp\Application\Runtime\Cache\Home\74ab7b88589f2e0dc5d29d2b43d05f19.php 第 65 行.
NOTIC: [8] Undefined variable: v D:\web\apache\htdocs\power\tp\Application\Runtime\Cache\Home\74ab7b88589f2e0dc5d29d2b43d05f19.php 第 65 行.
NOTIC: [8] Undefined variable: v D:\web\apache\htdocs\power\tp\Application\Runtime\Cache\Home\74ab7b88589f2e0dc5d29d2b43d05f19.php 第 65 行.
NOTIC: [8] Undefined variable: v D:\web\apache\htdocs\power\tp\Application\Runtime\Cache\Home\74ab7b88589f2e0dc5d29d2b43d05f19.php 第 65 行.
NOTIC: [8] Undefined variable: v D:\web\apache\htdocs\power\tp\Application\Runtime\Cache\Home\74ab7b88589f2e0dc5d29d2b43d05f19.php 第 65 行.
NOTIC: [8] Undefined variable: v D:\web\apache\htdocs\power\tp\Application\Runtime\Cache\Home\74ab7b88589f2e0dc5d29d2b43d05f19.php 第 65 行.
NOTIC: [8] Undefined variable: v D:\web\apache\htdocs\power\tp\Application\Runtime\Cache\Home\74ab7b88589f2e0dc5d29d2b43d05f19.php 第 65 行.
NOTIC: [8] Undefined variable: v D:\web\apache\htdocs\power\tp\Application\Runtime\Cache\Home\74ab7b88589f2e0dc5d29d2b43d05f19.php 第 65 行.
NOTIC: [8] Undefined variable: v D:\web\apache\htdocs\power\tp\Application\Runtime\Cache\Home\74ab7b88589f2e0dc5d29d2b43d05f19.php 第 65 行.
NOTIC: [8] Undefined variable: v D:\web\apache\htdocs\power\tp\Application\Runtime\Cache\Home\74ab7b88589f2e0dc5d29d2b43d05f19.php 第 65 行.
NOTIC: [8] Undefined variable: v D:\web\apache\htdocs\power\tp\Application\Runtime\Cache\Home\74ab7b88589f2e0dc5d29d2b43d05f19.php 第 65 行.
NOTIC: [8] Undefined variable: v D:\web\apache\htdocs\power\tp\Application\Runtime\Cache\Home\74ab7b88589f2e0dc5d29d2b43d05f19.php 第 65 行.
NOTIC: [8] Undefined variable: v D:\web\apache\htdocs\power\tp\Application\Runtime\Cache\Home\74ab7b88589f2e0dc5d29d2b43d05f19.php 第 65 行.
NOTIC: [8] Undefined variable: v D:\web\apache\htdocs\power\tp\Application\Runtime\Cache\Home\74ab7b88589f2e0dc5d29d2b43d05f19.php 第 65 行.
NOTIC: [8] Undefined variable: v D:\web\apache\htdocs\power\tp\Application\Runtime\Cache\Home\74ab7b88589f2e0dc5d29d2b43d05f19.php 第 65 行.
NOTIC: [8] Undefined variable: v D:\web\apache\htdocs\power\tp\Application\Runtime\Cache\Home\74ab7b88589f2e0dc5d29d2b43d05f19.php 第 65 行.
NOTIC: [8] Undefined variable: v D:\web\apache\htdocs\power\tp\Application\Runtime\Cache\Home\74ab7b88589f2e0dc5d29d2b43d05f19.php 第 65 行.
NOTIC: [8] Undefined variable: v D:\web\apache\htdocs\power\tp\Application\Runtime\Cache\Home\74ab7b88589f2e0dc5d29d2b43d05f19.php 第 65 行.
NOTIC: [8] Undefined variable: v D:\web\apache\htdocs\power\tp\Application\Runtime\Cache\Home\74ab7b88589f2e0dc5d29d2b43d05f19.php 第 65 行.
NOTIC: [8] Undefined variable: v D:\web\apache\htdocs\power\tp\Application\Runtime\Cache\Home\74ab7b88589f2e0dc5d29d2b43d05f19.php 第 65 行.
NOTIC: [8] Undefined variable: v D:\web\apache\htdocs\power\tp\Application\Runtime\Cache\Home\74ab7b88589f2e0dc5d29d2b43d05f19.php 第 65 行.
NOTIC: [8] Undefined variable: v D:\web\apache\htdocs\power\tp\Application\Runtime\Cache\Home\74ab7b88589f2e0dc5d29d2b43d05f19.php 第 65 行.
NOTIC: [8] Undefined variable: v D:\web\apache\htdocs\power\tp\Application\Runtime\Cache\Home\74ab7b88589f2e0dc5d29d2b43d05f19.php 第 65 行.
INFO: Run Behavior\ParseTemplateBehavior [ RunTime:0.019519s ]
INFO: [ view_parse ] --END-- [ RunTime:0.019602s ]
INFO: [ view_filter ] --START--
INFO: Run Behavior\WriteHtmlCacheBehavior [ RunTime:0.000472s ]
INFO: [ view_filter ] --END-- [ RunTime:0.000563s ]
INFO: [ app_end ] --START--
INFO: Run Behavior\ShowPageTraceBehavior [ RunTime:0.000760s ]
INFO: [ app_end ] --END-- [ RunTime:0.000830s ]

[ 2016-04-25T21:01:52+08:00 ] 127.0.0.1 /power/tp/index.php/Home/Privilege//power/tp/Public/Images/content_bg.gif
INFO: [ app_init ] --START--
INFO: Run Behavior\BuildLiteBehavior [ RunTime:0.000016s ]
INFO: [ app_init ] --END-- [ RunTime:0.000363s ]

[ 2016-04-25T21:01:57+08:00 ] 127.0.0.1 /power/tp/index.php/Home/Privilege/allot_privilege.html
INFO: [ app_init ] --START--
INFO: Run Behavior\BuildLiteBehavior [ RunTime:0.000029s ]
INFO: [ app_init ] --END-- [ RunTime:0.000365s ]
INFO: [ app_begin ] --START--
INFO: Run Behavior\ReadHtmlCacheBehavior [ RunTime:0.000514s ]
INFO: [ app_begin ] --END-- [ RunTime:0.000587s ]
NOTIC: [2048] Declaration of Home\Model\RoleModel::add() should be compatible with that of Think\Model::add() D:\web\apache\htdocs\power\tp\Application\Home\Model\RoleModel.class.php 第 4 行.
SQL: SHOW COLUMNS FROM `role` [ RunTime:0.0045s ]
NOTIC: [2048] Declaration of Home\Model\PrivilegeModel::add() should be compatible with that of Think\Model::add() D:\web\apache\htdocs\power\tp\Application\Home\Model\PrivilegeModel.class.php 第 15 行.
SQL: SHOW COLUMNS FROM `privilege` [ RunTime:0.0050s ]
SQL: SHOW COLUMNS FROM `Privilege` [ RunTime:0.0058s ]
SQL: SELECT * FROM `Privilege`  [ RunTime:0.0010s ]
SQL: SHOW COLUMNS FROM `role` [ RunTime:0.0055s ]
SQL: SELECT * FROM `role`  [ RunTime:0.0009s ]
INFO: [ view_parse ] --START--
INFO: [ template_filter ] --START--
INFO: Run Behavior\ContentReplaceBehavior [ RunTime:0.000111s ]
INFO: [ template_filter ] --END-- [ RunTime:0.000191s ]
INFO: Run Behavior\ParseTemplateBehavior [ RunTime:0.010249s ]
INFO: [ view_parse ] --END-- [ RunTime:0.010398s ]
INFO: [ view_filter ] --START--
INFO: Run Behavior\WriteHtmlCacheBehavior [ RunTime:0.000416s ]
INFO: [ view_filter ] --END-- [ RunTime:0.000467s ]
INFO: [ app_end ] --START--
INFO: Run Behavior\ShowPageTraceBehavior [ RunTime:0.000897s ]
INFO: [ app_end ] --END-- [ RunTime:0.000977s ]

[ 2016-04-25T21:01:57+08:00 ] 127.0.0.1 /power/tp/index.php/Home/Privilege//power/tp/Public/Images/content_bg.gif
INFO: [ app_init ] --START--
INFO: Run Behavior\BuildLiteBehavior [ RunTime:0.000019s ]
INFO: [ app_init ] --END-- [ RunTime:0.000389s ]

[ 2016-04-25T21:09:15+08:00 ] 127.0.0.1 /power/tp/index.php/Home/Index/index.html
INFO: [ app_init ] --START--
INFO: Run Behavior\BuildLiteBehavior [ RunTime:0.000027s ]
INFO: [ app_init ] --END-- [ RunTime:0.000783s ]
INFO: [ app_begin ] --START--
INFO: Run Behavior\ReadHtmlCacheBehavior [ RunTime:0.001040s ]
INFO: [ app_begin ] --END-- [ RunTime:0.001120s ]
INFO: [ view_parse ] --START--
INFO: [ template_filter ] --START--
INFO: Run Behavior\ContentReplaceBehavior [ RunTime:0.000049s ]
INFO: [ template_filter ] --END-- [ RunTime:0.000121s ]
INFO: Run Behavior\ParseTemplateBehavior [ RunTime:0.007248s ]
INFO: [ view_parse ] --END-- [ RunTime:0.007319s ]
INFO: [ view_filter ] --START--
INFO: Run Behavior\WriteHtmlCacheBehavior [ RunTime:0.000481s ]
INFO: [ view_filter ] --END-- [ RunTime:0.000531s ]
INFO: [ app_end ] --START--
INFO: Run Behavior\ShowPageTraceBehavior [ RunTime:0.000818s ]
INFO: [ app_end ] --END-- [ RunTime:0.000888s ]

[ 2016-04-25T21:09:15+08:00 ] 127.0.0.1 /power/tp/index.php/Home/Index/top
INFO: [ app_init ] --START--
INFO: Run Behavior\BuildLiteBehavior [ RunTime:0.000024s ]
INFO: [ app_init ] --END-- [ RunTime:0.000637s ]
INFO: [ app_begin ] --START--
INFO: Run Behavior\ReadHtmlCacheBehavior [ RunTime:0.000857s ]
INFO: [ app_begin ] --END-- [ RunTime:0.000945s ]
INFO: [ view_parse ] --START--
INFO: [ template_filter ] --START--
INFO: Run Behavior\ContentReplaceBehavior [ RunTime:0.000108s ]
INFO: [ template_filter ] --END-- [ RunTime:0.000225s ]
INFO: Run Behavior\ParseTemplateBehavior [ RunTime:0.009869s ]
INFO: [ view_parse ] --END-- [ RunTime:0.010079s ]
INFO: [ view_filter ] --START--
INFO: Run Behavior\WriteHtmlCacheBehavior [ RunTime:0.000961s ]
INFO: [ view_filter ] --END-- [ RunTime:0.001066s ]
INFO: [ app_end ] --START--
INFO: Run Behavior\ShowPageTraceBehavior [ RunTime:0.001902s ]
INFO: [ app_end ] --END-- [ RunTime:0.002193s ]

[ 2016-04-25T21:09:15+08:00 ] 127.0.0.1 /power/tp/index.php/Home/Index/left
INFO: [ app_init ] --START--
INFO: Run Behavior\BuildLiteBehavior [ RunTime:0.000018s ]
INFO: [ app_init ] --END-- [ RunTime:0.000518s ]
INFO: [ app_begin ] --START--
INFO: Run Behavior\ReadHtmlCacheBehavior [ RunTime:0.000995s ]
INFO: [ app_begin ] --END-- [ RunTime:0.001158s ]
INFO: [ view_parse ] --START--
INFO: [ template_filter ] --START--
INFO: Run Behavior\ContentReplaceBehavior [ RunTime:0.000132s ]
INFO: [ template_filter ] --END-- [ RunTime:0.000233s ]
INFO: Run Behavior\ParseTemplateBehavior [ RunTime:0.014793s ]
INFO: [ view_parse ] --END-- [ RunTime:0.014903s ]
INFO: [ view_filter ] --START--
INFO: Run Behavior\WriteHtmlCacheBehavior [ RunTime:0.000509s ]
INFO: [ view_filter ] --END-- [ RunTime:0.000574s ]
INFO: [ app_end ] --START--
INFO: Run Behavior\ShowPageTraceBehavior [ RunTime:0.001147s ]
INFO: [ app_end ] --END-- [ RunTime:0.001285s ]

[ 2016-04-25T21:09:15+08:00 ] 127.0.0.1 /power/tp/index.php/Home/Index/main
INFO: [ app_init ] --START--
INFO: Run Behavior\BuildLiteBehavior [ RunTime:0.000026s ]
INFO: [ app_init ] --END-- [ RunTime:0.000807s ]
INFO: [ app_begin ] --START--
INFO: Run Behavior\ReadHtmlCacheBehavior [ RunTime:0.001027s ]
INFO: [ app_begin ] --END-- [ RunTime:0.001146s ]
INFO: [ view_parse ] --START--
INFO: [ template_filter ] --START--
INFO: Run Behavior\ContentReplaceBehavior [ RunTime:0.000158s ]
INFO: [ template_filter ] --END-- [ RunTime:0.000284s ]
INFO: Run Behavior\ParseTemplateBehavior [ RunTime:0.013683s ]
INFO: [ view_parse ] --END-- [ RunTime:0.013776s ]
INFO: [ view_filter ] --START--
INFO: Run Behavior\WriteHtmlCacheBehavior [ RunTime:0.000544s ]
INFO: [ view_filter ] --END-- [ RunTime:0.000627s ]
INFO: [ app_end ] --START--
INFO: Run Behavior\ShowPageTraceBehavior [ RunTime:0.001293s ]
INFO: [ app_end ] --END-- [ RunTime:0.001518s ]

[ 2016-04-25T21:09:15+08:00 ] 127.0.0.1 /power/tp/index.php/Home/Index//power/tp/Public/Images/content_bg.gif
INFO: [ app_init ] --START--
INFO: Run Behavior\BuildLiteBehavior [ RunTime:0.000020s ]
INFO: [ app_init ] --END-- [ RunTime:0.000438s ]

[ 2016-04-25T21:09:15+08:00 ] 127.0.0.1 /power/tp/index.php/Home/Index/index.html
INFO: [ app_init ] --START--
INFO: Run Behavior\BuildLiteBehavior [ RunTime:0.000017s ]
INFO: [ app_init ] --END-- [ RunTime:0.000382s ]
INFO: [ app_begin ] --START--
INFO: Run Behavior\ReadHtmlCacheBehavior [ RunTime:0.000492s ]
INFO: [ app_begin ] --END-- [ RunTime:0.000564s ]
INFO: [ view_parse ] --START--
INFO: [ template_filter ] --START--
INFO: Run Behavior\ContentReplaceBehavior [ RunTime:0.000046s ]
INFO: [ template_filter ] --END-- [ RunTime:0.000108s ]
INFO: Run Behavior\ParseTemplateBehavior [ RunTime:0.006151s ]
INFO: [ view_parse ] --END-- [ RunTime:0.006234s ]
INFO: [ view_filter ] --START--
INFO: Run Behavior\WriteHtmlCacheBehavior [ RunTime:0.000379s ]
INFO: [ view_filter ] --END-- [ RunTime:0.000426s ]
INFO: [ app_end ] --START--
INFO: Run Behavior\ShowPageTraceBehavior [ RunTime:0.000899s ]
INFO: [ app_end ] --END-- [ RunTime:0.000981s ]

[ 2016-04-25T21:09:16+08:00 ] 127.0.0.1 /power/tp/index.php/Home/Index/top
INFO: [ app_init ] --START--
INFO: Run Behavior\BuildLiteBehavior [ RunTime:0.000027s ]
INFO: [ app_init ] --END-- [ RunTime:0.000511s ]
INFO: [ app_begin ] --START--
INFO: Run Behavior\ReadHtmlCacheBehavior [ RunTime:0.000710s ]
INFO: [ app_begin ] --END-- [ RunTime:0.000825s ]
INFO: [ view_parse ] --START--
INFO: [ template_filter ] --START--
INFO: Run Behavior\ContentReplaceBehavior [ RunTime:0.000082s ]
INFO: [ template_filter ] --END-- [ RunTime:0.000199s ]
INFO: Run Behavior\ParseTemplateBehavior [ RunTime:0.008962s ]
INFO: [ view_parse ] --END-- [ RunTime:0.009084s ]
INFO: [ view_filter ] --START--
INFO: Run Behavior\WriteHtmlCacheBehavior [ RunTime:0.000641s ]
INFO: [ view_filter ] --END-- [ RunTime:0.000737s ]
INFO: [ app_end ] --START--
INFO: Run Behavior\ShowPageTraceBehavior [ RunTime:0.001018s ]
INFO: [ app_end ] --END-- [ RunTime:0.001217s ]

[ 2016-04-25T21:09:16+08:00 ] 127.0.0.1 /power/tp/index.php/Home/Index/left
INFO: [ app_init ] --START--
INFO: Run Behavior\BuildLiteBehavior [ RunTime:0.000022s ]
INFO: [ app_init ] --END-- [ RunTime:0.000548s ]
INFO: [ app_begin ] --START--
INFO: Run Behavior\ReadHtmlCacheBehavior [ RunTime:0.000945s ]
INFO: [ app_begin ] --END-- [ RunTime:0.001057s ]
INFO: [ view_parse ] --START--
INFO: [ template_filter ] --START--
INFO: Run Behavior\ContentReplaceBehavior [ RunTime:0.000130s ]
INFO: [ template_filter ] --END-- [ RunTime:0.000214s ]
INFO: Run Behavior\ParseTemplateBehavior [ RunTime:0.016219s ]
INFO: [ view_parse ] --END-- [ RunTime:0.016351s ]
INFO: [ view_filter ] --START--
INFO: Run Behavior\WriteHtmlCacheBehavior [ RunTime:0.000703s ]
INFO: [ view_filter ] --END-- [ RunTime:0.000796s ]
INFO: [ app_end ] --START--
INFO: Run Behavior\ShowPageTraceBehavior [ RunTime:0.001185s ]
INFO: [ app_end ] --END-- [ RunTime:0.001325s ]

[ 2016-04-25T21:09:16+08:00 ] 127.0.0.1 /power/tp/index.php/Home/Index/main
INFO: [ app_init ] --START--
INFO: Run Behavior\BuildLiteBehavior [ RunTime:0.000016s ]
INFO: [ app_init ] --END-- [ RunTime:0.000503s ]
INFO: [ app_begin ] --START--
INFO: Run Behavior\ReadHtmlCacheBehavior [ RunTime:0.000928s ]
INFO: [ app_begin ] --END-- [ RunTime:0.001018s ]
INFO: [ view_parse ] --START--
INFO: [ template_filter ] --START--
INFO: Run Behavior\ContentReplaceBehavior [ RunTime:0.000111s ]
INFO: [ template_filter ] --END-- [ RunTime:0.000205s ]
INFO: Run Behavior\ParseTemplateBehavior [ RunTime:0.012868s ]
INFO: [ view_parse ] --END-- [ RunTime:0.012998s ]
INFO: [ view_filter ] --START--
INFO: Run Behavior\WriteHtmlCacheBehavior [ RunTime:0.000798s ]
INFO: [ view_filter ] --END-- [ RunTime:0.000891s ]
INFO: [ app_end ] --START--
INFO: Run Behavior\ShowPageTraceBehavior [ RunTime:0.002033s ]
INFO: [ app_end ] --END-- [ RunTime:0.002172s ]

[ 2016-04-25T21:09:16+08:00 ] 127.0.0.1 /power/tp/index.php/Home/Index//power/tp/Public/Images/content_bg.gif
INFO: [ app_init ] --START--
INFO: Run Behavior\BuildLiteBehavior [ RunTime:0.000021s ]
INFO: [ app_init ] --END-- [ RunTime:0.000707s ]

[ 2016-04-25T21:09:16+08:00 ] 127.0.0.1 /power/tp/index.php/Home/Index/index.html
INFO: [ app_init ] --START--
INFO: Run Behavior\BuildLiteBehavior [ RunTime:0.000016s ]
INFO: [ app_init ] --END-- [ RunTime:0.000368s ]
INFO: [ app_begin ] --START--
INFO: Run Behavior\ReadHtmlCacheBehavior [ RunTime:0.000483s ]
INFO: [ app_begin ] --END-- [ RunTime:0.000551s ]
INFO: [ view_parse ] --START--
INFO: [ template_filter ] --START--
INFO: Run Behavior\ContentReplaceBehavior [ RunTime:0.000048s ]
INFO: [ template_filter ] --END-- [ RunTime:0.000117s ]
INFO: Run Behavior\ParseTemplateBehavior [ RunTime:0.007173s ]
INFO: [ view_parse ] --END-- [ RunTime:0.007523s ]
INFO: [ view_filter ] --START--
INFO: Run Behavior\WriteHtmlCacheBehavior [ RunTime:0.000670s ]
INFO: [ view_filter ] --END-- [ RunTime:0.000757s ]
INFO: [ app_end ] --START--
INFO: Run Behavior\ShowPageTraceBehavior [ RunTime:0.000748s ]
INFO: [ app_end ] --END-- [ RunTime:0.000818s ]

[ 2016-04-25T21:09:16+08:00 ] 127.0.0.1 /power/tp/index.php/Home/Index/left
INFO: [ app_init ] --START--
INFO: Run Behavior\BuildLiteBehavior [ RunTime:0.000017s ]
INFO: [ app_init ] --END-- [ RunTime:0.000362s ]
INFO: [ app_begin ] --START--
INFO: Run Behavior\ReadHtmlCacheBehavior [ RunTime:0.000498s ]
INFO: [ app_begin ] --END-- [ RunTime:0.000570s ]
INFO: [ view_parse ] --START--
INFO: [ template_filter ] --START--
INFO: Run Behavior\ContentReplaceBehavior [ RunTime:0.000219s ]
INFO: [ template_filter ] --END-- [ RunTime:0.000354s ]
INFO: Run Behavior\ParseTemplateBehavior [ RunTime:0.013263s ]
INFO: [ view_parse ] --END-- [ RunTime:0.013364s ]
INFO: [ view_filter ] --START--
INFO: Run Behavior\WriteHtmlCacheBehavior [ RunTime:0.000834s ]
INFO: [ view_filter ] --END-- [ RunTime:0.000944s ]
INFO: [ app_end ] --START--
INFO: Run Behavior\ShowPageTraceBehavior [ RunTime:0.001826s ]
INFO: [ app_end ] --END-- [ RunTime:0.002120s ]

[ 2016-04-25T21:09:16+08:00 ] 127.0.0.1 /power/tp/index.php/Home/Index/top
INFO: [ app_init ] --START--
INFO: Run Behavior\BuildLiteBehavior [ RunTime:0.000022s ]
INFO: [ app_init ] --END-- [ RunTime:0.000581s ]
INFO: [ app_begin ] --START--
INFO: Run Behavior\ReadHtmlCacheBehavior [ RunTime:0.000987s ]
INFO: [ app_begin ] --END-- [ RunTime:0.001096s ]
INFO: [ view_parse ] --START--
INFO: [ template_filter ] --START--
INFO: Run Behavior\ContentReplaceBehavior [ RunTime:0.000061s ]
INFO: [ template_filter ] --END-- [ RunTime:0.000145s ]
INFO: Run Behavior\ParseTemplateBehavior [ RunTime:0.013836s ]
INFO: [ view_parse ] --END-- [ RunTime:0.014024s ]
INFO: [ view_filter ] --START--
INFO: Run Behavior\WriteHtmlCacheBehavior [ RunTime:0.001025s ]
INFO: [ view_filter ] --END-- [ RunTime:0.001138s ]
INFO: [ app_end ] --START--
INFO: Run Behavior\ShowPageTraceBehavior [ RunTime:0.001665s ]
INFO: [ app_end ] --END-- [ RunTime:0.001779s ]

[ 2016-04-25T21:09:16+08:00 ] 127.0.0.1 /power/tp/index.php/Home/Index/main
INFO: [ app_init ] --START--
INFO: Run Behavior\BuildLiteBehavior [ RunTime:0.000027s ]
INFO: [ app_init ] --END-- [ RunTime:0.000687s ]
INFO: [ app_begin ] --START--
INFO: Run Behavior\ReadHtmlCacheBehavior [ RunTime:0.001260s ]
INFO: [ app_begin ] --END-- [ RunTime:0.001381s ]
INFO: [ view_parse ] --START--
INFO: [ template_filter ] --START--
INFO: Run Behavior\ContentReplaceBehavior [ RunTime:0.000159s ]
INFO: [ template_filter ] --END-- [ RunTime:0.000302s ]
INFO: Run Behavior\ParseTemplateBehavior [ RunTime:0.013322s ]
INFO: [ view_parse ] --END-- [ RunTime:0.013554s ]
INFO: [ view_filter ] --START--
INFO: Run Behavior\WriteHtmlCacheBehavior [ RunTime:0.000856s ]
INFO: [ view_filter ] --END-- [ RunTime:0.000954s ]
INFO: [ app_end ] --START--
INFO: Run Behavior\ShowPageTraceBehavior [ RunTime:0.001249s ]
INFO: [ app_end ] --END-- [ RunTime:0.001367s ]

[ 2016-04-25T21:09:16+08:00 ] 127.0.0.1 /power/tp/index.php/Home/Index//power/tp/Public/Images/content_bg.gif
INFO: [ app_init ] --START--
INFO: Run Behavior\BuildLiteBehavior [ RunTime:0.000026s ]
INFO: [ app_init ] --END-- [ RunTime:0.000662s ]

[ 2016-04-25T21:12:12+08:00 ] 127.0.0.1 /power/tp/index.php/Home/Privilege/allot_privilege.html
INFO: [ app_init ] --START--
INFO: Run Behavior\BuildLiteBehavior [ RunTime:0.000014s ]
INFO: [ app_init ] --END-- [ RunTime:0.000339s ]
INFO: [ app_begin ] --START--
INFO: Run Behavior\ReadHtmlCacheBehavior [ RunTime:0.000796s ]
INFO: [ app_begin ] --END-- [ RunTime:0.000873s ]
NOTIC: [2048] Declaration of Home\Model\RoleModel::add() should be compatible with that of Think\Model::add() D:\web\apache\htdocs\power\tp\Application\Home\Model\RoleModel.class.php 第 4 行.
SQL: SHOW COLUMNS FROM `role` [ RunTime:0.0045s ]
NOTIC: [2048] Declaration of Home\Model\PrivilegeModel::add() should be compatible with that of Think\Model::add() D:\web\apache\htdocs\power\tp\Application\Home\Model\PrivilegeModel.class.php 第 15 行.
SQL: SHOW COLUMNS FROM `privilege` [ RunTime:0.0051s ]
SQL: SHOW COLUMNS FROM `Privilege` [ RunTime:0.0046s ]
SQL: SELECT * FROM `Privilege`  [ RunTime:0.0009s ]
SQL: SHOW COLUMNS FROM `role` [ RunTime:0.0048s ]
SQL: SELECT * FROM `role`  [ RunTime:0.0009s ]
INFO: [ view_parse ] --START--
INFO: [ template_filter ] --START--
INFO: Run Behavior\ContentReplaceBehavior [ RunTime:0.000133s ]
INFO: [ template_filter ] --END-- [ RunTime:0.000238s ]
INFO: Run Behavior\ParseTemplateBehavior [ RunTime:0.011983s ]
INFO: [ view_parse ] --END-- [ RunTime:0.012107s ]
INFO: [ view_filter ] --START--
INFO: Run Behavior\WriteHtmlCacheBehavior [ RunTime:0.000380s ]
INFO: [ view_filter ] --END-- [ RunTime:0.000427s ]
INFO: [ app_end ] --START--
INFO: Run Behavior\ShowPageTraceBehavior [ RunTime:0.000861s ]
INFO: [ app_end ] --END-- [ RunTime:0.000941s ]

[ 2016-04-25T21:12:12+08:00 ] 127.0.0.1 /power/tp/index.php/Home/Privilege//power/tp/Public/Images/content_bg.gif
INFO: [ app_init ] --START--
INFO: Run Behavior\BuildLiteBehavior [ RunTime:0.000018s ]
INFO: [ app_init ] --END-- [ RunTime:0.000409s ]

[ 2016-04-25T21:12:15+08:00 ] 127.0.0.1 /power/tp/index.php/Home/Privilege/mo
INFO: [ app_init ] --START--
INFO: Run Behavior\BuildLiteBehavior [ RunTime:0.000023s ]
INFO: [ app_init ] --END-- [ RunTime:0.000589s ]
INFO: [ app_begin ] --START--
INFO: Run Behavior\ReadHtmlCacheBehavior [ RunTime:0.001020s ]
INFO: [ app_begin ] --END-- [ RunTime:0.001129s ]
SQL: SHOW COLUMNS FROM `role_privilege` [ RunTime:0.0047s ]
SQL: SHOW COLUMNS FROM `role_privilege` [ RunTime:0.0051s ]
SQL: SELECT * FROM `role_privilege` WHERE ( r_id='7' )  [ RunTime:0.0009s ]
INFO: [ app_end ] --START--
INFO: Run Behavior\ShowPageTraceBehavior [ RunTime:0.000721s ]
INFO: [ app_end ] --END-- [ RunTime:0.000780s ]

[ 2016-04-25T21:12:20+08:00 ] 127.0.0.1 /power/tp/index.php/Home/Privilege/mo
INFO: [ app_init ] --START--
INFO: Run Behavior\BuildLiteBehavior [ RunTime:0.000019s ]
INFO: [ app_init ] --END-- [ RunTime:0.000432s ]
INFO: [ app_begin ] --START--
INFO: Run Behavior\ReadHtmlCacheBehavior [ RunTime:0.001119s ]
INFO: [ app_begin ] --END-- [ RunTime:0.001237s ]
SQL: SHOW COLUMNS FROM `role_privilege` [ RunTime:0.0044s ]
SQL: SHOW COLUMNS FROM `role_privilege` [ RunTime:0.0046s ]
SQL: SELECT * FROM `role_privilege` WHERE ( r_id='3' )  [ RunTime:0.0008s ]
INFO: [ app_end ] --START--
INFO: Run Behavior\ShowPageTraceBehavior [ RunTime:0.000835s ]
INFO: [ app_end ] --END-- [ RunTime:0.000901s ]

[ 2016-04-25T21:12:23+08:00 ] 127.0.0.1 /power/tp/index.php/Home/Privilege/mo
INFO: [ app_init ] --START--
INFO: Run Behavior\BuildLiteBehavior [ RunTime:0.000019s ]
INFO: [ app_init ] --END-- [ RunTime:0.000425s ]
INFO: [ app_begin ] --START--
INFO: Run Behavior\ReadHtmlCacheBehavior [ RunTime:0.001507s ]
INFO: [ app_begin ] --END-- [ RunTime:0.001640s ]
SQL: SHOW COLUMNS FROM `role_privilege` [ RunTime:0.0043s ]
SQL: SHOW COLUMNS FROM `role_privilege` [ RunTime:0.0050s ]
SQL: SELECT * FROM `role_privilege` WHERE ( r_id='4' )  [ RunTime:0.0009s ]
INFO: [ app_end ] --START--
INFO: Run Behavior\ShowPageTraceBehavior [ RunTime:0.000747s ]
INFO: [ app_end ] --END-- [ RunTime:0.000849s ]

[ 2016-04-25T21:12:27+08:00 ] 127.0.0.1 /power/tp/index.php/Home/Privilege/mo
INFO: [ app_init ] --START--
INFO: Run Behavior\BuildLiteBehavior [ RunTime:0.000022s ]
INFO: [ app_init ] --END-- [ RunTime:0.000621s ]
INFO: [ app_begin ] --START--
INFO: Run Behavior\ReadHtmlCacheBehavior [ RunTime:0.000957s ]
INFO: [ app_begin ] --END-- [ RunTime:0.001069s ]
SQL: SHOW COLUMNS FROM `role_privilege` [ RunTime:0.0054s ]
SQL: SHOW COLUMNS FROM `role_privilege` [ RunTime:0.0056s ]
SQL: SELECT * FROM `role_privilege` WHERE ( r_id='5' )  [ RunTime:0.0008s ]
INFO: [ app_end ] --START--
INFO: Run Behavior\ShowPageTraceBehavior [ RunTime:0.000688s ]
INFO: [ app_end ] --END-- [ RunTime:0.000751s ]

[ 2016-04-25T21:12:32+08:00 ] 127.0.0.1 /power/tp/index.php/Home/Privilege/mo
INFO: [ app_init ] --START--
INFO: Run Behavior\BuildLiteBehavior [ RunTime:0.000017s ]
INFO: [ app_init ] --END-- [ RunTime:0.000461s ]
INFO: [ app_begin ] --START--
INFO: Run Behavior\ReadHtmlCacheBehavior [ RunTime:0.000701s ]
INFO: [ app_begin ] --END-- [ RunTime:0.000778s ]
SQL: SHOW COLUMNS FROM `role_privilege` [ RunTime:0.0050s ]
SQL: SHOW COLUMNS FROM `role_privilege` [ RunTime:0.0051s ]
SQL: SELECT * FROM `role_privilege` WHERE ( r_id='6' )  [ RunTime:0.0010s ]
INFO: [ app_end ] --START--
INFO: Run Behavior\ShowPageTraceBehavior [ RunTime:0.000727s ]
INFO: [ app_end ] --END-- [ RunTime:0.000830s ]

[ 2016-04-25T21:12:47+08:00 ] 127.0.0.1 /power/tp/index.php/Home/Privilege/mo
INFO: [ app_init ] --START--
INFO: Run Behavior\BuildLiteBehavior [ RunTime:0.000017s ]
INFO: [ app_init ] --END-- [ RunTime:0.000429s ]
INFO: [ app_begin ] --START--
INFO: Run Behavior\ReadHtmlCacheBehavior [ RunTime:0.000731s ]
INFO: [ app_begin ] --END-- [ RunTime:0.000813s ]
SQL: SHOW COLUMNS FROM `role_privilege` [ RunTime:0.0045s ]
SQL: SHOW COLUMNS FROM `role_privilege` [ RunTime:0.0061s ]
SQL: SELECT * FROM `role_privilege` WHERE ( r_id='7' )  [ RunTime:0.0009s ]
INFO: [ app_end ] --START--
INFO: Run Behavior\ShowPageTraceBehavior [ RunTime:0.000804s ]
INFO: [ app_end ] --END-- [ RunTime:0.000875s ]

[ 2016-04-25T21:12:53+08:00 ] 127.0.0.1 /power/tp/index.php/Home/Privilege/allot_privilege.html
INFO: [ app_init ] --START--
INFO: Run Behavior\BuildLiteBehavior [ RunTime:0.000038s ]
INFO: [ app_init ] --END-- [ RunTime:0.000657s ]
INFO: [ app_begin ] --START--
INFO: Run Behavior\ReadHtmlCacheBehavior [ RunTime:0.000743s ]
INFO: [ app_begin ] --END-- [ RunTime:0.000863s ]
SQL: SHOW COLUMNS FROM `role_privilege` [ RunTime:0.0043s ]
NOTIC: [8] Use of undefined constant r_id - assumed 'r_id' D:\web\apache\htdocs\power\tp\Application\Home\Controller\PrivilegeController.class.php 第 35 行.
NOTIC: [8] Use of undefined constant p_id - assumed 'p_id' D:\web\apache\htdocs\power\tp\Application\Home\Controller\PrivilegeController.class.php 第 36 行.
NOTIC: [8] Use of undefined constant r_id - assumed 'r_id' D:\web\apache\htdocs\power\tp\Application\Home\Controller\PrivilegeController.class.php 第 35 行.
NOTIC: [8] Use of undefined constant p_id - assumed 'p_id' D:\web\apache\htdocs\power\tp\Application\Home\Controller\PrivilegeController.class.php 第 36 行.
SQL: SHOW COLUMNS FROM `role_privilege` [ RunTime:0.0048s ]
SQL: DELETE FROM `role_privilege` WHERE ( r_id=7 ) [ RunTime:0.0008s ]
SQL: SHOW COLUMNS FROM `role_privilege` [ RunTime:0.0052s ]
SQL: INSERT INTO `role_privilege` (`r_id`,`p_id`) VALUES ('7','10'),('7','11') [ RunTime:0.0391s ]
INFO: [ view_parse ] --START--
INFO: [ template_filter ] --START--
INFO: Run Behavior\ContentReplaceBehavior [ RunTime:0.000054s ]
INFO: [ template_filter ] --END-- [ RunTime:0.000122s ]
INFO: Run Behavior\ParseTemplateBehavior [ RunTime:0.006738s ]
INFO: [ view_parse ] --END-- [ RunTime:0.006852s ]
INFO: [ view_filter ] --START--
INFO: Run Behavior\WriteHtmlCacheBehavior [ RunTime:0.000426s ]
INFO: [ view_filter ] --END-- [ RunTime:0.000481s ]
INFO: [ app_end ] --START--
INFO: Run Behavior\ShowPageTraceBehavior [ RunTime:0.000872s ]
INFO: [ app_end ] --END-- [ RunTime:0.000963s ]

[ 2016-04-25T21:12:54+08:00 ] 127.0.0.1 /power/tp/index.php/Home/Privilege/allot_privilege.html
INFO: [ app_init ] --START--
INFO: Run Behavior\BuildLiteBehavior [ RunTime:0.000025s ]
INFO: [ app_init ] --END-- [ RunTime:0.000694s ]
INFO: [ app_begin ] --START--
INFO: Run Behavior\ReadHtmlCacheBehavior [ RunTime:0.001007s ]
INFO: [ app_begin ] --END-- [ RunTime:0.001115s ]
NOTIC: [2048] Declaration of Home\Model\RoleModel::add() should be compatible with that of Think\Model::add() D:\web\apache\htdocs\power\tp\Application\Home\Model\RoleModel.class.php 第 4 行.
SQL: SHOW COLUMNS FROM `role` [ RunTime:0.0040s ]
NOTIC: [2048] Declaration of Home\Model\PrivilegeModel::add() should be compatible with that of Think\Model::add() D:\web\apache\htdocs\power\tp\Application\Home\Model\PrivilegeModel.class.php 第 15 行.
SQL: SHOW COLUMNS FROM `privilege` [ RunTime:0.0046s ]
SQL: SHOW COLUMNS FROM `Privilege` [ RunTime:0.0055s ]
SQL: SELECT * FROM `Privilege`  [ RunTime:0.0007s ]
SQL: SHOW COLUMNS FROM `role` [ RunTime:0.0054s ]
SQL: SELECT * FROM `role`  [ RunTime:0.0009s ]
INFO: [ view_parse ] --START--
INFO: [ template_filter ] --START--
INFO: Run Behavior\ContentReplaceBehavior [ RunTime:0.000102s ]
INFO: [ template_filter ] --END-- [ RunTime:0.000170s ]
INFO: Run Behavior\ParseTemplateBehavior [ RunTime:0.010246s ]
INFO: [ view_parse ] --END-- [ RunTime:0.010358s ]
INFO: [ view_filter ] --START--
INFO: Run Behavior\WriteHtmlCacheBehavior [ RunTime:0.000379s ]
INFO: [ view_filter ] --END-- [ RunTime:0.000428s ]
INFO: [ app_end ] --START--
INFO: Run Behavior\ShowPageTraceBehavior [ RunTime:0.000808s ]
INFO: [ app_end ] --END-- [ RunTime:0.000880s ]

[ 2016-04-25T21:12:54+08:00 ] 127.0.0.1 /power/tp/index.php/Home/Privilege//power/tp/Public/Images/content_bg.gif
INFO: [ app_init ] --START--
INFO: Run Behavior\BuildLiteBehavior [ RunTime:0.000015s ]
INFO: [ app_init ] --END-- [ RunTime:0.000380s ]

[ 2016-04-25T21:12:58+08:00 ] 127.0.0.1 /power/tp/index.php/Home/Privilege/mo
INFO: [ app_init ] --START--
INFO: Run Behavior\BuildLiteBehavior [ RunTime:0.000014s ]
INFO: [ app_init ] --END-- [ RunTime:0.000469s ]
INFO: [ app_begin ] --START--
INFO: Run Behavior\ReadHtmlCacheBehavior [ RunTime:0.000930s ]
INFO: [ app_begin ] --END-- [ RunTime:0.001007s ]
SQL: SHOW COLUMNS FROM `role_privilege` [ RunTime:0.0053s ]
SQL: SHOW COLUMNS FROM `role_privilege` [ RunTime:0.0049s ]
SQL: SELECT * FROM `role_privilege` WHERE ( r_id='6' )  [ RunTime:0.0009s ]
INFO: [ app_end ] --START--
INFO: Run Behavior\ShowPageTraceBehavior [ RunTime:0.000853s ]
INFO: [ app_end ] --END-- [ RunTime:0.000922s ]

[ 2016-04-25T21:13:02+08:00 ] 127.0.0.1 /power/tp/index.php/Home/Privilege/mo
INFO: [ app_init ] --START--
INFO: Run Behavior\BuildLiteBehavior [ RunTime:0.000015s ]
INFO: [ app_init ] --END-- [ RunTime:0.000463s ]
INFO: [ app_begin ] --START--
INFO: Run Behavior\ReadHtmlCacheBehavior [ RunTime:0.000792s ]
INFO: [ app_begin ] --END-- [ RunTime:0.000881s ]
SQL: SHOW COLUMNS FROM `role_privilege` [ RunTime:0.0045s ]
SQL: SHOW COLUMNS FROM `role_privilege` [ RunTime:0.0045s ]
SQL: SELECT * FROM `role_privilege` WHERE ( r_id='7' )  [ RunTime:0.0007s ]
INFO: [ app_end ] --START--
INFO: Run Behavior\ShowPageTraceBehavior [ RunTime:0.000699s ]
INFO: [ app_end ] --END-- [ RunTime:0.000764s ]

[ 2016-04-25T21:13:04+08:00 ] 127.0.0.1 /power/tp/index.php/Home/Privilege/mo
INFO: [ app_init ] --START--
INFO: Run Behavior\BuildLiteBehavior [ RunTime:0.000025s ]
INFO: [ app_init ] --END-- [ RunTime:0.000714s ]
INFO: [ app_begin ] --START--
INFO: Run Behavior\ReadHtmlCacheBehavior [ RunTime:0.001249s ]
INFO: [ app_begin ] --END-- [ RunTime:0.001405s ]
SQL: SHOW COLUMNS FROM `role_privilege` [ RunTime:0.0048s ]
SQL: SHOW COLUMNS FROM `role_privilege` [ RunTime:0.0046s ]
SQL: SELECT * FROM `role_privilege` WHERE ( r_id='8' )  [ RunTime:0.0008s ]
INFO: [ app_end ] --START--
INFO: Run Behavior\ShowPageTraceBehavior [ RunTime:0.000696s ]
INFO: [ app_end ] --END-- [ RunTime:0.000794s ]

