<ERROR_BLOCK>
errorInfo: Undefined index: url
errorFile: IWEB_PATH/runtime/default/site/index.php
errorLine: 210
errorCode: 8
errorTime: 2016-08-09 07:24:01
#0 IWEB_PATH/lib/web/controller/controllerbase_class.php(116): require(IWEB_PATH/runtime/default/site/index.php)
#1 IWEB_PATH/lib/web/controller/controllerbase_class.php(82): IControllerBase->requireFile(IWEB_PATH/runtime/default/site/index.php)
#2 IWEB_PATH/lib/web/controller/controller_class.php(201): IControllerBase->renderView(IWEB_PATH/views/default/site/index)
#3 IWEB_PATH/lib/web/action/view_action.php(36): IController->render(IWEB_PATH/views/default/site/index)
#4 IWEB_PATH/lib/web/controller/controller_class.php(370): IViewAction->run()
#5 IWEB_PATH/controllers/site.php(84): IController->redirect(index)
#6 IWEB_PATH/lib/web/action/inline_action.php(24): Site->index()
#7 IWEB_PATH/lib/web/controller/controller_class.php(137): IInlineAction->run()
#8 IWEB_PATH/lib/core/webapplication_class.php(29): IController->run()
#9 IWEB_PATH/lib/core/application_class.php(108): IWebApplication->execRequest()
#10 IWEB_PATH/index.php(5): IApplication->run()
</ERROR_BLOCK>

<ERROR_BLOCK>
errorInfo: Undefined index: url
errorFile: IWEB_PATH/runtime/default/site/index.php
errorLine: 210
errorCode: 8
errorTime: 2016-08-09 07:24:01
#0 IWEB_PATH/lib/web/controller/controllerbase_class.php(116): require(IWEB_PATH/runtime/default/site/index.php)
#1 IWEB_PATH/lib/web/controller/controllerbase_class.php(82): IControllerBase->requireFile(IWEB_PATH/runtime/default/site/index.php)
#2 IWEB_PATH/lib/web/controller/controller_class.php(201): IControllerBase->renderView(IWEB_PATH/views/default/site/index)
#3 IWEB_PATH/lib/web/action/view_action.php(36): IController->render(IWEB_PATH/views/default/site/index)
#4 IWEB_PATH/lib/web/controller/controller_class.php(370): IViewAction->run()
#5 IWEB_PATH/controllers/site.php(84): IController->redirect(index)
#6 IWEB_PATH/lib/web/action/inline_action.php(24): Site->index()
#7 IWEB_PATH/lib/web/controller/controller_class.php(137): IInlineAction->run()
#8 IWEB_PATH/lib/core/webapplication_class.php(29): IController->run()
#9 IWEB_PATH/lib/core/application_class.php(108): IWebApplication->execRequest()
#10 IWEB_PATH/index.php(5): IApplication->run()
</ERROR_BLOCK>

<ERROR_BLOCK>
errorInfo: Undefined index: url
errorFile: IWEB_PATH/runtime/default/site/index.php
errorLine: 210
errorCode: 8
errorTime: 2016-08-09 07:24:01
#0 IWEB_PATH/lib/web/controller/controllerbase_class.php(116): require(IWEB_PATH/runtime/default/site/index.php)
#1 IWEB_PATH/lib/web/controller/controllerbase_class.php(82): IControllerBase->requireFile(IWEB_PATH/runtime/default/site/index.php)
#2 IWEB_PATH/lib/web/controller/controller_class.php(201): IControllerBase->renderView(IWEB_PATH/views/default/site/index)
#3 IWEB_PATH/lib/web/action/view_action.php(36): IController->render(IWEB_PATH/views/default/site/index)
#4 IWEB_PATH/lib/web/controller/controller_class.php(370): IViewAction->run()
#5 IWEB_PATH/controllers/site.php(84): IController->redirect(index)
#6 IWEB_PATH/lib/web/action/inline_action.php(24): Site->index()
#7 IWEB_PATH/lib/web/controller/controller_class.php(137): IInlineAction->run()
#8 IWEB_PATH/lib/core/webapplication_class.php(29): IController->run()
#9 IWEB_PATH/lib/core/application_class.php(108): IWebApplication->execRequest()
#10 IWEB_PATH/index.php(5): IApplication->run()
</ERROR_BLOCK>

<ERROR_BLOCK>
errorInfo: Undefined variable: tmpId
errorFile: IWEB_PATH/runtime/default/site/index.php
errorLine: 336
errorCode: 8
errorTime: 2016-08-09 07:24:01
#0 IWEB_PATH/lib/web/controller/controllerbase_class.php(116): require(IWEB_PATH/runtime/default/site/index.php)
#1 IWEB_PATH/lib/web/controller/controllerbase_class.php(82): IControllerBase->requireFile(IWEB_PATH/runtime/default/site/index.php)
#2 IWEB_PATH/lib/web/controller/controller_class.php(201): IControllerBase->renderView(IWEB_PATH/views/default/site/index)
#3 IWEB_PATH/lib/web/action/view_action.php(36): IController->render(IWEB_PATH/views/default/site/index)
#4 IWEB_PATH/lib/web/controller/controller_class.php(370): IViewAction->run()
#5 IWEB_PATH/controllers/site.php(84): IController->redirect(index)
#6 IWEB_PATH/lib/web/action/inline_action.php(24): Site->index()
#7 IWEB_PATH/lib/web/controller/controller_class.php(137): IInlineAction->run()
#8 IWEB_PATH/lib/core/webapplication_class.php(29): IController->run()
#9 IWEB_PATH/lib/core/application_class.php(108): IWebApplication->execRequest()
#10 IWEB_PATH/index.php(5): IApplication->run()
</ERROR_BLOCK>

<ERROR_BLOCK>
errorInfo: Undefined variable: tmpId
errorFile: IWEB_PATH/runtime/default/site/index.php
errorLine: 337
errorCode: 8
errorTime: 2016-08-09 07:24:01
#0 IWEB_PATH/lib/web/controller/controllerbase_class.php(116): require(IWEB_PATH/runtime/default/site/index.php)
#1 IWEB_PATH/lib/web/controller/controllerbase_class.php(82): IControllerBase->requireFile(IWEB_PATH/runtime/default/site/index.php)
#2 IWEB_PATH/lib/web/controller/controller_class.php(201): IControllerBase->renderView(IWEB_PATH/views/default/site/index)
#3 IWEB_PATH/lib/web/action/view_action.php(36): IController->render(IWEB_PATH/views/default/site/index)
#4 IWEB_PATH/lib/web/controller/controller_class.php(370): IViewAction->run()
#5 IWEB_PATH/controllers/site.php(84): IController->redirect(index)
#6 IWEB_PATH/lib/web/action/inline_action.php(24): Site->index()
#7 IWEB_PATH/lib/web/controller/controller_class.php(137): IInlineAction->run()
#8 IWEB_PATH/lib/core/webapplication_class.php(29): IController->run()
#9 IWEB_PATH/lib/core/application_class.php(108): IWebApplication->execRequest()
#10 IWEB_PATH/index.php(5): IApplication->run()
</ERROR_BLOCK>

<ERROR_BLOCK>
errorInfo: Undefined index: url
errorFile: IWEB_PATH/runtime/default/site/index.php
errorLine: 210
errorCode: 8
errorTime: 2016-08-09 08:48:17
#0 IWEB_PATH/lib/web/controller/controllerbase_class.php(116): require(IWEB_PATH/runtime/default/site/index.php)
#1 IWEB_PATH/lib/web/controller/controllerbase_class.php(82): IControllerBase->requireFile(IWEB_PATH/runtime/default/site/index.php)
#2 IWEB_PATH/lib/web/controller/controller_class.php(201): IControllerBase->renderView(IWEB_PATH/views/default/site/index)
#3 IWEB_PATH/lib/web/action/view_action.php(36): IController->render(IWEB_PATH/views/default/site/index)
#4 IWEB_PATH/lib/web/controller/controller_class.php(370): IViewAction->run()
#5 IWEB_PATH/controllers/site.php(84): IController->redirect(index)
#6 IWEB_PATH/lib/web/action/inline_action.php(24): Site->index()
#7 IWEB_PATH/lib/web/controller/controller_class.php(137): IInlineAction->run()
#8 IWEB_PATH/lib/core/webapplication_class.php(29): IController->run()
#9 IWEB_PATH/lib/core/application_class.php(108): IWebApplication->execRequest()
#10 IWEB_PATH/index.php(8): IApplication->run()
</ERROR_BLOCK>

<ERROR_BLOCK>
errorInfo: Undefined index: url
errorFile: IWEB_PATH/runtime/default/site/index.php
errorLine: 210
errorCode: 8
errorTime: 2016-08-09 08:48:17
#0 IWEB_PATH/lib/web/controller/controllerbase_class.php(116): require(IWEB_PATH/runtime/default/site/index.php)
#1 IWEB_PATH/lib/web/controller/controllerbase_class.php(82): IControllerBase->requireFile(IWEB_PATH/runtime/default/site/index.php)
#2 IWEB_PATH/lib/web/controller/controller_class.php(201): IControllerBase->renderView(IWEB_PATH/views/default/site/index)
#3 IWEB_PATH/lib/web/action/view_action.php(36): IController->render(IWEB_PATH/views/default/site/index)
#4 IWEB_PATH/lib/web/controller/controller_class.php(370): IViewAction->run()
#5 IWEB_PATH/controllers/site.php(84): IController->redirect(index)
#6 IWEB_PATH/lib/web/action/inline_action.php(24): Site->index()
#7 IWEB_PATH/lib/web/controller/controller_class.php(137): IInlineAction->run()
#8 IWEB_PATH/lib/core/webapplication_class.php(29): IController->run()
#9 IWEB_PATH/lib/core/application_class.php(108): IWebApplication->execRequest()
#10 IWEB_PATH/index.php(8): IApplication->run()
</ERROR_BLOCK>

<ERROR_BLOCK>
errorInfo: Undefined index: url
errorFile: IWEB_PATH/runtime/default/site/index.php
errorLine: 210
errorCode: 8
errorTime: 2016-08-09 08:48:17
#0 IWEB_PATH/lib/web/controller/controllerbase_class.php(116): require(IWEB_PATH/runtime/default/site/index.php)
#1 IWEB_PATH/lib/web/controller/controllerbase_class.php(82): IControllerBase->requireFile(IWEB_PATH/runtime/default/site/index.php)
#2 IWEB_PATH/lib/web/controller/controller_class.php(201): IControllerBase->renderView(IWEB_PATH/views/default/site/index)
#3 IWEB_PATH/lib/web/action/view_action.php(36): IController->render(IWEB_PATH/views/default/site/index)
#4 IWEB_PATH/lib/web/controller/controller_class.php(370): IViewAction->run()
#5 IWEB_PATH/controllers/site.php(84): IController->redirect(index)
#6 IWEB_PATH/lib/web/action/inline_action.php(24): Site->index()
#7 IWEB_PATH/lib/web/controller/controller_class.php(137): IInlineAction->run()
#8 IWEB_PATH/lib/core/webapplication_class.php(29): IController->run()
#9 IWEB_PATH/lib/core/application_class.php(108): IWebApplication->execRequest()
#10 IWEB_PATH/index.php(8): IApplication->run()
</ERROR_BLOCK>

<ERROR_BLOCK>
errorInfo: Undefined variable: tmpId
errorFile: IWEB_PATH/runtime/default/site/index.php
errorLine: 336
errorCode: 8
errorTime: 2016-08-09 08:48:17
#0 IWEB_PATH/lib/web/controller/controllerbase_class.php(116): require(IWEB_PATH/runtime/default/site/index.php)
#1 IWEB_PATH/lib/web/controller/controllerbase_class.php(82): IControllerBase->requireFile(IWEB_PATH/runtime/default/site/index.php)
#2 IWEB_PATH/lib/web/controller/controller_class.php(201): IControllerBase->renderView(IWEB_PATH/views/default/site/index)
#3 IWEB_PATH/lib/web/action/view_action.php(36): IController->render(IWEB_PATH/views/default/site/index)
#4 IWEB_PATH/lib/web/controller/controller_class.php(370): IViewAction->run()
#5 IWEB_PATH/controllers/site.php(84): IController->redirect(index)
#6 IWEB_PATH/lib/web/action/inline_action.php(24): Site->index()
#7 IWEB_PATH/lib/web/controller/controller_class.php(137): IInlineAction->run()
#8 IWEB_PATH/lib/core/webapplication_class.php(29): IController->run()
#9 IWEB_PATH/lib/core/application_class.php(108): IWebApplication->execRequest()
#10 IWEB_PATH/index.php(8): IApplication->run()
</ERROR_BLOCK>

<ERROR_BLOCK>
errorInfo: Undefined variable: tmpId
errorFile: IWEB_PATH/runtime/default/site/index.php
errorLine: 337
errorCode: 8
errorTime: 2016-08-09 08:48:17
#0 IWEB_PATH/lib/web/controller/controllerbase_class.php(116): require(IWEB_PATH/runtime/default/site/index.php)
#1 IWEB_PATH/lib/web/controller/controllerbase_class.php(82): IControllerBase->requireFile(IWEB_PATH/runtime/default/site/index.php)
#2 IWEB_PATH/lib/web/controller/controller_class.php(201): IControllerBase->renderView(IWEB_PATH/views/default/site/index)
#3 IWEB_PATH/lib/web/action/view_action.php(36): IController->render(IWEB_PATH/views/default/site/index)
#4 IWEB_PATH/lib/web/controller/controller_class.php(370): IViewAction->run()
#5 IWEB_PATH/controllers/site.php(84): IController->redirect(index)
#6 IWEB_PATH/lib/web/action/inline_action.php(24): Site->index()
#7 IWEB_PATH/lib/web/controller/controller_class.php(137): IInlineAction->run()
#8 IWEB_PATH/lib/core/webapplication_class.php(29): IController->run()
#9 IWEB_PATH/lib/core/application_class.php(108): IWebApplication->execRequest()
#10 IWEB_PATH/index.php(8): IApplication->run()
</ERROR_BLOCK>

<ERROR_BLOCK>
errorInfo: Undefined index: url
errorFile: IWEB_PATH/runtime/default/site/index.php
errorLine: 210
errorCode: 8
errorTime: 2016-08-09 08:48:19
#0 IWEB_PATH/lib/web/controller/controllerbase_class.php(116): require(IWEB_PATH/runtime/default/site/index.php)
#1 IWEB_PATH/lib/web/controller/controllerbase_class.php(82): IControllerBase->requireFile(IWEB_PATH/runtime/default/site/index.php)
#2 IWEB_PATH/lib/web/controller/controller_class.php(201): IControllerBase->renderView(IWEB_PATH/views/default/site/index)
#3 IWEB_PATH/lib/web/action/view_action.php(36): IController->render(IWEB_PATH/views/default/site/index)
#4 IWEB_PATH/lib/web/controller/controller_class.php(370): IViewAction->run()
#5 IWEB_PATH/controllers/site.php(84): IController->redirect(index)
#6 IWEB_PATH/lib/web/action/inline_action.php(24): Site->index()
#7 IWEB_PATH/lib/web/controller/controller_class.php(137): IInlineAction->run()
#8 IWEB_PATH/lib/core/webapplication_class.php(29): IController->run()
#9 IWEB_PATH/lib/core/application_class.php(108): IWebApplication->execRequest()
#10 IWEB_PATH/index.php(8): IApplication->run()
</ERROR_BLOCK>

<ERROR_BLOCK>
errorInfo: Undefined index: url
errorFile: IWEB_PATH/runtime/default/site/index.php
errorLine: 210
errorCode: 8
errorTime: 2016-08-09 08:48:19
#0 IWEB_PATH/lib/web/controller/controllerbase_class.php(116): require(IWEB_PATH/runtime/default/site/index.php)
#1 IWEB_PATH/lib/web/controller/controllerbase_class.php(82): IControllerBase->requireFile(IWEB_PATH/runtime/default/site/index.php)
#2 IWEB_PATH/lib/web/controller/controller_class.php(201): IControllerBase->renderView(IWEB_PATH/views/default/site/index)
#3 IWEB_PATH/lib/web/action/view_action.php(36): IController->render(IWEB_PATH/views/default/site/index)
#4 IWEB_PATH/lib/web/controller/controller_class.php(370): IViewAction->run()
#5 IWEB_PATH/controllers/site.php(84): IController->redirect(index)
#6 IWEB_PATH/lib/web/action/inline_action.php(24): Site->index()
#7 IWEB_PATH/lib/web/controller/controller_class.php(137): IInlineAction->run()
#8 IWEB_PATH/lib/core/webapplication_class.php(29): IController->run()
#9 IWEB_PATH/lib/core/application_class.php(108): IWebApplication->execRequest()
#10 IWEB_PATH/index.php(8): IApplication->run()
</ERROR_BLOCK>

<ERROR_BLOCK>
errorInfo: Undefined index: url
errorFile: IWEB_PATH/runtime/default/site/index.php
errorLine: 210
errorCode: 8
errorTime: 2016-08-09 08:48:19
#0 IWEB_PATH/lib/web/controller/controllerbase_class.php(116): require(IWEB_PATH/runtime/default/site/index.php)
#1 IWEB_PATH/lib/web/controller/controllerbase_class.php(82): IControllerBase->requireFile(IWEB_PATH/runtime/default/site/index.php)
#2 IWEB_PATH/lib/web/controller/controller_class.php(201): IControllerBase->renderView(IWEB_PATH/views/default/site/index)
#3 IWEB_PATH/lib/web/action/view_action.php(36): IController->render(IWEB_PATH/views/default/site/index)
#4 IWEB_PATH/lib/web/controller/controller_class.php(370): IViewAction->run()
#5 IWEB_PATH/controllers/site.php(84): IController->redirect(index)
#6 IWEB_PATH/lib/web/action/inline_action.php(24): Site->index()
#7 IWEB_PATH/lib/web/controller/controller_class.php(137): IInlineAction->run()
#8 IWEB_PATH/lib/core/webapplication_class.php(29): IController->run()
#9 IWEB_PATH/lib/core/application_class.php(108): IWebApplication->execRequest()
#10 IWEB_PATH/index.php(8): IApplication->run()
</ERROR_BLOCK>

<ERROR_BLOCK>
errorInfo: Undefined variable: tmpId
errorFile: IWEB_PATH/runtime/default/site/index.php
errorLine: 336
errorCode: 8
errorTime: 2016-08-09 08:48:19
#0 IWEB_PATH/lib/web/controller/controllerbase_class.php(116): require(IWEB_PATH/runtime/default/site/index.php)
#1 IWEB_PATH/lib/web/controller/controllerbase_class.php(82): IControllerBase->requireFile(IWEB_PATH/runtime/default/site/index.php)
#2 IWEB_PATH/lib/web/controller/controller_class.php(201): IControllerBase->renderView(IWEB_PATH/views/default/site/index)
#3 IWEB_PATH/lib/web/action/view_action.php(36): IController->render(IWEB_PATH/views/default/site/index)
#4 IWEB_PATH/lib/web/controller/controller_class.php(370): IViewAction->run()
#5 IWEB_PATH/controllers/site.php(84): IController->redirect(index)
#6 IWEB_PATH/lib/web/action/inline_action.php(24): Site->index()
#7 IWEB_PATH/lib/web/controller/controller_class.php(137): IInlineAction->run()
#8 IWEB_PATH/lib/core/webapplication_class.php(29): IController->run()
#9 IWEB_PATH/lib/core/application_class.php(108): IWebApplication->execRequest()
#10 IWEB_PATH/index.php(8): IApplication->run()
</ERROR_BLOCK>

<ERROR_BLOCK>
errorInfo: Undefined variable: tmpId
errorFile: IWEB_PATH/runtime/default/site/index.php
errorLine: 337
errorCode: 8
errorTime: 2016-08-09 08:48:19
#0 IWEB_PATH/lib/web/controller/controllerbase_class.php(116): require(IWEB_PATH/runtime/default/site/index.php)
#1 IWEB_PATH/lib/web/controller/controllerbase_class.php(82): IControllerBase->requireFile(IWEB_PATH/runtime/default/site/index.php)
#2 IWEB_PATH/lib/web/controller/controller_class.php(201): IControllerBase->renderView(IWEB_PATH/views/default/site/index)
#3 IWEB_PATH/lib/web/action/view_action.php(36): IController->render(IWEB_PATH/views/default/site/index)
#4 IWEB_PATH/lib/web/controller/controller_class.php(370): IViewAction->run()
#5 IWEB_PATH/controllers/site.php(84): IController->redirect(index)
#6 IWEB_PATH/lib/web/action/inline_action.php(24): Site->index()
#7 IWEB_PATH/lib/web/controller/controller_class.php(137): IInlineAction->run()
#8 IWEB_PATH/lib/core/webapplication_class.php(29): IController->run()
#9 IWEB_PATH/lib/core/application_class.php(108): IWebApplication->execRequest()
#10 IWEB_PATH/index.php(8): IApplication->run()
</ERROR_BLOCK>

<ERROR_BLOCK>
errorInfo: Undefined index: url
errorFile: IWEB_PATH/runtime/default/site/index.php
errorLine: 210
errorCode: 8
errorTime: 2016-08-09 08:57:21
#0 IWEB_PATH/lib/web/controller/controllerbase_class.php(116): require(IWEB_PATH/runtime/default/site/index.php)
#1 IWEB_PATH/lib/web/controller/controllerbase_class.php(82): IControllerBase->requireFile(IWEB_PATH/runtime/default/site/index.php)
#2 IWEB_PATH/lib/web/controller/controller_class.php(201): IControllerBase->renderView(IWEB_PATH/views/default/site/index)
#3 IWEB_PATH/lib/web/action/view_action.php(36): IController->render(IWEB_PATH/views/default/site/index)
#4 IWEB_PATH/lib/web/controller/controller_class.php(370): IViewAction->run()
#5 IWEB_PATH/controllers/site.php(84): IController->redirect(index)
#6 IWEB_PATH/lib/web/action/inline_action.php(24): Site->index()
#7 IWEB_PATH/lib/web/controller/controller_class.php(137): IInlineAction->run()
#8 IWEB_PATH/lib/core/webapplication_class.php(29): IController->run()
#9 IWEB_PATH/lib/core/application_class.php(108): IWebApplication->execRequest()
#10 IWEB_PATH/index.php(8): IApplication->run()
</ERROR_BLOCK>

<ERROR_BLOCK>
errorInfo: Undefined index: url
errorFile: IWEB_PATH/runtime/default/site/index.php
errorLine: 210
errorCode: 8
errorTime: 2016-08-09 08:57:21
#0 IWEB_PATH/lib/web/controller/controllerbase_class.php(116): require(IWEB_PATH/runtime/default/site/index.php)
#1 IWEB_PATH/lib/web/controller/controllerbase_class.php(82): IControllerBase->requireFile(IWEB_PATH/runtime/default/site/index.php)
#2 IWEB_PATH/lib/web/controller/controller_class.php(201): IControllerBase->renderView(IWEB_PATH/views/default/site/index)
#3 IWEB_PATH/lib/web/action/view_action.php(36): IController->render(IWEB_PATH/views/default/site/index)
#4 IWEB_PATH/lib/web/controller/controller_class.php(370): IViewAction->run()
#5 IWEB_PATH/controllers/site.php(84): IController->redirect(index)
#6 IWEB_PATH/lib/web/action/inline_action.php(24): Site->index()
#7 IWEB_PATH/lib/web/controller/controller_class.php(137): IInlineAction->run()
#8 IWEB_PATH/lib/core/webapplication_class.php(29): IController->run()
#9 IWEB_PATH/lib/core/application_class.php(108): IWebApplication->execRequest()
#10 IWEB_PATH/index.php(8): IApplication->run()
</ERROR_BLOCK>

<ERROR_BLOCK>
errorInfo: Undefined index: url
errorFile: IWEB_PATH/runtime/default/site/index.php
errorLine: 210
errorCode: 8
errorTime: 2016-08-09 08:57:21
#0 IWEB_PATH/lib/web/controller/controllerbase_class.php(116): require(IWEB_PATH/runtime/default/site/index.php)
#1 IWEB_PATH/lib/web/controller/controllerbase_class.php(82): IControllerBase->requireFile(IWEB_PATH/runtime/default/site/index.php)
#2 IWEB_PATH/lib/web/controller/controller_class.php(201): IControllerBase->renderView(IWEB_PATH/views/default/site/index)
#3 IWEB_PATH/lib/web/action/view_action.php(36): IController->render(IWEB_PATH/views/default/site/index)
#4 IWEB_PATH/lib/web/controller/controller_class.php(370): IViewAction->run()
#5 IWEB_PATH/controllers/site.php(84): IController->redirect(index)
#6 IWEB_PATH/lib/web/action/inline_action.php(24): Site->index()
#7 IWEB_PATH/lib/web/controller/controller_class.php(137): IInlineAction->run()
#8 IWEB_PATH/lib/core/webapplication_class.php(29): IController->run()
#9 IWEB_PATH/lib/core/application_class.php(108): IWebApplication->execRequest()
#10 IWEB_PATH/index.php(8): IApplication->run()
</ERROR_BLOCK>

<ERROR_BLOCK>
errorInfo: Undefined variable: tmpId
errorFile: IWEB_PATH/runtime/default/site/index.php
errorLine: 336
errorCode: 8
errorTime: 2016-08-09 08:57:21
#0 IWEB_PATH/lib/web/controller/controllerbase_class.php(116): require(IWEB_PATH/runtime/default/site/index.php)
#1 IWEB_PATH/lib/web/controller/controllerbase_class.php(82): IControllerBase->requireFile(IWEB_PATH/runtime/default/site/index.php)
#2 IWEB_PATH/lib/web/controller/controller_class.php(201): IControllerBase->renderView(IWEB_PATH/views/default/site/index)
#3 IWEB_PATH/lib/web/action/view_action.php(36): IController->render(IWEB_PATH/views/default/site/index)
#4 IWEB_PATH/lib/web/controller/controller_class.php(370): IViewAction->run()
#5 IWEB_PATH/controllers/site.php(84): IController->redirect(index)
#6 IWEB_PATH/lib/web/action/inline_action.php(24): Site->index()
#7 IWEB_PATH/lib/web/controller/controller_class.php(137): IInlineAction->run()
#8 IWEB_PATH/lib/core/webapplication_class.php(29): IController->run()
#9 IWEB_PATH/lib/core/application_class.php(108): IWebApplication->execRequest()
#10 IWEB_PATH/index.php(8): IApplication->run()
</ERROR_BLOCK>

<ERROR_BLOCK>
errorInfo: Undefined variable: tmpId
errorFile: IWEB_PATH/runtime/default/site/index.php
errorLine: 337
errorCode: 8
errorTime: 2016-08-09 08:57:21
#0 IWEB_PATH/lib/web/controller/controllerbase_class.php(116): require(IWEB_PATH/runtime/default/site/index.php)
#1 IWEB_PATH/lib/web/controller/controllerbase_class.php(82): IControllerBase->requireFile(IWEB_PATH/runtime/default/site/index.php)
#2 IWEB_PATH/lib/web/controller/controller_class.php(201): IControllerBase->renderView(IWEB_PATH/views/default/site/index)
#3 IWEB_PATH/lib/web/action/view_action.php(36): IController->render(IWEB_PATH/views/default/site/index)
#4 IWEB_PATH/lib/web/controller/controller_class.php(370): IViewAction->run()
#5 IWEB_PATH/controllers/site.php(84): IController->redirect(index)
#6 IWEB_PATH/lib/web/action/inline_action.php(24): Site->index()
#7 IWEB_PATH/lib/web/controller/controller_class.php(137): IInlineAction->run()
#8 IWEB_PATH/lib/core/webapplication_class.php(29): IController->run()
#9 IWEB_PATH/lib/core/application_class.php(108): IWebApplication->execRequest()
#10 IWEB_PATH/index.php(8): IApplication->run()
</ERROR_BLOCK>

<ERROR_BLOCK>
errorInfo: Undefined index: url
errorFile: IWEB_PATH/runtime/default/site/index.php
errorLine: 210
errorCode: 8
errorTime: 2016-08-09 08:57:35
#0 IWEB_PATH/lib/web/controller/controllerbase_class.php(116): require(IWEB_PATH/runtime/default/site/index.php)
#1 IWEB_PATH/lib/web/controller/controllerbase_class.php(82): IControllerBase->requireFile(IWEB_PATH/runtime/default/site/index.php)
#2 IWEB_PATH/lib/web/controller/controller_class.php(201): IControllerBase->renderView(IWEB_PATH/views/default/site/index)
#3 IWEB_PATH/lib/web/action/view_action.php(36): IController->render(IWEB_PATH/views/default/site/index)
#4 IWEB_PATH/lib/web/controller/controller_class.php(370): IViewAction->run()
#5 IWEB_PATH/controllers/site.php(84): IController->redirect(index)
#6 IWEB_PATH/lib/web/action/inline_action.php(24): Site->index()
#7 IWEB_PATH/lib/web/controller/controller_class.php(137): IInlineAction->run()
#8 IWEB_PATH/lib/core/webapplication_class.php(29): IController->run()
#9 IWEB_PATH/lib/core/application_class.php(108): IWebApplication->execRequest()
#10 IWEB_PATH/index.php(8): IApplication->run()
</ERROR_BLOCK>

<ERROR_BLOCK>
errorInfo: Undefined index: url
errorFile: IWEB_PATH/runtime/default/site/index.php
errorLine: 210
errorCode: 8
errorTime: 2016-08-09 08:57:35
#0 IWEB_PATH/lib/web/controller/controllerbase_class.php(116): require(IWEB_PATH/runtime/default/site/index.php)
#1 IWEB_PATH/lib/web/controller/controllerbase_class.php(82): IControllerBase->requireFile(IWEB_PATH/runtime/default/site/index.php)
#2 IWEB_PATH/lib/web/controller/controller_class.php(201): IControllerBase->renderView(IWEB_PATH/views/default/site/index)
#3 IWEB_PATH/lib/web/action/view_action.php(36): IController->render(IWEB_PATH/views/default/site/index)
#4 IWEB_PATH/lib/web/controller/controller_class.php(370): IViewAction->run()
#5 IWEB_PATH/controllers/site.php(84): IController->redirect(index)
#6 IWEB_PATH/lib/web/action/inline_action.php(24): Site->index()
#7 IWEB_PATH/lib/web/controller/controller_class.php(137): IInlineAction->run()
#8 IWEB_PATH/lib/core/webapplication_class.php(29): IController->run()
#9 IWEB_PATH/lib/core/application_class.php(108): IWebApplication->execRequest()
#10 IWEB_PATH/index.php(8): IApplication->run()
</ERROR_BLOCK>

<ERROR_BLOCK>
errorInfo: Undefined index: url
errorFile: IWEB_PATH/runtime/default/site/index.php
errorLine: 210
errorCode: 8
errorTime: 2016-08-09 08:57:35
#0 IWEB_PATH/lib/web/controller/controllerbase_class.php(116): require(IWEB_PATH/runtime/default/site/index.php)
#1 IWEB_PATH/lib/web/controller/controllerbase_class.php(82): IControllerBase->requireFile(IWEB_PATH/runtime/default/site/index.php)
#2 IWEB_PATH/lib/web/controller/controller_class.php(201): IControllerBase->renderView(IWEB_PATH/views/default/site/index)
#3 IWEB_PATH/lib/web/action/view_action.php(36): IController->render(IWEB_PATH/views/default/site/index)
#4 IWEB_PATH/lib/web/controller/controller_class.php(370): IViewAction->run()
#5 IWEB_PATH/controllers/site.php(84): IController->redirect(index)
#6 IWEB_PATH/lib/web/action/inline_action.php(24): Site->index()
#7 IWEB_PATH/lib/web/controller/controller_class.php(137): IInlineAction->run()
#8 IWEB_PATH/lib/core/webapplication_class.php(29): IController->run()
#9 IWEB_PATH/lib/core/application_class.php(108): IWebApplication->execRequest()
#10 IWEB_PATH/index.php(8): IApplication->run()
</ERROR_BLOCK>

<ERROR_BLOCK>
errorInfo: Undefined variable: tmpId
errorFile: IWEB_PATH/runtime/default/site/index.php
errorLine: 336
errorCode: 8
errorTime: 2016-08-09 08:57:35
#0 IWEB_PATH/lib/web/controller/controllerbase_class.php(116): require(IWEB_PATH/runtime/default/site/index.php)
#1 IWEB_PATH/lib/web/controller/controllerbase_class.php(82): IControllerBase->requireFile(IWEB_PATH/runtime/default/site/index.php)
#2 IWEB_PATH/lib/web/controller/controller_class.php(201): IControllerBase->renderView(IWEB_PATH/views/default/site/index)
#3 IWEB_PATH/lib/web/action/view_action.php(36): IController->render(IWEB_PATH/views/default/site/index)
#4 IWEB_PATH/lib/web/controller/controller_class.php(370): IViewAction->run()
#5 IWEB_PATH/controllers/site.php(84): IController->redirect(index)
#6 IWEB_PATH/lib/web/action/inline_action.php(24): Site->index()
#7 IWEB_PATH/lib/web/controller/controller_class.php(137): IInlineAction->run()
#8 IWEB_PATH/lib/core/webapplication_class.php(29): IController->run()
#9 IWEB_PATH/lib/core/application_class.php(108): IWebApplication->execRequest()
#10 IWEB_PATH/index.php(8): IApplication->run()
</ERROR_BLOCK>

<ERROR_BLOCK>
errorInfo: Undefined variable: tmpId
errorFile: IWEB_PATH/runtime/default/site/index.php
errorLine: 337
errorCode: 8
errorTime: 2016-08-09 08:57:35
#0 IWEB_PATH/lib/web/controller/controllerbase_class.php(116): require(IWEB_PATH/runtime/default/site/index.php)
#1 IWEB_PATH/lib/web/controller/controllerbase_class.php(82): IControllerBase->requireFile(IWEB_PATH/runtime/default/site/index.php)
#2 IWEB_PATH/lib/web/controller/controller_class.php(201): IControllerBase->renderView(IWEB_PATH/views/default/site/index)
#3 IWEB_PATH/lib/web/action/view_action.php(36): IController->render(IWEB_PATH/views/default/site/index)
#4 IWEB_PATH/lib/web/controller/controller_class.php(370): IViewAction->run()
#5 IWEB_PATH/controllers/site.php(84): IController->redirect(index)
#6 IWEB_PATH/lib/web/action/inline_action.php(24): Site->index()
#7 IWEB_PATH/lib/web/controller/controller_class.php(137): IInlineAction->run()
#8 IWEB_PATH/lib/core/webapplication_class.php(29): IController->run()
#9 IWEB_PATH/lib/core/application_class.php(108): IWebApplication->execRequest()
#10 IWEB_PATH/index.php(8): IApplication->run()
</ERROR_BLOCK>

<ERROR_BLOCK>
errorInfo: Undefined index: url
errorFile: IWEB_PATH/runtime/default/site/index.php
errorLine: 210
errorCode: 8
errorTime: 2016-08-09 08:57:49
#0 IWEB_PATH/lib/web/controller/controllerbase_class.php(116): require(IWEB_PATH/runtime/default/site/index.php)
#1 IWEB_PATH/lib/web/controller/controllerbase_class.php(82): IControllerBase->requireFile(IWEB_PATH/runtime/default/site/index.php)
#2 IWEB_PATH/lib/web/controller/controller_class.php(201): IControllerBase->renderView(IWEB_PATH/views/default/site/index)
#3 IWEB_PATH/lib/web/action/view_action.php(36): IController->render(IWEB_PATH/views/default/site/index)
#4 IWEB_PATH/lib/web/controller/controller_class.php(370): IViewAction->run()
#5 IWEB_PATH/controllers/site.php(84): IController->redirect(index)
#6 IWEB_PATH/lib/web/action/inline_action.php(24): Site->index()
#7 IWEB_PATH/lib/web/controller/controller_class.php(137): IInlineAction->run()
#8 IWEB_PATH/lib/core/webapplication_class.php(29): IController->run()
#9 IWEB_PATH/lib/core/application_class.php(108): IWebApplication->execRequest()
#10 IWEB_PATH/index.php(8): IApplication->run()
</ERROR_BLOCK>

<ERROR_BLOCK>
errorInfo: Undefined index: url
errorFile: IWEB_PATH/runtime/default/site/index.php
errorLine: 210
errorCode: 8
errorTime: 2016-08-09 08:57:49
#0 IWEB_PATH/lib/web/controller/controllerbase_class.php(116): require(IWEB_PATH/runtime/default/site/index.php)
#1 IWEB_PATH/lib/web/controller/controllerbase_class.php(82): IControllerBase->requireFile(IWEB_PATH/runtime/default/site/index.php)
#2 IWEB_PATH/lib/web/controller/controller_class.php(201): IControllerBase->renderView(IWEB_PATH/views/default/site/index)
#3 IWEB_PATH/lib/web/action/view_action.php(36): IController->render(IWEB_PATH/views/default/site/index)
#4 IWEB_PATH/lib/web/controller/controller_class.php(370): IViewAction->run()
#5 IWEB_PATH/controllers/site.php(84): IController->redirect(index)
#6 IWEB_PATH/lib/web/action/inline_action.php(24): Site->index()
#7 IWEB_PATH/lib/web/controller/controller_class.php(137): IInlineAction->run()
#8 IWEB_PATH/lib/core/webapplication_class.php(29): IController->run()
#9 IWEB_PATH/lib/core/application_class.php(108): IWebApplication->execRequest()
#10 IWEB_PATH/index.php(8): IApplication->run()
</ERROR_BLOCK>

<ERROR_BLOCK>
errorInfo: Undefined index: url
errorFile: IWEB_PATH/runtime/default/site/index.php
errorLine: 210
errorCode: 8
errorTime: 2016-08-09 08:57:49
#0 IWEB_PATH/lib/web/controller/controllerbase_class.php(116): require(IWEB_PATH/runtime/default/site/index.php)
#1 IWEB_PATH/lib/web/controller/controllerbase_class.php(82): IControllerBase->requireFile(IWEB_PATH/runtime/default/site/index.php)
#2 IWEB_PATH/lib/web/controller/controller_class.php(201): IControllerBase->renderView(IWEB_PATH/views/default/site/index)
#3 IWEB_PATH/lib/web/action/view_action.php(36): IController->render(IWEB_PATH/views/default/site/index)
#4 IWEB_PATH/lib/web/controller/controller_class.php(370): IViewAction->run()
#5 IWEB_PATH/controllers/site.php(84): IController->redirect(index)
#6 IWEB_PATH/lib/web/action/inline_action.php(24): Site->index()
#7 IWEB_PATH/lib/web/controller/controller_class.php(137): IInlineAction->run()
#8 IWEB_PATH/lib/core/webapplication_class.php(29): IController->run()
#9 IWEB_PATH/lib/core/application_class.php(108): IWebApplication->execRequest()
#10 IWEB_PATH/index.php(8): IApplication->run()
</ERROR_BLOCK>

<ERROR_BLOCK>
errorInfo: Undefined variable: tmpId
errorFile: IWEB_PATH/runtime/default/site/index.php
errorLine: 336
errorCode: 8
errorTime: 2016-08-09 08:57:49
#0 IWEB_PATH/lib/web/controller/controllerbase_class.php(116): require(IWEB_PATH/runtime/default/site/index.php)
#1 IWEB_PATH/lib/web/controller/controllerbase_class.php(82): IControllerBase->requireFile(IWEB_PATH/runtime/default/site/index.php)
#2 IWEB_PATH/lib/web/controller/controller_class.php(201): IControllerBase->renderView(IWEB_PATH/views/default/site/index)
#3 IWEB_PATH/lib/web/action/view_action.php(36): IController->render(IWEB_PATH/views/default/site/index)
#4 IWEB_PATH/lib/web/controller/controller_class.php(370): IViewAction->run()
#5 IWEB_PATH/controllers/site.php(84): IController->redirect(index)
#6 IWEB_PATH/lib/web/action/inline_action.php(24): Site->index()
#7 IWEB_PATH/lib/web/controller/controller_class.php(137): IInlineAction->run()
#8 IWEB_PATH/lib/core/webapplication_class.php(29): IController->run()
#9 IWEB_PATH/lib/core/application_class.php(108): IWebApplication->execRequest()
#10 IWEB_PATH/index.php(8): IApplication->run()
</ERROR_BLOCK>

<ERROR_BLOCK>
errorInfo: Undefined variable: tmpId
errorFile: IWEB_PATH/runtime/default/site/index.php
errorLine: 337
errorCode: 8
errorTime: 2016-08-09 08:57:49
#0 IWEB_PATH/lib/web/controller/controllerbase_class.php(116): require(IWEB_PATH/runtime/default/site/index.php)
#1 IWEB_PATH/lib/web/controller/controllerbase_class.php(82): IControllerBase->requireFile(IWEB_PATH/runtime/default/site/index.php)
#2 IWEB_PATH/lib/web/controller/controller_class.php(201): IControllerBase->renderView(IWEB_PATH/views/default/site/index)
#3 IWEB_PATH/lib/web/action/view_action.php(36): IController->render(IWEB_PATH/views/default/site/index)
#4 IWEB_PATH/lib/web/controller/controller_class.php(370): IViewAction->run()
#5 IWEB_PATH/controllers/site.php(84): IController->redirect(index)
#6 IWEB_PATH/lib/web/action/inline_action.php(24): Site->index()
#7 IWEB_PATH/lib/web/controller/controller_class.php(137): IInlineAction->run()
#8 IWEB_PATH/lib/core/webapplication_class.php(29): IController->run()
#9 IWEB_PATH/lib/core/application_class.php(108): IWebApplication->execRequest()
#10 IWEB_PATH/index.php(8): IApplication->run()
</ERROR_BLOCK>

<ERROR_BLOCK>
errorInfo: Undefined index: url
errorFile: IWEB_PATH/runtime/default/site/index.php
errorLine: 210
errorCode: 8
errorTime: 2016-08-09 09:14:39
#0 IWEB_PATH/lib/web/controller/controllerbase_class.php(116): require(IWEB_PATH/runtime/default/site/index.php)
#1 IWEB_PATH/lib/web/controller/controllerbase_class.php(82): IControllerBase->requireFile(IWEB_PATH/runtime/default/site/index.php)
#2 IWEB_PATH/lib/web/controller/controller_class.php(201): IControllerBase->renderView(IWEB_PATH/views/default/site/index)
#3 IWEB_PATH/lib/web/action/view_action.php(36): IController->render(IWEB_PATH/views/default/site/index)
#4 IWEB_PATH/lib/web/controller/controller_class.php(370): IViewAction->run()
#5 IWEB_PATH/controllers/site.php(84): IController->redirect(index)
#6 IWEB_PATH/lib/web/action/inline_action.php(24): Site->index()
#7 IWEB_PATH/lib/web/controller/controller_class.php(137): IInlineAction->run()
#8 IWEB_PATH/lib/core/webapplication_class.php(29): IController->run()
#9 IWEB_PATH/lib/core/application_class.php(108): IWebApplication->execRequest()
#10 IWEB_PATH/index.php(8): IApplication->run()
</ERROR_BLOCK>

<ERROR_BLOCK>
errorInfo: Undefined index: url
errorFile: IWEB_PATH/runtime/default/site/index.php
errorLine: 210
errorCode: 8
errorTime: 2016-08-09 09:14:39
#0 IWEB_PATH/lib/web/controller/controllerbase_class.php(116): require(IWEB_PATH/runtime/default/site/index.php)
#1 IWEB_PATH/lib/web/controller/controllerbase_class.php(82): IControllerBase->requireFile(IWEB_PATH/runtime/default/site/index.php)
#2 IWEB_PATH/lib/web/controller/controller_class.php(201): IControllerBase->renderView(IWEB_PATH/views/default/site/index)
#3 IWEB_PATH/lib/web/action/view_action.php(36): IController->render(IWEB_PATH/views/default/site/index)
#4 IWEB_PATH/lib/web/controller/controller_class.php(370): IViewAction->run()
#5 IWEB_PATH/controllers/site.php(84): IController->redirect(index)
#6 IWEB_PATH/lib/web/action/inline_action.php(24): Site->index()
#7 IWEB_PATH/lib/web/controller/controller_class.php(137): IInlineAction->run()
#8 IWEB_PATH/lib/core/webapplication_class.php(29): IController->run()
#9 IWEB_PATH/lib/core/application_class.php(108): IWebApplication->execRequest()
#10 IWEB_PATH/index.php(8): IApplication->run()
</ERROR_BLOCK>

<ERROR_BLOCK>
errorInfo: Undefined index: url
errorFile: IWEB_PATH/runtime/default/site/index.php
errorLine: 210
errorCode: 8
errorTime: 2016-08-09 09:14:39
#0 IWEB_PATH/lib/web/controller/controllerbase_class.php(116): require(IWEB_PATH/runtime/default/site/index.php)
#1 IWEB_PATH/lib/web/controller/controllerbase_class.php(82): IControllerBase->requireFile(IWEB_PATH/runtime/default/site/index.php)
#2 IWEB_PATH/lib/web/controller/controller_class.php(201): IControllerBase->renderView(IWEB_PATH/views/default/site/index)
#3 IWEB_PATH/lib/web/action/view_action.php(36): IController->render(IWEB_PATH/views/default/site/index)
#4 IWEB_PATH/lib/web/controller/controller_class.php(370): IViewAction->run()
#5 IWEB_PATH/controllers/site.php(84): IController->redirect(index)
#6 IWEB_PATH/lib/web/action/inline_action.php(24): Site->index()
#7 IWEB_PATH/lib/web/controller/controller_class.php(137): IInlineAction->run()
#8 IWEB_PATH/lib/core/webapplication_class.php(29): IController->run()
#9 IWEB_PATH/lib/core/application_class.php(108): IWebApplication->execRequest()
#10 IWEB_PATH/index.php(8): IApplication->run()
</ERROR_BLOCK>

<ERROR_BLOCK>
errorInfo: Undefined variable: tmpId
errorFile: IWEB_PATH/runtime/default/site/index.php
errorLine: 336
errorCode: 8
errorTime: 2016-08-09 09:14:39
#0 IWEB_PATH/lib/web/controller/controllerbase_class.php(116): require(IWEB_PATH/runtime/default/site/index.php)
#1 IWEB_PATH/lib/web/controller/controllerbase_class.php(82): IControllerBase->requireFile(IWEB_PATH/runtime/default/site/index.php)
#2 IWEB_PATH/lib/web/controller/controller_class.php(201): IControllerBase->renderView(IWEB_PATH/views/default/site/index)
#3 IWEB_PATH/lib/web/action/view_action.php(36): IController->render(IWEB_PATH/views/default/site/index)
#4 IWEB_PATH/lib/web/controller/controller_class.php(370): IViewAction->run()
#5 IWEB_PATH/controllers/site.php(84): IController->redirect(index)
#6 IWEB_PATH/lib/web/action/inline_action.php(24): Site->index()
#7 IWEB_PATH/lib/web/controller/controller_class.php(137): IInlineAction->run()
#8 IWEB_PATH/lib/core/webapplication_class.php(29): IController->run()
#9 IWEB_PATH/lib/core/application_class.php(108): IWebApplication->execRequest()
#10 IWEB_PATH/index.php(8): IApplication->run()
</ERROR_BLOCK>

<ERROR_BLOCK>
errorInfo: Undefined variable: tmpId
errorFile: IWEB_PATH/runtime/default/site/index.php
errorLine: 337
errorCode: 8
errorTime: 2016-08-09 09:14:39
#0 IWEB_PATH/lib/web/controller/controllerbase_class.php(116): require(IWEB_PATH/runtime/default/site/index.php)
#1 IWEB_PATH/lib/web/controller/controllerbase_class.php(82): IControllerBase->requireFile(IWEB_PATH/runtime/default/site/index.php)
#2 IWEB_PATH/lib/web/controller/controller_class.php(201): IControllerBase->renderView(IWEB_PATH/views/default/site/index)
#3 IWEB_PATH/lib/web/action/view_action.php(36): IController->render(IWEB_PATH/views/default/site/index)
#4 IWEB_PATH/lib/web/controller/controller_class.php(370): IViewAction->run()
#5 IWEB_PATH/controllers/site.php(84): IController->redirect(index)
#6 IWEB_PATH/lib/web/action/inline_action.php(24): Site->index()
#7 IWEB_PATH/lib/web/controller/controller_class.php(137): IInlineAction->run()
#8 IWEB_PATH/lib/core/webapplication_class.php(29): IController->run()
#9 IWEB_PATH/lib/core/application_class.php(108): IWebApplication->execRequest()
#10 IWEB_PATH/index.php(8): IApplication->run()
</ERROR_BLOCK>

<ERROR_BLOCK>
errorInfo: Undefined index: url
errorFile: IWEB_PATH/runtime/default/site/index.php
errorLine: 210
errorCode: 8
errorTime: 2016-08-09 09:15:37
#0 IWEB_PATH/lib/web/controller/controllerbase_class.php(116): require(IWEB_PATH/runtime/default/site/index.php)
#1 IWEB_PATH/lib/web/controller/controllerbase_class.php(82): IControllerBase->requireFile(IWEB_PATH/runtime/default/site/index.php)
#2 IWEB_PATH/lib/web/controller/controller_class.php(201): IControllerBase->renderView(IWEB_PATH/views/default/site/index)
#3 IWEB_PATH/lib/web/action/view_action.php(36): IController->render(IWEB_PATH/views/default/site/index)
#4 IWEB_PATH/lib/web/controller/controller_class.php(370): IViewAction->run()
#5 IWEB_PATH/controllers/site.php(84): IController->redirect(index)
#6 IWEB_PATH/lib/web/action/inline_action.php(24): Site->index()
#7 IWEB_PATH/lib/web/controller/controller_class.php(137): IInlineAction->run()
#8 IWEB_PATH/lib/core/webapplication_class.php(29): IController->run()
#9 IWEB_PATH/lib/core/application_class.php(108): IWebApplication->execRequest()
#10 IWEB_PATH/index.php(8): IApplication->run()
</ERROR_BLOCK>

<ERROR_BLOCK>
errorInfo: Undefined index: url
errorFile: IWEB_PATH/runtime/default/site/index.php
errorLine: 210
errorCode: 8
errorTime: 2016-08-09 09:15:37
#0 IWEB_PATH/lib/web/controller/controllerbase_class.php(116): require(IWEB_PATH/runtime/default/site/index.php)
#1 IWEB_PATH/lib/web/controller/controllerbase_class.php(82): IControllerBase->requireFile(IWEB_PATH/runtime/default/site/index.php)
#2 IWEB_PATH/lib/web/controller/controller_class.php(201): IControllerBase->renderView(IWEB_PATH/views/default/site/index)
#3 IWEB_PATH/lib/web/action/view_action.php(36): IController->render(IWEB_PATH/views/default/site/index)
#4 IWEB_PATH/lib/web/controller/controller_class.php(370): IViewAction->run()
#5 IWEB_PATH/controllers/site.php(84): IController->redirect(index)
#6 IWEB_PATH/lib/web/action/inline_action.php(24): Site->index()
#7 IWEB_PATH/lib/web/controller/controller_class.php(137): IInlineAction->run()
#8 IWEB_PATH/lib/core/webapplication_class.php(29): IController->run()
#9 IWEB_PATH/lib/core/application_class.php(108): IWebApplication->execRequest()
#10 IWEB_PATH/index.php(8): IApplication->run()
</ERROR_BLOCK>

<ERROR_BLOCK>
errorInfo: Undefined index: url
errorFile: IWEB_PATH/runtime/default/site/index.php
errorLine: 210
errorCode: 8
errorTime: 2016-08-09 09:15:37
#0 IWEB_PATH/lib/web/controller/controllerbase_class.php(116): require(IWEB_PATH/runtime/default/site/index.php)
#1 IWEB_PATH/lib/web/controller/controllerbase_class.php(82): IControllerBase->requireFile(IWEB_PATH/runtime/default/site/index.php)
#2 IWEB_PATH/lib/web/controller/controller_class.php(201): IControllerBase->renderView(IWEB_PATH/views/default/site/index)
#3 IWEB_PATH/lib/web/action/view_action.php(36): IController->render(IWEB_PATH/views/default/site/index)
#4 IWEB_PATH/lib/web/controller/controller_class.php(370): IViewAction->run()
#5 IWEB_PATH/controllers/site.php(84): IController->redirect(index)
#6 IWEB_PATH/lib/web/action/inline_action.php(24): Site->index()
#7 IWEB_PATH/lib/web/controller/controller_class.php(137): IInlineAction->run()
#8 IWEB_PATH/lib/core/webapplication_class.php(29): IController->run()
#9 IWEB_PATH/lib/core/application_class.php(108): IWebApplication->execRequest()
#10 IWEB_PATH/index.php(8): IApplication->run()
</ERROR_BLOCK>

<ERROR_BLOCK>
errorInfo: Undefined variable: tmpId
errorFile: IWEB_PATH/runtime/default/site/index.php
errorLine: 336
errorCode: 8
errorTime: 2016-08-09 09:15:37
#0 IWEB_PATH/lib/web/controller/controllerbase_class.php(116): require(IWEB_PATH/runtime/default/site/index.php)
#1 IWEB_PATH/lib/web/controller/controllerbase_class.php(82): IControllerBase->requireFile(IWEB_PATH/runtime/default/site/index.php)
#2 IWEB_PATH/lib/web/controller/controller_class.php(201): IControllerBase->renderView(IWEB_PATH/views/default/site/index)
#3 IWEB_PATH/lib/web/action/view_action.php(36): IController->render(IWEB_PATH/views/default/site/index)
#4 IWEB_PATH/lib/web/controller/controller_class.php(370): IViewAction->run()
#5 IWEB_PATH/controllers/site.php(84): IController->redirect(index)
#6 IWEB_PATH/lib/web/action/inline_action.php(24): Site->index()
#7 IWEB_PATH/lib/web/controller/controller_class.php(137): IInlineAction->run()
#8 IWEB_PATH/lib/core/webapplication_class.php(29): IController->run()
#9 IWEB_PATH/lib/core/application_class.php(108): IWebApplication->execRequest()
#10 IWEB_PATH/index.php(8): IApplication->run()
</ERROR_BLOCK>

<ERROR_BLOCK>
errorInfo: Undefined variable: tmpId
errorFile: IWEB_PATH/runtime/default/site/index.php
errorLine: 337
errorCode: 8
errorTime: 2016-08-09 09:15:37
#0 IWEB_PATH/lib/web/controller/controllerbase_class.php(116): require(IWEB_PATH/runtime/default/site/index.php)
#1 IWEB_PATH/lib/web/controller/controllerbase_class.php(82): IControllerBase->requireFile(IWEB_PATH/runtime/default/site/index.php)
#2 IWEB_PATH/lib/web/controller/controller_class.php(201): IControllerBase->renderView(IWEB_PATH/views/default/site/index)
#3 IWEB_PATH/lib/web/action/view_action.php(36): IController->render(IWEB_PATH/views/default/site/index)
#4 IWEB_PATH/lib/web/controller/controller_class.php(370): IViewAction->run()
#5 IWEB_PATH/controllers/site.php(84): IController->redirect(index)
#6 IWEB_PATH/lib/web/action/inline_action.php(24): Site->index()
#7 IWEB_PATH/lib/web/controller/controller_class.php(137): IInlineAction->run()
#8 IWEB_PATH/lib/core/webapplication_class.php(29): IController->run()
#9 IWEB_PATH/lib/core/application_class.php(108): IWebApplication->execRequest()
#10 IWEB_PATH/index.php(8): IApplication->run()
</ERROR_BLOCK>

<ERROR_BLOCK>
errorInfo: Undefined index: url
errorFile: IWEB_PATH/runtime/default/site/index.php
errorLine: 210
errorCode: 8
errorTime: 2016-08-09 14:29:22
#0 IWEB_PATH/lib/web/controller/controllerbase_class.php(116): require(IWEB_PATH/runtime/default/site/index.php)
#1 IWEB_PATH/lib/web/controller/controllerbase_class.php(82): IControllerBase->requireFile(IWEB_PATH/runtime/default/site/index.php)
#2 IWEB_PATH/lib/web/controller/controller_class.php(201): IControllerBase->renderView(IWEB_PATH/views/default/site/index)
#3 IWEB_PATH/lib/web/action/view_action.php(36): IController->render(IWEB_PATH/views/default/site/index)
#4 IWEB_PATH/lib/web/controller/controller_class.php(370): IViewAction->run()
#5 IWEB_PATH/controllers/site.php(84): IController->redirect(index)
#6 IWEB_PATH/lib/web/action/inline_action.php(24): Site->index()
#7 IWEB_PATH/lib/web/controller/controller_class.php(137): IInlineAction->run()
#8 IWEB_PATH/lib/core/webapplication_class.php(29): IController->run()
#9 IWEB_PATH/lib/core/application_class.php(108): IWebApplication->execRequest()
#10 IWEB_PATH/index.php(8): IApplication->run()
</ERROR_BLOCK>

<ERROR_BLOCK>
errorInfo: Undefined index: url
errorFile: IWEB_PATH/runtime/default/site/index.php
errorLine: 210
errorCode: 8
errorTime: 2016-08-09 14:29:22
#0 IWEB_PATH/lib/web/controller/controllerbase_class.php(116): require(IWEB_PATH/runtime/default/site/index.php)
#1 IWEB_PATH/lib/web/controller/controllerbase_class.php(82): IControllerBase->requireFile(IWEB_PATH/runtime/default/site/index.php)
#2 IWEB_PATH/lib/web/controller/controller_class.php(201): IControllerBase->renderView(IWEB_PATH/views/default/site/index)
#3 IWEB_PATH/lib/web/action/view_action.php(36): IController->render(IWEB_PATH/views/default/site/index)
#4 IWEB_PATH/lib/web/controller/controller_class.php(370): IViewAction->run()
#5 IWEB_PATH/controllers/site.php(84): IController->redirect(index)
#6 IWEB_PATH/lib/web/action/inline_action.php(24): Site->index()
#7 IWEB_PATH/lib/web/controller/controller_class.php(137): IInlineAction->run()
#8 IWEB_PATH/lib/core/webapplication_class.php(29): IController->run()
#9 IWEB_PATH/lib/core/application_class.php(108): IWebApplication->execRequest()
#10 IWEB_PATH/index.php(8): IApplication->run()
</ERROR_BLOCK>

<ERROR_BLOCK>
errorInfo: Undefined index: url
errorFile: IWEB_PATH/runtime/default/site/index.php
errorLine: 210
errorCode: 8
errorTime: 2016-08-09 14:29:22
#0 IWEB_PATH/lib/web/controller/controllerbase_class.php(116): require(IWEB_PATH/runtime/default/site/index.php)
#1 IWEB_PATH/lib/web/controller/controllerbase_class.php(82): IControllerBase->requireFile(IWEB_PATH/runtime/default/site/index.php)
#2 IWEB_PATH/lib/web/controller/controller_class.php(201): IControllerBase->renderView(IWEB_PATH/views/default/site/index)
#3 IWEB_PATH/lib/web/action/view_action.php(36): IController->render(IWEB_PATH/views/default/site/index)
#4 IWEB_PATH/lib/web/controller/controller_class.php(370): IViewAction->run()
#5 IWEB_PATH/controllers/site.php(84): IController->redirect(index)
#6 IWEB_PATH/lib/web/action/inline_action.php(24): Site->index()
#7 IWEB_PATH/lib/web/controller/controller_class.php(137): IInlineAction->run()
#8 IWEB_PATH/lib/core/webapplication_class.php(29): IController->run()
#9 IWEB_PATH/lib/core/application_class.php(108): IWebApplication->execRequest()
#10 IWEB_PATH/index.php(8): IApplication->run()
</ERROR_BLOCK>

<ERROR_BLOCK>
errorInfo: Undefined variable: tmpId
errorFile: IWEB_PATH/runtime/default/site/index.php
errorLine: 336
errorCode: 8
errorTime: 2016-08-09 14:29:22
#0 IWEB_PATH/lib/web/controller/controllerbase_class.php(116): require(IWEB_PATH/runtime/default/site/index.php)
#1 IWEB_PATH/lib/web/controller/controllerbase_class.php(82): IControllerBase->requireFile(IWEB_PATH/runtime/default/site/index.php)
#2 IWEB_PATH/lib/web/controller/controller_class.php(201): IControllerBase->renderView(IWEB_PATH/views/default/site/index)
#3 IWEB_PATH/lib/web/action/view_action.php(36): IController->render(IWEB_PATH/views/default/site/index)
#4 IWEB_PATH/lib/web/controller/controller_class.php(370): IViewAction->run()
#5 IWEB_PATH/controllers/site.php(84): IController->redirect(index)
#6 IWEB_PATH/lib/web/action/inline_action.php(24): Site->index()
#7 IWEB_PATH/lib/web/controller/controller_class.php(137): IInlineAction->run()
#8 IWEB_PATH/lib/core/webapplication_class.php(29): IController->run()
#9 IWEB_PATH/lib/core/application_class.php(108): IWebApplication->execRequest()
#10 IWEB_PATH/index.php(8): IApplication->run()
</ERROR_BLOCK>

<ERROR_BLOCK>
errorInfo: Undefined variable: tmpId
errorFile: IWEB_PATH/runtime/default/site/index.php
errorLine: 337
errorCode: 8
errorTime: 2016-08-09 14:29:22
#0 IWEB_PATH/lib/web/controller/controllerbase_class.php(116): require(IWEB_PATH/runtime/default/site/index.php)
#1 IWEB_PATH/lib/web/controller/controllerbase_class.php(82): IControllerBase->requireFile(IWEB_PATH/runtime/default/site/index.php)
#2 IWEB_PATH/lib/web/controller/controller_class.php(201): IControllerBase->renderView(IWEB_PATH/views/default/site/index)
#3 IWEB_PATH/lib/web/action/view_action.php(36): IController->render(IWEB_PATH/views/default/site/index)
#4 IWEB_PATH/lib/web/controller/controller_class.php(370): IViewAction->run()
#5 IWEB_PATH/controllers/site.php(84): IController->redirect(index)
#6 IWEB_PATH/lib/web/action/inline_action.php(24): Site->index()
#7 IWEB_PATH/lib/web/controller/controller_class.php(137): IInlineAction->run()
#8 IWEB_PATH/lib/core/webapplication_class.php(29): IController->run()
#9 IWEB_PATH/lib/core/application_class.php(108): IWebApplication->execRequest()
#10 IWEB_PATH/index.php(8): IApplication->run()
</ERROR_BLOCK>

<ERROR_BLOCK>
errorInfo: Undefined index: url
errorFile: IWEB_PATH/runtime/default/site/index.php
errorLine: 210
errorCode: 8
errorTime: 2016-08-09 14:30:04
#0 IWEB_PATH/lib/web/controller/controllerbase_class.php(116): require(IWEB_PATH/runtime/default/site/index.php)
#1 IWEB_PATH/lib/web/controller/controllerbase_class.php(82): IControllerBase->requireFile(IWEB_PATH/runtime/default/site/index.php)
#2 IWEB_PATH/lib/web/controller/controller_class.php(201): IControllerBase->renderView(IWEB_PATH/views/default/site/index)
#3 IWEB_PATH/lib/web/action/view_action.php(36): IController->render(IWEB_PATH/views/default/site/index)
#4 IWEB_PATH/lib/web/controller/controller_class.php(370): IViewAction->run()
#5 IWEB_PATH/controllers/site.php(84): IController->redirect(index)
#6 IWEB_PATH/lib/web/action/inline_action.php(24): Site->index()
#7 IWEB_PATH/lib/web/controller/controller_class.php(137): IInlineAction->run()
#8 IWEB_PATH/lib/core/webapplication_class.php(29): IController->run()
#9 IWEB_PATH/lib/core/application_class.php(108): IWebApplication->execRequest()
#10 IWEB_PATH/index.php(8): IApplication->run()
</ERROR_BLOCK>

<ERROR_BLOCK>
errorInfo: Undefined index: url
errorFile: IWEB_PATH/runtime/default/site/index.php
errorLine: 210
errorCode: 8
errorTime: 2016-08-09 14:30:04
#0 IWEB_PATH/lib/web/controller/controllerbase_class.php(116): require(IWEB_PATH/runtime/default/site/index.php)
#1 IWEB_PATH/lib/web/controller/controllerbase_class.php(82): IControllerBase->requireFile(IWEB_PATH/runtime/default/site/index.php)
#2 IWEB_PATH/lib/web/controller/controller_class.php(201): IControllerBase->renderView(IWEB_PATH/views/default/site/index)
#3 IWEB_PATH/lib/web/action/view_action.php(36): IController->render(IWEB_PATH/views/default/site/index)
#4 IWEB_PATH/lib/web/controller/controller_class.php(370): IViewAction->run()
#5 IWEB_PATH/controllers/site.php(84): IController->redirect(index)
#6 IWEB_PATH/lib/web/action/inline_action.php(24): Site->index()
#7 IWEB_PATH/lib/web/controller/controller_class.php(137): IInlineAction->run()
#8 IWEB_PATH/lib/core/webapplication_class.php(29): IController->run()
#9 IWEB_PATH/lib/core/application_class.php(108): IWebApplication->execRequest()
#10 IWEB_PATH/index.php(8): IApplication->run()
</ERROR_BLOCK>

<ERROR_BLOCK>
errorInfo: Undefined index: url
errorFile: IWEB_PATH/runtime/default/site/index.php
errorLine: 210
errorCode: 8
errorTime: 2016-08-09 14:30:04
#0 IWEB_PATH/lib/web/controller/controllerbase_class.php(116): require(IWEB_PATH/runtime/default/site/index.php)
#1 IWEB_PATH/lib/web/controller/controllerbase_class.php(82): IControllerBase->requireFile(IWEB_PATH/runtime/default/site/index.php)
#2 IWEB_PATH/lib/web/controller/controller_class.php(201): IControllerBase->renderView(IWEB_PATH/views/default/site/index)
#3 IWEB_PATH/lib/web/action/view_action.php(36): IController->render(IWEB_PATH/views/default/site/index)
#4 IWEB_PATH/lib/web/controller/controller_class.php(370): IViewAction->run()
#5 IWEB_PATH/controllers/site.php(84): IController->redirect(index)
#6 IWEB_PATH/lib/web/action/inline_action.php(24): Site->index()
#7 IWEB_PATH/lib/web/controller/controller_class.php(137): IInlineAction->run()
#8 IWEB_PATH/lib/core/webapplication_class.php(29): IController->run()
#9 IWEB_PATH/lib/core/application_class.php(108): IWebApplication->execRequest()
#10 IWEB_PATH/index.php(8): IApplication->run()
</ERROR_BLOCK>

<ERROR_BLOCK>
errorInfo: Undefined variable: tmpId
errorFile: IWEB_PATH/runtime/default/site/index.php
errorLine: 336
errorCode: 8
errorTime: 2016-08-09 14:30:04
#0 IWEB_PATH/lib/web/controller/controllerbase_class.php(116): require(IWEB_PATH/runtime/default/site/index.php)
#1 IWEB_PATH/lib/web/controller/controllerbase_class.php(82): IControllerBase->requireFile(IWEB_PATH/runtime/default/site/index.php)
#2 IWEB_PATH/lib/web/controller/controller_class.php(201): IControllerBase->renderView(IWEB_PATH/views/default/site/index)
#3 IWEB_PATH/lib/web/action/view_action.php(36): IController->render(IWEB_PATH/views/default/site/index)
#4 IWEB_PATH/lib/web/controller/controller_class.php(370): IViewAction->run()
#5 IWEB_PATH/controllers/site.php(84): IController->redirect(index)
#6 IWEB_PATH/lib/web/action/inline_action.php(24): Site->index()
#7 IWEB_PATH/lib/web/controller/controller_class.php(137): IInlineAction->run()
#8 IWEB_PATH/lib/core/webapplication_class.php(29): IController->run()
#9 IWEB_PATH/lib/core/application_class.php(108): IWebApplication->execRequest()
#10 IWEB_PATH/index.php(8): IApplication->run()
</ERROR_BLOCK>

<ERROR_BLOCK>
errorInfo: Undefined variable: tmpId
errorFile: IWEB_PATH/runtime/default/site/index.php
errorLine: 337
errorCode: 8
errorTime: 2016-08-09 14:30:04
#0 IWEB_PATH/lib/web/controller/controllerbase_class.php(116): require(IWEB_PATH/runtime/default/site/index.php)
#1 IWEB_PATH/lib/web/controller/controllerbase_class.php(82): IControllerBase->requireFile(IWEB_PATH/runtime/default/site/index.php)
#2 IWEB_PATH/lib/web/controller/controller_class.php(201): IControllerBase->renderView(IWEB_PATH/views/default/site/index)
#3 IWEB_PATH/lib/web/action/view_action.php(36): IController->render(IWEB_PATH/views/default/site/index)
#4 IWEB_PATH/lib/web/controller/controller_class.php(370): IViewAction->run()
#5 IWEB_PATH/controllers/site.php(84): IController->redirect(index)
#6 IWEB_PATH/lib/web/action/inline_action.php(24): Site->index()
#7 IWEB_PATH/lib/web/controller/controller_class.php(137): IInlineAction->run()
#8 IWEB_PATH/lib/core/webapplication_class.php(29): IController->run()
#9 IWEB_PATH/lib/core/application_class.php(108): IWebApplication->execRequest()
#10 IWEB_PATH/index.php(8): IApplication->run()
</ERROR_BLOCK>

