<ERROR_BLOCK>
errorInfo: Undefined index: comment_time
errorFile: IWEB_PATH/controllers/ucenter.php
errorLine: 923
errorCode: 8
errorTime: 2016-07-26 10:57:27
#0 IWEB_PATH/lib/web/action/inline_action.php(24): Ucenter->delcomment()
#1 IWEB_PATH/lib/web/controller/controller_class.php(137): IInlineAction->run()
#2 IWEB_PATH/lib/core/webapplication_class.php(29): IController->run()
#3 IWEB_PATH/lib/core/application_class.php(108): IWebApplication->execRequest()
#4 IWEB_PATH/index.php(5): IApplication->run()
</ERROR_BLOCK>

<ERROR_BLOCK>
errorInfo: Undefined variable: idd
errorFile: IWEB_PATH/controllers/ucenter.php
errorLine: 921
errorCode: 8
errorTime: 2016-07-26 13:56:38
#0 IWEB_PATH/lib/web/action/inline_action.php(24): Ucenter->delcomment()
#1 IWEB_PATH/lib/web/controller/controller_class.php(137): IInlineAction->run()
#2 IWEB_PATH/lib/core/webapplication_class.php(29): IController->run()
#3 IWEB_PATH/lib/core/application_class.php(108): IWebApplication->execRequest()
#4 IWEB_PATH/index.php(5): IApplication->run()
</ERROR_BLOCK>

<ERROR_BLOCK>
errorInfo: Undefined index: comment_time
errorFile: IWEB_PATH/controllers/ucenter.php
errorLine: 923
errorCode: 8
errorTime: 2016-07-26 14:01:44
#0 IWEB_PATH/lib/web/action/inline_action.php(24): Ucenter->delcomment()
#1 IWEB_PATH/lib/web/controller/controller_class.php(137): IInlineAction->run()
#2 IWEB_PATH/lib/core/webapplication_class.php(29): IController->run()
#3 IWEB_PATH/lib/core/application_class.php(108): IWebApplication->execRequest()
#4 IWEB_PATH/index.php(5): IApplication->run()
</ERROR_BLOCK>

<ERROR_BLOCK>
errorInfo: Undefined index: comment_time
errorFile: IWEB_PATH/controllers/ucenter.php
errorLine: 923
errorCode: 8
errorTime: 2016-07-26 14:02:18
#0 IWEB_PATH/lib/web/action/inline_action.php(24): Ucenter->delcomment()
#1 IWEB_PATH/lib/web/controller/controller_class.php(137): IInlineAction->run()
#2 IWEB_PATH/lib/core/webapplication_class.php(29): IController->run()
#3 IWEB_PATH/lib/core/application_class.php(108): IWebApplication->execRequest()
#4 IWEB_PATH/index.php(5): IApplication->run()
</ERROR_BLOCK>

