<ERROR_BLOCK>
errorInfo: Undefined variable: num
errorFile: IWEB_PATH/controllers/ucenter.php
errorLine: 903
errorCode: 8
errorTime: 2016-07-17 21:01:15
#0 IWEB_PATH/lib/web/action/inline_action.php(24): Ucenter->doinvite()
#1 IWEB_PATH/lib/web/controller/controller_class.php(137): IInlineAction->run()
#2 IWEB_PATH/lib/core/webapplication_class.php(29): IController->run()
#3 IWEB_PATH/lib/core/application_class.php(108): IWebApplication->execRequest()
#4 IWEB_PATH/index.php(5): IApplication->run()
</ERROR_BLOCK>

<ERROR_BLOCK>
errorInfo: Undefined variable: num
errorFile: IWEB_PATH/controllers/ucenter.php
errorLine: 910
errorCode: 8
errorTime: 2016-07-17 21:02:41
#0 IWEB_PATH/lib/web/action/inline_action.php(24): Ucenter->doinvite()
#1 IWEB_PATH/lib/web/controller/controller_class.php(137): IInlineAction->run()
#2 IWEB_PATH/lib/core/webapplication_class.php(29): IController->run()
#3 IWEB_PATH/lib/core/application_class.php(108): IWebApplication->execRequest()
#4 IWEB_PATH/index.php(5): IApplication->run()
</ERROR_BLOCK>

<ERROR_BLOCK>
errorInfo: Undefined variable: num
errorFile: IWEB_PATH/controllers/ucenter.php
errorLine: 914
errorCode: 8
errorTime: 2016-07-17 21:02:41
#0 IWEB_PATH/lib/web/action/inline_action.php(24): Ucenter->doinvite()
#1 IWEB_PATH/lib/web/controller/controller_class.php(137): IInlineAction->run()
#2 IWEB_PATH/lib/core/webapplication_class.php(29): IController->run()
#3 IWEB_PATH/lib/core/application_class.php(108): IWebApplication->execRequest()
#4 IWEB_PATH/index.php(5): IApplication->run()
</ERROR_BLOCK>

<ERROR_BLOCK>
errorInfo: Undefined variable: num
errorFile: IWEB_PATH/controllers/ucenter.php
errorLine: 916
errorCode: 8
errorTime: 2016-07-17 21:11:36
#0 IWEB_PATH/lib/web/action/inline_action.php(24): Ucenter->doinvite()
#1 IWEB_PATH/lib/web/controller/controller_class.php(137): IInlineAction->run()
#2 IWEB_PATH/lib/core/webapplication_class.php(29): IController->run()
#3 IWEB_PATH/lib/core/application_class.php(108): IWebApplication->execRequest()
#4 IWEB_PATH/index.php(5): IApplication->run()
</ERROR_BLOCK>

<ERROR_BLOCK>
errorInfo: Undefined index: username
errorFile: IWEB_PATH/controllers/ucenter.php
errorLine: 914
errorCode: 8
errorTime: 2016-07-17 21:34:07
#0 IWEB_PATH/lib/web/action/inline_action.php(24): Ucenter->doinvite()
#1 IWEB_PATH/lib/web/controller/controller_class.php(137): IInlineAction->run()
#2 IWEB_PATH/lib/core/webapplication_class.php(29): IController->run()
#3 IWEB_PATH/lib/core/application_class.php(108): IWebApplication->execRequest()
#4 IWEB_PATH/index.php(5): IApplication->run()
</ERROR_BLOCK>

<ERROR_BLOCK>
errorInfo: Undefined index: invite_sum
errorFile: IWEB_PATH/controllers/ucenter.php
errorLine: 913
errorCode: 8
errorTime: 2016-07-17 21:45:12
#0 IWEB_PATH/lib/web/action/inline_action.php(24): Ucenter->doinvite()
#1 IWEB_PATH/lib/web/controller/controller_class.php(137): IInlineAction->run()
#2 IWEB_PATH/lib/core/webapplication_class.php(29): IController->run()
#3 IWEB_PATH/lib/core/application_class.php(108): IWebApplication->execRequest()
#4 IWEB_PATH/index.php(5): IApplication->run()
</ERROR_BLOCK>

<ERROR_BLOCK>
errorInfo: Undefined index: invite_sum
errorFile: IWEB_PATH/controllers/ucenter.php
errorLine: 913
errorCode: 8
errorTime: 2016-07-17 21:48:34
#0 IWEB_PATH/lib/web/action/inline_action.php(24): Ucenter->doinvite()
#1 IWEB_PATH/lib/web/controller/controller_class.php(137): IInlineAction->run()
#2 IWEB_PATH/lib/core/webapplication_class.php(29): IController->run()
#3 IWEB_PATH/lib/core/application_class.php(108): IWebApplication->execRequest()
#4 IWEB_PATH/index.php(5): IApplication->run()
</ERROR_BLOCK>

<ERROR_BLOCK>
errorInfo: Undefined index: invite_sum
errorFile: IWEB_PATH/controllers/ucenter.php
errorLine: 913
errorCode: 8
errorTime: 2016-07-17 21:49:25
#0 IWEB_PATH/lib/web/action/inline_action.php(24): Ucenter->doinvite()
#1 IWEB_PATH/lib/web/controller/controller_class.php(137): IInlineAction->run()
#2 IWEB_PATH/lib/core/webapplication_class.php(29): IController->run()
#3 IWEB_PATH/lib/core/application_class.php(108): IWebApplication->execRequest()
#4 IWEB_PATH/index.php(5): IApplication->run()
</ERROR_BLOCK>

<ERROR_BLOCK>
errorInfo: Undefined index: invite_sum
errorFile: IWEB_PATH/controllers/ucenter.php
errorLine: 913
errorCode: 8
errorTime: 2016-07-17 21:51:28
#0 IWEB_PATH/lib/web/action/inline_action.php(24): Ucenter->doinvite()
#1 IWEB_PATH/lib/web/controller/controller_class.php(137): IInlineAction->run()
#2 IWEB_PATH/lib/core/webapplication_class.php(29): IController->run()
#3 IWEB_PATH/lib/core/application_class.php(108): IWebApplication->execRequest()
#4 IWEB_PATH/index.php(5): IApplication->run()
</ERROR_BLOCK>

