<ERROR_BLOCK>
excepInfo: select  * from iwebshop_goods_like left join iwebshop_goods on iwebshop_goods.id=iwebshop_goods_like.gid where iwebshop_goods_like.uid= limit 5   
 -- You have an error in your SQL syntax; check the manual that corresponds to your MySQL server version for the right syntax to use near 'limit 5' at line 1
excepFile: IWEB_PATH/lib/db/db_class.php
excepLine: 68
excepCode: 1000
excepTime: 2016-08-08 08:24:17
#0 IWEB_PATH/lib/core/query_class.php(171): IDB->query(select  * from iwebshop_goods_like left join iwebshop_goods on iwebshop_goods.id=iwebshop_goods_like.gid where iwebshop_goods_like.uid= limit 5   )
#1 IWEB_PATH/controllers/site.php(49): IQuery->find()
#2 IWEB_PATH/lib/web/action/inline_action.php(24): Site->index()
#3 IWEB_PATH/lib/web/controller/controller_class.php(137): IInlineAction->run()
#4 IWEB_PATH/lib/core/webapplication_class.php(29): IController->run()
#5 IWEB_PATH/lib/core/application_class.php(108): IWebApplication->execRequest()
#6 IWEB_PATH/index.php(5): IApplication->run()
</ERROR_BLOCK>

<ERROR_BLOCK>
errorInfo: Invalid argument supplied for foreach()
errorFile: IWEB_PATH/runtime/default/site/index.php
errorLine: 322
errorCode: 2
errorTime: 2016-08-08 08:25:45
#0 IWEB_PATH/lib/web/controller/controllerbase_class.php(116): require(IWEB_PATH/runtime/default/site/index.php)
#1 IWEB_PATH/lib/web/controller/controllerbase_class.php(82): IControllerBase->requireFile(IWEB_PATH/runtime/default/site/index.php)
#2 IWEB_PATH/lib/web/controller/controller_class.php(201): IControllerBase->renderView(IWEB_PATH/views/default/site/index)
#3 IWEB_PATH/lib/web/action/view_action.php(36): IController->render(IWEB_PATH/views/default/site/index)
#4 IWEB_PATH/lib/web/controller/controller_class.php(370): IViewAction->run()
#5 IWEB_PATH/controllers/site.php(65): IController->redirect(index)
#6 IWEB_PATH/lib/web/action/inline_action.php(24): Site->index()
#7 IWEB_PATH/lib/web/controller/controller_class.php(137): IInlineAction->run()
#8 IWEB_PATH/lib/core/webapplication_class.php(29): IController->run()
#9 IWEB_PATH/lib/core/application_class.php(108): IWebApplication->execRequest()
#10 IWEB_PATH/index.php(5): IApplication->run()
</ERROR_BLOCK>

<ERROR_BLOCK>
errorInfo: strstr() [<a href='function.strstr'>function.strstr</a>]: Empty delimiter
errorFile: IWEB_PATH/controllers/simple.php
errorLine: 221
errorCode: 2
errorTime: 2016-08-08 08:25:59
#0 IWEB_PATH/controllers/simple.php(221): strstr(2016-08-07 20:59:49,)
#1 IWEB_PATH/lib/web/action/inline_action.php(24): Simple->login_act()
#2 IWEB_PATH/lib/web/controller/controller_class.php(137): IInlineAction->run()
#3 IWEB_PATH/lib/core/webapplication_class.php(29): IController->run()
#4 IWEB_PATH/lib/core/application_class.php(108): IWebApplication->execRequest()
#5 IWEB_PATH/index.php(5): IApplication->run()
</ERROR_BLOCK>

<ERROR_BLOCK>
errorInfo: Invalid argument supplied for foreach()
errorFile: IWEB_PATH/runtime/default/site/index.php
errorLine: 322
errorCode: 2
errorTime: 2016-08-08 08:26:00
#0 IWEB_PATH/lib/web/controller/controllerbase_class.php(116): require(IWEB_PATH/runtime/default/site/index.php)
#1 IWEB_PATH/lib/web/controller/controllerbase_class.php(82): IControllerBase->requireFile(IWEB_PATH/runtime/default/site/index.php)
#2 IWEB_PATH/lib/web/controller/controller_class.php(201): IControllerBase->renderView(IWEB_PATH/views/default/site/index)
#3 IWEB_PATH/lib/web/action/view_action.php(36): IController->render(IWEB_PATH/views/default/site/index)
#4 IWEB_PATH/lib/web/controller/controller_class.php(370): IViewAction->run()
#5 IWEB_PATH/controllers/site.php(65): IController->redirect(index)
#6 IWEB_PATH/lib/web/action/inline_action.php(24): Site->index()
#7 IWEB_PATH/lib/web/controller/controller_class.php(137): IInlineAction->run()
#8 IWEB_PATH/lib/core/webapplication_class.php(29): IController->run()
#9 IWEB_PATH/lib/core/application_class.php(108): IWebApplication->execRequest()
#10 IWEB_PATH/index.php(5): IApplication->run()
</ERROR_BLOCK>

<ERROR_BLOCK>
errorInfo: Undefined variable: tmpId
errorFile: IWEB_PATH/runtime/default/site/index.php
errorLine: 324
errorCode: 8
errorTime: 2016-08-08 08:26:16
#0 IWEB_PATH/lib/web/controller/controllerbase_class.php(116): require(IWEB_PATH/runtime/default/site/index.php)
#1 IWEB_PATH/lib/web/controller/controllerbase_class.php(82): IControllerBase->requireFile(IWEB_PATH/runtime/default/site/index.php)
#2 IWEB_PATH/lib/web/controller/controller_class.php(201): IControllerBase->renderView(IWEB_PATH/views/default/site/index)
#3 IWEB_PATH/lib/web/action/view_action.php(36): IController->render(IWEB_PATH/views/default/site/index)
#4 IWEB_PATH/lib/web/controller/controller_class.php(370): IViewAction->run()
#5 IWEB_PATH/controllers/site.php(65): IController->redirect(index)
#6 IWEB_PATH/lib/web/action/inline_action.php(24): Site->index()
#7 IWEB_PATH/lib/web/controller/controller_class.php(137): IInlineAction->run()
#8 IWEB_PATH/lib/core/webapplication_class.php(29): IController->run()
#9 IWEB_PATH/lib/core/application_class.php(108): IWebApplication->execRequest()
#10 IWEB_PATH/index.php(5): IApplication->run()
</ERROR_BLOCK>

<ERROR_BLOCK>
errorInfo: Undefined variable: tmpId
errorFile: IWEB_PATH/runtime/default/site/index.php
errorLine: 325
errorCode: 8
errorTime: 2016-08-08 08:26:16
#0 IWEB_PATH/lib/web/controller/controllerbase_class.php(116): require(IWEB_PATH/runtime/default/site/index.php)
#1 IWEB_PATH/lib/web/controller/controllerbase_class.php(82): IControllerBase->requireFile(IWEB_PATH/runtime/default/site/index.php)
#2 IWEB_PATH/lib/web/controller/controller_class.php(201): IControllerBase->renderView(IWEB_PATH/views/default/site/index)
#3 IWEB_PATH/lib/web/action/view_action.php(36): IController->render(IWEB_PATH/views/default/site/index)
#4 IWEB_PATH/lib/web/controller/controller_class.php(370): IViewAction->run()
#5 IWEB_PATH/controllers/site.php(65): IController->redirect(index)
#6 IWEB_PATH/lib/web/action/inline_action.php(24): Site->index()
#7 IWEB_PATH/lib/web/controller/controller_class.php(137): IInlineAction->run()
#8 IWEB_PATH/lib/core/webapplication_class.php(29): IController->run()
#9 IWEB_PATH/lib/core/application_class.php(108): IWebApplication->execRequest()
#10 IWEB_PATH/index.php(5): IApplication->run()
</ERROR_BLOCK>

<ERROR_BLOCK>
errorInfo: Undefined variable: tmpId
errorFile: IWEB_PATH/runtime/default/site/index.php
errorLine: 324
errorCode: 8
errorTime: 2016-08-08 08:36:50
#0 IWEB_PATH/lib/web/controller/controllerbase_class.php(116): require(IWEB_PATH/runtime/default/site/index.php)
#1 IWEB_PATH/lib/web/controller/controllerbase_class.php(82): IControllerBase->requireFile(IWEB_PATH/runtime/default/site/index.php)
#2 IWEB_PATH/lib/web/controller/controller_class.php(201): IControllerBase->renderView(IWEB_PATH/views/default/site/index)
#3 IWEB_PATH/lib/web/action/view_action.php(36): IController->render(IWEB_PATH/views/default/site/index)
#4 IWEB_PATH/lib/web/controller/controller_class.php(370): IViewAction->run()
#5 IWEB_PATH/controllers/site.php(65): IController->redirect(index)
#6 IWEB_PATH/lib/web/action/inline_action.php(24): Site->index()
#7 IWEB_PATH/lib/web/controller/controller_class.php(137): IInlineAction->run()
#8 IWEB_PATH/lib/core/webapplication_class.php(29): IController->run()
#9 IWEB_PATH/lib/core/application_class.php(108): IWebApplication->execRequest()
#10 IWEB_PATH/index.php(5): IApplication->run()
</ERROR_BLOCK>

<ERROR_BLOCK>
errorInfo: Undefined variable: tmpId
errorFile: IWEB_PATH/runtime/default/site/index.php
errorLine: 325
errorCode: 8
errorTime: 2016-08-08 08:36:50
#0 IWEB_PATH/lib/web/controller/controllerbase_class.php(116): require(IWEB_PATH/runtime/default/site/index.php)
#1 IWEB_PATH/lib/web/controller/controllerbase_class.php(82): IControllerBase->requireFile(IWEB_PATH/runtime/default/site/index.php)
#2 IWEB_PATH/lib/web/controller/controller_class.php(201): IControllerBase->renderView(IWEB_PATH/views/default/site/index)
#3 IWEB_PATH/lib/web/action/view_action.php(36): IController->render(IWEB_PATH/views/default/site/index)
#4 IWEB_PATH/lib/web/controller/controller_class.php(370): IViewAction->run()
#5 IWEB_PATH/controllers/site.php(65): IController->redirect(index)
#6 IWEB_PATH/lib/web/action/inline_action.php(24): Site->index()
#7 IWEB_PATH/lib/web/controller/controller_class.php(137): IInlineAction->run()
#8 IWEB_PATH/lib/core/webapplication_class.php(29): IController->run()
#9 IWEB_PATH/lib/core/application_class.php(108): IWebApplication->execRequest()
#10 IWEB_PATH/index.php(5): IApplication->run()
</ERROR_BLOCK>

<ERROR_BLOCK>
errorInfo: Undefined variable: tmpId
errorFile: IWEB_PATH/runtime/default/site/index.php
errorLine: 324
errorCode: 8
errorTime: 2016-08-08 09:06:42
#0 IWEB_PATH/lib/web/controller/controllerbase_class.php(116): require(IWEB_PATH/runtime/default/site/index.php)
#1 IWEB_PATH/lib/web/controller/controllerbase_class.php(82): IControllerBase->requireFile(IWEB_PATH/runtime/default/site/index.php)
#2 IWEB_PATH/lib/web/controller/controller_class.php(201): IControllerBase->renderView(IWEB_PATH/views/default/site/index)
#3 IWEB_PATH/lib/web/action/view_action.php(36): IController->render(IWEB_PATH/views/default/site/index)
#4 IWEB_PATH/lib/web/controller/controller_class.php(370): IViewAction->run()
#5 IWEB_PATH/controllers/site.php(65): IController->redirect(index)
#6 IWEB_PATH/lib/web/action/inline_action.php(24): Site->index()
#7 IWEB_PATH/lib/web/controller/controller_class.php(137): IInlineAction->run()
#8 IWEB_PATH/lib/core/webapplication_class.php(29): IController->run()
#9 IWEB_PATH/lib/core/application_class.php(108): IWebApplication->execRequest()
#10 IWEB_PATH/index.php(5): IApplication->run()
</ERROR_BLOCK>

<ERROR_BLOCK>
errorInfo: Undefined variable: tmpId
errorFile: IWEB_PATH/runtime/default/site/index.php
errorLine: 325
errorCode: 8
errorTime: 2016-08-08 09:06:42
#0 IWEB_PATH/lib/web/controller/controllerbase_class.php(116): require(IWEB_PATH/runtime/default/site/index.php)
#1 IWEB_PATH/lib/web/controller/controllerbase_class.php(82): IControllerBase->requireFile(IWEB_PATH/runtime/default/site/index.php)
#2 IWEB_PATH/lib/web/controller/controller_class.php(201): IControllerBase->renderView(IWEB_PATH/views/default/site/index)
#3 IWEB_PATH/lib/web/action/view_action.php(36): IController->render(IWEB_PATH/views/default/site/index)
#4 IWEB_PATH/lib/web/controller/controller_class.php(370): IViewAction->run()
#5 IWEB_PATH/controllers/site.php(65): IController->redirect(index)
#6 IWEB_PATH/lib/web/action/inline_action.php(24): Site->index()
#7 IWEB_PATH/lib/web/controller/controller_class.php(137): IInlineAction->run()
#8 IWEB_PATH/lib/core/webapplication_class.php(29): IController->run()
#9 IWEB_PATH/lib/core/application_class.php(108): IWebApplication->execRequest()
#10 IWEB_PATH/index.php(5): IApplication->run()
</ERROR_BLOCK>

<ERROR_BLOCK>
errorInfo: Undefined variable: tmpId
errorFile: IWEB_PATH/runtime/default/site/index.php
errorLine: 324
errorCode: 8
errorTime: 2016-08-08 09:06:54
#0 IWEB_PATH/lib/web/controller/controllerbase_class.php(116): require(IWEB_PATH/runtime/default/site/index.php)
#1 IWEB_PATH/lib/web/controller/controllerbase_class.php(82): IControllerBase->requireFile(IWEB_PATH/runtime/default/site/index.php)
#2 IWEB_PATH/lib/web/controller/controller_class.php(201): IControllerBase->renderView(IWEB_PATH/views/default/site/index)
#3 IWEB_PATH/lib/web/action/view_action.php(36): IController->render(IWEB_PATH/views/default/site/index)
#4 IWEB_PATH/lib/web/controller/controller_class.php(370): IViewAction->run()
#5 IWEB_PATH/controllers/site.php(65): IController->redirect(index)
#6 IWEB_PATH/lib/web/action/inline_action.php(24): Site->index()
#7 IWEB_PATH/lib/web/controller/controller_class.php(137): IInlineAction->run()
#8 IWEB_PATH/lib/core/webapplication_class.php(29): IController->run()
#9 IWEB_PATH/lib/core/application_class.php(108): IWebApplication->execRequest()
#10 IWEB_PATH/index.php(5): IApplication->run()
</ERROR_BLOCK>

<ERROR_BLOCK>
errorInfo: Undefined variable: tmpId
errorFile: IWEB_PATH/runtime/default/site/index.php
errorLine: 325
errorCode: 8
errorTime: 2016-08-08 09:06:54
#0 IWEB_PATH/lib/web/controller/controllerbase_class.php(116): require(IWEB_PATH/runtime/default/site/index.php)
#1 IWEB_PATH/lib/web/controller/controllerbase_class.php(82): IControllerBase->requireFile(IWEB_PATH/runtime/default/site/index.php)
#2 IWEB_PATH/lib/web/controller/controller_class.php(201): IControllerBase->renderView(IWEB_PATH/views/default/site/index)
#3 IWEB_PATH/lib/web/action/view_action.php(36): IController->render(IWEB_PATH/views/default/site/index)
#4 IWEB_PATH/lib/web/controller/controller_class.php(370): IViewAction->run()
#5 IWEB_PATH/controllers/site.php(65): IController->redirect(index)
#6 IWEB_PATH/lib/web/action/inline_action.php(24): Site->index()
#7 IWEB_PATH/lib/web/controller/controller_class.php(137): IInlineAction->run()
#8 IWEB_PATH/lib/core/webapplication_class.php(29): IController->run()
#9 IWEB_PATH/lib/core/application_class.php(108): IWebApplication->execRequest()
#10 IWEB_PATH/index.php(5): IApplication->run()
</ERROR_BLOCK>

<ERROR_BLOCK>
errorInfo: Undefined variable: data
errorFile: IWEB_PATH/controllers/site.php
errorLine: 56
errorCode: 8
errorTime: 2016-08-08 16:03:11
#0 IWEB_PATH/lib/web/action/inline_action.php(24): Site->index()
#1 IWEB_PATH/lib/web/controller/controller_class.php(137): IInlineAction->run()
#2 IWEB_PATH/lib/core/webapplication_class.php(29): IController->run()
#3 IWEB_PATH/lib/core/application_class.php(108): IWebApplication->execRequest()
#4 IWEB_PATH/index.php(5): IApplication->run()
</ERROR_BLOCK>

<ERROR_BLOCK>
errorInfo: array_slice() expects parameter 1 to be array, null given
errorFile: IWEB_PATH/controllers/site.php
errorLine: 56
errorCode: 2
errorTime: 2016-08-08 16:03:11
#0 IWEB_PATH/controllers/site.php(56): array_slice(0,5)
#1 IWEB_PATH/lib/web/action/inline_action.php(24): Site->index()
#2 IWEB_PATH/lib/web/controller/controller_class.php(137): IInlineAction->run()
#3 IWEB_PATH/lib/core/webapplication_class.php(29): IController->run()
#4 IWEB_PATH/lib/core/application_class.php(108): IWebApplication->execRequest()
#5 IWEB_PATH/index.php(5): IApplication->run()
</ERROR_BLOCK>

<ERROR_BLOCK>
errorInfo: Invalid argument supplied for foreach()
errorFile: IWEB_PATH/runtime/default/site/index.php
errorLine: 322
errorCode: 2
errorTime: 2016-08-08 16:03:11
#0 IWEB_PATH/lib/web/controller/controllerbase_class.php(116): require(IWEB_PATH/runtime/default/site/index.php)
#1 IWEB_PATH/lib/web/controller/controllerbase_class.php(82): IControllerBase->requireFile(IWEB_PATH/runtime/default/site/index.php)
#2 IWEB_PATH/lib/web/controller/controller_class.php(201): IControllerBase->renderView(IWEB_PATH/views/default/site/index)
#3 IWEB_PATH/lib/web/action/view_action.php(36): IController->render(IWEB_PATH/views/default/site/index)
#4 IWEB_PATH/lib/web/controller/controller_class.php(370): IViewAction->run()
#5 IWEB_PATH/controllers/site.php(65): IController->redirect(index)
#6 IWEB_PATH/lib/web/action/inline_action.php(24): Site->index()
#7 IWEB_PATH/lib/web/controller/controller_class.php(137): IInlineAction->run()
#8 IWEB_PATH/lib/core/webapplication_class.php(29): IController->run()
#9 IWEB_PATH/lib/core/application_class.php(108): IWebApplication->execRequest()
#10 IWEB_PATH/index.php(5): IApplication->run()
</ERROR_BLOCK>

<ERROR_BLOCK>
errorInfo: strstr() [<a href='function.strstr'>function.strstr</a>]: Empty delimiter
errorFile: IWEB_PATH/controllers/simple.php
errorLine: 221
errorCode: 2
errorTime: 2016-08-08 16:04:06
#0 IWEB_PATH/controllers/simple.php(221): strstr(2016-08-08 08:25:59,)
#1 IWEB_PATH/lib/web/action/inline_action.php(24): Simple->login_act()
#2 IWEB_PATH/lib/web/controller/controller_class.php(137): IInlineAction->run()
#3 IWEB_PATH/lib/core/webapplication_class.php(29): IController->run()
#4 IWEB_PATH/lib/core/application_class.php(108): IWebApplication->execRequest()
#5 IWEB_PATH/index.php(5): IApplication->run()
</ERROR_BLOCK>

<ERROR_BLOCK>
errorInfo: Undefined variable: tmpId
errorFile: IWEB_PATH/runtime/default/site/index.php
errorLine: 324
errorCode: 8
errorTime: 2016-08-08 16:04:06
#0 IWEB_PATH/lib/web/controller/controllerbase_class.php(116): require(IWEB_PATH/runtime/default/site/index.php)
#1 IWEB_PATH/lib/web/controller/controllerbase_class.php(82): IControllerBase->requireFile(IWEB_PATH/runtime/default/site/index.php)
#2 IWEB_PATH/lib/web/controller/controller_class.php(201): IControllerBase->renderView(IWEB_PATH/views/default/site/index)
#3 IWEB_PATH/lib/web/action/view_action.php(36): IController->render(IWEB_PATH/views/default/site/index)
#4 IWEB_PATH/lib/web/controller/controller_class.php(370): IViewAction->run()
#5 IWEB_PATH/controllers/site.php(65): IController->redirect(index)
#6 IWEB_PATH/lib/web/action/inline_action.php(24): Site->index()
#7 IWEB_PATH/lib/web/controller/controller_class.php(137): IInlineAction->run()
#8 IWEB_PATH/lib/core/webapplication_class.php(29): IController->run()
#9 IWEB_PATH/lib/core/application_class.php(108): IWebApplication->execRequest()
#10 IWEB_PATH/index.php(5): IApplication->run()
</ERROR_BLOCK>

<ERROR_BLOCK>
errorInfo: Undefined variable: tmpId
errorFile: IWEB_PATH/runtime/default/site/index.php
errorLine: 325
errorCode: 8
errorTime: 2016-08-08 16:04:06
#0 IWEB_PATH/lib/web/controller/controllerbase_class.php(116): require(IWEB_PATH/runtime/default/site/index.php)
#1 IWEB_PATH/lib/web/controller/controllerbase_class.php(82): IControllerBase->requireFile(IWEB_PATH/runtime/default/site/index.php)
#2 IWEB_PATH/lib/web/controller/controller_class.php(201): IControllerBase->renderView(IWEB_PATH/views/default/site/index)
#3 IWEB_PATH/lib/web/action/view_action.php(36): IController->render(IWEB_PATH/views/default/site/index)
#4 IWEB_PATH/lib/web/controller/controller_class.php(370): IViewAction->run()
#5 IWEB_PATH/controllers/site.php(65): IController->redirect(index)
#6 IWEB_PATH/lib/web/action/inline_action.php(24): Site->index()
#7 IWEB_PATH/lib/web/controller/controller_class.php(137): IInlineAction->run()
#8 IWEB_PATH/lib/core/webapplication_class.php(29): IController->run()
#9 IWEB_PATH/lib/core/application_class.php(108): IWebApplication->execRequest()
#10 IWEB_PATH/index.php(5): IApplication->run()
</ERROR_BLOCK>

<ERROR_BLOCK>
errorInfo: Undefined variable: tmpId
errorFile: IWEB_PATH/runtime/default/site/index.php
errorLine: 324
errorCode: 8
errorTime: 2016-08-08 19:09:54
#0 IWEB_PATH/lib/web/controller/controllerbase_class.php(116): require(IWEB_PATH/runtime/default/site/index.php)
#1 IWEB_PATH/lib/web/controller/controllerbase_class.php(82): IControllerBase->requireFile(IWEB_PATH/runtime/default/site/index.php)
#2 IWEB_PATH/lib/web/controller/controller_class.php(201): IControllerBase->renderView(IWEB_PATH/views/default/site/index)
#3 IWEB_PATH/lib/web/action/view_action.php(36): IController->render(IWEB_PATH/views/default/site/index)
#4 IWEB_PATH/lib/web/controller/controller_class.php(370): IViewAction->run()
#5 IWEB_PATH/controllers/site.php(65): IController->redirect(index)
#6 IWEB_PATH/lib/web/action/inline_action.php(24): Site->index()
#7 IWEB_PATH/lib/web/controller/controller_class.php(137): IInlineAction->run()
#8 IWEB_PATH/lib/core/webapplication_class.php(29): IController->run()
#9 IWEB_PATH/lib/core/application_class.php(108): IWebApplication->execRequest()
#10 IWEB_PATH/index.php(5): IApplication->run()
</ERROR_BLOCK>

<ERROR_BLOCK>
errorInfo: Undefined variable: tmpId
errorFile: IWEB_PATH/runtime/default/site/index.php
errorLine: 325
errorCode: 8
errorTime: 2016-08-08 19:09:54
#0 IWEB_PATH/lib/web/controller/controllerbase_class.php(116): require(IWEB_PATH/runtime/default/site/index.php)
#1 IWEB_PATH/lib/web/controller/controllerbase_class.php(82): IControllerBase->requireFile(IWEB_PATH/runtime/default/site/index.php)
#2 IWEB_PATH/lib/web/controller/controller_class.php(201): IControllerBase->renderView(IWEB_PATH/views/default/site/index)
#3 IWEB_PATH/lib/web/action/view_action.php(36): IController->render(IWEB_PATH/views/default/site/index)
#4 IWEB_PATH/lib/web/controller/controller_class.php(370): IViewAction->run()
#5 IWEB_PATH/controllers/site.php(65): IController->redirect(index)
#6 IWEB_PATH/lib/web/action/inline_action.php(24): Site->index()
#7 IWEB_PATH/lib/web/controller/controller_class.php(137): IInlineAction->run()
#8 IWEB_PATH/lib/core/webapplication_class.php(29): IController->run()
#9 IWEB_PATH/lib/core/application_class.php(108): IWebApplication->execRequest()
#10 IWEB_PATH/index.php(5): IApplication->run()
</ERROR_BLOCK>

<ERROR_BLOCK>
errorInfo: Undefined variable: tmpId
errorFile: IWEB_PATH/runtime/default/site/index.php
errorLine: 324
errorCode: 8
errorTime: 2016-08-08 19:33:17
#0 IWEB_PATH/lib/web/controller/controllerbase_class.php(116): require(IWEB_PATH/runtime/default/site/index.php)
#1 IWEB_PATH/lib/web/controller/controllerbase_class.php(82): IControllerBase->requireFile(IWEB_PATH/runtime/default/site/index.php)
#2 IWEB_PATH/lib/web/controller/controller_class.php(201): IControllerBase->renderView(IWEB_PATH/views/default/site/index)
#3 IWEB_PATH/lib/web/action/view_action.php(36): IController->render(IWEB_PATH/views/default/site/index)
#4 IWEB_PATH/lib/web/controller/controller_class.php(370): IViewAction->run()
#5 IWEB_PATH/controllers/site.php(65): IController->redirect(index)
#6 IWEB_PATH/lib/web/action/inline_action.php(24): Site->index()
#7 IWEB_PATH/lib/web/controller/controller_class.php(137): IInlineAction->run()
#8 IWEB_PATH/lib/core/webapplication_class.php(29): IController->run()
#9 IWEB_PATH/lib/core/application_class.php(108): IWebApplication->execRequest()
#10 IWEB_PATH/index.php(5): IApplication->run()
</ERROR_BLOCK>

<ERROR_BLOCK>
errorInfo: Undefined variable: tmpId
errorFile: IWEB_PATH/runtime/default/site/index.php
errorLine: 325
errorCode: 8
errorTime: 2016-08-08 19:33:17
#0 IWEB_PATH/lib/web/controller/controllerbase_class.php(116): require(IWEB_PATH/runtime/default/site/index.php)
#1 IWEB_PATH/lib/web/controller/controllerbase_class.php(82): IControllerBase->requireFile(IWEB_PATH/runtime/default/site/index.php)
#2 IWEB_PATH/lib/web/controller/controller_class.php(201): IControllerBase->renderView(IWEB_PATH/views/default/site/index)
#3 IWEB_PATH/lib/web/action/view_action.php(36): IController->render(IWEB_PATH/views/default/site/index)
#4 IWEB_PATH/lib/web/controller/controller_class.php(370): IViewAction->run()
#5 IWEB_PATH/controllers/site.php(65): IController->redirect(index)
#6 IWEB_PATH/lib/web/action/inline_action.php(24): Site->index()
#7 IWEB_PATH/lib/web/controller/controller_class.php(137): IInlineAction->run()
#8 IWEB_PATH/lib/core/webapplication_class.php(29): IController->run()
#9 IWEB_PATH/lib/core/application_class.php(108): IWebApplication->execRequest()
#10 IWEB_PATH/index.php(5): IApplication->run()
</ERROR_BLOCK>

<ERROR_BLOCK>
errorInfo: Undefined variable: tmpId
errorFile: IWEB_PATH/runtime/default/site/index.php
errorLine: 324
errorCode: 8
errorTime: 2016-08-08 19:33:21
#0 IWEB_PATH/lib/web/controller/controllerbase_class.php(116): require(IWEB_PATH/runtime/default/site/index.php)
#1 IWEB_PATH/lib/web/controller/controllerbase_class.php(82): IControllerBase->requireFile(IWEB_PATH/runtime/default/site/index.php)
#2 IWEB_PATH/lib/web/controller/controller_class.php(201): IControllerBase->renderView(IWEB_PATH/views/default/site/index)
#3 IWEB_PATH/lib/web/action/view_action.php(36): IController->render(IWEB_PATH/views/default/site/index)
#4 IWEB_PATH/lib/web/controller/controller_class.php(370): IViewAction->run()
#5 IWEB_PATH/controllers/site.php(65): IController->redirect(index)
#6 IWEB_PATH/lib/web/action/inline_action.php(24): Site->index()
#7 IWEB_PATH/lib/web/controller/controller_class.php(137): IInlineAction->run()
#8 IWEB_PATH/lib/core/webapplication_class.php(29): IController->run()
#9 IWEB_PATH/lib/core/application_class.php(108): IWebApplication->execRequest()
#10 IWEB_PATH/index.php(5): IApplication->run()
</ERROR_BLOCK>

<ERROR_BLOCK>
errorInfo: Undefined variable: tmpId
errorFile: IWEB_PATH/runtime/default/site/index.php
errorLine: 325
errorCode: 8
errorTime: 2016-08-08 19:33:21
#0 IWEB_PATH/lib/web/controller/controllerbase_class.php(116): require(IWEB_PATH/runtime/default/site/index.php)
#1 IWEB_PATH/lib/web/controller/controllerbase_class.php(82): IControllerBase->requireFile(IWEB_PATH/runtime/default/site/index.php)
#2 IWEB_PATH/lib/web/controller/controller_class.php(201): IControllerBase->renderView(IWEB_PATH/views/default/site/index)
#3 IWEB_PATH/lib/web/action/view_action.php(36): IController->render(IWEB_PATH/views/default/site/index)
#4 IWEB_PATH/lib/web/controller/controller_class.php(370): IViewAction->run()
#5 IWEB_PATH/controllers/site.php(65): IController->redirect(index)
#6 IWEB_PATH/lib/web/action/inline_action.php(24): Site->index()
#7 IWEB_PATH/lib/web/controller/controller_class.php(137): IInlineAction->run()
#8 IWEB_PATH/lib/core/webapplication_class.php(29): IController->run()
#9 IWEB_PATH/lib/core/application_class.php(108): IWebApplication->execRequest()
#10 IWEB_PATH/index.php(5): IApplication->run()
</ERROR_BLOCK>

<ERROR_BLOCK>
errorInfo: Undefined variable: tmpId
errorFile: IWEB_PATH/runtime/default/site/index.php
errorLine: 324
errorCode: 8
errorTime: 2016-08-08 19:42:16
#0 IWEB_PATH/lib/web/controller/controllerbase_class.php(116): require(IWEB_PATH/runtime/default/site/index.php)
#1 IWEB_PATH/lib/web/controller/controllerbase_class.php(82): IControllerBase->requireFile(IWEB_PATH/runtime/default/site/index.php)
#2 IWEB_PATH/lib/web/controller/controller_class.php(201): IControllerBase->renderView(IWEB_PATH/views/default/site/index)
#3 IWEB_PATH/lib/web/action/view_action.php(36): IController->render(IWEB_PATH/views/default/site/index)
#4 IWEB_PATH/lib/web/controller/controller_class.php(370): IViewAction->run()
#5 IWEB_PATH/controllers/site.php(65): IController->redirect(index)
#6 IWEB_PATH/lib/web/action/inline_action.php(24): Site->index()
#7 IWEB_PATH/lib/web/controller/controller_class.php(137): IInlineAction->run()
#8 IWEB_PATH/lib/core/webapplication_class.php(29): IController->run()
#9 IWEB_PATH/lib/core/application_class.php(108): IWebApplication->execRequest()
#10 IWEB_PATH/index.php(5): IApplication->run()
</ERROR_BLOCK>

<ERROR_BLOCK>
errorInfo: Undefined variable: tmpId
errorFile: IWEB_PATH/runtime/default/site/index.php
errorLine: 325
errorCode: 8
errorTime: 2016-08-08 19:42:16
#0 IWEB_PATH/lib/web/controller/controllerbase_class.php(116): require(IWEB_PATH/runtime/default/site/index.php)
#1 IWEB_PATH/lib/web/controller/controllerbase_class.php(82): IControllerBase->requireFile(IWEB_PATH/runtime/default/site/index.php)
#2 IWEB_PATH/lib/web/controller/controller_class.php(201): IControllerBase->renderView(IWEB_PATH/views/default/site/index)
#3 IWEB_PATH/lib/web/action/view_action.php(36): IController->render(IWEB_PATH/views/default/site/index)
#4 IWEB_PATH/lib/web/controller/controller_class.php(370): IViewAction->run()
#5 IWEB_PATH/controllers/site.php(65): IController->redirect(index)
#6 IWEB_PATH/lib/web/action/inline_action.php(24): Site->index()
#7 IWEB_PATH/lib/web/controller/controller_class.php(137): IInlineAction->run()
#8 IWEB_PATH/lib/core/webapplication_class.php(29): IController->run()
#9 IWEB_PATH/lib/core/application_class.php(108): IWebApplication->execRequest()
#10 IWEB_PATH/index.php(5): IApplication->run()
</ERROR_BLOCK>

<ERROR_BLOCK>
errorInfo: Undefined variable: tmpId
errorFile: IWEB_PATH/runtime/default/site/index.php
errorLine: 324
errorCode: 8
errorTime: 2016-08-08 19:45:05
#0 IWEB_PATH/lib/web/controller/controllerbase_class.php(116): require(IWEB_PATH/runtime/default/site/index.php)
#1 IWEB_PATH/lib/web/controller/controllerbase_class.php(82): IControllerBase->requireFile(IWEB_PATH/runtime/default/site/index.php)
#2 IWEB_PATH/lib/web/controller/controller_class.php(201): IControllerBase->renderView(IWEB_PATH/views/default/site/index)
#3 IWEB_PATH/lib/web/action/view_action.php(36): IController->render(IWEB_PATH/views/default/site/index)
#4 IWEB_PATH/lib/web/controller/controller_class.php(370): IViewAction->run()
#5 IWEB_PATH/controllers/site.php(65): IController->redirect(index)
#6 IWEB_PATH/lib/web/action/inline_action.php(24): Site->index()
#7 IWEB_PATH/lib/web/controller/controller_class.php(137): IInlineAction->run()
#8 IWEB_PATH/lib/core/webapplication_class.php(29): IController->run()
#9 IWEB_PATH/lib/core/application_class.php(108): IWebApplication->execRequest()
#10 IWEB_PATH/index.php(5): IApplication->run()
</ERROR_BLOCK>

<ERROR_BLOCK>
errorInfo: Undefined variable: tmpId
errorFile: IWEB_PATH/runtime/default/site/index.php
errorLine: 325
errorCode: 8
errorTime: 2016-08-08 19:45:05
#0 IWEB_PATH/lib/web/controller/controllerbase_class.php(116): require(IWEB_PATH/runtime/default/site/index.php)
#1 IWEB_PATH/lib/web/controller/controllerbase_class.php(82): IControllerBase->requireFile(IWEB_PATH/runtime/default/site/index.php)
#2 IWEB_PATH/lib/web/controller/controller_class.php(201): IControllerBase->renderView(IWEB_PATH/views/default/site/index)
#3 IWEB_PATH/lib/web/action/view_action.php(36): IController->render(IWEB_PATH/views/default/site/index)
#4 IWEB_PATH/lib/web/controller/controller_class.php(370): IViewAction->run()
#5 IWEB_PATH/controllers/site.php(65): IController->redirect(index)
#6 IWEB_PATH/lib/web/action/inline_action.php(24): Site->index()
#7 IWEB_PATH/lib/web/controller/controller_class.php(137): IInlineAction->run()
#8 IWEB_PATH/lib/core/webapplication_class.php(29): IController->run()
#9 IWEB_PATH/lib/core/application_class.php(108): IWebApplication->execRequest()
#10 IWEB_PATH/index.php(5): IApplication->run()
</ERROR_BLOCK>

<ERROR_BLOCK>
errorInfo: Undefined variable: tmpId
errorFile: IWEB_PATH/runtime/default/site/index.php
errorLine: 324
errorCode: 8
errorTime: 2016-08-08 19:45:22
#0 IWEB_PATH/lib/web/controller/controllerbase_class.php(116): require(IWEB_PATH/runtime/default/site/index.php)
#1 IWEB_PATH/lib/web/controller/controllerbase_class.php(82): IControllerBase->requireFile(IWEB_PATH/runtime/default/site/index.php)
#2 IWEB_PATH/lib/web/controller/controller_class.php(201): IControllerBase->renderView(IWEB_PATH/views/default/site/index)
#3 IWEB_PATH/lib/web/action/view_action.php(36): IController->render(IWEB_PATH/views/default/site/index)
#4 IWEB_PATH/lib/web/controller/controller_class.php(370): IViewAction->run()
#5 IWEB_PATH/controllers/site.php(65): IController->redirect(index)
#6 IWEB_PATH/lib/web/action/inline_action.php(24): Site->index()
#7 IWEB_PATH/lib/web/controller/controller_class.php(137): IInlineAction->run()
#8 IWEB_PATH/lib/core/webapplication_class.php(29): IController->run()
#9 IWEB_PATH/lib/core/application_class.php(108): IWebApplication->execRequest()
#10 IWEB_PATH/index.php(5): IApplication->run()
</ERROR_BLOCK>

<ERROR_BLOCK>
errorInfo: Undefined variable: tmpId
errorFile: IWEB_PATH/runtime/default/site/index.php
errorLine: 325
errorCode: 8
errorTime: 2016-08-08 19:45:22
#0 IWEB_PATH/lib/web/controller/controllerbase_class.php(116): require(IWEB_PATH/runtime/default/site/index.php)
#1 IWEB_PATH/lib/web/controller/controllerbase_class.php(82): IControllerBase->requireFile(IWEB_PATH/runtime/default/site/index.php)
#2 IWEB_PATH/lib/web/controller/controller_class.php(201): IControllerBase->renderView(IWEB_PATH/views/default/site/index)
#3 IWEB_PATH/lib/web/action/view_action.php(36): IController->render(IWEB_PATH/views/default/site/index)
#4 IWEB_PATH/lib/web/controller/controller_class.php(370): IViewAction->run()
#5 IWEB_PATH/controllers/site.php(65): IController->redirect(index)
#6 IWEB_PATH/lib/web/action/inline_action.php(24): Site->index()
#7 IWEB_PATH/lib/web/controller/controller_class.php(137): IInlineAction->run()
#8 IWEB_PATH/lib/core/webapplication_class.php(29): IController->run()
#9 IWEB_PATH/lib/core/application_class.php(108): IWebApplication->execRequest()
#10 IWEB_PATH/index.php(5): IApplication->run()
</ERROR_BLOCK>

<ERROR_BLOCK>
errorInfo: Undefined variable: tmpId
errorFile: IWEB_PATH/runtime/default/site/index.php
errorLine: 324
errorCode: 8
errorTime: 2016-08-08 19:45:43
#0 IWEB_PATH/lib/web/controller/controllerbase_class.php(116): require(IWEB_PATH/runtime/default/site/index.php)
#1 IWEB_PATH/lib/web/controller/controllerbase_class.php(82): IControllerBase->requireFile(IWEB_PATH/runtime/default/site/index.php)
#2 IWEB_PATH/lib/web/controller/controller_class.php(201): IControllerBase->renderView(IWEB_PATH/views/default/site/index)
#3 IWEB_PATH/lib/web/action/view_action.php(36): IController->render(IWEB_PATH/views/default/site/index)
#4 IWEB_PATH/lib/web/controller/controller_class.php(370): IViewAction->run()
#5 IWEB_PATH/controllers/site.php(65): IController->redirect(index)
#6 IWEB_PATH/lib/web/action/inline_action.php(24): Site->index()
#7 IWEB_PATH/lib/web/controller/controller_class.php(137): IInlineAction->run()
#8 IWEB_PATH/lib/core/webapplication_class.php(29): IController->run()
#9 IWEB_PATH/lib/core/application_class.php(108): IWebApplication->execRequest()
#10 IWEB_PATH/index.php(5): IApplication->run()
</ERROR_BLOCK>

<ERROR_BLOCK>
errorInfo: Undefined variable: tmpId
errorFile: IWEB_PATH/runtime/default/site/index.php
errorLine: 325
errorCode: 8
errorTime: 2016-08-08 19:45:43
#0 IWEB_PATH/lib/web/controller/controllerbase_class.php(116): require(IWEB_PATH/runtime/default/site/index.php)
#1 IWEB_PATH/lib/web/controller/controllerbase_class.php(82): IControllerBase->requireFile(IWEB_PATH/runtime/default/site/index.php)
#2 IWEB_PATH/lib/web/controller/controller_class.php(201): IControllerBase->renderView(IWEB_PATH/views/default/site/index)
#3 IWEB_PATH/lib/web/action/view_action.php(36): IController->render(IWEB_PATH/views/default/site/index)
#4 IWEB_PATH/lib/web/controller/controller_class.php(370): IViewAction->run()
#5 IWEB_PATH/controllers/site.php(65): IController->redirect(index)
#6 IWEB_PATH/lib/web/action/inline_action.php(24): Site->index()
#7 IWEB_PATH/lib/web/controller/controller_class.php(137): IInlineAction->run()
#8 IWEB_PATH/lib/core/webapplication_class.php(29): IController->run()
#9 IWEB_PATH/lib/core/application_class.php(108): IWebApplication->execRequest()
#10 IWEB_PATH/index.php(5): IApplication->run()
</ERROR_BLOCK>

<ERROR_BLOCK>
errorInfo: Undefined variable: tmpId
errorFile: IWEB_PATH/runtime/default/site/index.php
errorLine: 324
errorCode: 8
errorTime: 2016-08-08 19:45:53
#0 IWEB_PATH/lib/web/controller/controllerbase_class.php(116): require(IWEB_PATH/runtime/default/site/index.php)
#1 IWEB_PATH/lib/web/controller/controllerbase_class.php(82): IControllerBase->requireFile(IWEB_PATH/runtime/default/site/index.php)
#2 IWEB_PATH/lib/web/controller/controller_class.php(201): IControllerBase->renderView(IWEB_PATH/views/default/site/index)
#3 IWEB_PATH/lib/web/action/view_action.php(36): IController->render(IWEB_PATH/views/default/site/index)
#4 IWEB_PATH/lib/web/controller/controller_class.php(370): IViewAction->run()
#5 IWEB_PATH/controllers/site.php(65): IController->redirect(index)
#6 IWEB_PATH/lib/web/action/inline_action.php(24): Site->index()
#7 IWEB_PATH/lib/web/controller/controller_class.php(137): IInlineAction->run()
#8 IWEB_PATH/lib/core/webapplication_class.php(29): IController->run()
#9 IWEB_PATH/lib/core/application_class.php(108): IWebApplication->execRequest()
#10 IWEB_PATH/index.php(5): IApplication->run()
</ERROR_BLOCK>

<ERROR_BLOCK>
errorInfo: Undefined variable: tmpId
errorFile: IWEB_PATH/runtime/default/site/index.php
errorLine: 325
errorCode: 8
errorTime: 2016-08-08 19:45:53
#0 IWEB_PATH/lib/web/controller/controllerbase_class.php(116): require(IWEB_PATH/runtime/default/site/index.php)
#1 IWEB_PATH/lib/web/controller/controllerbase_class.php(82): IControllerBase->requireFile(IWEB_PATH/runtime/default/site/index.php)
#2 IWEB_PATH/lib/web/controller/controller_class.php(201): IControllerBase->renderView(IWEB_PATH/views/default/site/index)
#3 IWEB_PATH/lib/web/action/view_action.php(36): IController->render(IWEB_PATH/views/default/site/index)
#4 IWEB_PATH/lib/web/controller/controller_class.php(370): IViewAction->run()
#5 IWEB_PATH/controllers/site.php(65): IController->redirect(index)
#6 IWEB_PATH/lib/web/action/inline_action.php(24): Site->index()
#7 IWEB_PATH/lib/web/controller/controller_class.php(137): IInlineAction->run()
#8 IWEB_PATH/lib/core/webapplication_class.php(29): IController->run()
#9 IWEB_PATH/lib/core/application_class.php(108): IWebApplication->execRequest()
#10 IWEB_PATH/index.php(5): IApplication->run()
</ERROR_BLOCK>

<ERROR_BLOCK>
errorInfo: Undefined variable: tmpId
errorFile: IWEB_PATH/runtime/default/site/index.php
errorLine: 324
errorCode: 8
errorTime: 2016-08-08 19:46:00
#0 IWEB_PATH/lib/web/controller/controllerbase_class.php(116): require(IWEB_PATH/runtime/default/site/index.php)
#1 IWEB_PATH/lib/web/controller/controllerbase_class.php(82): IControllerBase->requireFile(IWEB_PATH/runtime/default/site/index.php)
#2 IWEB_PATH/lib/web/controller/controller_class.php(201): IControllerBase->renderView(IWEB_PATH/views/default/site/index)
#3 IWEB_PATH/lib/web/action/view_action.php(36): IController->render(IWEB_PATH/views/default/site/index)
#4 IWEB_PATH/lib/web/controller/controller_class.php(370): IViewAction->run()
#5 IWEB_PATH/controllers/site.php(65): IController->redirect(index)
#6 IWEB_PATH/lib/web/action/inline_action.php(24): Site->index()
#7 IWEB_PATH/lib/web/controller/controller_class.php(137): IInlineAction->run()
#8 IWEB_PATH/lib/core/webapplication_class.php(29): IController->run()
#9 IWEB_PATH/lib/core/application_class.php(108): IWebApplication->execRequest()
#10 IWEB_PATH/index.php(5): IApplication->run()
</ERROR_BLOCK>

<ERROR_BLOCK>
errorInfo: Undefined variable: tmpId
errorFile: IWEB_PATH/runtime/default/site/index.php
errorLine: 325
errorCode: 8
errorTime: 2016-08-08 19:46:00
#0 IWEB_PATH/lib/web/controller/controllerbase_class.php(116): require(IWEB_PATH/runtime/default/site/index.php)
#1 IWEB_PATH/lib/web/controller/controllerbase_class.php(82): IControllerBase->requireFile(IWEB_PATH/runtime/default/site/index.php)
#2 IWEB_PATH/lib/web/controller/controller_class.php(201): IControllerBase->renderView(IWEB_PATH/views/default/site/index)
#3 IWEB_PATH/lib/web/action/view_action.php(36): IController->render(IWEB_PATH/views/default/site/index)
#4 IWEB_PATH/lib/web/controller/controller_class.php(370): IViewAction->run()
#5 IWEB_PATH/controllers/site.php(65): IController->redirect(index)
#6 IWEB_PATH/lib/web/action/inline_action.php(24): Site->index()
#7 IWEB_PATH/lib/web/controller/controller_class.php(137): IInlineAction->run()
#8 IWEB_PATH/lib/core/webapplication_class.php(29): IController->run()
#9 IWEB_PATH/lib/core/application_class.php(108): IWebApplication->execRequest()
#10 IWEB_PATH/index.php(5): IApplication->run()
</ERROR_BLOCK>

<ERROR_BLOCK>
errorInfo: Undefined variable: tmpId
errorFile: IWEB_PATH/runtime/default/site/index.php
errorLine: 324
errorCode: 8
errorTime: 2016-08-08 19:46:15
#0 IWEB_PATH/lib/web/controller/controllerbase_class.php(116): require(IWEB_PATH/runtime/default/site/index.php)
#1 IWEB_PATH/lib/web/controller/controllerbase_class.php(82): IControllerBase->requireFile(IWEB_PATH/runtime/default/site/index.php)
#2 IWEB_PATH/lib/web/controller/controller_class.php(201): IControllerBase->renderView(IWEB_PATH/views/default/site/index)
#3 IWEB_PATH/lib/web/action/view_action.php(36): IController->render(IWEB_PATH/views/default/site/index)
#4 IWEB_PATH/lib/web/controller/controller_class.php(370): IViewAction->run()
#5 IWEB_PATH/controllers/site.php(65): IController->redirect(index)
#6 IWEB_PATH/lib/web/action/inline_action.php(24): Site->index()
#7 IWEB_PATH/lib/web/controller/controller_class.php(137): IInlineAction->run()
#8 IWEB_PATH/lib/core/webapplication_class.php(29): IController->run()
#9 IWEB_PATH/lib/core/application_class.php(108): IWebApplication->execRequest()
#10 IWEB_PATH/index.php(5): IApplication->run()
</ERROR_BLOCK>

<ERROR_BLOCK>
errorInfo: Undefined variable: tmpId
errorFile: IWEB_PATH/runtime/default/site/index.php
errorLine: 325
errorCode: 8
errorTime: 2016-08-08 19:46:15
#0 IWEB_PATH/lib/web/controller/controllerbase_class.php(116): require(IWEB_PATH/runtime/default/site/index.php)
#1 IWEB_PATH/lib/web/controller/controllerbase_class.php(82): IControllerBase->requireFile(IWEB_PATH/runtime/default/site/index.php)
#2 IWEB_PATH/lib/web/controller/controller_class.php(201): IControllerBase->renderView(IWEB_PATH/views/default/site/index)
#3 IWEB_PATH/lib/web/action/view_action.php(36): IController->render(IWEB_PATH/views/default/site/index)
#4 IWEB_PATH/lib/web/controller/controller_class.php(370): IViewAction->run()
#5 IWEB_PATH/controllers/site.php(65): IController->redirect(index)
#6 IWEB_PATH/lib/web/action/inline_action.php(24): Site->index()
#7 IWEB_PATH/lib/web/controller/controller_class.php(137): IInlineAction->run()
#8 IWEB_PATH/lib/core/webapplication_class.php(29): IController->run()
#9 IWEB_PATH/lib/core/application_class.php(108): IWebApplication->execRequest()
#10 IWEB_PATH/index.php(5): IApplication->run()
</ERROR_BLOCK>

<ERROR_BLOCK>
errorInfo: Undefined variable: tmpId
errorFile: IWEB_PATH/runtime/default/site/index.php
errorLine: 324
errorCode: 8
errorTime: 2016-08-08 19:46:30
#0 IWEB_PATH/lib/web/controller/controllerbase_class.php(116): require(IWEB_PATH/runtime/default/site/index.php)
#1 IWEB_PATH/lib/web/controller/controllerbase_class.php(82): IControllerBase->requireFile(IWEB_PATH/runtime/default/site/index.php)
#2 IWEB_PATH/lib/web/controller/controller_class.php(201): IControllerBase->renderView(IWEB_PATH/views/default/site/index)
#3 IWEB_PATH/lib/web/action/view_action.php(36): IController->render(IWEB_PATH/views/default/site/index)
#4 IWEB_PATH/lib/web/controller/controller_class.php(370): IViewAction->run()
#5 IWEB_PATH/controllers/site.php(65): IController->redirect(index)
#6 IWEB_PATH/lib/web/action/inline_action.php(24): Site->index()
#7 IWEB_PATH/lib/web/controller/controller_class.php(137): IInlineAction->run()
#8 IWEB_PATH/lib/core/webapplication_class.php(29): IController->run()
#9 IWEB_PATH/lib/core/application_class.php(108): IWebApplication->execRequest()
#10 IWEB_PATH/index.php(5): IApplication->run()
</ERROR_BLOCK>

<ERROR_BLOCK>
errorInfo: Undefined variable: tmpId
errorFile: IWEB_PATH/runtime/default/site/index.php
errorLine: 325
errorCode: 8
errorTime: 2016-08-08 19:46:30
#0 IWEB_PATH/lib/web/controller/controllerbase_class.php(116): require(IWEB_PATH/runtime/default/site/index.php)
#1 IWEB_PATH/lib/web/controller/controllerbase_class.php(82): IControllerBase->requireFile(IWEB_PATH/runtime/default/site/index.php)
#2 IWEB_PATH/lib/web/controller/controller_class.php(201): IControllerBase->renderView(IWEB_PATH/views/default/site/index)
#3 IWEB_PATH/lib/web/action/view_action.php(36): IController->render(IWEB_PATH/views/default/site/index)
#4 IWEB_PATH/lib/web/controller/controller_class.php(370): IViewAction->run()
#5 IWEB_PATH/controllers/site.php(65): IController->redirect(index)
#6 IWEB_PATH/lib/web/action/inline_action.php(24): Site->index()
#7 IWEB_PATH/lib/web/controller/controller_class.php(137): IInlineAction->run()
#8 IWEB_PATH/lib/core/webapplication_class.php(29): IController->run()
#9 IWEB_PATH/lib/core/application_class.php(108): IWebApplication->execRequest()
#10 IWEB_PATH/index.php(5): IApplication->run()
</ERROR_BLOCK>

<ERROR_BLOCK>
errorInfo: Undefined variable: tmpId
errorFile: IWEB_PATH/runtime/default/site/index.php
errorLine: 325
errorCode: 8
errorTime: 2016-08-08 19:46:59
#0 IWEB_PATH/lib/web/controller/controllerbase_class.php(116): require(IWEB_PATH/runtime/default/site/index.php)
#1 IWEB_PATH/lib/web/controller/controllerbase_class.php(82): IControllerBase->requireFile(IWEB_PATH/runtime/default/site/index.php)
#2 IWEB_PATH/lib/web/controller/controller_class.php(201): IControllerBase->renderView(IWEB_PATH/views/default/site/index)
#3 IWEB_PATH/lib/web/action/view_action.php(36): IController->render(IWEB_PATH/views/default/site/index)
#4 IWEB_PATH/lib/web/controller/controller_class.php(370): IViewAction->run()
#5 IWEB_PATH/controllers/site.php(65): IController->redirect(index)
#6 IWEB_PATH/lib/web/action/inline_action.php(24): Site->index()
#7 IWEB_PATH/lib/web/controller/controller_class.php(137): IInlineAction->run()
#8 IWEB_PATH/lib/core/webapplication_class.php(29): IController->run()
#9 IWEB_PATH/lib/core/application_class.php(108): IWebApplication->execRequest()
#10 IWEB_PATH/index.php(5): IApplication->run()
</ERROR_BLOCK>

<ERROR_BLOCK>
errorInfo: Undefined variable: tmpId
errorFile: IWEB_PATH/runtime/default/site/index.php
errorLine: 326
errorCode: 8
errorTime: 2016-08-08 19:46:59
#0 IWEB_PATH/lib/web/controller/controllerbase_class.php(116): require(IWEB_PATH/runtime/default/site/index.php)
#1 IWEB_PATH/lib/web/controller/controllerbase_class.php(82): IControllerBase->requireFile(IWEB_PATH/runtime/default/site/index.php)
#2 IWEB_PATH/lib/web/controller/controller_class.php(201): IControllerBase->renderView(IWEB_PATH/views/default/site/index)
#3 IWEB_PATH/lib/web/action/view_action.php(36): IController->render(IWEB_PATH/views/default/site/index)
#4 IWEB_PATH/lib/web/controller/controller_class.php(370): IViewAction->run()
#5 IWEB_PATH/controllers/site.php(65): IController->redirect(index)
#6 IWEB_PATH/lib/web/action/inline_action.php(24): Site->index()
#7 IWEB_PATH/lib/web/controller/controller_class.php(137): IInlineAction->run()
#8 IWEB_PATH/lib/core/webapplication_class.php(29): IController->run()
#9 IWEB_PATH/lib/core/application_class.php(108): IWebApplication->execRequest()
#10 IWEB_PATH/index.php(5): IApplication->run()
</ERROR_BLOCK>

<ERROR_BLOCK>
errorInfo: Undefined variable: tmpId
errorFile: IWEB_PATH/runtime/default/site/index.php
errorLine: 336
errorCode: 8
errorTime: 2016-08-08 19:51:19
#0 IWEB_PATH/lib/web/controller/controllerbase_class.php(116): require(IWEB_PATH/runtime/default/site/index.php)
#1 IWEB_PATH/lib/web/controller/controllerbase_class.php(82): IControllerBase->requireFile(IWEB_PATH/runtime/default/site/index.php)
#2 IWEB_PATH/lib/web/controller/controller_class.php(201): IControllerBase->renderView(IWEB_PATH/views/default/site/index)
#3 IWEB_PATH/lib/web/action/view_action.php(36): IController->render(IWEB_PATH/views/default/site/index)
#4 IWEB_PATH/lib/web/controller/controller_class.php(370): IViewAction->run()
#5 IWEB_PATH/controllers/site.php(65): IController->redirect(index)
#6 IWEB_PATH/lib/web/action/inline_action.php(24): Site->index()
#7 IWEB_PATH/lib/web/controller/controller_class.php(137): IInlineAction->run()
#8 IWEB_PATH/lib/core/webapplication_class.php(29): IController->run()
#9 IWEB_PATH/lib/core/application_class.php(108): IWebApplication->execRequest()
#10 IWEB_PATH/index.php(5): IApplication->run()
</ERROR_BLOCK>

<ERROR_BLOCK>
errorInfo: Undefined variable: tmpId
errorFile: IWEB_PATH/runtime/default/site/index.php
errorLine: 337
errorCode: 8
errorTime: 2016-08-08 19:51:19
#0 IWEB_PATH/lib/web/controller/controllerbase_class.php(116): require(IWEB_PATH/runtime/default/site/index.php)
#1 IWEB_PATH/lib/web/controller/controllerbase_class.php(82): IControllerBase->requireFile(IWEB_PATH/runtime/default/site/index.php)
#2 IWEB_PATH/lib/web/controller/controller_class.php(201): IControllerBase->renderView(IWEB_PATH/views/default/site/index)
#3 IWEB_PATH/lib/web/action/view_action.php(36): IController->render(IWEB_PATH/views/default/site/index)
#4 IWEB_PATH/lib/web/controller/controller_class.php(370): IViewAction->run()
#5 IWEB_PATH/controllers/site.php(65): IController->redirect(index)
#6 IWEB_PATH/lib/web/action/inline_action.php(24): Site->index()
#7 IWEB_PATH/lib/web/controller/controller_class.php(137): IInlineAction->run()
#8 IWEB_PATH/lib/core/webapplication_class.php(29): IController->run()
#9 IWEB_PATH/lib/core/application_class.php(108): IWebApplication->execRequest()
#10 IWEB_PATH/index.php(5): IApplication->run()
</ERROR_BLOCK>

<ERROR_BLOCK>
errorInfo: Undefined variable: tmpId
errorFile: IWEB_PATH/runtime/default/site/index.php
errorLine: 336
errorCode: 8
errorTime: 2016-08-08 19:56:53
#0 IWEB_PATH/lib/web/controller/controllerbase_class.php(116): require(IWEB_PATH/runtime/default/site/index.php)
#1 IWEB_PATH/lib/web/controller/controllerbase_class.php(82): IControllerBase->requireFile(IWEB_PATH/runtime/default/site/index.php)
#2 IWEB_PATH/lib/web/controller/controller_class.php(201): IControllerBase->renderView(IWEB_PATH/views/default/site/index)
#3 IWEB_PATH/lib/web/action/view_action.php(36): IController->render(IWEB_PATH/views/default/site/index)
#4 IWEB_PATH/lib/web/controller/controller_class.php(370): IViewAction->run()
#5 IWEB_PATH/controllers/site.php(72): IController->redirect(index)
#6 IWEB_PATH/lib/web/action/inline_action.php(24): Site->index()
#7 IWEB_PATH/lib/web/controller/controller_class.php(137): IInlineAction->run()
#8 IWEB_PATH/lib/core/webapplication_class.php(29): IController->run()
#9 IWEB_PATH/lib/core/application_class.php(108): IWebApplication->execRequest()
#10 IWEB_PATH/index.php(5): IApplication->run()
</ERROR_BLOCK>

<ERROR_BLOCK>
errorInfo: Undefined variable: tmpId
errorFile: IWEB_PATH/runtime/default/site/index.php
errorLine: 337
errorCode: 8
errorTime: 2016-08-08 19:56:53
#0 IWEB_PATH/lib/web/controller/controllerbase_class.php(116): require(IWEB_PATH/runtime/default/site/index.php)
#1 IWEB_PATH/lib/web/controller/controllerbase_class.php(82): IControllerBase->requireFile(IWEB_PATH/runtime/default/site/index.php)
#2 IWEB_PATH/lib/web/controller/controller_class.php(201): IControllerBase->renderView(IWEB_PATH/views/default/site/index)
#3 IWEB_PATH/lib/web/action/view_action.php(36): IController->render(IWEB_PATH/views/default/site/index)
#4 IWEB_PATH/lib/web/controller/controller_class.php(370): IViewAction->run()
#5 IWEB_PATH/controllers/site.php(72): IController->redirect(index)
#6 IWEB_PATH/lib/web/action/inline_action.php(24): Site->index()
#7 IWEB_PATH/lib/web/controller/controller_class.php(137): IInlineAction->run()
#8 IWEB_PATH/lib/core/webapplication_class.php(29): IController->run()
#9 IWEB_PATH/lib/core/application_class.php(108): IWebApplication->execRequest()
#10 IWEB_PATH/index.php(5): IApplication->run()
</ERROR_BLOCK>

<ERROR_BLOCK>
errorInfo: Undefined variable: tmpId
errorFile: IWEB_PATH/runtime/default/site/index.php
errorLine: 336
errorCode: 8
errorTime: 2016-08-08 19:59:39
#0 IWEB_PATH/lib/web/controller/controllerbase_class.php(116): require(IWEB_PATH/runtime/default/site/index.php)
#1 IWEB_PATH/lib/web/controller/controllerbase_class.php(82): IControllerBase->requireFile(IWEB_PATH/runtime/default/site/index.php)
#2 IWEB_PATH/lib/web/controller/controller_class.php(201): IControllerBase->renderView(IWEB_PATH/views/default/site/index)
#3 IWEB_PATH/lib/web/action/view_action.php(36): IController->render(IWEB_PATH/views/default/site/index)
#4 IWEB_PATH/lib/web/controller/controller_class.php(370): IViewAction->run()
#5 IWEB_PATH/controllers/site.php(73): IController->redirect(index)
#6 IWEB_PATH/lib/web/action/inline_action.php(24): Site->index()
#7 IWEB_PATH/lib/web/controller/controller_class.php(137): IInlineAction->run()
#8 IWEB_PATH/lib/core/webapplication_class.php(29): IController->run()
#9 IWEB_PATH/lib/core/application_class.php(108): IWebApplication->execRequest()
#10 IWEB_PATH/index.php(5): IApplication->run()
</ERROR_BLOCK>

<ERROR_BLOCK>
errorInfo: Undefined variable: tmpId
errorFile: IWEB_PATH/runtime/default/site/index.php
errorLine: 337
errorCode: 8
errorTime: 2016-08-08 19:59:39
#0 IWEB_PATH/lib/web/controller/controllerbase_class.php(116): require(IWEB_PATH/runtime/default/site/index.php)
#1 IWEB_PATH/lib/web/controller/controllerbase_class.php(82): IControllerBase->requireFile(IWEB_PATH/runtime/default/site/index.php)
#2 IWEB_PATH/lib/web/controller/controller_class.php(201): IControllerBase->renderView(IWEB_PATH/views/default/site/index)
#3 IWEB_PATH/lib/web/action/view_action.php(36): IController->render(IWEB_PATH/views/default/site/index)
#4 IWEB_PATH/lib/web/controller/controller_class.php(370): IViewAction->run()
#5 IWEB_PATH/controllers/site.php(73): IController->redirect(index)
#6 IWEB_PATH/lib/web/action/inline_action.php(24): Site->index()
#7 IWEB_PATH/lib/web/controller/controller_class.php(137): IInlineAction->run()
#8 IWEB_PATH/lib/core/webapplication_class.php(29): IController->run()
#9 IWEB_PATH/lib/core/application_class.php(108): IWebApplication->execRequest()
#10 IWEB_PATH/index.php(5): IApplication->run()
</ERROR_BLOCK>

<ERROR_BLOCK>
errorInfo: Undefined index: start_time
errorFile: IWEB_PATH/controllers/site.php
errorLine: 73
errorCode: 8
errorTime: 2016-08-08 20:06:28
#0 IWEB_PATH/lib/web/action/inline_action.php(24): Site->index()
#1 IWEB_PATH/lib/web/controller/controller_class.php(137): IInlineAction->run()
#2 IWEB_PATH/lib/core/webapplication_class.php(29): IController->run()
#3 IWEB_PATH/lib/core/application_class.php(108): IWebApplication->execRequest()
#4 IWEB_PATH/index.php(5): IApplication->run()
</ERROR_BLOCK>

<ERROR_BLOCK>
errorInfo: Undefined index: start_time
errorFile: IWEB_PATH/controllers/site.php
errorLine: 73
errorCode: 8
errorTime: 2016-08-08 20:06:29
#0 IWEB_PATH/lib/web/action/inline_action.php(24): Site->index()
#1 IWEB_PATH/lib/web/controller/controller_class.php(137): IInlineAction->run()
#2 IWEB_PATH/lib/core/webapplication_class.php(29): IController->run()
#3 IWEB_PATH/lib/core/application_class.php(108): IWebApplication->execRequest()
#4 IWEB_PATH/index.php(5): IApplication->run()
</ERROR_BLOCK>

<ERROR_BLOCK>
errorInfo: Undefined index: start_time
errorFile: IWEB_PATH/controllers/site.php
errorLine: 73
errorCode: 8
errorTime: 2016-08-08 20:06:50
#0 IWEB_PATH/lib/web/action/inline_action.php(24): Site->index()
#1 IWEB_PATH/lib/web/controller/controller_class.php(137): IInlineAction->run()
#2 IWEB_PATH/lib/core/webapplication_class.php(29): IController->run()
#3 IWEB_PATH/lib/core/application_class.php(108): IWebApplication->execRequest()
#4 IWEB_PATH/index.php(5): IApplication->run()
</ERROR_BLOCK>

<ERROR_BLOCK>
errorInfo: Undefined index: start_time
errorFile: IWEB_PATH/controllers/site.php
errorLine: 73
errorCode: 8
errorTime: 2016-08-08 20:06:51
#0 IWEB_PATH/lib/web/action/inline_action.php(24): Site->index()
#1 IWEB_PATH/lib/web/controller/controller_class.php(137): IInlineAction->run()
#2 IWEB_PATH/lib/core/webapplication_class.php(29): IController->run()
#3 IWEB_PATH/lib/core/application_class.php(108): IWebApplication->execRequest()
#4 IWEB_PATH/index.php(5): IApplication->run()
</ERROR_BLOCK>

<ERROR_BLOCK>
errorInfo: strstr() [<a href='function.strstr'>function.strstr</a>]: Empty delimiter
errorFile: IWEB_PATH/controllers/simple.php
errorLine: 221
errorCode: 2
errorTime: 2016-08-08 20:07:04
#0 IWEB_PATH/controllers/simple.php(221): strstr(2016-08-08 16:04:06,)
#1 IWEB_PATH/lib/web/action/inline_action.php(24): Simple->login_act()
#2 IWEB_PATH/lib/web/controller/controller_class.php(137): IInlineAction->run()
#3 IWEB_PATH/lib/core/webapplication_class.php(29): IController->run()
#4 IWEB_PATH/lib/core/application_class.php(108): IWebApplication->execRequest()
#5 IWEB_PATH/index.php(5): IApplication->run()
</ERROR_BLOCK>

<ERROR_BLOCK>
errorInfo: Undefined index: start_time
errorFile: IWEB_PATH/controllers/site.php
errorLine: 73
errorCode: 8
errorTime: 2016-08-08 20:07:04
#0 IWEB_PATH/lib/web/action/inline_action.php(24): Site->index()
#1 IWEB_PATH/lib/web/controller/controller_class.php(137): IInlineAction->run()
#2 IWEB_PATH/lib/core/webapplication_class.php(29): IController->run()
#3 IWEB_PATH/lib/core/application_class.php(108): IWebApplication->execRequest()
#4 IWEB_PATH/index.php(5): IApplication->run()
</ERROR_BLOCK>

<ERROR_BLOCK>
errorInfo: Undefined index: start_time
errorFile: IWEB_PATH/controllers/site.php
errorLine: 72
errorCode: 8
errorTime: 2016-08-08 20:13:34
#0 IWEB_PATH/lib/web/action/inline_action.php(24): Site->index()
#1 IWEB_PATH/lib/web/controller/controller_class.php(137): IInlineAction->run()
#2 IWEB_PATH/lib/core/webapplication_class.php(29): IController->run()
#3 IWEB_PATH/lib/core/application_class.php(108): IWebApplication->execRequest()
#4 IWEB_PATH/index.php(5): IApplication->run()
</ERROR_BLOCK>

<ERROR_BLOCK>
errorInfo: Undefined variable: tmpId
errorFile: IWEB_PATH/runtime/default/site/index.php
errorLine: 336
errorCode: 8
errorTime: 2016-08-08 20:13:34
#0 IWEB_PATH/lib/web/controller/controllerbase_class.php(116): require(IWEB_PATH/runtime/default/site/index.php)
#1 IWEB_PATH/lib/web/controller/controllerbase_class.php(82): IControllerBase->requireFile(IWEB_PATH/runtime/default/site/index.php)
#2 IWEB_PATH/lib/web/controller/controller_class.php(201): IControllerBase->renderView(IWEB_PATH/views/default/site/index)
#3 IWEB_PATH/lib/web/action/view_action.php(36): IController->render(IWEB_PATH/views/default/site/index)
#4 IWEB_PATH/lib/web/controller/controller_class.php(370): IViewAction->run()
#5 IWEB_PATH/controllers/site.php(79): IController->redirect(index)
#6 IWEB_PATH/lib/web/action/inline_action.php(24): Site->index()
#7 IWEB_PATH/lib/web/controller/controller_class.php(137): IInlineAction->run()
#8 IWEB_PATH/lib/core/webapplication_class.php(29): IController->run()
#9 IWEB_PATH/lib/core/application_class.php(108): IWebApplication->execRequest()
#10 IWEB_PATH/index.php(5): IApplication->run()
</ERROR_BLOCK>

<ERROR_BLOCK>
errorInfo: Undefined variable: tmpId
errorFile: IWEB_PATH/runtime/default/site/index.php
errorLine: 337
errorCode: 8
errorTime: 2016-08-08 20:13:34
#0 IWEB_PATH/lib/web/controller/controllerbase_class.php(116): require(IWEB_PATH/runtime/default/site/index.php)
#1 IWEB_PATH/lib/web/controller/controllerbase_class.php(82): IControllerBase->requireFile(IWEB_PATH/runtime/default/site/index.php)
#2 IWEB_PATH/lib/web/controller/controller_class.php(201): IControllerBase->renderView(IWEB_PATH/views/default/site/index)
#3 IWEB_PATH/lib/web/action/view_action.php(36): IController->render(IWEB_PATH/views/default/site/index)
#4 IWEB_PATH/lib/web/controller/controller_class.php(370): IViewAction->run()
#5 IWEB_PATH/controllers/site.php(79): IController->redirect(index)
#6 IWEB_PATH/lib/web/action/inline_action.php(24): Site->index()
#7 IWEB_PATH/lib/web/controller/controller_class.php(137): IInlineAction->run()
#8 IWEB_PATH/lib/core/webapplication_class.php(29): IController->run()
#9 IWEB_PATH/lib/core/application_class.php(108): IWebApplication->execRequest()
#10 IWEB_PATH/index.php(5): IApplication->run()
</ERROR_BLOCK>

<ERROR_BLOCK>
errorInfo: Undefined variable: tmpId
errorFile: IWEB_PATH/runtime/default/site/index.php
errorLine: 336
errorCode: 8
errorTime: 2016-08-08 20:16:26
#0 IWEB_PATH/lib/web/controller/controllerbase_class.php(116): require(IWEB_PATH/runtime/default/site/index.php)
#1 IWEB_PATH/lib/web/controller/controllerbase_class.php(82): IControllerBase->requireFile(IWEB_PATH/runtime/default/site/index.php)
#2 IWEB_PATH/lib/web/controller/controller_class.php(201): IControllerBase->renderView(IWEB_PATH/views/default/site/index)
#3 IWEB_PATH/lib/web/action/view_action.php(36): IController->render(IWEB_PATH/views/default/site/index)
#4 IWEB_PATH/lib/web/controller/controller_class.php(370): IViewAction->run()
#5 IWEB_PATH/controllers/site.php(82): IController->redirect(index)
#6 IWEB_PATH/lib/web/action/inline_action.php(24): Site->index()
#7 IWEB_PATH/lib/web/controller/controller_class.php(137): IInlineAction->run()
#8 IWEB_PATH/lib/core/webapplication_class.php(29): IController->run()
#9 IWEB_PATH/lib/core/application_class.php(108): IWebApplication->execRequest()
#10 IWEB_PATH/index.php(5): IApplication->run()
</ERROR_BLOCK>

<ERROR_BLOCK>
errorInfo: Undefined variable: tmpId
errorFile: IWEB_PATH/runtime/default/site/index.php
errorLine: 337
errorCode: 8
errorTime: 2016-08-08 20:16:26
#0 IWEB_PATH/lib/web/controller/controllerbase_class.php(116): require(IWEB_PATH/runtime/default/site/index.php)
#1 IWEB_PATH/lib/web/controller/controllerbase_class.php(82): IControllerBase->requireFile(IWEB_PATH/runtime/default/site/index.php)
#2 IWEB_PATH/lib/web/controller/controller_class.php(201): IControllerBase->renderView(IWEB_PATH/views/default/site/index)
#3 IWEB_PATH/lib/web/action/view_action.php(36): IController->render(IWEB_PATH/views/default/site/index)
#4 IWEB_PATH/lib/web/controller/controller_class.php(370): IViewAction->run()
#5 IWEB_PATH/controllers/site.php(82): IController->redirect(index)
#6 IWEB_PATH/lib/web/action/inline_action.php(24): Site->index()
#7 IWEB_PATH/lib/web/controller/controller_class.php(137): IInlineAction->run()
#8 IWEB_PATH/lib/core/webapplication_class.php(29): IController->run()
#9 IWEB_PATH/lib/core/application_class.php(108): IWebApplication->execRequest()
#10 IWEB_PATH/index.php(5): IApplication->run()
</ERROR_BLOCK>

<ERROR_BLOCK>
errorInfo: Undefined variable: tmpId
errorFile: IWEB_PATH/runtime/default/site/index.php
errorLine: 336
errorCode: 8
errorTime: 2016-08-08 20:16:31
#0 IWEB_PATH/lib/web/controller/controllerbase_class.php(116): require(IWEB_PATH/runtime/default/site/index.php)
#1 IWEB_PATH/lib/web/controller/controllerbase_class.php(82): IControllerBase->requireFile(IWEB_PATH/runtime/default/site/index.php)
#2 IWEB_PATH/lib/web/controller/controller_class.php(201): IControllerBase->renderView(IWEB_PATH/views/default/site/index)
#3 IWEB_PATH/lib/web/action/view_action.php(36): IController->render(IWEB_PATH/views/default/site/index)
#4 IWEB_PATH/lib/web/controller/controller_class.php(370): IViewAction->run()
#5 IWEB_PATH/controllers/site.php(82): IController->redirect(index)
#6 IWEB_PATH/lib/web/action/inline_action.php(24): Site->index()
#7 IWEB_PATH/lib/web/controller/controller_class.php(137): IInlineAction->run()
#8 IWEB_PATH/lib/core/webapplication_class.php(29): IController->run()
#9 IWEB_PATH/lib/core/application_class.php(108): IWebApplication->execRequest()
#10 IWEB_PATH/index.php(5): IApplication->run()
</ERROR_BLOCK>

<ERROR_BLOCK>
errorInfo: Undefined variable: tmpId
errorFile: IWEB_PATH/runtime/default/site/index.php
errorLine: 337
errorCode: 8
errorTime: 2016-08-08 20:16:31
#0 IWEB_PATH/lib/web/controller/controllerbase_class.php(116): require(IWEB_PATH/runtime/default/site/index.php)
#1 IWEB_PATH/lib/web/controller/controllerbase_class.php(82): IControllerBase->requireFile(IWEB_PATH/runtime/default/site/index.php)
#2 IWEB_PATH/lib/web/controller/controller_class.php(201): IControllerBase->renderView(IWEB_PATH/views/default/site/index)
#3 IWEB_PATH/lib/web/action/view_action.php(36): IController->render(IWEB_PATH/views/default/site/index)
#4 IWEB_PATH/lib/web/controller/controller_class.php(370): IViewAction->run()
#5 IWEB_PATH/controllers/site.php(82): IController->redirect(index)
#6 IWEB_PATH/lib/web/action/inline_action.php(24): Site->index()
#7 IWEB_PATH/lib/web/controller/controller_class.php(137): IInlineAction->run()
#8 IWEB_PATH/lib/core/webapplication_class.php(29): IController->run()
#9 IWEB_PATH/lib/core/application_class.php(108): IWebApplication->execRequest()
#10 IWEB_PATH/index.php(5): IApplication->run()
</ERROR_BLOCK>

<ERROR_BLOCK>
errorInfo: Undefined variable: tmpId
errorFile: IWEB_PATH/runtime/default/site/index.php
errorLine: 336
errorCode: 8
errorTime: 2016-08-08 20:16:34
#0 IWEB_PATH/lib/web/controller/controllerbase_class.php(116): require(IWEB_PATH/runtime/default/site/index.php)
#1 IWEB_PATH/lib/web/controller/controllerbase_class.php(82): IControllerBase->requireFile(IWEB_PATH/runtime/default/site/index.php)
#2 IWEB_PATH/lib/web/controller/controller_class.php(201): IControllerBase->renderView(IWEB_PATH/views/default/site/index)
#3 IWEB_PATH/lib/web/action/view_action.php(36): IController->render(IWEB_PATH/views/default/site/index)
#4 IWEB_PATH/lib/web/controller/controller_class.php(370): IViewAction->run()
#5 IWEB_PATH/controllers/site.php(82): IController->redirect(index)
#6 IWEB_PATH/lib/web/action/inline_action.php(24): Site->index()
#7 IWEB_PATH/lib/web/controller/controller_class.php(137): IInlineAction->run()
#8 IWEB_PATH/lib/core/webapplication_class.php(29): IController->run()
#9 IWEB_PATH/lib/core/application_class.php(108): IWebApplication->execRequest()
#10 IWEB_PATH/index.php(5): IApplication->run()
</ERROR_BLOCK>

<ERROR_BLOCK>
errorInfo: Undefined variable: tmpId
errorFile: IWEB_PATH/runtime/default/site/index.php
errorLine: 337
errorCode: 8
errorTime: 2016-08-08 20:16:34
#0 IWEB_PATH/lib/web/controller/controllerbase_class.php(116): require(IWEB_PATH/runtime/default/site/index.php)
#1 IWEB_PATH/lib/web/controller/controllerbase_class.php(82): IControllerBase->requireFile(IWEB_PATH/runtime/default/site/index.php)
#2 IWEB_PATH/lib/web/controller/controller_class.php(201): IControllerBase->renderView(IWEB_PATH/views/default/site/index)
#3 IWEB_PATH/lib/web/action/view_action.php(36): IController->render(IWEB_PATH/views/default/site/index)
#4 IWEB_PATH/lib/web/controller/controller_class.php(370): IViewAction->run()
#5 IWEB_PATH/controllers/site.php(82): IController->redirect(index)
#6 IWEB_PATH/lib/web/action/inline_action.php(24): Site->index()
#7 IWEB_PATH/lib/web/controller/controller_class.php(137): IInlineAction->run()
#8 IWEB_PATH/lib/core/webapplication_class.php(29): IController->run()
#9 IWEB_PATH/lib/core/application_class.php(108): IWebApplication->execRequest()
#10 IWEB_PATH/index.php(5): IApplication->run()
</ERROR_BLOCK>

<ERROR_BLOCK>
errorInfo: Undefined variable: tmpId
errorFile: IWEB_PATH/runtime/default/site/index.php
errorLine: 336
errorCode: 8
errorTime: 2016-08-08 20:16:39
#0 IWEB_PATH/lib/web/controller/controllerbase_class.php(116): require(IWEB_PATH/runtime/default/site/index.php)
#1 IWEB_PATH/lib/web/controller/controllerbase_class.php(82): IControllerBase->requireFile(IWEB_PATH/runtime/default/site/index.php)
#2 IWEB_PATH/lib/web/controller/controller_class.php(201): IControllerBase->renderView(IWEB_PATH/views/default/site/index)
#3 IWEB_PATH/lib/web/action/view_action.php(36): IController->render(IWEB_PATH/views/default/site/index)
#4 IWEB_PATH/lib/web/controller/controller_class.php(370): IViewAction->run()
#5 IWEB_PATH/controllers/site.php(82): IController->redirect(index)
#6 IWEB_PATH/lib/web/action/inline_action.php(24): Site->index()
#7 IWEB_PATH/lib/web/controller/controller_class.php(137): IInlineAction->run()
#8 IWEB_PATH/lib/core/webapplication_class.php(29): IController->run()
#9 IWEB_PATH/lib/core/application_class.php(108): IWebApplication->execRequest()
#10 IWEB_PATH/index.php(5): IApplication->run()
</ERROR_BLOCK>

<ERROR_BLOCK>
errorInfo: Undefined variable: tmpId
errorFile: IWEB_PATH/runtime/default/site/index.php
errorLine: 337
errorCode: 8
errorTime: 2016-08-08 20:16:39
#0 IWEB_PATH/lib/web/controller/controllerbase_class.php(116): require(IWEB_PATH/runtime/default/site/index.php)
#1 IWEB_PATH/lib/web/controller/controllerbase_class.php(82): IControllerBase->requireFile(IWEB_PATH/runtime/default/site/index.php)
#2 IWEB_PATH/lib/web/controller/controller_class.php(201): IControllerBase->renderView(IWEB_PATH/views/default/site/index)
#3 IWEB_PATH/lib/web/action/view_action.php(36): IController->render(IWEB_PATH/views/default/site/index)
#4 IWEB_PATH/lib/web/controller/controller_class.php(370): IViewAction->run()
#5 IWEB_PATH/controllers/site.php(82): IController->redirect(index)
#6 IWEB_PATH/lib/web/action/inline_action.php(24): Site->index()
#7 IWEB_PATH/lib/web/controller/controller_class.php(137): IInlineAction->run()
#8 IWEB_PATH/lib/core/webapplication_class.php(29): IController->run()
#9 IWEB_PATH/lib/core/application_class.php(108): IWebApplication->execRequest()
#10 IWEB_PATH/index.php(5): IApplication->run()
</ERROR_BLOCK>

<ERROR_BLOCK>
errorInfo: Undefined variable: tmpId
errorFile: IWEB_PATH/runtime/default/site/index.php
errorLine: 336
errorCode: 8
errorTime: 2016-08-08 20:16:43
#0 IWEB_PATH/lib/web/controller/controllerbase_class.php(116): require(IWEB_PATH/runtime/default/site/index.php)
#1 IWEB_PATH/lib/web/controller/controllerbase_class.php(82): IControllerBase->requireFile(IWEB_PATH/runtime/default/site/index.php)
#2 IWEB_PATH/lib/web/controller/controller_class.php(201): IControllerBase->renderView(IWEB_PATH/views/default/site/index)
#3 IWEB_PATH/lib/web/action/view_action.php(36): IController->render(IWEB_PATH/views/default/site/index)
#4 IWEB_PATH/lib/web/controller/controller_class.php(370): IViewAction->run()
#5 IWEB_PATH/controllers/site.php(82): IController->redirect(index)
#6 IWEB_PATH/lib/web/action/inline_action.php(24): Site->index()
#7 IWEB_PATH/lib/web/controller/controller_class.php(137): IInlineAction->run()
#8 IWEB_PATH/lib/core/webapplication_class.php(29): IController->run()
#9 IWEB_PATH/lib/core/application_class.php(108): IWebApplication->execRequest()
#10 IWEB_PATH/index.php(5): IApplication->run()
</ERROR_BLOCK>

<ERROR_BLOCK>
errorInfo: Undefined variable: tmpId
errorFile: IWEB_PATH/runtime/default/site/index.php
errorLine: 337
errorCode: 8
errorTime: 2016-08-08 20:16:43
#0 IWEB_PATH/lib/web/controller/controllerbase_class.php(116): require(IWEB_PATH/runtime/default/site/index.php)
#1 IWEB_PATH/lib/web/controller/controllerbase_class.php(82): IControllerBase->requireFile(IWEB_PATH/runtime/default/site/index.php)
#2 IWEB_PATH/lib/web/controller/controller_class.php(201): IControllerBase->renderView(IWEB_PATH/views/default/site/index)
#3 IWEB_PATH/lib/web/action/view_action.php(36): IController->render(IWEB_PATH/views/default/site/index)
#4 IWEB_PATH/lib/web/controller/controller_class.php(370): IViewAction->run()
#5 IWEB_PATH/controllers/site.php(82): IController->redirect(index)
#6 IWEB_PATH/lib/web/action/inline_action.php(24): Site->index()
#7 IWEB_PATH/lib/web/controller/controller_class.php(137): IInlineAction->run()
#8 IWEB_PATH/lib/core/webapplication_class.php(29): IController->run()
#9 IWEB_PATH/lib/core/application_class.php(108): IWebApplication->execRequest()
#10 IWEB_PATH/index.php(5): IApplication->run()
</ERROR_BLOCK>

<ERROR_BLOCK>
errorInfo: Undefined variable: tmpId
errorFile: IWEB_PATH/runtime/default/site/index.php
errorLine: 336
errorCode: 8
errorTime: 2016-08-08 20:25:06
#0 IWEB_PATH/lib/web/controller/controllerbase_class.php(116): require(IWEB_PATH/runtime/default/site/index.php)
#1 IWEB_PATH/lib/web/controller/controllerbase_class.php(82): IControllerBase->requireFile(IWEB_PATH/runtime/default/site/index.php)
#2 IWEB_PATH/lib/web/controller/controller_class.php(201): IControllerBase->renderView(IWEB_PATH/views/default/site/index)
#3 IWEB_PATH/lib/web/action/view_action.php(36): IController->render(IWEB_PATH/views/default/site/index)
#4 IWEB_PATH/lib/web/controller/controller_class.php(370): IViewAction->run()
#5 IWEB_PATH/controllers/site.php(82): IController->redirect(index)
#6 IWEB_PATH/lib/web/action/inline_action.php(24): Site->index()
#7 IWEB_PATH/lib/web/controller/controller_class.php(137): IInlineAction->run()
#8 IWEB_PATH/lib/core/webapplication_class.php(29): IController->run()
#9 IWEB_PATH/lib/core/application_class.php(108): IWebApplication->execRequest()
#10 IWEB_PATH/index.php(5): IApplication->run()
</ERROR_BLOCK>

<ERROR_BLOCK>
errorInfo: Undefined variable: tmpId
errorFile: IWEB_PATH/runtime/default/site/index.php
errorLine: 337
errorCode: 8
errorTime: 2016-08-08 20:25:06
#0 IWEB_PATH/lib/web/controller/controllerbase_class.php(116): require(IWEB_PATH/runtime/default/site/index.php)
#1 IWEB_PATH/lib/web/controller/controllerbase_class.php(82): IControllerBase->requireFile(IWEB_PATH/runtime/default/site/index.php)
#2 IWEB_PATH/lib/web/controller/controller_class.php(201): IControllerBase->renderView(IWEB_PATH/views/default/site/index)
#3 IWEB_PATH/lib/web/action/view_action.php(36): IController->render(IWEB_PATH/views/default/site/index)
#4 IWEB_PATH/lib/web/controller/controller_class.php(370): IViewAction->run()
#5 IWEB_PATH/controllers/site.php(82): IController->redirect(index)
#6 IWEB_PATH/lib/web/action/inline_action.php(24): Site->index()
#7 IWEB_PATH/lib/web/controller/controller_class.php(137): IInlineAction->run()
#8 IWEB_PATH/lib/core/webapplication_class.php(29): IController->run()
#9 IWEB_PATH/lib/core/application_class.php(108): IWebApplication->execRequest()
#10 IWEB_PATH/index.php(5): IApplication->run()
</ERROR_BLOCK>

<ERROR_BLOCK>
errorInfo: Undefined variable: tmpId
errorFile: IWEB_PATH/runtime/default/site/index.php
errorLine: 336
errorCode: 8
errorTime: 2016-08-08 20:27:47
#0 IWEB_PATH/lib/web/controller/controllerbase_class.php(116): require(IWEB_PATH/runtime/default/site/index.php)
#1 IWEB_PATH/lib/web/controller/controllerbase_class.php(82): IControllerBase->requireFile(IWEB_PATH/runtime/default/site/index.php)
#2 IWEB_PATH/lib/web/controller/controller_class.php(201): IControllerBase->renderView(IWEB_PATH/views/default/site/index)
#3 IWEB_PATH/lib/web/action/view_action.php(36): IController->render(IWEB_PATH/views/default/site/index)
#4 IWEB_PATH/lib/web/controller/controller_class.php(370): IViewAction->run()
#5 IWEB_PATH/controllers/site.php(82): IController->redirect(index)
#6 IWEB_PATH/lib/web/action/inline_action.php(24): Site->index()
#7 IWEB_PATH/lib/web/controller/controller_class.php(137): IInlineAction->run()
#8 IWEB_PATH/lib/core/webapplication_class.php(29): IController->run()
#9 IWEB_PATH/lib/core/application_class.php(108): IWebApplication->execRequest()
#10 IWEB_PATH/index.php(5): IApplication->run()
</ERROR_BLOCK>

<ERROR_BLOCK>
errorInfo: Undefined variable: tmpId
errorFile: IWEB_PATH/runtime/default/site/index.php
errorLine: 337
errorCode: 8
errorTime: 2016-08-08 20:27:47
#0 IWEB_PATH/lib/web/controller/controllerbase_class.php(116): require(IWEB_PATH/runtime/default/site/index.php)
#1 IWEB_PATH/lib/web/controller/controllerbase_class.php(82): IControllerBase->requireFile(IWEB_PATH/runtime/default/site/index.php)
#2 IWEB_PATH/lib/web/controller/controller_class.php(201): IControllerBase->renderView(IWEB_PATH/views/default/site/index)
#3 IWEB_PATH/lib/web/action/view_action.php(36): IController->render(IWEB_PATH/views/default/site/index)
#4 IWEB_PATH/lib/web/controller/controller_class.php(370): IViewAction->run()
#5 IWEB_PATH/controllers/site.php(82): IController->redirect(index)
#6 IWEB_PATH/lib/web/action/inline_action.php(24): Site->index()
#7 IWEB_PATH/lib/web/controller/controller_class.php(137): IInlineAction->run()
#8 IWEB_PATH/lib/core/webapplication_class.php(29): IController->run()
#9 IWEB_PATH/lib/core/application_class.php(108): IWebApplication->execRequest()
#10 IWEB_PATH/index.php(5): IApplication->run()
</ERROR_BLOCK>

<ERROR_BLOCK>
errorInfo: Undefined variable: tmpId
errorFile: IWEB_PATH/runtime/default/site/index.php
errorLine: 336
errorCode: 8
errorTime: 2016-08-08 20:30:21
#0 IWEB_PATH/lib/web/controller/controllerbase_class.php(116): require(IWEB_PATH/runtime/default/site/index.php)
#1 IWEB_PATH/lib/web/controller/controllerbase_class.php(82): IControllerBase->requireFile(IWEB_PATH/runtime/default/site/index.php)
#2 IWEB_PATH/lib/web/controller/controller_class.php(201): IControllerBase->renderView(IWEB_PATH/views/default/site/index)
#3 IWEB_PATH/lib/web/action/view_action.php(36): IController->render(IWEB_PATH/views/default/site/index)
#4 IWEB_PATH/lib/web/controller/controller_class.php(370): IViewAction->run()
#5 IWEB_PATH/controllers/site.php(83): IController->redirect(index)
#6 IWEB_PATH/lib/web/action/inline_action.php(24): Site->index()
#7 IWEB_PATH/lib/web/controller/controller_class.php(137): IInlineAction->run()
#8 IWEB_PATH/lib/core/webapplication_class.php(29): IController->run()
#9 IWEB_PATH/lib/core/application_class.php(108): IWebApplication->execRequest()
#10 IWEB_PATH/index.php(5): IApplication->run()
</ERROR_BLOCK>

<ERROR_BLOCK>
errorInfo: Undefined variable: tmpId
errorFile: IWEB_PATH/runtime/default/site/index.php
errorLine: 337
errorCode: 8
errorTime: 2016-08-08 20:30:21
#0 IWEB_PATH/lib/web/controller/controllerbase_class.php(116): require(IWEB_PATH/runtime/default/site/index.php)
#1 IWEB_PATH/lib/web/controller/controllerbase_class.php(82): IControllerBase->requireFile(IWEB_PATH/runtime/default/site/index.php)
#2 IWEB_PATH/lib/web/controller/controller_class.php(201): IControllerBase->renderView(IWEB_PATH/views/default/site/index)
#3 IWEB_PATH/lib/web/action/view_action.php(36): IController->render(IWEB_PATH/views/default/site/index)
#4 IWEB_PATH/lib/web/controller/controller_class.php(370): IViewAction->run()
#5 IWEB_PATH/controllers/site.php(83): IController->redirect(index)
#6 IWEB_PATH/lib/web/action/inline_action.php(24): Site->index()
#7 IWEB_PATH/lib/web/controller/controller_class.php(137): IInlineAction->run()
#8 IWEB_PATH/lib/core/webapplication_class.php(29): IController->run()
#9 IWEB_PATH/lib/core/application_class.php(108): IWebApplication->execRequest()
#10 IWEB_PATH/index.php(5): IApplication->run()
</ERROR_BLOCK>

<ERROR_BLOCK>
errorInfo: Undefined variable: tmpId
errorFile: IWEB_PATH/runtime/default/site/index.php
errorLine: 336
errorCode: 8
errorTime: 2016-08-08 20:32:20
#0 IWEB_PATH/lib/web/controller/controllerbase_class.php(116): require(IWEB_PATH/runtime/default/site/index.php)
#1 IWEB_PATH/lib/web/controller/controllerbase_class.php(82): IControllerBase->requireFile(IWEB_PATH/runtime/default/site/index.php)
#2 IWEB_PATH/lib/web/controller/controller_class.php(201): IControllerBase->renderView(IWEB_PATH/views/default/site/index)
#3 IWEB_PATH/lib/web/action/view_action.php(36): IController->render(IWEB_PATH/views/default/site/index)
#4 IWEB_PATH/lib/web/controller/controller_class.php(370): IViewAction->run()
#5 IWEB_PATH/controllers/site.php(84): IController->redirect(index)
#6 IWEB_PATH/lib/web/action/inline_action.php(24): Site->index()
#7 IWEB_PATH/lib/web/controller/controller_class.php(137): IInlineAction->run()
#8 IWEB_PATH/lib/core/webapplication_class.php(29): IController->run()
#9 IWEB_PATH/lib/core/application_class.php(108): IWebApplication->execRequest()
#10 IWEB_PATH/index.php(5): IApplication->run()
</ERROR_BLOCK>

<ERROR_BLOCK>
errorInfo: Undefined variable: tmpId
errorFile: IWEB_PATH/runtime/default/site/index.php
errorLine: 337
errorCode: 8
errorTime: 2016-08-08 20:32:20
#0 IWEB_PATH/lib/web/controller/controllerbase_class.php(116): require(IWEB_PATH/runtime/default/site/index.php)
#1 IWEB_PATH/lib/web/controller/controllerbase_class.php(82): IControllerBase->requireFile(IWEB_PATH/runtime/default/site/index.php)
#2 IWEB_PATH/lib/web/controller/controller_class.php(201): IControllerBase->renderView(IWEB_PATH/views/default/site/index)
#3 IWEB_PATH/lib/web/action/view_action.php(36): IController->render(IWEB_PATH/views/default/site/index)
#4 IWEB_PATH/lib/web/controller/controller_class.php(370): IViewAction->run()
#5 IWEB_PATH/controllers/site.php(84): IController->redirect(index)
#6 IWEB_PATH/lib/web/action/inline_action.php(24): Site->index()
#7 IWEB_PATH/lib/web/controller/controller_class.php(137): IInlineAction->run()
#8 IWEB_PATH/lib/core/webapplication_class.php(29): IController->run()
#9 IWEB_PATH/lib/core/application_class.php(108): IWebApplication->execRequest()
#10 IWEB_PATH/index.php(5): IApplication->run()
</ERROR_BLOCK>

<ERROR_BLOCK>
errorInfo: Undefined index: url
errorFile: IWEB_PATH/runtime/default/site/index.php
errorLine: 210
errorCode: 8
errorTime: 2016-08-08 20:57:45
#0 IWEB_PATH/lib/web/controller/controllerbase_class.php(116): require(IWEB_PATH/runtime/default/site/index.php)
#1 IWEB_PATH/lib/web/controller/controllerbase_class.php(82): IControllerBase->requireFile(IWEB_PATH/runtime/default/site/index.php)
#2 IWEB_PATH/lib/web/controller/controller_class.php(201): IControllerBase->renderView(IWEB_PATH/views/default/site/index)
#3 IWEB_PATH/lib/web/action/view_action.php(36): IController->render(IWEB_PATH/views/default/site/index)
#4 IWEB_PATH/lib/web/controller/controller_class.php(370): IViewAction->run()
#5 IWEB_PATH/controllers/site.php(89): IController->redirect(index)
#6 IWEB_PATH/lib/web/action/inline_action.php(24): Site->index()
#7 IWEB_PATH/lib/web/controller/controller_class.php(137): IInlineAction->run()
#8 IWEB_PATH/lib/core/webapplication_class.php(29): IController->run()
#9 IWEB_PATH/lib/core/application_class.php(108): IWebApplication->execRequest()
#10 IWEB_PATH/index.php(5): IApplication->run()
</ERROR_BLOCK>

<ERROR_BLOCK>
errorInfo: Undefined index: url
errorFile: IWEB_PATH/runtime/default/site/index.php
errorLine: 210
errorCode: 8
errorTime: 2016-08-08 20:57:45
#0 IWEB_PATH/lib/web/controller/controllerbase_class.php(116): require(IWEB_PATH/runtime/default/site/index.php)
#1 IWEB_PATH/lib/web/controller/controllerbase_class.php(82): IControllerBase->requireFile(IWEB_PATH/runtime/default/site/index.php)
#2 IWEB_PATH/lib/web/controller/controller_class.php(201): IControllerBase->renderView(IWEB_PATH/views/default/site/index)
#3 IWEB_PATH/lib/web/action/view_action.php(36): IController->render(IWEB_PATH/views/default/site/index)
#4 IWEB_PATH/lib/web/controller/controller_class.php(370): IViewAction->run()
#5 IWEB_PATH/controllers/site.php(89): IController->redirect(index)
#6 IWEB_PATH/lib/web/action/inline_action.php(24): Site->index()
#7 IWEB_PATH/lib/web/controller/controller_class.php(137): IInlineAction->run()
#8 IWEB_PATH/lib/core/webapplication_class.php(29): IController->run()
#9 IWEB_PATH/lib/core/application_class.php(108): IWebApplication->execRequest()
#10 IWEB_PATH/index.php(5): IApplication->run()
</ERROR_BLOCK>

<ERROR_BLOCK>
errorInfo: Undefined index: url
errorFile: IWEB_PATH/runtime/default/site/index.php
errorLine: 210
errorCode: 8
errorTime: 2016-08-08 20:57:45
#0 IWEB_PATH/lib/web/controller/controllerbase_class.php(116): require(IWEB_PATH/runtime/default/site/index.php)
#1 IWEB_PATH/lib/web/controller/controllerbase_class.php(82): IControllerBase->requireFile(IWEB_PATH/runtime/default/site/index.php)
#2 IWEB_PATH/lib/web/controller/controller_class.php(201): IControllerBase->renderView(IWEB_PATH/views/default/site/index)
#3 IWEB_PATH/lib/web/action/view_action.php(36): IController->render(IWEB_PATH/views/default/site/index)
#4 IWEB_PATH/lib/web/controller/controller_class.php(370): IViewAction->run()
#5 IWEB_PATH/controllers/site.php(89): IController->redirect(index)
#6 IWEB_PATH/lib/web/action/inline_action.php(24): Site->index()
#7 IWEB_PATH/lib/web/controller/controller_class.php(137): IInlineAction->run()
#8 IWEB_PATH/lib/core/webapplication_class.php(29): IController->run()
#9 IWEB_PATH/lib/core/application_class.php(108): IWebApplication->execRequest()
#10 IWEB_PATH/index.php(5): IApplication->run()
</ERROR_BLOCK>

<ERROR_BLOCK>
errorInfo: Undefined variable: tmpId
errorFile: IWEB_PATH/runtime/default/site/index.php
errorLine: 336
errorCode: 8
errorTime: 2016-08-08 20:57:45
#0 IWEB_PATH/lib/web/controller/controllerbase_class.php(116): require(IWEB_PATH/runtime/default/site/index.php)
#1 IWEB_PATH/lib/web/controller/controllerbase_class.php(82): IControllerBase->requireFile(IWEB_PATH/runtime/default/site/index.php)
#2 IWEB_PATH/lib/web/controller/controller_class.php(201): IControllerBase->renderView(IWEB_PATH/views/default/site/index)
#3 IWEB_PATH/lib/web/action/view_action.php(36): IController->render(IWEB_PATH/views/default/site/index)
#4 IWEB_PATH/lib/web/controller/controller_class.php(370): IViewAction->run()
#5 IWEB_PATH/controllers/site.php(89): IController->redirect(index)
#6 IWEB_PATH/lib/web/action/inline_action.php(24): Site->index()
#7 IWEB_PATH/lib/web/controller/controller_class.php(137): IInlineAction->run()
#8 IWEB_PATH/lib/core/webapplication_class.php(29): IController->run()
#9 IWEB_PATH/lib/core/application_class.php(108): IWebApplication->execRequest()
#10 IWEB_PATH/index.php(5): IApplication->run()
</ERROR_BLOCK>

<ERROR_BLOCK>
errorInfo: Undefined variable: tmpId
errorFile: IWEB_PATH/runtime/default/site/index.php
errorLine: 337
errorCode: 8
errorTime: 2016-08-08 20:57:45
#0 IWEB_PATH/lib/web/controller/controllerbase_class.php(116): require(IWEB_PATH/runtime/default/site/index.php)
#1 IWEB_PATH/lib/web/controller/controllerbase_class.php(82): IControllerBase->requireFile(IWEB_PATH/runtime/default/site/index.php)
#2 IWEB_PATH/lib/web/controller/controller_class.php(201): IControllerBase->renderView(IWEB_PATH/views/default/site/index)
#3 IWEB_PATH/lib/web/action/view_action.php(36): IController->render(IWEB_PATH/views/default/site/index)
#4 IWEB_PATH/lib/web/controller/controller_class.php(370): IViewAction->run()
#5 IWEB_PATH/controllers/site.php(89): IController->redirect(index)
#6 IWEB_PATH/lib/web/action/inline_action.php(24): Site->index()
#7 IWEB_PATH/lib/web/controller/controller_class.php(137): IInlineAction->run()
#8 IWEB_PATH/lib/core/webapplication_class.php(29): IController->run()
#9 IWEB_PATH/lib/core/application_class.php(108): IWebApplication->execRequest()
#10 IWEB_PATH/index.php(5): IApplication->run()
</ERROR_BLOCK>

<ERROR_BLOCK>
errorInfo: Undefined index: url
errorFile: IWEB_PATH/runtime/default/site/index.php
errorLine: 210
errorCode: 8
errorTime: 2016-08-08 20:59:32
#0 IWEB_PATH/lib/web/controller/controllerbase_class.php(116): require(IWEB_PATH/runtime/default/site/index.php)
#1 IWEB_PATH/lib/web/controller/controllerbase_class.php(82): IControllerBase->requireFile(IWEB_PATH/runtime/default/site/index.php)
#2 IWEB_PATH/lib/web/controller/controller_class.php(201): IControllerBase->renderView(IWEB_PATH/views/default/site/index)
#3 IWEB_PATH/lib/web/action/view_action.php(36): IController->render(IWEB_PATH/views/default/site/index)
#4 IWEB_PATH/lib/web/controller/controller_class.php(370): IViewAction->run()
#5 IWEB_PATH/controllers/site.php(89): IController->redirect(index)
#6 IWEB_PATH/lib/web/action/inline_action.php(24): Site->index()
#7 IWEB_PATH/lib/web/controller/controller_class.php(137): IInlineAction->run()
#8 IWEB_PATH/lib/core/webapplication_class.php(29): IController->run()
#9 IWEB_PATH/lib/core/application_class.php(108): IWebApplication->execRequest()
#10 IWEB_PATH/index.php(5): IApplication->run()
</ERROR_BLOCK>

<ERROR_BLOCK>
errorInfo: Undefined index: url
errorFile: IWEB_PATH/runtime/default/site/index.php
errorLine: 210
errorCode: 8
errorTime: 2016-08-08 20:59:32
#0 IWEB_PATH/lib/web/controller/controllerbase_class.php(116): require(IWEB_PATH/runtime/default/site/index.php)
#1 IWEB_PATH/lib/web/controller/controllerbase_class.php(82): IControllerBase->requireFile(IWEB_PATH/runtime/default/site/index.php)
#2 IWEB_PATH/lib/web/controller/controller_class.php(201): IControllerBase->renderView(IWEB_PATH/views/default/site/index)
#3 IWEB_PATH/lib/web/action/view_action.php(36): IController->render(IWEB_PATH/views/default/site/index)
#4 IWEB_PATH/lib/web/controller/controller_class.php(370): IViewAction->run()
#5 IWEB_PATH/controllers/site.php(89): IController->redirect(index)
#6 IWEB_PATH/lib/web/action/inline_action.php(24): Site->index()
#7 IWEB_PATH/lib/web/controller/controller_class.php(137): IInlineAction->run()
#8 IWEB_PATH/lib/core/webapplication_class.php(29): IController->run()
#9 IWEB_PATH/lib/core/application_class.php(108): IWebApplication->execRequest()
#10 IWEB_PATH/index.php(5): IApplication->run()
</ERROR_BLOCK>

<ERROR_BLOCK>
errorInfo: Undefined index: url
errorFile: IWEB_PATH/runtime/default/site/index.php
errorLine: 210
errorCode: 8
errorTime: 2016-08-08 20:59:32
#0 IWEB_PATH/lib/web/controller/controllerbase_class.php(116): require(IWEB_PATH/runtime/default/site/index.php)
#1 IWEB_PATH/lib/web/controller/controllerbase_class.php(82): IControllerBase->requireFile(IWEB_PATH/runtime/default/site/index.php)
#2 IWEB_PATH/lib/web/controller/controller_class.php(201): IControllerBase->renderView(IWEB_PATH/views/default/site/index)
#3 IWEB_PATH/lib/web/action/view_action.php(36): IController->render(IWEB_PATH/views/default/site/index)
#4 IWEB_PATH/lib/web/controller/controller_class.php(370): IViewAction->run()
#5 IWEB_PATH/controllers/site.php(89): IController->redirect(index)
#6 IWEB_PATH/lib/web/action/inline_action.php(24): Site->index()
#7 IWEB_PATH/lib/web/controller/controller_class.php(137): IInlineAction->run()
#8 IWEB_PATH/lib/core/webapplication_class.php(29): IController->run()
#9 IWEB_PATH/lib/core/application_class.php(108): IWebApplication->execRequest()
#10 IWEB_PATH/index.php(5): IApplication->run()
</ERROR_BLOCK>

<ERROR_BLOCK>
errorInfo: Undefined variable: tmpId
errorFile: IWEB_PATH/runtime/default/site/index.php
errorLine: 336
errorCode: 8
errorTime: 2016-08-08 20:59:32
#0 IWEB_PATH/lib/web/controller/controllerbase_class.php(116): require(IWEB_PATH/runtime/default/site/index.php)
#1 IWEB_PATH/lib/web/controller/controllerbase_class.php(82): IControllerBase->requireFile(IWEB_PATH/runtime/default/site/index.php)
#2 IWEB_PATH/lib/web/controller/controller_class.php(201): IControllerBase->renderView(IWEB_PATH/views/default/site/index)
#3 IWEB_PATH/lib/web/action/view_action.php(36): IController->render(IWEB_PATH/views/default/site/index)
#4 IWEB_PATH/lib/web/controller/controller_class.php(370): IViewAction->run()
#5 IWEB_PATH/controllers/site.php(89): IController->redirect(index)
#6 IWEB_PATH/lib/web/action/inline_action.php(24): Site->index()
#7 IWEB_PATH/lib/web/controller/controller_class.php(137): IInlineAction->run()
#8 IWEB_PATH/lib/core/webapplication_class.php(29): IController->run()
#9 IWEB_PATH/lib/core/application_class.php(108): IWebApplication->execRequest()
#10 IWEB_PATH/index.php(5): IApplication->run()
</ERROR_BLOCK>

<ERROR_BLOCK>
errorInfo: Undefined variable: tmpId
errorFile: IWEB_PATH/runtime/default/site/index.php
errorLine: 337
errorCode: 8
errorTime: 2016-08-08 20:59:32
#0 IWEB_PATH/lib/web/controller/controllerbase_class.php(116): require(IWEB_PATH/runtime/default/site/index.php)
#1 IWEB_PATH/lib/web/controller/controllerbase_class.php(82): IControllerBase->requireFile(IWEB_PATH/runtime/default/site/index.php)
#2 IWEB_PATH/lib/web/controller/controller_class.php(201): IControllerBase->renderView(IWEB_PATH/views/default/site/index)
#3 IWEB_PATH/lib/web/action/view_action.php(36): IController->render(IWEB_PATH/views/default/site/index)
#4 IWEB_PATH/lib/web/controller/controller_class.php(370): IViewAction->run()
#5 IWEB_PATH/controllers/site.php(89): IController->redirect(index)
#6 IWEB_PATH/lib/web/action/inline_action.php(24): Site->index()
#7 IWEB_PATH/lib/web/controller/controller_class.php(137): IInlineAction->run()
#8 IWEB_PATH/lib/core/webapplication_class.php(29): IController->run()
#9 IWEB_PATH/lib/core/application_class.php(108): IWebApplication->execRequest()
#10 IWEB_PATH/index.php(5): IApplication->run()
</ERROR_BLOCK>

<ERROR_BLOCK>
excepInfo: select  * from iwebshop_ad_manage  where $life_time<$lg_time   
 -- Unknown column '$life_time' in 'where clause'
excepFile: IWEB_PATH/lib/db/db_class.php
excepLine: 68
excepCode: 1000
excepTime: 2016-08-08 21:10:22
#0 IWEB_PATH/lib/core/query_class.php(171): IDB->query(select  * from iwebshop_ad_manage  where $life_time<$lg_time   )
#1 IWEB_PATH/controllers/site.php(79): IQuery->find()
#2 IWEB_PATH/lib/web/action/inline_action.php(24): Site->index()
#3 IWEB_PATH/lib/web/controller/controller_class.php(137): IInlineAction->run()
#4 IWEB_PATH/lib/core/webapplication_class.php(29): IController->run()
#5 IWEB_PATH/lib/core/application_class.php(108): IWebApplication->execRequest()
#6 IWEB_PATH/index.php(5): IApplication->run()
</ERROR_BLOCK>

<ERROR_BLOCK>
excepInfo: select  * from iwebshop_ad_manage  where $life_time<$lg_time   
 -- Unknown column '$life_time' in 'where clause'
excepFile: IWEB_PATH/lib/db/db_class.php
excepLine: 68
excepCode: 1000
excepTime: 2016-08-08 21:10:24
#0 IWEB_PATH/lib/core/query_class.php(171): IDB->query(select  * from iwebshop_ad_manage  where $life_time<$lg_time   )
#1 IWEB_PATH/controllers/site.php(79): IQuery->find()
#2 IWEB_PATH/lib/web/action/inline_action.php(24): Site->index()
#3 IWEB_PATH/lib/web/controller/controller_class.php(137): IInlineAction->run()
#4 IWEB_PATH/lib/core/webapplication_class.php(29): IController->run()
#5 IWEB_PATH/lib/core/application_class.php(108): IWebApplication->execRequest()
#6 IWEB_PATH/index.php(5): IApplication->run()
</ERROR_BLOCK>

<ERROR_BLOCK>
excepInfo: select  * from iwebshop_ad_manage  where $life_time<$lg_time   
 -- Unknown column '$life_time' in 'where clause'
excepFile: IWEB_PATH/lib/db/db_class.php
excepLine: 68
excepCode: 1000
excepTime: 2016-08-08 21:10:25
#0 IWEB_PATH/lib/core/query_class.php(171): IDB->query(select  * from iwebshop_ad_manage  where $life_time<$lg_time   )
#1 IWEB_PATH/controllers/site.php(79): IQuery->find()
#2 IWEB_PATH/lib/web/action/inline_action.php(24): Site->index()
#3 IWEB_PATH/lib/web/controller/controller_class.php(137): IInlineAction->run()
#4 IWEB_PATH/lib/core/webapplication_class.php(29): IController->run()
#5 IWEB_PATH/lib/core/application_class.php(108): IWebApplication->execRequest()
#6 IWEB_PATH/index.php(5): IApplication->run()
</ERROR_BLOCK>

<ERROR_BLOCK>
errorInfo: Undefined index: url
errorFile: IWEB_PATH/runtime/default/site/index.php
errorLine: 210
errorCode: 8
errorTime: 2016-08-08 21:10:43
#0 IWEB_PATH/lib/web/controller/controllerbase_class.php(116): require(IWEB_PATH/runtime/default/site/index.php)
#1 IWEB_PATH/lib/web/controller/controllerbase_class.php(82): IControllerBase->requireFile(IWEB_PATH/runtime/default/site/index.php)
#2 IWEB_PATH/lib/web/controller/controller_class.php(201): IControllerBase->renderView(IWEB_PATH/views/default/site/index)
#3 IWEB_PATH/lib/web/action/view_action.php(36): IController->render(IWEB_PATH/views/default/site/index)
#4 IWEB_PATH/lib/web/controller/controller_class.php(370): IViewAction->run()
#5 IWEB_PATH/controllers/site.php(84): IController->redirect(index)
#6 IWEB_PATH/lib/web/action/inline_action.php(24): Site->index()
#7 IWEB_PATH/lib/web/controller/controller_class.php(137): IInlineAction->run()
#8 IWEB_PATH/lib/core/webapplication_class.php(29): IController->run()
#9 IWEB_PATH/lib/core/application_class.php(108): IWebApplication->execRequest()
#10 IWEB_PATH/index.php(5): IApplication->run()
</ERROR_BLOCK>

<ERROR_BLOCK>
errorInfo: Undefined index: url
errorFile: IWEB_PATH/runtime/default/site/index.php
errorLine: 210
errorCode: 8
errorTime: 2016-08-08 21:10:43
#0 IWEB_PATH/lib/web/controller/controllerbase_class.php(116): require(IWEB_PATH/runtime/default/site/index.php)
#1 IWEB_PATH/lib/web/controller/controllerbase_class.php(82): IControllerBase->requireFile(IWEB_PATH/runtime/default/site/index.php)
#2 IWEB_PATH/lib/web/controller/controller_class.php(201): IControllerBase->renderView(IWEB_PATH/views/default/site/index)
#3 IWEB_PATH/lib/web/action/view_action.php(36): IController->render(IWEB_PATH/views/default/site/index)
#4 IWEB_PATH/lib/web/controller/controller_class.php(370): IViewAction->run()
#5 IWEB_PATH/controllers/site.php(84): IController->redirect(index)
#6 IWEB_PATH/lib/web/action/inline_action.php(24): Site->index()
#7 IWEB_PATH/lib/web/controller/controller_class.php(137): IInlineAction->run()
#8 IWEB_PATH/lib/core/webapplication_class.php(29): IController->run()
#9 IWEB_PATH/lib/core/application_class.php(108): IWebApplication->execRequest()
#10 IWEB_PATH/index.php(5): IApplication->run()
</ERROR_BLOCK>

<ERROR_BLOCK>
errorInfo: Undefined index: url
errorFile: IWEB_PATH/runtime/default/site/index.php
errorLine: 210
errorCode: 8
errorTime: 2016-08-08 21:10:43
#0 IWEB_PATH/lib/web/controller/controllerbase_class.php(116): require(IWEB_PATH/runtime/default/site/index.php)
#1 IWEB_PATH/lib/web/controller/controllerbase_class.php(82): IControllerBase->requireFile(IWEB_PATH/runtime/default/site/index.php)
#2 IWEB_PATH/lib/web/controller/controller_class.php(201): IControllerBase->renderView(IWEB_PATH/views/default/site/index)
#3 IWEB_PATH/lib/web/action/view_action.php(36): IController->render(IWEB_PATH/views/default/site/index)
#4 IWEB_PATH/lib/web/controller/controller_class.php(370): IViewAction->run()
#5 IWEB_PATH/controllers/site.php(84): IController->redirect(index)
#6 IWEB_PATH/lib/web/action/inline_action.php(24): Site->index()
#7 IWEB_PATH/lib/web/controller/controller_class.php(137): IInlineAction->run()
#8 IWEB_PATH/lib/core/webapplication_class.php(29): IController->run()
#9 IWEB_PATH/lib/core/application_class.php(108): IWebApplication->execRequest()
#10 IWEB_PATH/index.php(5): IApplication->run()
</ERROR_BLOCK>

<ERROR_BLOCK>
errorInfo: Undefined variable: tmpId
errorFile: IWEB_PATH/runtime/default/site/index.php
errorLine: 336
errorCode: 8
errorTime: 2016-08-08 21:10:43
#0 IWEB_PATH/lib/web/controller/controllerbase_class.php(116): require(IWEB_PATH/runtime/default/site/index.php)
#1 IWEB_PATH/lib/web/controller/controllerbase_class.php(82): IControllerBase->requireFile(IWEB_PATH/runtime/default/site/index.php)
#2 IWEB_PATH/lib/web/controller/controller_class.php(201): IControllerBase->renderView(IWEB_PATH/views/default/site/index)
#3 IWEB_PATH/lib/web/action/view_action.php(36): IController->render(IWEB_PATH/views/default/site/index)
#4 IWEB_PATH/lib/web/controller/controller_class.php(370): IViewAction->run()
#5 IWEB_PATH/controllers/site.php(84): IController->redirect(index)
#6 IWEB_PATH/lib/web/action/inline_action.php(24): Site->index()
#7 IWEB_PATH/lib/web/controller/controller_class.php(137): IInlineAction->run()
#8 IWEB_PATH/lib/core/webapplication_class.php(29): IController->run()
#9 IWEB_PATH/lib/core/application_class.php(108): IWebApplication->execRequest()
#10 IWEB_PATH/index.php(5): IApplication->run()
</ERROR_BLOCK>

<ERROR_BLOCK>
errorInfo: Undefined variable: tmpId
errorFile: IWEB_PATH/runtime/default/site/index.php
errorLine: 337
errorCode: 8
errorTime: 2016-08-08 21:10:43
#0 IWEB_PATH/lib/web/controller/controllerbase_class.php(116): require(IWEB_PATH/runtime/default/site/index.php)
#1 IWEB_PATH/lib/web/controller/controllerbase_class.php(82): IControllerBase->requireFile(IWEB_PATH/runtime/default/site/index.php)
#2 IWEB_PATH/lib/web/controller/controller_class.php(201): IControllerBase->renderView(IWEB_PATH/views/default/site/index)
#3 IWEB_PATH/lib/web/action/view_action.php(36): IController->render(IWEB_PATH/views/default/site/index)
#4 IWEB_PATH/lib/web/controller/controller_class.php(370): IViewAction->run()
#5 IWEB_PATH/controllers/site.php(84): IController->redirect(index)
#6 IWEB_PATH/lib/web/action/inline_action.php(24): Site->index()
#7 IWEB_PATH/lib/web/controller/controller_class.php(137): IInlineAction->run()
#8 IWEB_PATH/lib/core/webapplication_class.php(29): IController->run()
#9 IWEB_PATH/lib/core/application_class.php(108): IWebApplication->execRequest()
#10 IWEB_PATH/index.php(5): IApplication->run()
</ERROR_BLOCK>

