<ERROR_BLOCK>
errorInfo: Invalid argument supplied for foreach()
errorFile: IWEB_PATH/runtime/default/site/index.php
errorLine: 322
errorCode: 2
errorTime: 2016-08-07 11:38:42
#0 IWEB_PATH/lib/web/controller/controllerbase_class.php(116): require(IWEB_PATH/runtime/default/site/index.php)
#1 IWEB_PATH/lib/web/controller/controllerbase_class.php(82): IControllerBase->requireFile(IWEB_PATH/runtime/default/site/index.php)
#2 IWEB_PATH/lib/web/controller/controller_class.php(201): IControllerBase->renderView(IWEB_PATH/views/default/site/index)
#3 IWEB_PATH/lib/web/action/view_action.php(36): IController->render(IWEB_PATH/views/default/site/index)
#4 IWEB_PATH/lib/web/controller/controller_class.php(370): IViewAction->run()
#5 IWEB_PATH/controllers/site.php(65): IController->redirect(index)
#6 IWEB_PATH/lib/web/action/inline_action.php(24): Site->index()
#7 IWEB_PATH/lib/web/controller/controller_class.php(137): IInlineAction->run()
#8 IWEB_PATH/lib/core/webapplication_class.php(29): IController->run()
#9 IWEB_PATH/lib/core/application_class.php(108): IWebApplication->execRequest()
#10 IWEB_PATH/index.php(5): IApplication->run()
</ERROR_BLOCK>

<ERROR_BLOCK>
errorInfo: strstr() [<a href='function.strstr'>function.strstr</a>]: Empty delimiter
errorFile: IWEB_PATH/controllers/simple.php
errorLine: 219
errorCode: 2
errorTime: 2016-08-07 12:33:36
#0 IWEB_PATH/controllers/simple.php(219): strstr(2016-08-06 16:16:18,)
#1 IWEB_PATH/lib/web/action/inline_action.php(24): Simple->login_act()
#2 IWEB_PATH/lib/web/controller/controller_class.php(137): IInlineAction->run()
#3 IWEB_PATH/lib/core/webapplication_class.php(29): IController->run()
#4 IWEB_PATH/lib/core/application_class.php(108): IWebApplication->execRequest()
#5 IWEB_PATH/index.php(5): IApplication->run()
</ERROR_BLOCK>

<ERROR_BLOCK>
errorInfo: Invalid argument supplied for foreach()
errorFile: IWEB_PATH/runtime/default/site/index.php
errorLine: 322
errorCode: 2
errorTime: 2016-08-07 12:33:36
#0 IWEB_PATH/lib/web/controller/controllerbase_class.php(116): require(IWEB_PATH/runtime/default/site/index.php)
#1 IWEB_PATH/lib/web/controller/controllerbase_class.php(82): IControllerBase->requireFile(IWEB_PATH/runtime/default/site/index.php)
#2 IWEB_PATH/lib/web/controller/controller_class.php(201): IControllerBase->renderView(IWEB_PATH/views/default/site/index)
#3 IWEB_PATH/lib/web/action/view_action.php(36): IController->render(IWEB_PATH/views/default/site/index)
#4 IWEB_PATH/lib/web/controller/controller_class.php(370): IViewAction->run()
#5 IWEB_PATH/controllers/site.php(65): IController->redirect(index)
#6 IWEB_PATH/lib/web/action/inline_action.php(24): Site->index()
#7 IWEB_PATH/lib/web/controller/controller_class.php(137): IInlineAction->run()
#8 IWEB_PATH/lib/core/webapplication_class.php(29): IController->run()
#9 IWEB_PATH/lib/core/application_class.php(108): IWebApplication->execRequest()
#10 IWEB_PATH/index.php(5): IApplication->run()
</ERROR_BLOCK>

<ERROR_BLOCK>
errorInfo: strstr() [<a href='function.strstr'>function.strstr</a>]: Empty delimiter
errorFile: IWEB_PATH/controllers/simple.php
errorLine: 219
errorCode: 2
errorTime: 2016-08-07 12:33:52
#0 IWEB_PATH/controllers/simple.php(219): strstr(2016-08-07 12:33:36,)
#1 IWEB_PATH/lib/web/action/inline_action.php(24): Simple->login_act()
#2 IWEB_PATH/lib/web/controller/controller_class.php(137): IInlineAction->run()
#3 IWEB_PATH/lib/core/webapplication_class.php(29): IController->run()
#4 IWEB_PATH/lib/core/application_class.php(108): IWebApplication->execRequest()
#5 IWEB_PATH/index.php(5): IApplication->run()
</ERROR_BLOCK>

<ERROR_BLOCK>
errorInfo: Invalid argument supplied for foreach()
errorFile: IWEB_PATH/runtime/default/site/index.php
errorLine: 322
errorCode: 2
errorTime: 2016-08-07 12:33:52
#0 IWEB_PATH/lib/web/controller/controllerbase_class.php(116): require(IWEB_PATH/runtime/default/site/index.php)
#1 IWEB_PATH/lib/web/controller/controllerbase_class.php(82): IControllerBase->requireFile(IWEB_PATH/runtime/default/site/index.php)
#2 IWEB_PATH/lib/web/controller/controller_class.php(201): IControllerBase->renderView(IWEB_PATH/views/default/site/index)
#3 IWEB_PATH/lib/web/action/view_action.php(36): IController->render(IWEB_PATH/views/default/site/index)
#4 IWEB_PATH/lib/web/controller/controller_class.php(370): IViewAction->run()
#5 IWEB_PATH/controllers/site.php(65): IController->redirect(index)
#6 IWEB_PATH/lib/web/action/inline_action.php(24): Site->index()
#7 IWEB_PATH/lib/web/controller/controller_class.php(137): IInlineAction->run()
#8 IWEB_PATH/lib/core/webapplication_class.php(29): IController->run()
#9 IWEB_PATH/lib/core/application_class.php(108): IWebApplication->execRequest()
#10 IWEB_PATH/index.php(5): IApplication->run()
</ERROR_BLOCK>

<ERROR_BLOCK>
errorInfo: strstr() [<a href='function.strstr'>function.strstr</a>]: Empty delimiter
errorFile: IWEB_PATH/controllers/simple.php
errorLine: 219
errorCode: 2
errorTime: 2016-08-07 12:34:59
#0 IWEB_PATH/controllers/simple.php(219): strstr(2016-08-07 12:33:52,)
#1 IWEB_PATH/lib/web/action/inline_action.php(24): Simple->login_act()
#2 IWEB_PATH/lib/web/controller/controller_class.php(137): IInlineAction->run()
#3 IWEB_PATH/lib/core/webapplication_class.php(29): IController->run()
#4 IWEB_PATH/lib/core/application_class.php(108): IWebApplication->execRequest()
#5 IWEB_PATH/index.php(5): IApplication->run()
</ERROR_BLOCK>

<ERROR_BLOCK>
errorInfo: Invalid argument supplied for foreach()
errorFile: IWEB_PATH/runtime/default/site/index.php
errorLine: 322
errorCode: 2
errorTime: 2016-08-07 12:34:59
#0 IWEB_PATH/lib/web/controller/controllerbase_class.php(116): require(IWEB_PATH/runtime/default/site/index.php)
#1 IWEB_PATH/lib/web/controller/controllerbase_class.php(82): IControllerBase->requireFile(IWEB_PATH/runtime/default/site/index.php)
#2 IWEB_PATH/lib/web/controller/controller_class.php(201): IControllerBase->renderView(IWEB_PATH/views/default/site/index)
#3 IWEB_PATH/lib/web/action/view_action.php(36): IController->render(IWEB_PATH/views/default/site/index)
#4 IWEB_PATH/lib/web/controller/controller_class.php(370): IViewAction->run()
#5 IWEB_PATH/controllers/site.php(65): IController->redirect(index)
#6 IWEB_PATH/lib/web/action/inline_action.php(24): Site->index()
#7 IWEB_PATH/lib/web/controller/controller_class.php(137): IInlineAction->run()
#8 IWEB_PATH/lib/core/webapplication_class.php(29): IController->run()
#9 IWEB_PATH/lib/core/application_class.php(108): IWebApplication->execRequest()
#10 IWEB_PATH/index.php(5): IApplication->run()
</ERROR_BLOCK>

<ERROR_BLOCK>
errorInfo: strstr() [<a href='function.strstr'>function.strstr</a>]: Empty delimiter
errorFile: IWEB_PATH/controllers/simple.php
errorLine: 219
errorCode: 2
errorTime: 2016-08-07 12:35:41
#0 IWEB_PATH/controllers/simple.php(219): strstr(2016-08-04 13:03:12,)
#1 IWEB_PATH/lib/web/action/inline_action.php(24): Simple->login_act()
#2 IWEB_PATH/lib/web/controller/controller_class.php(137): IInlineAction->run()
#3 IWEB_PATH/lib/core/webapplication_class.php(29): IController->run()
#4 IWEB_PATH/lib/core/application_class.php(108): IWebApplication->execRequest()
#5 IWEB_PATH/index.php(5): IApplication->run()
</ERROR_BLOCK>

<ERROR_BLOCK>
errorInfo: Invalid argument supplied for foreach()
errorFile: IWEB_PATH/runtime/default/site/index.php
errorLine: 322
errorCode: 2
errorTime: 2016-08-07 12:35:41
#0 IWEB_PATH/lib/web/controller/controllerbase_class.php(116): require(IWEB_PATH/runtime/default/site/index.php)
#1 IWEB_PATH/lib/web/controller/controllerbase_class.php(82): IControllerBase->requireFile(IWEB_PATH/runtime/default/site/index.php)
#2 IWEB_PATH/lib/web/controller/controller_class.php(201): IControllerBase->renderView(IWEB_PATH/views/default/site/index)
#3 IWEB_PATH/lib/web/action/view_action.php(36): IController->render(IWEB_PATH/views/default/site/index)
#4 IWEB_PATH/lib/web/controller/controller_class.php(370): IViewAction->run()
#5 IWEB_PATH/controllers/site.php(65): IController->redirect(index)
#6 IWEB_PATH/lib/web/action/inline_action.php(24): Site->index()
#7 IWEB_PATH/lib/web/controller/controller_class.php(137): IInlineAction->run()
#8 IWEB_PATH/lib/core/webapplication_class.php(29): IController->run()
#9 IWEB_PATH/lib/core/application_class.php(108): IWebApplication->execRequest()
#10 IWEB_PATH/index.php(5): IApplication->run()
</ERROR_BLOCK>

<ERROR_BLOCK>
excepInfo: INSERT INTO iwebshop_goods_like ( `uid`,`gid`,`visttime`,`count` ) VALUES ( '3','9','2016-08-07 12:36:01','1' ) 
 -- Duplicate entry '9' for key 'gid'
excepFile: IWEB_PATH/lib/db/db_class.php
excepLine: 98
excepCode: 1000
excepTime: 2016-08-07 12:36:01
#0 IWEB_PATH/lib/web/model/model_class.php(112): IDB->query(INSERT INTO iwebshop_goods_like ( `uid`,`gid`,`visttime`,`count` ) VALUES ( '3','9','2016-08-07 12:36:01','1' ) )
#1 IWEB_PATH/controllers/site.php(422): IModel->add()
#2 IWEB_PATH/lib/web/action/inline_action.php(24): Site->products()
#3 IWEB_PATH/lib/web/controller/controller_class.php(137): IInlineAction->run()
#4 IWEB_PATH/lib/core/webapplication_class.php(29): IController->run()
#5 IWEB_PATH/lib/core/application_class.php(108): IWebApplication->execRequest()
#6 IWEB_PATH/index.php(5): IApplication->run()
</ERROR_BLOCK>

<ERROR_BLOCK>
errorInfo: strstr() [<a href='function.strstr'>function.strstr</a>]: Empty delimiter
errorFile: IWEB_PATH/controllers/simple.php
errorLine: 219
errorCode: 2
errorTime: 2016-08-07 12:36:18
#0 IWEB_PATH/controllers/simple.php(219): strstr(2016-08-07 12:34:59,)
#1 IWEB_PATH/lib/web/action/inline_action.php(24): Simple->login_act()
#2 IWEB_PATH/lib/web/controller/controller_class.php(137): IInlineAction->run()
#3 IWEB_PATH/lib/core/webapplication_class.php(29): IController->run()
#4 IWEB_PATH/lib/core/application_class.php(108): IWebApplication->execRequest()
#5 IWEB_PATH/index.php(5): IApplication->run()
</ERROR_BLOCK>

<ERROR_BLOCK>
errorInfo: Invalid argument supplied for foreach()
errorFile: IWEB_PATH/runtime/default/site/index.php
errorLine: 322
errorCode: 2
errorTime: 2016-08-07 12:36:18
#0 IWEB_PATH/lib/web/controller/controllerbase_class.php(116): require(IWEB_PATH/runtime/default/site/index.php)
#1 IWEB_PATH/lib/web/controller/controllerbase_class.php(82): IControllerBase->requireFile(IWEB_PATH/runtime/default/site/index.php)
#2 IWEB_PATH/lib/web/controller/controller_class.php(201): IControllerBase->renderView(IWEB_PATH/views/default/site/index)
#3 IWEB_PATH/lib/web/action/view_action.php(36): IController->render(IWEB_PATH/views/default/site/index)
#4 IWEB_PATH/lib/web/controller/controller_class.php(370): IViewAction->run()
#5 IWEB_PATH/controllers/site.php(65): IController->redirect(index)
#6 IWEB_PATH/lib/web/action/inline_action.php(24): Site->index()
#7 IWEB_PATH/lib/web/controller/controller_class.php(137): IInlineAction->run()
#8 IWEB_PATH/lib/core/webapplication_class.php(29): IController->run()
#9 IWEB_PATH/lib/core/application_class.php(108): IWebApplication->execRequest()
#10 IWEB_PATH/index.php(5): IApplication->run()
</ERROR_BLOCK>

<ERROR_BLOCK>
errorInfo: Invalid argument supplied for foreach()
errorFile: IWEB_PATH/runtime/default/site/index.php
errorLine: 322
errorCode: 2
errorTime: 2016-08-07 12:36:22
#0 IWEB_PATH/lib/web/controller/controllerbase_class.php(116): require(IWEB_PATH/runtime/default/site/index.php)
#1 IWEB_PATH/lib/web/controller/controllerbase_class.php(82): IControllerBase->requireFile(IWEB_PATH/runtime/default/site/index.php)
#2 IWEB_PATH/lib/web/controller/controller_class.php(201): IControllerBase->renderView(IWEB_PATH/views/default/site/index)
#3 IWEB_PATH/lib/web/action/view_action.php(36): IController->render(IWEB_PATH/views/default/site/index)
#4 IWEB_PATH/lib/web/controller/controller_class.php(370): IViewAction->run()
#5 IWEB_PATH/controllers/site.php(65): IController->redirect(index)
#6 IWEB_PATH/lib/web/action/inline_action.php(24): Site->index()
#7 IWEB_PATH/lib/web/controller/controller_class.php(137): IInlineAction->run()
#8 IWEB_PATH/lib/core/webapplication_class.php(29): IController->run()
#9 IWEB_PATH/lib/core/application_class.php(108): IWebApplication->execRequest()
#10 IWEB_PATH/index.php(5): IApplication->run()
</ERROR_BLOCK>

<ERROR_BLOCK>
errorInfo: strstr() [<a href='function.strstr'>function.strstr</a>]: Empty delimiter
errorFile: IWEB_PATH/controllers/simple.php
errorLine: 219
errorCode: 2
errorTime: 2016-08-07 19:45:43
#0 IWEB_PATH/controllers/simple.php(219): strstr(2016-08-07 12:35:41,)
#1 IWEB_PATH/lib/web/action/inline_action.php(24): Simple->login_act()
#2 IWEB_PATH/lib/web/controller/controller_class.php(137): IInlineAction->run()
#3 IWEB_PATH/lib/core/webapplication_class.php(29): IController->run()
#4 IWEB_PATH/lib/core/application_class.php(108): IWebApplication->execRequest()
#5 IWEB_PATH/index.php(5): IApplication->run()
</ERROR_BLOCK>

<ERROR_BLOCK>
errorInfo: Invalid argument supplied for foreach()
errorFile: IWEB_PATH/runtime/default/site/index.php
errorLine: 322
errorCode: 2
errorTime: 2016-08-07 19:45:43
#0 IWEB_PATH/lib/web/controller/controllerbase_class.php(116): require(IWEB_PATH/runtime/default/site/index.php)
#1 IWEB_PATH/lib/web/controller/controllerbase_class.php(82): IControllerBase->requireFile(IWEB_PATH/runtime/default/site/index.php)
#2 IWEB_PATH/lib/web/controller/controller_class.php(201): IControllerBase->renderView(IWEB_PATH/views/default/site/index)
#3 IWEB_PATH/lib/web/action/view_action.php(36): IController->render(IWEB_PATH/views/default/site/index)
#4 IWEB_PATH/lib/web/controller/controller_class.php(370): IViewAction->run()
#5 IWEB_PATH/controllers/site.php(65): IController->redirect(index)
#6 IWEB_PATH/lib/web/action/inline_action.php(24): Site->index()
#7 IWEB_PATH/lib/web/controller/controller_class.php(137): IInlineAction->run()
#8 IWEB_PATH/lib/core/webapplication_class.php(29): IController->run()
#9 IWEB_PATH/lib/core/application_class.php(108): IWebApplication->execRequest()
#10 IWEB_PATH/index.php(5): IApplication->run()
</ERROR_BLOCK>

<ERROR_BLOCK>
excepInfo: INSERT INTO iwebshop_goods_like ( `uid`,`gid`,`visttime`,`count` ) VALUES ( '3','9','2016-08-07 19:45:48','1' ) 
 -- Duplicate entry '9' for key 'gid'
excepFile: IWEB_PATH/lib/db/db_class.php
excepLine: 98
excepCode: 1000
excepTime: 2016-08-07 19:45:48
#0 IWEB_PATH/lib/web/model/model_class.php(112): IDB->query(INSERT INTO iwebshop_goods_like ( `uid`,`gid`,`visttime`,`count` ) VALUES ( '3','9','2016-08-07 19:45:48','1' ) )
#1 IWEB_PATH/controllers/site.php(422): IModel->add()
#2 IWEB_PATH/lib/web/action/inline_action.php(24): Site->products()
#3 IWEB_PATH/lib/web/controller/controller_class.php(137): IInlineAction->run()
#4 IWEB_PATH/lib/core/webapplication_class.php(29): IController->run()
#5 IWEB_PATH/lib/core/application_class.php(108): IWebApplication->execRequest()
#6 IWEB_PATH/index.php(5): IApplication->run()
</ERROR_BLOCK>

<ERROR_BLOCK>
excepInfo: INSERT INTO iwebshop_goods_like ( `uid`,`gid`,`visttime`,`count` ) VALUES ( '3','9','2016-08-07 19:46:37','1' ) 
 -- Duplicate entry '9' for key 'gid'
excepFile: IWEB_PATH/lib/db/db_class.php
excepLine: 98
excepCode: 1000
excepTime: 2016-08-07 19:46:37
#0 IWEB_PATH/lib/web/model/model_class.php(112): IDB->query(INSERT INTO iwebshop_goods_like ( `uid`,`gid`,`visttime`,`count` ) VALUES ( '3','9','2016-08-07 19:46:37','1' ) )
#1 IWEB_PATH/controllers/site.php(422): IModel->add()
#2 IWEB_PATH/lib/web/action/inline_action.php(24): Site->products()
#3 IWEB_PATH/lib/web/controller/controller_class.php(137): IInlineAction->run()
#4 IWEB_PATH/lib/core/webapplication_class.php(29): IController->run()
#5 IWEB_PATH/lib/core/application_class.php(108): IWebApplication->execRequest()
#6 IWEB_PATH/index.php(5): IApplication->run()
</ERROR_BLOCK>

<ERROR_BLOCK>
excepInfo: INSERT INTO iwebshop_goods_like ( `uid`,`gid`,`visttime`,`count` ) VALUES ( '3','6','2016-08-07 19:46:47','1' ) 
 -- Duplicate entry '6' for key 'gid'
excepFile: IWEB_PATH/lib/db/db_class.php
excepLine: 98
excepCode: 1000
excepTime: 2016-08-07 19:46:47
#0 IWEB_PATH/lib/web/model/model_class.php(112): IDB->query(INSERT INTO iwebshop_goods_like ( `uid`,`gid`,`visttime`,`count` ) VALUES ( '3','6','2016-08-07 19:46:47','1' ) )
#1 IWEB_PATH/controllers/site.php(422): IModel->add()
#2 IWEB_PATH/lib/web/action/inline_action.php(24): Site->products()
#3 IWEB_PATH/lib/web/controller/controller_class.php(137): IInlineAction->run()
#4 IWEB_PATH/lib/core/webapplication_class.php(29): IController->run()
#5 IWEB_PATH/lib/core/application_class.php(108): IWebApplication->execRequest()
#6 IWEB_PATH/index.php(5): IApplication->run()
</ERROR_BLOCK>

<ERROR_BLOCK>
errorInfo: strstr() [<a href='function.strstr'>function.strstr</a>]: Empty delimiter
errorFile: IWEB_PATH/controllers/simple.php
errorLine: 219
errorCode: 2
errorTime: 2016-08-07 19:47:09
#0 IWEB_PATH/controllers/simple.php(219): strstr(2016-08-07 12:36:18,)
#1 IWEB_PATH/lib/web/action/inline_action.php(24): Simple->login_act()
#2 IWEB_PATH/lib/web/controller/controller_class.php(137): IInlineAction->run()
#3 IWEB_PATH/lib/core/webapplication_class.php(29): IController->run()
#4 IWEB_PATH/lib/core/application_class.php(108): IWebApplication->execRequest()
#5 IWEB_PATH/index.php(5): IApplication->run()
</ERROR_BLOCK>

<ERROR_BLOCK>
errorInfo: Invalid argument supplied for foreach()
errorFile: IWEB_PATH/runtime/default/site/index.php
errorLine: 322
errorCode: 2
errorTime: 2016-08-07 19:47:10
#0 IWEB_PATH/lib/web/controller/controllerbase_class.php(116): require(IWEB_PATH/runtime/default/site/index.php)
#1 IWEB_PATH/lib/web/controller/controllerbase_class.php(82): IControllerBase->requireFile(IWEB_PATH/runtime/default/site/index.php)
#2 IWEB_PATH/lib/web/controller/controller_class.php(201): IControllerBase->renderView(IWEB_PATH/views/default/site/index)
#3 IWEB_PATH/lib/web/action/view_action.php(36): IController->render(IWEB_PATH/views/default/site/index)
#4 IWEB_PATH/lib/web/controller/controller_class.php(370): IViewAction->run()
#5 IWEB_PATH/controllers/site.php(65): IController->redirect(index)
#6 IWEB_PATH/lib/web/action/inline_action.php(24): Site->index()
#7 IWEB_PATH/lib/web/controller/controller_class.php(137): IInlineAction->run()
#8 IWEB_PATH/lib/core/webapplication_class.php(29): IController->run()
#9 IWEB_PATH/lib/core/application_class.php(108): IWebApplication->execRequest()
#10 IWEB_PATH/index.php(5): IApplication->run()
</ERROR_BLOCK>

<ERROR_BLOCK>
errorInfo: strstr() [<a href='function.strstr'>function.strstr</a>]: Empty delimiter
errorFile: IWEB_PATH/controllers/simple.php
errorLine: 219
errorCode: 2
errorTime: 2016-08-07 19:49:02
#0 IWEB_PATH/controllers/simple.php(219): strstr(2016-08-07 19:45:43,)
#1 IWEB_PATH/lib/web/action/inline_action.php(24): Simple->login_act()
#2 IWEB_PATH/lib/web/controller/controller_class.php(137): IInlineAction->run()
#3 IWEB_PATH/lib/core/webapplication_class.php(29): IController->run()
#4 IWEB_PATH/lib/core/application_class.php(108): IWebApplication->execRequest()
#5 IWEB_PATH/index.php(5): IApplication->run()
</ERROR_BLOCK>

<ERROR_BLOCK>
errorInfo: Invalid argument supplied for foreach()
errorFile: IWEB_PATH/runtime/default/site/index.php
errorLine: 322
errorCode: 2
errorTime: 2016-08-07 19:49:02
#0 IWEB_PATH/lib/web/controller/controllerbase_class.php(116): require(IWEB_PATH/runtime/default/site/index.php)
#1 IWEB_PATH/lib/web/controller/controllerbase_class.php(82): IControllerBase->requireFile(IWEB_PATH/runtime/default/site/index.php)
#2 IWEB_PATH/lib/web/controller/controller_class.php(201): IControllerBase->renderView(IWEB_PATH/views/default/site/index)
#3 IWEB_PATH/lib/web/action/view_action.php(36): IController->render(IWEB_PATH/views/default/site/index)
#4 IWEB_PATH/lib/web/controller/controller_class.php(370): IViewAction->run()
#5 IWEB_PATH/controllers/site.php(65): IController->redirect(index)
#6 IWEB_PATH/lib/web/action/inline_action.php(24): Site->index()
#7 IWEB_PATH/lib/web/controller/controller_class.php(137): IInlineAction->run()
#8 IWEB_PATH/lib/core/webapplication_class.php(29): IController->run()
#9 IWEB_PATH/lib/core/application_class.php(108): IWebApplication->execRequest()
#10 IWEB_PATH/index.php(5): IApplication->run()
</ERROR_BLOCK>

<ERROR_BLOCK>
excepInfo: INSERT INTO iwebshop_goods_like ( `uid`,`gid`,`visttime`,`count` ) VALUES ( '3','9','2016-08-07 19:49:05','1' ) 
 -- Duplicate entry '9' for key 'gid'
excepFile: IWEB_PATH/lib/db/db_class.php
excepLine: 98
excepCode: 1000
excepTime: 2016-08-07 19:49:05
#0 IWEB_PATH/lib/web/model/model_class.php(112): IDB->query(INSERT INTO iwebshop_goods_like ( `uid`,`gid`,`visttime`,`count` ) VALUES ( '3','9','2016-08-07 19:49:05','1' ) )
#1 IWEB_PATH/controllers/site.php(422): IModel->add()
#2 IWEB_PATH/lib/web/action/inline_action.php(24): Site->products()
#3 IWEB_PATH/lib/web/controller/controller_class.php(137): IInlineAction->run()
#4 IWEB_PATH/lib/core/webapplication_class.php(29): IController->run()
#5 IWEB_PATH/lib/core/application_class.php(108): IWebApplication->execRequest()
#6 IWEB_PATH/index.php(5): IApplication->run()
</ERROR_BLOCK>

<ERROR_BLOCK>
excepInfo: INSERT INTO iwebshop_goods_like ( `uid`,`gid`,`visttime`,`count` ) VALUES ( '3','9','2016-08-07 19:49:13','1' ) 
 -- Duplicate entry '9' for key 'gid'
excepFile: IWEB_PATH/lib/db/db_class.php
excepLine: 98
excepCode: 1000
excepTime: 2016-08-07 19:49:13
#0 IWEB_PATH/lib/web/model/model_class.php(112): IDB->query(INSERT INTO iwebshop_goods_like ( `uid`,`gid`,`visttime`,`count` ) VALUES ( '3','9','2016-08-07 19:49:13','1' ) )
#1 IWEB_PATH/controllers/site.php(422): IModel->add()
#2 IWEB_PATH/lib/web/action/inline_action.php(24): Site->products()
#3 IWEB_PATH/lib/web/controller/controller_class.php(137): IInlineAction->run()
#4 IWEB_PATH/lib/core/webapplication_class.php(29): IController->run()
#5 IWEB_PATH/lib/core/application_class.php(108): IWebApplication->execRequest()
#6 IWEB_PATH/index.php(5): IApplication->run()
</ERROR_BLOCK>

<ERROR_BLOCK>
errorInfo: Undefined variable: data
errorFile: IWEB_PATH/controllers/site.php
errorLine: 56
errorCode: 8
errorTime: 2016-08-07 19:51:23
#0 IWEB_PATH/lib/web/action/inline_action.php(24): Site->index()
#1 IWEB_PATH/lib/web/controller/controller_class.php(137): IInlineAction->run()
#2 IWEB_PATH/lib/core/webapplication_class.php(29): IController->run()
#3 IWEB_PATH/lib/core/application_class.php(108): IWebApplication->execRequest()
#4 IWEB_PATH/index.php(5): IApplication->run()
</ERROR_BLOCK>

<ERROR_BLOCK>
errorInfo: array_slice() expects parameter 1 to be array, null given
errorFile: IWEB_PATH/controllers/site.php
errorLine: 56
errorCode: 2
errorTime: 2016-08-07 19:51:23
#0 IWEB_PATH/controllers/site.php(56): array_slice(0,5)
#1 IWEB_PATH/lib/web/action/inline_action.php(24): Site->index()
#2 IWEB_PATH/lib/web/controller/controller_class.php(137): IInlineAction->run()
#3 IWEB_PATH/lib/core/webapplication_class.php(29): IController->run()
#4 IWEB_PATH/lib/core/application_class.php(108): IWebApplication->execRequest()
#5 IWEB_PATH/index.php(5): IApplication->run()
</ERROR_BLOCK>

<ERROR_BLOCK>
errorInfo: Invalid argument supplied for foreach()
errorFile: IWEB_PATH/runtime/default/site/index.php
errorLine: 322
errorCode: 2
errorTime: 2016-08-07 19:51:23
#0 IWEB_PATH/lib/web/controller/controllerbase_class.php(116): require(IWEB_PATH/runtime/default/site/index.php)
#1 IWEB_PATH/lib/web/controller/controllerbase_class.php(82): IControllerBase->requireFile(IWEB_PATH/runtime/default/site/index.php)
#2 IWEB_PATH/lib/web/controller/controller_class.php(201): IControllerBase->renderView(IWEB_PATH/views/default/site/index)
#3 IWEB_PATH/lib/web/action/view_action.php(36): IController->render(IWEB_PATH/views/default/site/index)
#4 IWEB_PATH/lib/web/controller/controller_class.php(370): IViewAction->run()
#5 IWEB_PATH/controllers/site.php(65): IController->redirect(index)
#6 IWEB_PATH/lib/web/action/inline_action.php(24): Site->index()
#7 IWEB_PATH/lib/web/controller/controller_class.php(137): IInlineAction->run()
#8 IWEB_PATH/lib/core/webapplication_class.php(29): IController->run()
#9 IWEB_PATH/lib/core/application_class.php(108): IWebApplication->execRequest()
#10 IWEB_PATH/index.php(5): IApplication->run()
</ERROR_BLOCK>

<ERROR_BLOCK>
excepInfo: INSERT INTO iwebshop_goods_like ( `uid`,`gid`,`visttime`,`count` ) VALUES ( '3','9','2016-08-07 19:51:27','1' ) 
 -- Duplicate entry '9' for key 'gid'
excepFile: IWEB_PATH/lib/db/db_class.php
excepLine: 98
excepCode: 1000
excepTime: 2016-08-07 19:51:27
#0 IWEB_PATH/lib/web/model/model_class.php(112): IDB->query(INSERT INTO iwebshop_goods_like ( `uid`,`gid`,`visttime`,`count` ) VALUES ( '3','9','2016-08-07 19:51:27','1' ) )
#1 IWEB_PATH/controllers/site.php(422): IModel->add()
#2 IWEB_PATH/lib/web/action/inline_action.php(24): Site->products()
#3 IWEB_PATH/lib/web/controller/controller_class.php(137): IInlineAction->run()
#4 IWEB_PATH/lib/core/webapplication_class.php(29): IController->run()
#5 IWEB_PATH/lib/core/application_class.php(108): IWebApplication->execRequest()
#6 IWEB_PATH/index.php(5): IApplication->run()
</ERROR_BLOCK>

<ERROR_BLOCK>
errorInfo: Undefined variable: data
errorFile: IWEB_PATH/controllers/site.php
errorLine: 56
errorCode: 8
errorTime: 2016-08-07 19:51:41
#0 IWEB_PATH/lib/web/action/inline_action.php(24): Site->index()
#1 IWEB_PATH/lib/web/controller/controller_class.php(137): IInlineAction->run()
#2 IWEB_PATH/lib/core/webapplication_class.php(29): IController->run()
#3 IWEB_PATH/lib/core/application_class.php(108): IWebApplication->execRequest()
#4 IWEB_PATH/index.php(5): IApplication->run()
</ERROR_BLOCK>

<ERROR_BLOCK>
errorInfo: array_slice() expects parameter 1 to be array, null given
errorFile: IWEB_PATH/controllers/site.php
errorLine: 56
errorCode: 2
errorTime: 2016-08-07 19:51:41
#0 IWEB_PATH/controllers/site.php(56): array_slice(0,5)
#1 IWEB_PATH/lib/web/action/inline_action.php(24): Site->index()
#2 IWEB_PATH/lib/web/controller/controller_class.php(137): IInlineAction->run()
#3 IWEB_PATH/lib/core/webapplication_class.php(29): IController->run()
#4 IWEB_PATH/lib/core/application_class.php(108): IWebApplication->execRequest()
#5 IWEB_PATH/index.php(5): IApplication->run()
</ERROR_BLOCK>

<ERROR_BLOCK>
errorInfo: Invalid argument supplied for foreach()
errorFile: IWEB_PATH/runtime/default/site/index.php
errorLine: 322
errorCode: 2
errorTime: 2016-08-07 19:51:41
#0 IWEB_PATH/lib/web/controller/controllerbase_class.php(116): require(IWEB_PATH/runtime/default/site/index.php)
#1 IWEB_PATH/lib/web/controller/controllerbase_class.php(82): IControllerBase->requireFile(IWEB_PATH/runtime/default/site/index.php)
#2 IWEB_PATH/lib/web/controller/controller_class.php(201): IControllerBase->renderView(IWEB_PATH/views/default/site/index)
#3 IWEB_PATH/lib/web/action/view_action.php(36): IController->render(IWEB_PATH/views/default/site/index)
#4 IWEB_PATH/lib/web/controller/controller_class.php(370): IViewAction->run()
#5 IWEB_PATH/controllers/site.php(65): IController->redirect(index)
#6 IWEB_PATH/lib/web/action/inline_action.php(24): Site->index()
#7 IWEB_PATH/lib/web/controller/controller_class.php(137): IInlineAction->run()
#8 IWEB_PATH/lib/core/webapplication_class.php(29): IController->run()
#9 IWEB_PATH/lib/core/application_class.php(108): IWebApplication->execRequest()
#10 IWEB_PATH/index.php(5): IApplication->run()
</ERROR_BLOCK>

<ERROR_BLOCK>
errorInfo: Undefined variable: data
errorFile: IWEB_PATH/controllers/site.php
errorLine: 56
errorCode: 8
errorTime: 2016-08-07 19:52:05
#0 IWEB_PATH/lib/web/action/inline_action.php(24): Site->index()
#1 IWEB_PATH/lib/web/controller/controller_class.php(137): IInlineAction->run()
#2 IWEB_PATH/lib/core/webapplication_class.php(29): IController->run()
#3 IWEB_PATH/lib/core/application_class.php(108): IWebApplication->execRequest()
#4 IWEB_PATH/index.php(5): IApplication->run()
</ERROR_BLOCK>

<ERROR_BLOCK>
errorInfo: array_slice() expects parameter 1 to be array, null given
errorFile: IWEB_PATH/controllers/site.php
errorLine: 56
errorCode: 2
errorTime: 2016-08-07 19:52:05
#0 IWEB_PATH/controllers/site.php(56): array_slice(0,5)
#1 IWEB_PATH/lib/web/action/inline_action.php(24): Site->index()
#2 IWEB_PATH/lib/web/controller/controller_class.php(137): IInlineAction->run()
#3 IWEB_PATH/lib/core/webapplication_class.php(29): IController->run()
#4 IWEB_PATH/lib/core/application_class.php(108): IWebApplication->execRequest()
#5 IWEB_PATH/index.php(5): IApplication->run()
</ERROR_BLOCK>

<ERROR_BLOCK>
errorInfo: Invalid argument supplied for foreach()
errorFile: IWEB_PATH/runtime/default/site/index.php
errorLine: 322
errorCode: 2
errorTime: 2016-08-07 19:52:05
#0 IWEB_PATH/lib/web/controller/controllerbase_class.php(116): require(IWEB_PATH/runtime/default/site/index.php)
#1 IWEB_PATH/lib/web/controller/controllerbase_class.php(82): IControllerBase->requireFile(IWEB_PATH/runtime/default/site/index.php)
#2 IWEB_PATH/lib/web/controller/controller_class.php(201): IControllerBase->renderView(IWEB_PATH/views/default/site/index)
#3 IWEB_PATH/lib/web/action/view_action.php(36): IController->render(IWEB_PATH/views/default/site/index)
#4 IWEB_PATH/lib/web/controller/controller_class.php(370): IViewAction->run()
#5 IWEB_PATH/controllers/site.php(65): IController->redirect(index)
#6 IWEB_PATH/lib/web/action/inline_action.php(24): Site->index()
#7 IWEB_PATH/lib/web/controller/controller_class.php(137): IInlineAction->run()
#8 IWEB_PATH/lib/core/webapplication_class.php(29): IController->run()
#9 IWEB_PATH/lib/core/application_class.php(108): IWebApplication->execRequest()
#10 IWEB_PATH/index.php(5): IApplication->run()
</ERROR_BLOCK>

<ERROR_BLOCK>
errorInfo: Undefined variable: data
errorFile: IWEB_PATH/controllers/site.php
errorLine: 56
errorCode: 8
errorTime: 2016-08-07 19:52:20
#0 IWEB_PATH/lib/web/action/inline_action.php(24): Site->index()
#1 IWEB_PATH/lib/web/controller/controller_class.php(137): IInlineAction->run()
#2 IWEB_PATH/lib/core/webapplication_class.php(29): IController->run()
#3 IWEB_PATH/lib/core/application_class.php(108): IWebApplication->execRequest()
#4 IWEB_PATH/index.php(5): IApplication->run()
</ERROR_BLOCK>

<ERROR_BLOCK>
errorInfo: array_slice() expects parameter 1 to be array, null given
errorFile: IWEB_PATH/controllers/site.php
errorLine: 56
errorCode: 2
errorTime: 2016-08-07 19:52:20
#0 IWEB_PATH/controllers/site.php(56): array_slice(0,5)
#1 IWEB_PATH/lib/web/action/inline_action.php(24): Site->index()
#2 IWEB_PATH/lib/web/controller/controller_class.php(137): IInlineAction->run()
#3 IWEB_PATH/lib/core/webapplication_class.php(29): IController->run()
#4 IWEB_PATH/lib/core/application_class.php(108): IWebApplication->execRequest()
#5 IWEB_PATH/index.php(5): IApplication->run()
</ERROR_BLOCK>

<ERROR_BLOCK>
errorInfo: Invalid argument supplied for foreach()
errorFile: IWEB_PATH/runtime/default/site/index.php
errorLine: 322
errorCode: 2
errorTime: 2016-08-07 19:52:20
#0 IWEB_PATH/lib/web/controller/controllerbase_class.php(116): require(IWEB_PATH/runtime/default/site/index.php)
#1 IWEB_PATH/lib/web/controller/controllerbase_class.php(82): IControllerBase->requireFile(IWEB_PATH/runtime/default/site/index.php)
#2 IWEB_PATH/lib/web/controller/controller_class.php(201): IControllerBase->renderView(IWEB_PATH/views/default/site/index)
#3 IWEB_PATH/lib/web/action/view_action.php(36): IController->render(IWEB_PATH/views/default/site/index)
#4 IWEB_PATH/lib/web/controller/controller_class.php(370): IViewAction->run()
#5 IWEB_PATH/controllers/site.php(65): IController->redirect(index)
#6 IWEB_PATH/lib/web/action/inline_action.php(24): Site->index()
#7 IWEB_PATH/lib/web/controller/controller_class.php(137): IInlineAction->run()
#8 IWEB_PATH/lib/core/webapplication_class.php(29): IController->run()
#9 IWEB_PATH/lib/core/application_class.php(108): IWebApplication->execRequest()
#10 IWEB_PATH/index.php(5): IApplication->run()
</ERROR_BLOCK>

<ERROR_BLOCK>
excepInfo: INSERT INTO iwebshop_goods_like ( `uid`,`gid`,`visttime`,`count` ) VALUES ( '3','9','2016-08-07 19:52:23','1' ) 
 -- Duplicate entry '9' for key 'gid'
excepFile: IWEB_PATH/lib/db/db_class.php
excepLine: 98
excepCode: 1000
excepTime: 2016-08-07 19:52:23
#0 IWEB_PATH/lib/web/model/model_class.php(112): IDB->query(INSERT INTO iwebshop_goods_like ( `uid`,`gid`,`visttime`,`count` ) VALUES ( '3','9','2016-08-07 19:52:23','1' ) )
#1 IWEB_PATH/controllers/site.php(422): IModel->add()
#2 IWEB_PATH/lib/web/action/inline_action.php(24): Site->products()
#3 IWEB_PATH/lib/web/controller/controller_class.php(137): IInlineAction->run()
#4 IWEB_PATH/lib/core/webapplication_class.php(29): IController->run()
#5 IWEB_PATH/lib/core/application_class.php(108): IWebApplication->execRequest()
#6 IWEB_PATH/index.php(5): IApplication->run()
</ERROR_BLOCK>

<ERROR_BLOCK>
errorInfo: Undefined variable: data
errorFile: IWEB_PATH/controllers/site.php
errorLine: 56
errorCode: 8
errorTime: 2016-08-07 19:52:45
#0 IWEB_PATH/lib/web/action/inline_action.php(24): Site->index()
#1 IWEB_PATH/lib/web/controller/controller_class.php(137): IInlineAction->run()
#2 IWEB_PATH/lib/core/webapplication_class.php(29): IController->run()
#3 IWEB_PATH/lib/core/application_class.php(108): IWebApplication->execRequest()
#4 IWEB_PATH/index.php(5): IApplication->run()
</ERROR_BLOCK>

<ERROR_BLOCK>
errorInfo: array_slice() expects parameter 1 to be array, null given
errorFile: IWEB_PATH/controllers/site.php
errorLine: 56
errorCode: 2
errorTime: 2016-08-07 19:52:45
#0 IWEB_PATH/controllers/site.php(56): array_slice(0,5)
#1 IWEB_PATH/lib/web/action/inline_action.php(24): Site->index()
#2 IWEB_PATH/lib/web/controller/controller_class.php(137): IInlineAction->run()
#3 IWEB_PATH/lib/core/webapplication_class.php(29): IController->run()
#4 IWEB_PATH/lib/core/application_class.php(108): IWebApplication->execRequest()
#5 IWEB_PATH/index.php(5): IApplication->run()
</ERROR_BLOCK>

<ERROR_BLOCK>
errorInfo: Invalid argument supplied for foreach()
errorFile: IWEB_PATH/runtime/default/site/index.php
errorLine: 322
errorCode: 2
errorTime: 2016-08-07 19:52:45
#0 IWEB_PATH/lib/web/controller/controllerbase_class.php(116): require(IWEB_PATH/runtime/default/site/index.php)
#1 IWEB_PATH/lib/web/controller/controllerbase_class.php(82): IControllerBase->requireFile(IWEB_PATH/runtime/default/site/index.php)
#2 IWEB_PATH/lib/web/controller/controller_class.php(201): IControllerBase->renderView(IWEB_PATH/views/default/site/index)
#3 IWEB_PATH/lib/web/action/view_action.php(36): IController->render(IWEB_PATH/views/default/site/index)
#4 IWEB_PATH/lib/web/controller/controller_class.php(370): IViewAction->run()
#5 IWEB_PATH/controllers/site.php(65): IController->redirect(index)
#6 IWEB_PATH/lib/web/action/inline_action.php(24): Site->index()
#7 IWEB_PATH/lib/web/controller/controller_class.php(137): IInlineAction->run()
#8 IWEB_PATH/lib/core/webapplication_class.php(29): IController->run()
#9 IWEB_PATH/lib/core/application_class.php(108): IWebApplication->execRequest()
#10 IWEB_PATH/index.php(5): IApplication->run()
</ERROR_BLOCK>

<ERROR_BLOCK>
excepInfo: INSERT INTO iwebshop_goods_like ( `uid`,`gid`,`visttime`,`count` ) VALUES ( '3','9','2016-08-07 19:52:48','1' ) 
 -- Duplicate entry '9' for key 'gid'
excepFile: IWEB_PATH/lib/db/db_class.php
excepLine: 98
excepCode: 1000
excepTime: 2016-08-07 19:52:48
#0 IWEB_PATH/lib/web/model/model_class.php(112): IDB->query(INSERT INTO iwebshop_goods_like ( `uid`,`gid`,`visttime`,`count` ) VALUES ( '3','9','2016-08-07 19:52:48','1' ) )
#1 IWEB_PATH/controllers/site.php(422): IModel->add()
#2 IWEB_PATH/lib/web/action/inline_action.php(24): Site->products()
#3 IWEB_PATH/lib/web/controller/controller_class.php(137): IInlineAction->run()
#4 IWEB_PATH/lib/core/webapplication_class.php(29): IController->run()
#5 IWEB_PATH/lib/core/application_class.php(108): IWebApplication->execRequest()
#6 IWEB_PATH/index.php(5): IApplication->run()
</ERROR_BLOCK>

<ERROR_BLOCK>
excepInfo: select  * from iwebshop_goods_like left join iwebshop_goods on iwebshop_goods.id=iwebshop_goods_like.gid where iwebshop_goods_like.uid= limit 5   
 -- You have an error in your SQL syntax; check the manual that corresponds to your MySQL server version for the right syntax to use near 'limit 5' at line 1
excepFile: IWEB_PATH/lib/db/db_class.php
excepLine: 68
excepCode: 1000
excepTime: 2016-08-07 19:53:24
#0 IWEB_PATH/lib/core/query_class.php(171): IDB->query(select  * from iwebshop_goods_like left join iwebshop_goods on iwebshop_goods.id=iwebshop_goods_like.gid where iwebshop_goods_like.uid= limit 5   )
#1 IWEB_PATH/controllers/site.php(49): IQuery->find()
#2 IWEB_PATH/lib/web/action/inline_action.php(24): Site->index()
#3 IWEB_PATH/lib/web/controller/controller_class.php(137): IInlineAction->run()
#4 IWEB_PATH/lib/core/webapplication_class.php(29): IController->run()
#5 IWEB_PATH/lib/core/application_class.php(108): IWebApplication->execRequest()
#6 IWEB_PATH/index.php(5): IApplication->run()
</ERROR_BLOCK>

<ERROR_BLOCK>
errorInfo: strstr() [<a href='function.strstr'>function.strstr</a>]: Empty delimiter
errorFile: IWEB_PATH/controllers/simple.php
errorLine: 219
errorCode: 2
errorTime: 2016-08-07 19:53:44
#0 IWEB_PATH/controllers/simple.php(219): strstr(2016-08-07 19:47:10,)
#1 IWEB_PATH/lib/web/action/inline_action.php(24): Simple->login_act()
#2 IWEB_PATH/lib/web/controller/controller_class.php(137): IInlineAction->run()
#3 IWEB_PATH/lib/core/webapplication_class.php(29): IController->run()
#4 IWEB_PATH/lib/core/application_class.php(108): IWebApplication->execRequest()
#5 IWEB_PATH/index.php(5): IApplication->run()
</ERROR_BLOCK>

<ERROR_BLOCK>
errorInfo: Undefined variable: tmpId
errorFile: IWEB_PATH/runtime/default/site/index.php
errorLine: 324
errorCode: 8
errorTime: 2016-08-07 19:53:44
#0 IWEB_PATH/lib/web/controller/controllerbase_class.php(116): require(IWEB_PATH/runtime/default/site/index.php)
#1 IWEB_PATH/lib/web/controller/controllerbase_class.php(82): IControllerBase->requireFile(IWEB_PATH/runtime/default/site/index.php)
#2 IWEB_PATH/lib/web/controller/controller_class.php(201): IControllerBase->renderView(IWEB_PATH/views/default/site/index)
#3 IWEB_PATH/lib/web/action/view_action.php(36): IController->render(IWEB_PATH/views/default/site/index)
#4 IWEB_PATH/lib/web/controller/controller_class.php(370): IViewAction->run()
#5 IWEB_PATH/controllers/site.php(65): IController->redirect(index)
#6 IWEB_PATH/lib/web/action/inline_action.php(24): Site->index()
#7 IWEB_PATH/lib/web/controller/controller_class.php(137): IInlineAction->run()
#8 IWEB_PATH/lib/core/webapplication_class.php(29): IController->run()
#9 IWEB_PATH/lib/core/application_class.php(108): IWebApplication->execRequest()
#10 IWEB_PATH/index.php(5): IApplication->run()
</ERROR_BLOCK>

<ERROR_BLOCK>
errorInfo: Undefined variable: tmpId
errorFile: IWEB_PATH/runtime/default/site/index.php
errorLine: 325
errorCode: 8
errorTime: 2016-08-07 19:53:44
#0 IWEB_PATH/lib/web/controller/controllerbase_class.php(116): require(IWEB_PATH/runtime/default/site/index.php)
#1 IWEB_PATH/lib/web/controller/controllerbase_class.php(82): IControllerBase->requireFile(IWEB_PATH/runtime/default/site/index.php)
#2 IWEB_PATH/lib/web/controller/controller_class.php(201): IControllerBase->renderView(IWEB_PATH/views/default/site/index)
#3 IWEB_PATH/lib/web/action/view_action.php(36): IController->render(IWEB_PATH/views/default/site/index)
#4 IWEB_PATH/lib/web/controller/controller_class.php(370): IViewAction->run()
#5 IWEB_PATH/controllers/site.php(65): IController->redirect(index)
#6 IWEB_PATH/lib/web/action/inline_action.php(24): Site->index()
#7 IWEB_PATH/lib/web/controller/controller_class.php(137): IInlineAction->run()
#8 IWEB_PATH/lib/core/webapplication_class.php(29): IController->run()
#9 IWEB_PATH/lib/core/application_class.php(108): IWebApplication->execRequest()
#10 IWEB_PATH/index.php(5): IApplication->run()
</ERROR_BLOCK>

<ERROR_BLOCK>
errorInfo: strstr() [<a href='function.strstr'>function.strstr</a>]: Empty delimiter
errorFile: IWEB_PATH/controllers/simple.php
errorLine: 219
errorCode: 2
errorTime: 2016-08-07 19:55:35
#0 IWEB_PATH/controllers/simple.php(219): strstr(,)
#1 IWEB_PATH/lib/web/action/inline_action.php(24): Simple->login_act()
#2 IWEB_PATH/lib/web/controller/controller_class.php(137): IInlineAction->run()
#3 IWEB_PATH/lib/core/webapplication_class.php(29): IController->run()
#4 IWEB_PATH/lib/core/application_class.php(108): IWebApplication->execRequest()
#5 IWEB_PATH/index.php(5): IApplication->run()
</ERROR_BLOCK>

<ERROR_BLOCK>
errorInfo: Undefined variable: data
errorFile: IWEB_PATH/controllers/site.php
errorLine: 56
errorCode: 8
errorTime: 2016-08-07 19:55:39
#0 IWEB_PATH/lib/web/action/inline_action.php(24): Site->index()
#1 IWEB_PATH/lib/web/controller/controller_class.php(137): IInlineAction->run()
#2 IWEB_PATH/lib/core/webapplication_class.php(29): IController->run()
#3 IWEB_PATH/lib/core/application_class.php(108): IWebApplication->execRequest()
#4 IWEB_PATH/index.php(5): IApplication->run()
</ERROR_BLOCK>

<ERROR_BLOCK>
errorInfo: array_slice() expects parameter 1 to be array, null given
errorFile: IWEB_PATH/controllers/site.php
errorLine: 56
errorCode: 2
errorTime: 2016-08-07 19:55:39
#0 IWEB_PATH/controllers/site.php(56): array_slice(0,5)
#1 IWEB_PATH/lib/web/action/inline_action.php(24): Site->index()
#2 IWEB_PATH/lib/web/controller/controller_class.php(137): IInlineAction->run()
#3 IWEB_PATH/lib/core/webapplication_class.php(29): IController->run()
#4 IWEB_PATH/lib/core/application_class.php(108): IWebApplication->execRequest()
#5 IWEB_PATH/index.php(5): IApplication->run()
</ERROR_BLOCK>

<ERROR_BLOCK>
errorInfo: Invalid argument supplied for foreach()
errorFile: IWEB_PATH/runtime/default/site/index.php
errorLine: 322
errorCode: 2
errorTime: 2016-08-07 19:55:39
#0 IWEB_PATH/lib/web/controller/controllerbase_class.php(116): require(IWEB_PATH/runtime/default/site/index.php)
#1 IWEB_PATH/lib/web/controller/controllerbase_class.php(82): IControllerBase->requireFile(IWEB_PATH/runtime/default/site/index.php)
#2 IWEB_PATH/lib/web/controller/controller_class.php(201): IControllerBase->renderView(IWEB_PATH/views/default/site/index)
#3 IWEB_PATH/lib/web/action/view_action.php(36): IController->render(IWEB_PATH/views/default/site/index)
#4 IWEB_PATH/lib/web/controller/controller_class.php(370): IViewAction->run()
#5 IWEB_PATH/controllers/site.php(65): IController->redirect(index)
#6 IWEB_PATH/lib/web/action/inline_action.php(24): Site->index()
#7 IWEB_PATH/lib/web/controller/controller_class.php(137): IInlineAction->run()
#8 IWEB_PATH/lib/core/webapplication_class.php(29): IController->run()
#9 IWEB_PATH/lib/core/application_class.php(108): IWebApplication->execRequest()
#10 IWEB_PATH/index.php(5): IApplication->run()
</ERROR_BLOCK>

<ERROR_BLOCK>
excepInfo: INSERT INTO iwebshop_goods_like ( `uid`,`gid`,`visttime`,`count` ) VALUES ( '5','9','2016-08-07 19:55:41','1' ) 
 -- Duplicate entry '9' for key 'gid'
excepFile: IWEB_PATH/lib/db/db_class.php
excepLine: 98
excepCode: 1000
excepTime: 2016-08-07 19:55:41
#0 IWEB_PATH/lib/web/model/model_class.php(112): IDB->query(INSERT INTO iwebshop_goods_like ( `uid`,`gid`,`visttime`,`count` ) VALUES ( '5','9','2016-08-07 19:55:41','1' ) )
#1 IWEB_PATH/controllers/site.php(422): IModel->add()
#2 IWEB_PATH/lib/web/action/inline_action.php(24): Site->products()
#3 IWEB_PATH/lib/web/controller/controller_class.php(137): IInlineAction->run()
#4 IWEB_PATH/lib/core/webapplication_class.php(29): IController->run()
#5 IWEB_PATH/lib/core/application_class.php(108): IWebApplication->execRequest()
#6 IWEB_PATH/index.php(5): IApplication->run()
</ERROR_BLOCK>

<ERROR_BLOCK>
errorInfo: Undefined variable: data
errorFile: IWEB_PATH/controllers/site.php
errorLine: 56
errorCode: 8
errorTime: 2016-08-07 19:56:13
#0 IWEB_PATH/lib/web/action/inline_action.php(24): Site->index()
#1 IWEB_PATH/lib/web/controller/controller_class.php(137): IInlineAction->run()
#2 IWEB_PATH/lib/core/webapplication_class.php(29): IController->run()
#3 IWEB_PATH/lib/core/application_class.php(108): IWebApplication->execRequest()
#4 IWEB_PATH/index.php(5): IApplication->run()
</ERROR_BLOCK>

<ERROR_BLOCK>
errorInfo: array_slice() expects parameter 1 to be array, null given
errorFile: IWEB_PATH/controllers/site.php
errorLine: 56
errorCode: 2
errorTime: 2016-08-07 19:56:13
#0 IWEB_PATH/controllers/site.php(56): array_slice(0,5)
#1 IWEB_PATH/lib/web/action/inline_action.php(24): Site->index()
#2 IWEB_PATH/lib/web/controller/controller_class.php(137): IInlineAction->run()
#3 IWEB_PATH/lib/core/webapplication_class.php(29): IController->run()
#4 IWEB_PATH/lib/core/application_class.php(108): IWebApplication->execRequest()
#5 IWEB_PATH/index.php(5): IApplication->run()
</ERROR_BLOCK>

<ERROR_BLOCK>
errorInfo: Invalid argument supplied for foreach()
errorFile: IWEB_PATH/runtime/default/site/index.php
errorLine: 322
errorCode: 2
errorTime: 2016-08-07 19:56:13
#0 IWEB_PATH/lib/web/controller/controllerbase_class.php(116): require(IWEB_PATH/runtime/default/site/index.php)
#1 IWEB_PATH/lib/web/controller/controllerbase_class.php(82): IControllerBase->requireFile(IWEB_PATH/runtime/default/site/index.php)
#2 IWEB_PATH/lib/web/controller/controller_class.php(201): IControllerBase->renderView(IWEB_PATH/views/default/site/index)
#3 IWEB_PATH/lib/web/action/view_action.php(36): IController->render(IWEB_PATH/views/default/site/index)
#4 IWEB_PATH/lib/web/controller/controller_class.php(370): IViewAction->run()
#5 IWEB_PATH/controllers/site.php(65): IController->redirect(index)
#6 IWEB_PATH/lib/web/action/inline_action.php(24): Site->index()
#7 IWEB_PATH/lib/web/controller/controller_class.php(137): IInlineAction->run()
#8 IWEB_PATH/lib/core/webapplication_class.php(29): IController->run()
#9 IWEB_PATH/lib/core/application_class.php(108): IWebApplication->execRequest()
#10 IWEB_PATH/index.php(5): IApplication->run()
</ERROR_BLOCK>

<ERROR_BLOCK>
errorInfo: Undefined variable: data
errorFile: IWEB_PATH/controllers/site.php
errorLine: 56
errorCode: 8
errorTime: 2016-08-07 19:56:30
#0 IWEB_PATH/lib/web/action/inline_action.php(24): Site->index()
#1 IWEB_PATH/lib/web/controller/controller_class.php(137): IInlineAction->run()
#2 IWEB_PATH/lib/core/webapplication_class.php(29): IController->run()
#3 IWEB_PATH/lib/core/application_class.php(108): IWebApplication->execRequest()
#4 IWEB_PATH/index.php(5): IApplication->run()
</ERROR_BLOCK>

<ERROR_BLOCK>
errorInfo: array_slice() expects parameter 1 to be array, null given
errorFile: IWEB_PATH/controllers/site.php
errorLine: 56
errorCode: 2
errorTime: 2016-08-07 19:56:30
#0 IWEB_PATH/controllers/site.php(56): array_slice(0,5)
#1 IWEB_PATH/lib/web/action/inline_action.php(24): Site->index()
#2 IWEB_PATH/lib/web/controller/controller_class.php(137): IInlineAction->run()
#3 IWEB_PATH/lib/core/webapplication_class.php(29): IController->run()
#4 IWEB_PATH/lib/core/application_class.php(108): IWebApplication->execRequest()
#5 IWEB_PATH/index.php(5): IApplication->run()
</ERROR_BLOCK>

<ERROR_BLOCK>
errorInfo: Invalid argument supplied for foreach()
errorFile: IWEB_PATH/runtime/default/site/index.php
errorLine: 322
errorCode: 2
errorTime: 2016-08-07 19:56:30
#0 IWEB_PATH/lib/web/controller/controllerbase_class.php(116): require(IWEB_PATH/runtime/default/site/index.php)
#1 IWEB_PATH/lib/web/controller/controllerbase_class.php(82): IControllerBase->requireFile(IWEB_PATH/runtime/default/site/index.php)
#2 IWEB_PATH/lib/web/controller/controller_class.php(201): IControllerBase->renderView(IWEB_PATH/views/default/site/index)
#3 IWEB_PATH/lib/web/action/view_action.php(36): IController->render(IWEB_PATH/views/default/site/index)
#4 IWEB_PATH/lib/web/controller/controller_class.php(370): IViewAction->run()
#5 IWEB_PATH/controllers/site.php(65): IController->redirect(index)
#6 IWEB_PATH/lib/web/action/inline_action.php(24): Site->index()
#7 IWEB_PATH/lib/web/controller/controller_class.php(137): IInlineAction->run()
#8 IWEB_PATH/lib/core/webapplication_class.php(29): IController->run()
#9 IWEB_PATH/lib/core/application_class.php(108): IWebApplication->execRequest()
#10 IWEB_PATH/index.php(5): IApplication->run()
</ERROR_BLOCK>

<ERROR_BLOCK>
errorInfo: Undefined variable: data
errorFile: IWEB_PATH/controllers/site.php
errorLine: 56
errorCode: 8
errorTime: 2016-08-07 19:57:10
#0 IWEB_PATH/lib/web/action/inline_action.php(24): Site->index()
#1 IWEB_PATH/lib/web/controller/controller_class.php(137): IInlineAction->run()
#2 IWEB_PATH/lib/core/webapplication_class.php(29): IController->run()
#3 IWEB_PATH/lib/core/application_class.php(108): IWebApplication->execRequest()
#4 IWEB_PATH/index.php(5): IApplication->run()
</ERROR_BLOCK>

<ERROR_BLOCK>
errorInfo: array_slice() expects parameter 1 to be array, null given
errorFile: IWEB_PATH/controllers/site.php
errorLine: 56
errorCode: 2
errorTime: 2016-08-07 19:57:10
#0 IWEB_PATH/controllers/site.php(56): array_slice(0,5)
#1 IWEB_PATH/lib/web/action/inline_action.php(24): Site->index()
#2 IWEB_PATH/lib/web/controller/controller_class.php(137): IInlineAction->run()
#3 IWEB_PATH/lib/core/webapplication_class.php(29): IController->run()
#4 IWEB_PATH/lib/core/application_class.php(108): IWebApplication->execRequest()
#5 IWEB_PATH/index.php(5): IApplication->run()
</ERROR_BLOCK>

<ERROR_BLOCK>
errorInfo: Invalid argument supplied for foreach()
errorFile: IWEB_PATH/runtime/default/site/index.php
errorLine: 322
errorCode: 2
errorTime: 2016-08-07 19:57:10
#0 IWEB_PATH/lib/web/controller/controllerbase_class.php(116): require(IWEB_PATH/runtime/default/site/index.php)
#1 IWEB_PATH/lib/web/controller/controllerbase_class.php(82): IControllerBase->requireFile(IWEB_PATH/runtime/default/site/index.php)
#2 IWEB_PATH/lib/web/controller/controller_class.php(201): IControllerBase->renderView(IWEB_PATH/views/default/site/index)
#3 IWEB_PATH/lib/web/action/view_action.php(36): IController->render(IWEB_PATH/views/default/site/index)
#4 IWEB_PATH/lib/web/controller/controller_class.php(370): IViewAction->run()
#5 IWEB_PATH/controllers/site.php(65): IController->redirect(index)
#6 IWEB_PATH/lib/web/action/inline_action.php(24): Site->index()
#7 IWEB_PATH/lib/web/controller/controller_class.php(137): IInlineAction->run()
#8 IWEB_PATH/lib/core/webapplication_class.php(29): IController->run()
#9 IWEB_PATH/lib/core/application_class.php(108): IWebApplication->execRequest()
#10 IWEB_PATH/index.php(5): IApplication->run()
</ERROR_BLOCK>

<ERROR_BLOCK>
errorInfo: Undefined variable: data
errorFile: IWEB_PATH/controllers/site.php
errorLine: 56
errorCode: 8
errorTime: 2016-08-07 19:58:19
#0 IWEB_PATH/lib/web/action/inline_action.php(24): Site->index()
#1 IWEB_PATH/lib/web/controller/controller_class.php(137): IInlineAction->run()
#2 IWEB_PATH/lib/core/webapplication_class.php(29): IController->run()
#3 IWEB_PATH/lib/core/application_class.php(108): IWebApplication->execRequest()
#4 IWEB_PATH/index.php(5): IApplication->run()
</ERROR_BLOCK>

<ERROR_BLOCK>
errorInfo: array_slice() expects parameter 1 to be array, null given
errorFile: IWEB_PATH/controllers/site.php
errorLine: 56
errorCode: 2
errorTime: 2016-08-07 19:58:19
#0 IWEB_PATH/controllers/site.php(56): array_slice(0,5)
#1 IWEB_PATH/lib/web/action/inline_action.php(24): Site->index()
#2 IWEB_PATH/lib/web/controller/controller_class.php(137): IInlineAction->run()
#3 IWEB_PATH/lib/core/webapplication_class.php(29): IController->run()
#4 IWEB_PATH/lib/core/application_class.php(108): IWebApplication->execRequest()
#5 IWEB_PATH/index.php(5): IApplication->run()
</ERROR_BLOCK>

<ERROR_BLOCK>
errorInfo: Invalid argument supplied for foreach()
errorFile: IWEB_PATH/runtime/default/site/index.php
errorLine: 322
errorCode: 2
errorTime: 2016-08-07 19:58:19
#0 IWEB_PATH/lib/web/controller/controllerbase_class.php(116): require(IWEB_PATH/runtime/default/site/index.php)
#1 IWEB_PATH/lib/web/controller/controllerbase_class.php(82): IControllerBase->requireFile(IWEB_PATH/runtime/default/site/index.php)
#2 IWEB_PATH/lib/web/controller/controller_class.php(201): IControllerBase->renderView(IWEB_PATH/views/default/site/index)
#3 IWEB_PATH/lib/web/action/view_action.php(36): IController->render(IWEB_PATH/views/default/site/index)
#4 IWEB_PATH/lib/web/controller/controller_class.php(370): IViewAction->run()
#5 IWEB_PATH/controllers/site.php(65): IController->redirect(index)
#6 IWEB_PATH/lib/web/action/inline_action.php(24): Site->index()
#7 IWEB_PATH/lib/web/controller/controller_class.php(137): IInlineAction->run()
#8 IWEB_PATH/lib/core/webapplication_class.php(29): IController->run()
#9 IWEB_PATH/lib/core/application_class.php(108): IWebApplication->execRequest()
#10 IWEB_PATH/index.php(5): IApplication->run()
</ERROR_BLOCK>

<ERROR_BLOCK>
errorInfo: Undefined variable: data
errorFile: IWEB_PATH/controllers/site.php
errorLine: 56
errorCode: 8
errorTime: 2016-08-07 19:58:21
#0 IWEB_PATH/lib/web/action/inline_action.php(24): Site->index()
#1 IWEB_PATH/lib/web/controller/controller_class.php(137): IInlineAction->run()
#2 IWEB_PATH/lib/core/webapplication_class.php(29): IController->run()
#3 IWEB_PATH/lib/core/application_class.php(108): IWebApplication->execRequest()
#4 IWEB_PATH/index.php(5): IApplication->run()
</ERROR_BLOCK>

<ERROR_BLOCK>
errorInfo: array_slice() expects parameter 1 to be array, null given
errorFile: IWEB_PATH/controllers/site.php
errorLine: 56
errorCode: 2
errorTime: 2016-08-07 19:58:21
#0 IWEB_PATH/controllers/site.php(56): array_slice(0,5)
#1 IWEB_PATH/lib/web/action/inline_action.php(24): Site->index()
#2 IWEB_PATH/lib/web/controller/controller_class.php(137): IInlineAction->run()
#3 IWEB_PATH/lib/core/webapplication_class.php(29): IController->run()
#4 IWEB_PATH/lib/core/application_class.php(108): IWebApplication->execRequest()
#5 IWEB_PATH/index.php(5): IApplication->run()
</ERROR_BLOCK>

<ERROR_BLOCK>
errorInfo: Invalid argument supplied for foreach()
errorFile: IWEB_PATH/runtime/default/site/index.php
errorLine: 322
errorCode: 2
errorTime: 2016-08-07 19:58:21
#0 IWEB_PATH/lib/web/controller/controllerbase_class.php(116): require(IWEB_PATH/runtime/default/site/index.php)
#1 IWEB_PATH/lib/web/controller/controllerbase_class.php(82): IControllerBase->requireFile(IWEB_PATH/runtime/default/site/index.php)
#2 IWEB_PATH/lib/web/controller/controller_class.php(201): IControllerBase->renderView(IWEB_PATH/views/default/site/index)
#3 IWEB_PATH/lib/web/action/view_action.php(36): IController->render(IWEB_PATH/views/default/site/index)
#4 IWEB_PATH/lib/web/controller/controller_class.php(370): IViewAction->run()
#5 IWEB_PATH/controllers/site.php(65): IController->redirect(index)
#6 IWEB_PATH/lib/web/action/inline_action.php(24): Site->index()
#7 IWEB_PATH/lib/web/controller/controller_class.php(137): IInlineAction->run()
#8 IWEB_PATH/lib/core/webapplication_class.php(29): IController->run()
#9 IWEB_PATH/lib/core/application_class.php(108): IWebApplication->execRequest()
#10 IWEB_PATH/index.php(5): IApplication->run()
</ERROR_BLOCK>

<ERROR_BLOCK>
errorInfo: strstr() [<a href='function.strstr'>function.strstr</a>]: Empty delimiter
errorFile: IWEB_PATH/controllers/simple.php
errorLine: 219
errorCode: 2
errorTime: 2016-08-07 19:58:50
#0 IWEB_PATH/controllers/simple.php(219): strstr(2016-08-07 19:53:44,)
#1 IWEB_PATH/lib/web/action/inline_action.php(24): Simple->login_act()
#2 IWEB_PATH/lib/web/controller/controller_class.php(137): IInlineAction->run()
#3 IWEB_PATH/lib/core/webapplication_class.php(29): IController->run()
#4 IWEB_PATH/lib/core/application_class.php(108): IWebApplication->execRequest()
#5 IWEB_PATH/index.php(5): IApplication->run()
</ERROR_BLOCK>

<ERROR_BLOCK>
errorInfo: Undefined variable: tmpId
errorFile: IWEB_PATH/runtime/default/site/index.php
errorLine: 324
errorCode: 8
errorTime: 2016-08-07 19:58:50
#0 IWEB_PATH/lib/web/controller/controllerbase_class.php(116): require(IWEB_PATH/runtime/default/site/index.php)
#1 IWEB_PATH/lib/web/controller/controllerbase_class.php(82): IControllerBase->requireFile(IWEB_PATH/runtime/default/site/index.php)
#2 IWEB_PATH/lib/web/controller/controller_class.php(201): IControllerBase->renderView(IWEB_PATH/views/default/site/index)
#3 IWEB_PATH/lib/web/action/view_action.php(36): IController->render(IWEB_PATH/views/default/site/index)
#4 IWEB_PATH/lib/web/controller/controller_class.php(370): IViewAction->run()
#5 IWEB_PATH/controllers/site.php(65): IController->redirect(index)
#6 IWEB_PATH/lib/web/action/inline_action.php(24): Site->index()
#7 IWEB_PATH/lib/web/controller/controller_class.php(137): IInlineAction->run()
#8 IWEB_PATH/lib/core/webapplication_class.php(29): IController->run()
#9 IWEB_PATH/lib/core/application_class.php(108): IWebApplication->execRequest()
#10 IWEB_PATH/index.php(5): IApplication->run()
</ERROR_BLOCK>

<ERROR_BLOCK>
errorInfo: Undefined variable: tmpId
errorFile: IWEB_PATH/runtime/default/site/index.php
errorLine: 325
errorCode: 8
errorTime: 2016-08-07 19:58:50
#0 IWEB_PATH/lib/web/controller/controllerbase_class.php(116): require(IWEB_PATH/runtime/default/site/index.php)
#1 IWEB_PATH/lib/web/controller/controllerbase_class.php(82): IControllerBase->requireFile(IWEB_PATH/runtime/default/site/index.php)
#2 IWEB_PATH/lib/web/controller/controller_class.php(201): IControllerBase->renderView(IWEB_PATH/views/default/site/index)
#3 IWEB_PATH/lib/web/action/view_action.php(36): IController->render(IWEB_PATH/views/default/site/index)
#4 IWEB_PATH/lib/web/controller/controller_class.php(370): IViewAction->run()
#5 IWEB_PATH/controllers/site.php(65): IController->redirect(index)
#6 IWEB_PATH/lib/web/action/inline_action.php(24): Site->index()
#7 IWEB_PATH/lib/web/controller/controller_class.php(137): IInlineAction->run()
#8 IWEB_PATH/lib/core/webapplication_class.php(29): IController->run()
#9 IWEB_PATH/lib/core/application_class.php(108): IWebApplication->execRequest()
#10 IWEB_PATH/index.php(5): IApplication->run()
</ERROR_BLOCK>

<ERROR_BLOCK>
errorInfo: strstr() [<a href='function.strstr'>function.strstr</a>]: Empty delimiter
errorFile: IWEB_PATH/controllers/simple.php
errorLine: 219
errorCode: 2
errorTime: 2016-08-07 19:59:36
#0 IWEB_PATH/controllers/simple.php(219): strstr(2016-08-07 19:49:02,)
#1 IWEB_PATH/lib/web/action/inline_action.php(24): Simple->login_act()
#2 IWEB_PATH/lib/web/controller/controller_class.php(137): IInlineAction->run()
#3 IWEB_PATH/lib/core/webapplication_class.php(29): IController->run()
#4 IWEB_PATH/lib/core/application_class.php(108): IWebApplication->execRequest()
#5 IWEB_PATH/index.php(5): IApplication->run()
</ERROR_BLOCK>

<ERROR_BLOCK>
errorInfo: Undefined variable: data
errorFile: IWEB_PATH/controllers/site.php
errorLine: 56
errorCode: 8
errorTime: 2016-08-07 19:59:36
#0 IWEB_PATH/lib/web/action/inline_action.php(24): Site->index()
#1 IWEB_PATH/lib/web/controller/controller_class.php(137): IInlineAction->run()
#2 IWEB_PATH/lib/core/webapplication_class.php(29): IController->run()
#3 IWEB_PATH/lib/core/application_class.php(108): IWebApplication->execRequest()
#4 IWEB_PATH/index.php(5): IApplication->run()
</ERROR_BLOCK>

<ERROR_BLOCK>
errorInfo: array_slice() expects parameter 1 to be array, null given
errorFile: IWEB_PATH/controllers/site.php
errorLine: 56
errorCode: 2
errorTime: 2016-08-07 19:59:36
#0 IWEB_PATH/controllers/site.php(56): array_slice(0,5)
#1 IWEB_PATH/lib/web/action/inline_action.php(24): Site->index()
#2 IWEB_PATH/lib/web/controller/controller_class.php(137): IInlineAction->run()
#3 IWEB_PATH/lib/core/webapplication_class.php(29): IController->run()
#4 IWEB_PATH/lib/core/application_class.php(108): IWebApplication->execRequest()
#5 IWEB_PATH/index.php(5): IApplication->run()
</ERROR_BLOCK>

<ERROR_BLOCK>
errorInfo: Invalid argument supplied for foreach()
errorFile: IWEB_PATH/runtime/default/site/index.php
errorLine: 322
errorCode: 2
errorTime: 2016-08-07 19:59:36
#0 IWEB_PATH/lib/web/controller/controllerbase_class.php(116): require(IWEB_PATH/runtime/default/site/index.php)
#1 IWEB_PATH/lib/web/controller/controllerbase_class.php(82): IControllerBase->requireFile(IWEB_PATH/runtime/default/site/index.php)
#2 IWEB_PATH/lib/web/controller/controller_class.php(201): IControllerBase->renderView(IWEB_PATH/views/default/site/index)
#3 IWEB_PATH/lib/web/action/view_action.php(36): IController->render(IWEB_PATH/views/default/site/index)
#4 IWEB_PATH/lib/web/controller/controller_class.php(370): IViewAction->run()
#5 IWEB_PATH/controllers/site.php(65): IController->redirect(index)
#6 IWEB_PATH/lib/web/action/inline_action.php(24): Site->index()
#7 IWEB_PATH/lib/web/controller/controller_class.php(137): IInlineAction->run()
#8 IWEB_PATH/lib/core/webapplication_class.php(29): IController->run()
#9 IWEB_PATH/lib/core/application_class.php(108): IWebApplication->execRequest()
#10 IWEB_PATH/index.php(5): IApplication->run()
</ERROR_BLOCK>

<ERROR_BLOCK>
errorInfo: Undefined variable: data
errorFile: IWEB_PATH/controllers/site.php
errorLine: 56
errorCode: 8
errorTime: 2016-08-07 20:01:41
#0 IWEB_PATH/lib/web/action/inline_action.php(24): Site->index()
#1 IWEB_PATH/lib/web/controller/controller_class.php(137): IInlineAction->run()
#2 IWEB_PATH/lib/core/webapplication_class.php(29): IController->run()
#3 IWEB_PATH/lib/core/application_class.php(108): IWebApplication->execRequest()
#4 IWEB_PATH/index.php(5): IApplication->run()
</ERROR_BLOCK>

<ERROR_BLOCK>
errorInfo: array_slice() expects parameter 1 to be array, null given
errorFile: IWEB_PATH/controllers/site.php
errorLine: 56
errorCode: 2
errorTime: 2016-08-07 20:01:41
#0 IWEB_PATH/controllers/site.php(56): array_slice(0,5)
#1 IWEB_PATH/lib/web/action/inline_action.php(24): Site->index()
#2 IWEB_PATH/lib/web/controller/controller_class.php(137): IInlineAction->run()
#3 IWEB_PATH/lib/core/webapplication_class.php(29): IController->run()
#4 IWEB_PATH/lib/core/application_class.php(108): IWebApplication->execRequest()
#5 IWEB_PATH/index.php(5): IApplication->run()
</ERROR_BLOCK>

<ERROR_BLOCK>
errorInfo: Invalid argument supplied for foreach()
errorFile: IWEB_PATH/runtime/default/site/index.php
errorLine: 322
errorCode: 2
errorTime: 2016-08-07 20:01:41
#0 IWEB_PATH/lib/web/controller/controllerbase_class.php(116): require(IWEB_PATH/runtime/default/site/index.php)
#1 IWEB_PATH/lib/web/controller/controllerbase_class.php(82): IControllerBase->requireFile(IWEB_PATH/runtime/default/site/index.php)
#2 IWEB_PATH/lib/web/controller/controller_class.php(201): IControllerBase->renderView(IWEB_PATH/views/default/site/index)
#3 IWEB_PATH/lib/web/action/view_action.php(36): IController->render(IWEB_PATH/views/default/site/index)
#4 IWEB_PATH/lib/web/controller/controller_class.php(370): IViewAction->run()
#5 IWEB_PATH/controllers/site.php(65): IController->redirect(index)
#6 IWEB_PATH/lib/web/action/inline_action.php(24): Site->index()
#7 IWEB_PATH/lib/web/controller/controller_class.php(137): IInlineAction->run()
#8 IWEB_PATH/lib/core/webapplication_class.php(29): IController->run()
#9 IWEB_PATH/lib/core/application_class.php(108): IWebApplication->execRequest()
#10 IWEB_PATH/index.php(5): IApplication->run()
</ERROR_BLOCK>

<ERROR_BLOCK>
errorInfo: Undefined variable: data
errorFile: IWEB_PATH/controllers/site.php
errorLine: 56
errorCode: 8
errorTime: 2016-08-07 20:06:41
#0 IWEB_PATH/lib/web/action/inline_action.php(24): Site->index()
#1 IWEB_PATH/lib/web/controller/controller_class.php(137): IInlineAction->run()
#2 IWEB_PATH/lib/core/webapplication_class.php(29): IController->run()
#3 IWEB_PATH/lib/core/application_class.php(108): IWebApplication->execRequest()
#4 IWEB_PATH/index.php(5): IApplication->run()
</ERROR_BLOCK>

<ERROR_BLOCK>
errorInfo: array_slice() expects parameter 1 to be array, null given
errorFile: IWEB_PATH/controllers/site.php
errorLine: 56
errorCode: 2
errorTime: 2016-08-07 20:06:41
#0 IWEB_PATH/controllers/site.php(56): array_slice(0,5)
#1 IWEB_PATH/lib/web/action/inline_action.php(24): Site->index()
#2 IWEB_PATH/lib/web/controller/controller_class.php(137): IInlineAction->run()
#3 IWEB_PATH/lib/core/webapplication_class.php(29): IController->run()
#4 IWEB_PATH/lib/core/application_class.php(108): IWebApplication->execRequest()
#5 IWEB_PATH/index.php(5): IApplication->run()
</ERROR_BLOCK>

<ERROR_BLOCK>
errorInfo: Invalid argument supplied for foreach()
errorFile: IWEB_PATH/runtime/default/site/index.php
errorLine: 322
errorCode: 2
errorTime: 2016-08-07 20:06:41
#0 IWEB_PATH/lib/web/controller/controllerbase_class.php(116): require(IWEB_PATH/runtime/default/site/index.php)
#1 IWEB_PATH/lib/web/controller/controllerbase_class.php(82): IControllerBase->requireFile(IWEB_PATH/runtime/default/site/index.php)
#2 IWEB_PATH/lib/web/controller/controller_class.php(201): IControllerBase->renderView(IWEB_PATH/views/default/site/index)
#3 IWEB_PATH/lib/web/action/view_action.php(36): IController->render(IWEB_PATH/views/default/site/index)
#4 IWEB_PATH/lib/web/controller/controller_class.php(370): IViewAction->run()
#5 IWEB_PATH/controllers/site.php(65): IController->redirect(index)
#6 IWEB_PATH/lib/web/action/inline_action.php(24): Site->index()
#7 IWEB_PATH/lib/web/controller/controller_class.php(137): IInlineAction->run()
#8 IWEB_PATH/lib/core/webapplication_class.php(29): IController->run()
#9 IWEB_PATH/lib/core/application_class.php(108): IWebApplication->execRequest()
#10 IWEB_PATH/index.php(5): IApplication->run()
</ERROR_BLOCK>

<ERROR_BLOCK>
excepInfo: INSERT INTO iwebshop_goods_like ( `uid`,`gid`,`visttime`,`count` ) VALUES ( '3','9','2016-08-07 20:06:44','1' ) 
 -- Duplicate entry '9' for key 'gid'
excepFile: IWEB_PATH/lib/db/db_class.php
excepLine: 98
excepCode: 1000
excepTime: 2016-08-07 20:06:44
#0 IWEB_PATH/lib/web/model/model_class.php(112): IDB->query(INSERT INTO iwebshop_goods_like ( `uid`,`gid`,`visttime`,`count` ) VALUES ( '3','9','2016-08-07 20:06:44','1' ) )
#1 IWEB_PATH/controllers/site.php(422): IModel->add()
#2 IWEB_PATH/lib/web/action/inline_action.php(24): Site->products()
#3 IWEB_PATH/lib/web/controller/controller_class.php(137): IInlineAction->run()
#4 IWEB_PATH/lib/core/webapplication_class.php(29): IController->run()
#5 IWEB_PATH/lib/core/application_class.php(108): IWebApplication->execRequest()
#6 IWEB_PATH/index.php(5): IApplication->run()
</ERROR_BLOCK>

<ERROR_BLOCK>
excepInfo: select  * from iwebshop_city  where city=','   
 -- Table 'ishop.iwebshop_city' doesn't exist
excepFile: IWEB_PATH/lib/db/db_class.php
excepLine: 68
excepCode: 1000
excepTime: 2016-08-07 20:20:13
#0 IWEB_PATH/lib/core/query_class.php(171): IDB->query(select  * from iwebshop_city  where city=','   )
#1 IWEB_PATH/controllers/site.php(45): IQuery->find()
#2 IWEB_PATH/lib/web/action/inline_action.php(24): Site->index()
#3 IWEB_PATH/lib/web/controller/controller_class.php(137): IInlineAction->run()
#4 IWEB_PATH/lib/core/webapplication_class.php(29): IController->run()
#5 IWEB_PATH/lib/core/application_class.php(108): IWebApplication->execRequest()
#6 IWEB_PATH/index.php(5): IApplication->run()
</ERROR_BLOCK>

<ERROR_BLOCK>
errorInfo: Undefined variable: data
errorFile: IWEB_PATH/controllers/site.php
errorLine: 56
errorCode: 8
errorTime: 2016-08-07 20:20:30
#0 IWEB_PATH/lib/web/action/inline_action.php(24): Site->index()
#1 IWEB_PATH/lib/web/controller/controller_class.php(137): IInlineAction->run()
#2 IWEB_PATH/lib/core/webapplication_class.php(29): IController->run()
#3 IWEB_PATH/lib/core/application_class.php(108): IWebApplication->execRequest()
#4 IWEB_PATH/index.php(5): IApplication->run()
</ERROR_BLOCK>

<ERROR_BLOCK>
errorInfo: array_slice() expects parameter 1 to be array, null given
errorFile: IWEB_PATH/controllers/site.php
errorLine: 56
errorCode: 2
errorTime: 2016-08-07 20:20:30
#0 IWEB_PATH/controllers/site.php(56): array_slice(0,5)
#1 IWEB_PATH/lib/web/action/inline_action.php(24): Site->index()
#2 IWEB_PATH/lib/web/controller/controller_class.php(137): IInlineAction->run()
#3 IWEB_PATH/lib/core/webapplication_class.php(29): IController->run()
#4 IWEB_PATH/lib/core/application_class.php(108): IWebApplication->execRequest()
#5 IWEB_PATH/index.php(5): IApplication->run()
</ERROR_BLOCK>

<ERROR_BLOCK>
errorInfo: Invalid argument supplied for foreach()
errorFile: IWEB_PATH/runtime/default/site/index.php
errorLine: 322
errorCode: 2
errorTime: 2016-08-07 20:20:30
#0 IWEB_PATH/lib/web/controller/controllerbase_class.php(116): require(IWEB_PATH/runtime/default/site/index.php)
#1 IWEB_PATH/lib/web/controller/controllerbase_class.php(82): IControllerBase->requireFile(IWEB_PATH/runtime/default/site/index.php)
#2 IWEB_PATH/lib/web/controller/controller_class.php(201): IControllerBase->renderView(IWEB_PATH/views/default/site/index)
#3 IWEB_PATH/lib/web/action/view_action.php(36): IController->render(IWEB_PATH/views/default/site/index)
#4 IWEB_PATH/lib/web/controller/controller_class.php(370): IViewAction->run()
#5 IWEB_PATH/controllers/site.php(65): IController->redirect(index)
#6 IWEB_PATH/lib/web/action/inline_action.php(24): Site->index()
#7 IWEB_PATH/lib/web/controller/controller_class.php(137): IInlineAction->run()
#8 IWEB_PATH/lib/core/webapplication_class.php(29): IController->run()
#9 IWEB_PATH/lib/core/application_class.php(108): IWebApplication->execRequest()
#10 IWEB_PATH/index.php(5): IApplication->run()
</ERROR_BLOCK>

<ERROR_BLOCK>
errorInfo: Undefined variable: data
errorFile: IWEB_PATH/controllers/site.php
errorLine: 56
errorCode: 8
errorTime: 2016-08-07 20:23:39
#0 IWEB_PATH/lib/web/action/inline_action.php(24): Site->index()
#1 IWEB_PATH/lib/web/controller/controller_class.php(137): IInlineAction->run()
#2 IWEB_PATH/lib/core/webapplication_class.php(29): IController->run()
#3 IWEB_PATH/lib/core/application_class.php(108): IWebApplication->execRequest()
#4 IWEB_PATH/index.php(5): IApplication->run()
</ERROR_BLOCK>

<ERROR_BLOCK>
errorInfo: array_slice() expects parameter 1 to be array, null given
errorFile: IWEB_PATH/controllers/site.php
errorLine: 56
errorCode: 2
errorTime: 2016-08-07 20:23:39
#0 IWEB_PATH/controllers/site.php(56): array_slice(0,5)
#1 IWEB_PATH/lib/web/action/inline_action.php(24): Site->index()
#2 IWEB_PATH/lib/web/controller/controller_class.php(137): IInlineAction->run()
#3 IWEB_PATH/lib/core/webapplication_class.php(29): IController->run()
#4 IWEB_PATH/lib/core/application_class.php(108): IWebApplication->execRequest()
#5 IWEB_PATH/index.php(5): IApplication->run()
</ERROR_BLOCK>

<ERROR_BLOCK>
errorInfo: Invalid argument supplied for foreach()
errorFile: IWEB_PATH/runtime/default/site/index.php
errorLine: 322
errorCode: 2
errorTime: 2016-08-07 20:23:39
#0 IWEB_PATH/lib/web/controller/controllerbase_class.php(116): require(IWEB_PATH/runtime/default/site/index.php)
#1 IWEB_PATH/lib/web/controller/controllerbase_class.php(82): IControllerBase->requireFile(IWEB_PATH/runtime/default/site/index.php)
#2 IWEB_PATH/lib/web/controller/controller_class.php(201): IControllerBase->renderView(IWEB_PATH/views/default/site/index)
#3 IWEB_PATH/lib/web/action/view_action.php(36): IController->render(IWEB_PATH/views/default/site/index)
#4 IWEB_PATH/lib/web/controller/controller_class.php(370): IViewAction->run()
#5 IWEB_PATH/controllers/site.php(65): IController->redirect(index)
#6 IWEB_PATH/lib/web/action/inline_action.php(24): Site->index()
#7 IWEB_PATH/lib/web/controller/controller_class.php(137): IInlineAction->run()
#8 IWEB_PATH/lib/core/webapplication_class.php(29): IController->run()
#9 IWEB_PATH/lib/core/application_class.php(108): IWebApplication->execRequest()
#10 IWEB_PATH/index.php(5): IApplication->run()
</ERROR_BLOCK>

<ERROR_BLOCK>
errorInfo: Undefined variable: data
errorFile: IWEB_PATH/controllers/site.php
errorLine: 56
errorCode: 8
errorTime: 2016-08-07 20:24:28
#0 IWEB_PATH/lib/web/action/inline_action.php(24): Site->index()
#1 IWEB_PATH/lib/web/controller/controller_class.php(137): IInlineAction->run()
#2 IWEB_PATH/lib/core/webapplication_class.php(29): IController->run()
#3 IWEB_PATH/lib/core/application_class.php(108): IWebApplication->execRequest()
#4 IWEB_PATH/index.php(5): IApplication->run()
</ERROR_BLOCK>

<ERROR_BLOCK>
errorInfo: array_slice() expects parameter 1 to be array, null given
errorFile: IWEB_PATH/controllers/site.php
errorLine: 56
errorCode: 2
errorTime: 2016-08-07 20:24:28
#0 IWEB_PATH/controllers/site.php(56): array_slice(0,5)
#1 IWEB_PATH/lib/web/action/inline_action.php(24): Site->index()
#2 IWEB_PATH/lib/web/controller/controller_class.php(137): IInlineAction->run()
#3 IWEB_PATH/lib/core/webapplication_class.php(29): IController->run()
#4 IWEB_PATH/lib/core/application_class.php(108): IWebApplication->execRequest()
#5 IWEB_PATH/index.php(5): IApplication->run()
</ERROR_BLOCK>

<ERROR_BLOCK>
errorInfo: Invalid argument supplied for foreach()
errorFile: IWEB_PATH/runtime/default/site/index.php
errorLine: 322
errorCode: 2
errorTime: 2016-08-07 20:24:28
#0 IWEB_PATH/lib/web/controller/controllerbase_class.php(116): require(IWEB_PATH/runtime/default/site/index.php)
#1 IWEB_PATH/lib/web/controller/controllerbase_class.php(82): IControllerBase->requireFile(IWEB_PATH/runtime/default/site/index.php)
#2 IWEB_PATH/lib/web/controller/controller_class.php(201): IControllerBase->renderView(IWEB_PATH/views/default/site/index)
#3 IWEB_PATH/lib/web/action/view_action.php(36): IController->render(IWEB_PATH/views/default/site/index)
#4 IWEB_PATH/lib/web/controller/controller_class.php(370): IViewAction->run()
#5 IWEB_PATH/controllers/site.php(65): IController->redirect(index)
#6 IWEB_PATH/lib/web/action/inline_action.php(24): Site->index()
#7 IWEB_PATH/lib/web/controller/controller_class.php(137): IInlineAction->run()
#8 IWEB_PATH/lib/core/webapplication_class.php(29): IController->run()
#9 IWEB_PATH/lib/core/application_class.php(108): IWebApplication->execRequest()
#10 IWEB_PATH/index.php(5): IApplication->run()
</ERROR_BLOCK>

<ERROR_BLOCK>
errorInfo: Undefined variable: data
errorFile: IWEB_PATH/controllers/site.php
errorLine: 56
errorCode: 8
errorTime: 2016-08-07 20:24:29
#0 IWEB_PATH/lib/web/action/inline_action.php(24): Site->index()
#1 IWEB_PATH/lib/web/controller/controller_class.php(137): IInlineAction->run()
#2 IWEB_PATH/lib/core/webapplication_class.php(29): IController->run()
#3 IWEB_PATH/lib/core/application_class.php(108): IWebApplication->execRequest()
#4 IWEB_PATH/index.php(5): IApplication->run()
</ERROR_BLOCK>

<ERROR_BLOCK>
errorInfo: array_slice() expects parameter 1 to be array, null given
errorFile: IWEB_PATH/controllers/site.php
errorLine: 56
errorCode: 2
errorTime: 2016-08-07 20:24:29
#0 IWEB_PATH/controllers/site.php(56): array_slice(0,5)
#1 IWEB_PATH/lib/web/action/inline_action.php(24): Site->index()
#2 IWEB_PATH/lib/web/controller/controller_class.php(137): IInlineAction->run()
#3 IWEB_PATH/lib/core/webapplication_class.php(29): IController->run()
#4 IWEB_PATH/lib/core/application_class.php(108): IWebApplication->execRequest()
#5 IWEB_PATH/index.php(5): IApplication->run()
</ERROR_BLOCK>

<ERROR_BLOCK>
errorInfo: Invalid argument supplied for foreach()
errorFile: IWEB_PATH/runtime/default/site/index.php
errorLine: 322
errorCode: 2
errorTime: 2016-08-07 20:24:29
#0 IWEB_PATH/lib/web/controller/controllerbase_class.php(116): require(IWEB_PATH/runtime/default/site/index.php)
#1 IWEB_PATH/lib/web/controller/controllerbase_class.php(82): IControllerBase->requireFile(IWEB_PATH/runtime/default/site/index.php)
#2 IWEB_PATH/lib/web/controller/controller_class.php(201): IControllerBase->renderView(IWEB_PATH/views/default/site/index)
#3 IWEB_PATH/lib/web/action/view_action.php(36): IController->render(IWEB_PATH/views/default/site/index)
#4 IWEB_PATH/lib/web/controller/controller_class.php(370): IViewAction->run()
#5 IWEB_PATH/controllers/site.php(65): IController->redirect(index)
#6 IWEB_PATH/lib/web/action/inline_action.php(24): Site->index()
#7 IWEB_PATH/lib/web/controller/controller_class.php(137): IInlineAction->run()
#8 IWEB_PATH/lib/core/webapplication_class.php(29): IController->run()
#9 IWEB_PATH/lib/core/application_class.php(108): IWebApplication->execRequest()
#10 IWEB_PATH/index.php(5): IApplication->run()
</ERROR_BLOCK>

<ERROR_BLOCK>
errorInfo: Undefined variable: data
errorFile: IWEB_PATH/controllers/site.php
errorLine: 56
errorCode: 8
errorTime: 2016-08-07 20:24:30
#0 IWEB_PATH/lib/web/action/inline_action.php(24): Site->index()
#1 IWEB_PATH/lib/web/controller/controller_class.php(137): IInlineAction->run()
#2 IWEB_PATH/lib/core/webapplication_class.php(29): IController->run()
#3 IWEB_PATH/lib/core/application_class.php(108): IWebApplication->execRequest()
#4 IWEB_PATH/index.php(5): IApplication->run()
</ERROR_BLOCK>

<ERROR_BLOCK>
errorInfo: array_slice() expects parameter 1 to be array, null given
errorFile: IWEB_PATH/controllers/site.php
errorLine: 56
errorCode: 2
errorTime: 2016-08-07 20:24:30
#0 IWEB_PATH/controllers/site.php(56): array_slice(0,5)
#1 IWEB_PATH/lib/web/action/inline_action.php(24): Site->index()
#2 IWEB_PATH/lib/web/controller/controller_class.php(137): IInlineAction->run()
#3 IWEB_PATH/lib/core/webapplication_class.php(29): IController->run()
#4 IWEB_PATH/lib/core/application_class.php(108): IWebApplication->execRequest()
#5 IWEB_PATH/index.php(5): IApplication->run()
</ERROR_BLOCK>

<ERROR_BLOCK>
errorInfo: Invalid argument supplied for foreach()
errorFile: IWEB_PATH/runtime/default/site/index.php
errorLine: 322
errorCode: 2
errorTime: 2016-08-07 20:24:30
#0 IWEB_PATH/lib/web/controller/controllerbase_class.php(116): require(IWEB_PATH/runtime/default/site/index.php)
#1 IWEB_PATH/lib/web/controller/controllerbase_class.php(82): IControllerBase->requireFile(IWEB_PATH/runtime/default/site/index.php)
#2 IWEB_PATH/lib/web/controller/controller_class.php(201): IControllerBase->renderView(IWEB_PATH/views/default/site/index)
#3 IWEB_PATH/lib/web/action/view_action.php(36): IController->render(IWEB_PATH/views/default/site/index)
#4 IWEB_PATH/lib/web/controller/controller_class.php(370): IViewAction->run()
#5 IWEB_PATH/controllers/site.php(65): IController->redirect(index)
#6 IWEB_PATH/lib/web/action/inline_action.php(24): Site->index()
#7 IWEB_PATH/lib/web/controller/controller_class.php(137): IInlineAction->run()
#8 IWEB_PATH/lib/core/webapplication_class.php(29): IController->run()
#9 IWEB_PATH/lib/core/application_class.php(108): IWebApplication->execRequest()
#10 IWEB_PATH/index.php(5): IApplication->run()
</ERROR_BLOCK>

<ERROR_BLOCK>
errorInfo: strstr() [<a href='function.strstr'>function.strstr</a>]: Empty delimiter
errorFile: IWEB_PATH/controllers/simple.php
errorLine: 219
errorCode: 2
errorTime: 2016-08-07 20:26:36
#0 IWEB_PATH/controllers/simple.php(219): strstr(2016-08-07 19:58:50,)
#1 IWEB_PATH/lib/web/action/inline_action.php(24): Simple->login_act()
#2 IWEB_PATH/lib/web/controller/controller_class.php(137): IInlineAction->run()
#3 IWEB_PATH/lib/core/webapplication_class.php(29): IController->run()
#4 IWEB_PATH/lib/core/application_class.php(108): IWebApplication->execRequest()
#5 IWEB_PATH/index.php(5): IApplication->run()
</ERROR_BLOCK>

<ERROR_BLOCK>
errorInfo: Undefined variable: tmpId
errorFile: IWEB_PATH/runtime/default/site/index.php
errorLine: 324
errorCode: 8
errorTime: 2016-08-07 20:26:37
#0 IWEB_PATH/lib/web/controller/controllerbase_class.php(116): require(IWEB_PATH/runtime/default/site/index.php)
#1 IWEB_PATH/lib/web/controller/controllerbase_class.php(82): IControllerBase->requireFile(IWEB_PATH/runtime/default/site/index.php)
#2 IWEB_PATH/lib/web/controller/controller_class.php(201): IControllerBase->renderView(IWEB_PATH/views/default/site/index)
#3 IWEB_PATH/lib/web/action/view_action.php(36): IController->render(IWEB_PATH/views/default/site/index)
#4 IWEB_PATH/lib/web/controller/controller_class.php(370): IViewAction->run()
#5 IWEB_PATH/controllers/site.php(65): IController->redirect(index)
#6 IWEB_PATH/lib/web/action/inline_action.php(24): Site->index()
#7 IWEB_PATH/lib/web/controller/controller_class.php(137): IInlineAction->run()
#8 IWEB_PATH/lib/core/webapplication_class.php(29): IController->run()
#9 IWEB_PATH/lib/core/application_class.php(108): IWebApplication->execRequest()
#10 IWEB_PATH/index.php(5): IApplication->run()
</ERROR_BLOCK>

<ERROR_BLOCK>
errorInfo: Undefined variable: tmpId
errorFile: IWEB_PATH/runtime/default/site/index.php
errorLine: 325
errorCode: 8
errorTime: 2016-08-07 20:26:37
#0 IWEB_PATH/lib/web/controller/controllerbase_class.php(116): require(IWEB_PATH/runtime/default/site/index.php)
#1 IWEB_PATH/lib/web/controller/controllerbase_class.php(82): IControllerBase->requireFile(IWEB_PATH/runtime/default/site/index.php)
#2 IWEB_PATH/lib/web/controller/controller_class.php(201): IControllerBase->renderView(IWEB_PATH/views/default/site/index)
#3 IWEB_PATH/lib/web/action/view_action.php(36): IController->render(IWEB_PATH/views/default/site/index)
#4 IWEB_PATH/lib/web/controller/controller_class.php(370): IViewAction->run()
#5 IWEB_PATH/controllers/site.php(65): IController->redirect(index)
#6 IWEB_PATH/lib/web/action/inline_action.php(24): Site->index()
#7 IWEB_PATH/lib/web/controller/controller_class.php(137): IInlineAction->run()
#8 IWEB_PATH/lib/core/webapplication_class.php(29): IController->run()
#9 IWEB_PATH/lib/core/application_class.php(108): IWebApplication->execRequest()
#10 IWEB_PATH/index.php(5): IApplication->run()
</ERROR_BLOCK>

<ERROR_BLOCK>
excepInfo: select  * from iwebshop_goods_like left join iwebshop_goods on iwebshop_goods.id=iwebshop_goods_like.gid where iwebshop_goods_like.uid= limit 5   
 -- You have an error in your SQL syntax; check the manual that corresponds to your MySQL server version for the right syntax to use near 'limit 5' at line 1
excepFile: IWEB_PATH/lib/db/db_class.php
excepLine: 68
excepCode: 1000
excepTime: 2016-08-07 20:58:43
#0 IWEB_PATH/lib/core/query_class.php(171): IDB->query(select  * from iwebshop_goods_like left join iwebshop_goods on iwebshop_goods.id=iwebshop_goods_like.gid where iwebshop_goods_like.uid= limit 5   )
#1 IWEB_PATH/controllers/site.php(49): IQuery->find()
#2 IWEB_PATH/lib/web/action/inline_action.php(24): Site->index()
#3 IWEB_PATH/lib/web/controller/controller_class.php(137): IInlineAction->run()
#4 IWEB_PATH/lib/core/webapplication_class.php(29): IController->run()
#5 IWEB_PATH/lib/core/application_class.php(108): IWebApplication->execRequest()
#6 IWEB_PATH/index.php(5): IApplication->run()
</ERROR_BLOCK>

<ERROR_BLOCK>
errorInfo: Invalid argument supplied for foreach()
errorFile: IWEB_PATH/runtime/default/site/index.php
errorLine: 322
errorCode: 2
errorTime: 2016-08-07 20:59:20
#0 IWEB_PATH/lib/web/controller/controllerbase_class.php(116): require(IWEB_PATH/runtime/default/site/index.php)
#1 IWEB_PATH/lib/web/controller/controllerbase_class.php(82): IControllerBase->requireFile(IWEB_PATH/runtime/default/site/index.php)
#2 IWEB_PATH/lib/web/controller/controller_class.php(201): IControllerBase->renderView(IWEB_PATH/views/default/site/index)
#3 IWEB_PATH/lib/web/action/view_action.php(36): IController->render(IWEB_PATH/views/default/site/index)
#4 IWEB_PATH/lib/web/controller/controller_class.php(370): IViewAction->run()
#5 IWEB_PATH/controllers/site.php(65): IController->redirect(index)
#6 IWEB_PATH/lib/web/action/inline_action.php(24): Site->index()
#7 IWEB_PATH/lib/web/controller/controller_class.php(137): IInlineAction->run()
#8 IWEB_PATH/lib/core/webapplication_class.php(29): IController->run()
#9 IWEB_PATH/lib/core/application_class.php(108): IWebApplication->execRequest()
#10 IWEB_PATH/index.php(5): IApplication->run()
</ERROR_BLOCK>

<ERROR_BLOCK>
errorInfo: strstr() [<a href='function.strstr'>function.strstr</a>]: Empty delimiter
errorFile: IWEB_PATH/controllers/simple.php
errorLine: 219
errorCode: 2
errorTime: 2016-08-07 20:59:49
#0 IWEB_PATH/controllers/simple.php(219): strstr(2016-08-07 20:26:37,)
#1 IWEB_PATH/lib/web/action/inline_action.php(24): Simple->login_act()
#2 IWEB_PATH/lib/web/controller/controller_class.php(137): IInlineAction->run()
#3 IWEB_PATH/lib/core/webapplication_class.php(29): IController->run()
#4 IWEB_PATH/lib/core/application_class.php(108): IWebApplication->execRequest()
#5 IWEB_PATH/index.php(5): IApplication->run()
</ERROR_BLOCK>

<ERROR_BLOCK>
errorInfo: Invalid argument supplied for foreach()
errorFile: IWEB_PATH/runtime/default/site/index.php
errorLine: 322
errorCode: 2
errorTime: 2016-08-07 20:59:49
#0 IWEB_PATH/lib/web/controller/controllerbase_class.php(116): require(IWEB_PATH/runtime/default/site/index.php)
#1 IWEB_PATH/lib/web/controller/controllerbase_class.php(82): IControllerBase->requireFile(IWEB_PATH/runtime/default/site/index.php)
#2 IWEB_PATH/lib/web/controller/controller_class.php(201): IControllerBase->renderView(IWEB_PATH/views/default/site/index)
#3 IWEB_PATH/lib/web/action/view_action.php(36): IController->render(IWEB_PATH/views/default/site/index)
#4 IWEB_PATH/lib/web/controller/controller_class.php(370): IViewAction->run()
#5 IWEB_PATH/controllers/site.php(65): IController->redirect(index)
#6 IWEB_PATH/lib/web/action/inline_action.php(24): Site->index()
#7 IWEB_PATH/lib/web/controller/controller_class.php(137): IInlineAction->run()
#8 IWEB_PATH/lib/core/webapplication_class.php(29): IController->run()
#9 IWEB_PATH/lib/core/application_class.php(108): IWebApplication->execRequest()
#10 IWEB_PATH/index.php(5): IApplication->run()
</ERROR_BLOCK>

<ERROR_BLOCK>
errorInfo: Undefined variable: tmpId
errorFile: IWEB_PATH/runtime/default/site/index.php
errorLine: 324
errorCode: 8
errorTime: 2016-08-07 21:00:16
#0 IWEB_PATH/lib/web/controller/controllerbase_class.php(116): require(IWEB_PATH/runtime/default/site/index.php)
#1 IWEB_PATH/lib/web/controller/controllerbase_class.php(82): IControllerBase->requireFile(IWEB_PATH/runtime/default/site/index.php)
#2 IWEB_PATH/lib/web/controller/controller_class.php(201): IControllerBase->renderView(IWEB_PATH/views/default/site/index)
#3 IWEB_PATH/lib/web/action/view_action.php(36): IController->render(IWEB_PATH/views/default/site/index)
#4 IWEB_PATH/lib/web/controller/controller_class.php(370): IViewAction->run()
#5 IWEB_PATH/controllers/site.php(65): IController->redirect(index)
#6 IWEB_PATH/lib/web/action/inline_action.php(24): Site->index()
#7 IWEB_PATH/lib/web/controller/controller_class.php(137): IInlineAction->run()
#8 IWEB_PATH/lib/core/webapplication_class.php(29): IController->run()
#9 IWEB_PATH/lib/core/application_class.php(108): IWebApplication->execRequest()
#10 IWEB_PATH/index.php(5): IApplication->run()
</ERROR_BLOCK>

<ERROR_BLOCK>
errorInfo: Undefined variable: tmpId
errorFile: IWEB_PATH/runtime/default/site/index.php
errorLine: 325
errorCode: 8
errorTime: 2016-08-07 21:00:16
#0 IWEB_PATH/lib/web/controller/controllerbase_class.php(116): require(IWEB_PATH/runtime/default/site/index.php)
#1 IWEB_PATH/lib/web/controller/controllerbase_class.php(82): IControllerBase->requireFile(IWEB_PATH/runtime/default/site/index.php)
#2 IWEB_PATH/lib/web/controller/controller_class.php(201): IControllerBase->renderView(IWEB_PATH/views/default/site/index)
#3 IWEB_PATH/lib/web/action/view_action.php(36): IController->render(IWEB_PATH/views/default/site/index)
#4 IWEB_PATH/lib/web/controller/controller_class.php(370): IViewAction->run()
#5 IWEB_PATH/controllers/site.php(65): IController->redirect(index)
#6 IWEB_PATH/lib/web/action/inline_action.php(24): Site->index()
#7 IWEB_PATH/lib/web/controller/controller_class.php(137): IInlineAction->run()
#8 IWEB_PATH/lib/core/webapplication_class.php(29): IController->run()
#9 IWEB_PATH/lib/core/application_class.php(108): IWebApplication->execRequest()
#10 IWEB_PATH/index.php(5): IApplication->run()
</ERROR_BLOCK>

<ERROR_BLOCK>
errorInfo: Undefined variable: tmpId
errorFile: IWEB_PATH/runtime/default/site/index.php
errorLine: 324
errorCode: 8
errorTime: 2016-08-07 21:00:25
#0 IWEB_PATH/lib/web/controller/controllerbase_class.php(116): require(IWEB_PATH/runtime/default/site/index.php)
#1 IWEB_PATH/lib/web/controller/controllerbase_class.php(82): IControllerBase->requireFile(IWEB_PATH/runtime/default/site/index.php)
#2 IWEB_PATH/lib/web/controller/controller_class.php(201): IControllerBase->renderView(IWEB_PATH/views/default/site/index)
#3 IWEB_PATH/lib/web/action/view_action.php(36): IController->render(IWEB_PATH/views/default/site/index)
#4 IWEB_PATH/lib/web/controller/controller_class.php(370): IViewAction->run()
#5 IWEB_PATH/controllers/site.php(65): IController->redirect(index)
#6 IWEB_PATH/lib/web/action/inline_action.php(24): Site->index()
#7 IWEB_PATH/lib/web/controller/controller_class.php(137): IInlineAction->run()
#8 IWEB_PATH/lib/core/webapplication_class.php(29): IController->run()
#9 IWEB_PATH/lib/core/application_class.php(108): IWebApplication->execRequest()
#10 IWEB_PATH/index.php(5): IApplication->run()
</ERROR_BLOCK>

<ERROR_BLOCK>
errorInfo: Undefined variable: tmpId
errorFile: IWEB_PATH/runtime/default/site/index.php
errorLine: 325
errorCode: 8
errorTime: 2016-08-07 21:00:25
#0 IWEB_PATH/lib/web/controller/controllerbase_class.php(116): require(IWEB_PATH/runtime/default/site/index.php)
#1 IWEB_PATH/lib/web/controller/controllerbase_class.php(82): IControllerBase->requireFile(IWEB_PATH/runtime/default/site/index.php)
#2 IWEB_PATH/lib/web/controller/controller_class.php(201): IControllerBase->renderView(IWEB_PATH/views/default/site/index)
#3 IWEB_PATH/lib/web/action/view_action.php(36): IController->render(IWEB_PATH/views/default/site/index)
#4 IWEB_PATH/lib/web/controller/controller_class.php(370): IViewAction->run()
#5 IWEB_PATH/controllers/site.php(65): IController->redirect(index)
#6 IWEB_PATH/lib/web/action/inline_action.php(24): Site->index()
#7 IWEB_PATH/lib/web/controller/controller_class.php(137): IInlineAction->run()
#8 IWEB_PATH/lib/core/webapplication_class.php(29): IController->run()
#9 IWEB_PATH/lib/core/application_class.php(108): IWebApplication->execRequest()
#10 IWEB_PATH/index.php(5): IApplication->run()
</ERROR_BLOCK>

<ERROR_BLOCK>
errorInfo: Undefined variable: tmpId
errorFile: IWEB_PATH/runtime/default/site/index.php
errorLine: 324
errorCode: 8
errorTime: 2016-08-07 21:00:28
#0 IWEB_PATH/lib/web/controller/controllerbase_class.php(116): require(IWEB_PATH/runtime/default/site/index.php)
#1 IWEB_PATH/lib/web/controller/controllerbase_class.php(82): IControllerBase->requireFile(IWEB_PATH/runtime/default/site/index.php)
#2 IWEB_PATH/lib/web/controller/controller_class.php(201): IControllerBase->renderView(IWEB_PATH/views/default/site/index)
#3 IWEB_PATH/lib/web/action/view_action.php(36): IController->render(IWEB_PATH/views/default/site/index)
#4 IWEB_PATH/lib/web/controller/controller_class.php(370): IViewAction->run()
#5 IWEB_PATH/controllers/site.php(65): IController->redirect(index)
#6 IWEB_PATH/lib/web/action/inline_action.php(24): Site->index()
#7 IWEB_PATH/lib/web/controller/controller_class.php(137): IInlineAction->run()
#8 IWEB_PATH/lib/core/webapplication_class.php(29): IController->run()
#9 IWEB_PATH/lib/core/application_class.php(108): IWebApplication->execRequest()
#10 IWEB_PATH/index.php(5): IApplication->run()
</ERROR_BLOCK>

<ERROR_BLOCK>
errorInfo: Undefined variable: tmpId
errorFile: IWEB_PATH/runtime/default/site/index.php
errorLine: 325
errorCode: 8
errorTime: 2016-08-07 21:00:28
#0 IWEB_PATH/lib/web/controller/controllerbase_class.php(116): require(IWEB_PATH/runtime/default/site/index.php)
#1 IWEB_PATH/lib/web/controller/controllerbase_class.php(82): IControllerBase->requireFile(IWEB_PATH/runtime/default/site/index.php)
#2 IWEB_PATH/lib/web/controller/controller_class.php(201): IControllerBase->renderView(IWEB_PATH/views/default/site/index)
#3 IWEB_PATH/lib/web/action/view_action.php(36): IController->render(IWEB_PATH/views/default/site/index)
#4 IWEB_PATH/lib/web/controller/controller_class.php(370): IViewAction->run()
#5 IWEB_PATH/controllers/site.php(65): IController->redirect(index)
#6 IWEB_PATH/lib/web/action/inline_action.php(24): Site->index()
#7 IWEB_PATH/lib/web/controller/controller_class.php(137): IInlineAction->run()
#8 IWEB_PATH/lib/core/webapplication_class.php(29): IController->run()
#9 IWEB_PATH/lib/core/application_class.php(108): IWebApplication->execRequest()
#10 IWEB_PATH/index.php(5): IApplication->run()
</ERROR_BLOCK>

<ERROR_BLOCK>
excepInfo: INSERT INTO iwebshop_user ( `username`,`password`,`email`,` position` ) VALUES ( '','191b8d68bebbc1a42ca02c6a9100b7ab','291628138@qq.com','' ) 
 -- Unknown column ' position' in 'field list'
excepFile: IWEB_PATH/lib/db/db_class.php
excepLine: 98
excepCode: 1000
excepTime: 2016-08-07 21:46:47
#0 IWEB_PATH/lib/web/model/model_class.php(112): IDB->query(INSERT INTO iwebshop_user ( `username`,`password`,`email`,` position` ) VALUES ( '','191b8d68bebbc1a42ca02c6a9100b7ab','291628138@qq.com','' ) )
#1 IWEB_PATH/controllers/simple.php(139): IModel->add()
#2 IWEB_PATH/lib/web/action/inline_action.php(24): Simple->reg_act()
#3 IWEB_PATH/lib/web/controller/controller_class.php(137): IInlineAction->run()
#4 IWEB_PATH/lib/core/webapplication_class.php(29): IController->run()
#5 IWEB_PATH/lib/core/application_class.php(108): IWebApplication->execRequest()
#6 IWEB_PATH/index.php(5): IApplication->run()
</ERROR_BLOCK>

