[ 2016-03-20T08:21:25+08:00 ] 127.0.0.1 /wendaxiangmu/index.php/Admin/Login/verify
INFO: [ app_init ] --START--
INFO: Run Behavior\BuildLiteBehavior [ RunTime:0.000025s ]
INFO: [ app_init ] --END-- [ RunTime:0.000619s ]

[ 2016-03-20T08:58:32+08:00 ] 127.0.0.1 /wendaxiangmu/index.php/Admin/
INFO: [ app_init ] --START--
INFO: Run Behavior\BuildLiteBehavior [ RunTime:0.000015s ]
INFO: [ app_init ] --END-- [ RunTime:0.000334s ]

[ 2016-03-20T08:58:33+08:00 ] 127.0.0.1 /wendaxiangmu/index.php/Admin/Login/login.html
INFO: [ app_init ] --START--
INFO: Run Behavior\BuildLiteBehavior [ RunTime:0.000017s ]
INFO: [ app_init ] --END-- [ RunTime:0.000411s ]

[ 2016-03-20T08:59:54+08:00 ] 127.0.0.1 /wendaxiangmu/index.php/Admin/Login/login.html
INFO: [ app_init ] --START--
INFO: Run Behavior\BuildLiteBehavior [ RunTime:0.000019s ]
INFO: [ app_init ] --END-- [ RunTime:0.000636s ]

[ 2016-03-20T08:59:55+08:00 ] 127.0.0.1 /wendaxiangmu/index.php/Admin/Login/verify
INFO: [ app_init ] --START--
INFO: Run Behavior\BuildLiteBehavior [ RunTime:0.000023s ]
INFO: [ app_init ] --END-- [ RunTime:0.000575s ]

[ 2016-03-20T09:01:39+08:00 ] 127.0.0.1 /wendaxiangmu/index.php/Admin/Login/login.html
INFO: [ app_init ] --START--
INFO: Run Behavior\BuildLiteBehavior [ RunTime:0.000013s ]
INFO: [ app_init ] --END-- [ RunTime:0.000347s ]

[ 2016-03-20T09:01:40+08:00 ] 127.0.0.1 /wendaxiangmu/index.php/Admin/Login/verify
INFO: [ app_init ] --START--
INFO: Run Behavior\BuildLiteBehavior [ RunTime:0.000023s ]
INFO: [ app_init ] --END-- [ RunTime:0.000594s ]

[ 2016-03-20T09:01:41+08:00 ] 127.0.0.1 /wendaxiangmu/index.php/Admin/Login/login.html
INFO: [ app_init ] --START--
INFO: Run Behavior\BuildLiteBehavior [ RunTime:0.000015s ]
INFO: [ app_init ] --END-- [ RunTime:0.000349s ]

[ 2016-03-20T09:01:41+08:00 ] 127.0.0.1 /wendaxiangmu/index.php/Admin/Login/verify
INFO: [ app_init ] --START--
INFO: Run Behavior\BuildLiteBehavior [ RunTime:0.000020s ]
INFO: [ app_init ] --END-- [ RunTime:0.000550s ]

[ 2016-03-20T09:01:42+08:00 ] 127.0.0.1 /wendaxiangmu/index.php/Admin/Login/login.html
INFO: [ app_init ] --START--
INFO: Run Behavior\BuildLiteBehavior [ RunTime:0.000024s ]
INFO: [ app_init ] --END-- [ RunTime:0.000425s ]

[ 2016-03-20T09:01:42+08:00 ] 127.0.0.1 /wendaxiangmu/index.php/Admin/Login/verify
INFO: [ app_init ] --START--
INFO: Run Behavior\BuildLiteBehavior [ RunTime:0.000016s ]
INFO: [ app_init ] --END-- [ RunTime:0.000422s ]

[ 2016-03-20T09:01:51+08:00 ] 127.0.0.1 /wendaxiangmu/index.php/Admin/Login/login.html
INFO: [ app_init ] --START--
INFO: Run Behavior\BuildLiteBehavior [ RunTime:0.000016s ]
INFO: [ app_init ] --END-- [ RunTime:0.000357s ]

[ 2016-03-20T09:01:51+08:00 ] 127.0.0.1 /wendaxiangmu/index.php/Admin/Login/verify
INFO: [ app_init ] --START--
INFO: Run Behavior\BuildLiteBehavior [ RunTime:0.000021s ]
INFO: [ app_init ] --END-- [ RunTime:0.000415s ]

[ 2016-03-20T09:01:52+08:00 ] 127.0.0.1 /wendaxiangmu/index.php/Admin/Login/login.html
INFO: [ app_init ] --START--
INFO: Run Behavior\BuildLiteBehavior [ RunTime:0.000017s ]
INFO: [ app_init ] --END-- [ RunTime:0.000455s ]

[ 2016-03-20T09:01:52+08:00 ] 127.0.0.1 /wendaxiangmu/index.php/Admin/Login/verify
INFO: [ app_init ] --START--
INFO: Run Behavior\BuildLiteBehavior [ RunTime:0.000029s ]
INFO: [ app_init ] --END-- [ RunTime:0.000748s ]

[ 2016-03-20T09:02:29+08:00 ] 127.0.0.1 /wendaxiangmu/index.php/Admin/Login/login_check
INFO: [ app_init ] --START--
INFO: Run Behavior\BuildLiteBehavior [ RunTime:0.000014s ]
INFO: [ app_init ] --END-- [ RunTime:0.000338s ]
INFO: [ app_begin ] --START--
INFO: Run Behavior\ReadHtmlCacheBehavior [ RunTime:0.000443s ]
INFO: [ app_begin ] --END-- [ RunTime:0.000503s ]
NOTIC: [2048] Declaration of Admin\Model\LoginModel::find() should be compatible with that of Think\Model::find() D:\web\apache\htdocs\wendaxiangmu\Application\Admin\Model\LoginModel.class.php 第 4 行.
SQL: SHOW COLUMNS FROM `login` [ RunTime:0.0045s ]
SQL: SHOW COLUMNS FROM `login` [ RunTime:0.0052s ]
SQL: SELECT * FROM `login` WHERE ( username='张三' ) LIMIT 1   [ RunTime:0.0012s ]
SQL: UPDATE `login` SET `last_time`='2016-03-19 15:37:35',`login_time`='2016-03-20 09:02:28',`last_ip`='127.0.0.1',`login_ip`='127.0.0.1' WHERE ( username='张三' ) [ RunTime:0.0526s ]
INFO: [ app_end ] --START--
INFO: Run Behavior\ShowPageTraceBehavior [ RunTime:0.000650s ]
INFO: [ app_end ] --END-- [ RunTime:0.000721s ]

[ 2016-03-20T09:02:29+08:00 ] 127.0.0.1 /wendaxiangmu/index.php/Admin/Index/index
INFO: [ app_init ] --START--
INFO: Run Behavior\BuildLiteBehavior [ RunTime:0.000016s ]
INFO: [ app_init ] --END-- [ RunTime:0.000340s ]

[ 2016-03-20T09:02:29+08:00 ] 127.0.0.1 /wendaxiangmu/index.php/Admin/Index/show.html
INFO: [ app_init ] --START--
INFO: Run Behavior\BuildLiteBehavior [ RunTime:0.000016s ]
INFO: [ app_init ] --END-- [ RunTime:0.000405s ]

[ 2016-03-20T09:02:32+08:00 ] 127.0.0.1 /wendaxiangmu/index.php/Admin/Category/category.html
INFO: [ app_init ] --START--
INFO: Run Behavior\BuildLiteBehavior [ RunTime:0.000018s ]
INFO: [ app_init ] --END-- [ RunTime:0.000479s ]

[ 2016-03-20T09:03:06+08:00 ] 127.0.0.1 /wendaxiangmu/index.php/Admin/Category/addTop.html
INFO: [ app_init ] --START--
INFO: Run Behavior\BuildLiteBehavior [ RunTime:0.000027s ]
INFO: [ app_init ] --END-- [ RunTime:0.000683s ]

[ 2016-03-20T09:03:08+08:00 ] 127.0.0.1 /wendaxiangmu/index.php/Admin/Category/category.html
INFO: [ app_init ] --START--
INFO: Run Behavior\BuildLiteBehavior [ RunTime:0.000014s ]
INFO: [ app_init ] --END-- [ RunTime:0.000342s ]

[ 2016-03-20T09:03:14+08:00 ] 127.0.0.1 /wendaxiangmu/index.php/Admin/Category/category.html
INFO: [ app_init ] --START--
INFO: Run Behavior\BuildLiteBehavior [ RunTime:0.000014s ]
INFO: [ app_init ] --END-- [ RunTime:0.000344s ]

[ 2016-03-20T09:03:15+08:00 ] 127.0.0.1 /wendaxiangmu/index.php/Admin/Category/addTop.html
INFO: [ app_init ] --START--
INFO: Run Behavior\BuildLiteBehavior [ RunTime:0.000017s ]
INFO: [ app_init ] --END-- [ RunTime:0.000401s ]

[ 2016-03-20T09:03:17+08:00 ] 127.0.0.1 /wendaxiangmu/index.php/Admin/Category/category.html
INFO: [ app_init ] --START--
INFO: Run Behavior\BuildLiteBehavior [ RunTime:0.000026s ]
INFO: [ app_init ] --END-- [ RunTime:0.000497s ]

[ 2016-03-20T09:03:18+08:00 ] 127.0.0.1 /wendaxiangmu/index.php/Admin/Reword/reword.html
INFO: [ app_init ] --START--
INFO: Run Behavior\BuildLiteBehavior [ RunTime:0.000023s ]
INFO: [ app_init ] --END-- [ RunTime:0.000536s ]

[ 2016-03-20T09:03:26+08:00 ] 127.0.0.1 /wendaxiangmu/index.php/Admin/Category/category.html
INFO: [ app_init ] --START--
INFO: Run Behavior\BuildLiteBehavior [ RunTime:0.000016s ]
INFO: [ app_init ] --END-- [ RunTime:0.000376s ]

[ 2016-03-20T09:03:26+08:00 ] 127.0.0.1 /wendaxiangmu/index.php/Admin/Category/addTop.html
INFO: [ app_init ] --START--
INFO: Run Behavior\BuildLiteBehavior [ RunTime:0.000017s ]
INFO: [ app_init ] --END-- [ RunTime:0.000358s ]

[ 2016-03-20T09:03:33+08:00 ] 127.0.0.1 /wendaxiangmu/index.php/Admin/Category/category.html
INFO: [ app_init ] --START--
INFO: Run Behavior\BuildLiteBehavior [ RunTime:0.000023s ]
INFO: [ app_init ] --END-- [ RunTime:0.000350s ]

[ 2016-03-20T09:03:33+08:00 ] 127.0.0.1 /wendaxiangmu/index.php/Admin/Category/addTop.html
INFO: [ app_init ] --START--
INFO: Run Behavior\BuildLiteBehavior [ RunTime:0.000015s ]
INFO: [ app_init ] --END-- [ RunTime:0.000361s ]

[ 2016-03-20T09:03:34+08:00 ] 127.0.0.1 /wendaxiangmu/index.php/Admin/Category/category.html
INFO: [ app_init ] --START--
INFO: Run Behavior\BuildLiteBehavior [ RunTime:0.000016s ]
INFO: [ app_init ] --END-- [ RunTime:0.000348s ]

[ 2016-03-20T09:05:10+08:00 ] 127.0.0.1 /wendaxiangmu/index.php/Admin/Index/loginOut
INFO: [ app_init ] --START--
INFO: Run Behavior\BuildLiteBehavior [ RunTime:0.000030s ]
INFO: [ app_init ] --END-- [ RunTime:0.000741s ]

[ 2016-03-20T09:05:11+08:00 ] 127.0.0.1 /wendaxiangmu/index.php/Admin/Login/login.html
INFO: [ app_init ] --START--
INFO: Run Behavior\BuildLiteBehavior [ RunTime:0.000020s ]
INFO: [ app_init ] --END-- [ RunTime:0.000469s ]

[ 2016-03-20T09:05:11+08:00 ] 127.0.0.1 /wendaxiangmu/index.php/Admin/Login/verify
INFO: [ app_init ] --START--
INFO: Run Behavior\BuildLiteBehavior [ RunTime:0.000015s ]
INFO: [ app_init ] --END-- [ RunTime:0.000425s ]

[ 2016-03-20T09:05:22+08:00 ] 127.0.0.1 /wendaxiangmu/index.php/Admin/Login/login_check
INFO: [ app_init ] --START--
INFO: Run Behavior\BuildLiteBehavior [ RunTime:0.000016s ]
INFO: [ app_init ] --END-- [ RunTime:0.000411s ]
INFO: [ app_begin ] --START--
INFO: Run Behavior\ReadHtmlCacheBehavior [ RunTime:0.000589s ]
INFO: [ app_begin ] --END-- [ RunTime:0.000662s ]
NOTIC: [2048] Declaration of Admin\Model\LoginModel::find() should be compatible with that of Think\Model::find() D:\web\apache\htdocs\wendaxiangmu\Application\Admin\Model\LoginModel.class.php 第 4 行.
SQL: SHOW COLUMNS FROM `login` [ RunTime:0.0050s ]
SQL: SHOW COLUMNS FROM `login` [ RunTime:0.0052s ]
SQL: SELECT * FROM `login` WHERE ( username='张三' ) LIMIT 1   [ RunTime:0.0008s ]
INFO: [ app_end ] --START--
INFO: Run Behavior\ShowPageTraceBehavior [ RunTime:0.000949s ]
INFO: [ app_end ] --END-- [ RunTime:0.001072s ]

[ 2016-03-20T09:05:22+08:00 ] 127.0.0.1 /wendaxiangmu/index.php/Admin/Login/verify/0.24973823937653306
INFO: [ app_init ] --START--
INFO: Run Behavior\BuildLiteBehavior [ RunTime:0.000014s ]
INFO: [ app_init ] --END-- [ RunTime:0.000334s ]

[ 2016-03-20T09:05:34+08:00 ] 127.0.0.1 /wendaxiangmu/index.php/Admin/Login/login_check
INFO: [ app_init ] --START--
INFO: Run Behavior\BuildLiteBehavior [ RunTime:0.000013s ]
INFO: [ app_init ] --END-- [ RunTime:0.000300s ]
INFO: [ app_begin ] --START--
INFO: Run Behavior\ReadHtmlCacheBehavior [ RunTime:0.000408s ]
INFO: [ app_begin ] --END-- [ RunTime:0.000459s ]
NOTIC: [2048] Declaration of Admin\Model\LoginModel::find() should be compatible with that of Think\Model::find() D:\web\apache\htdocs\wendaxiangmu\Application\Admin\Model\LoginModel.class.php 第 4 行.
SQL: SHOW COLUMNS FROM `login` [ RunTime:0.0043s ]
SQL: SHOW COLUMNS FROM `login` [ RunTime:0.0061s ]
SQL: SELECT * FROM `login` WHERE ( username='张三' ) LIMIT 1   [ RunTime:0.0008s ]
SQL: UPDATE `login` SET `last_time`='2016-03-20 09:02:28',`login_time`='2016-03-20 09:05:33',`last_ip`='127.0.0.1',`login_ip`='127.0.0.1' WHERE ( username='张三' ) [ RunTime:0.0681s ]
INFO: [ app_end ] --START--
INFO: Run Behavior\ShowPageTraceBehavior [ RunTime:0.000742s ]
INFO: [ app_end ] --END-- [ RunTime:0.000824s ]

[ 2016-03-20T09:05:34+08:00 ] 127.0.0.1 /wendaxiangmu/index.php/Admin/Index/index
INFO: [ app_init ] --START--
INFO: Run Behavior\BuildLiteBehavior [ RunTime:0.000023s ]
INFO: [ app_init ] --END-- [ RunTime:0.000662s ]

[ 2016-03-20T09:05:34+08:00 ] 127.0.0.1 /wendaxiangmu/index.php/Admin/Index/show.html
INFO: [ app_init ] --START--
INFO: Run Behavior\BuildLiteBehavior [ RunTime:0.000028s ]
INFO: [ app_init ] --END-- [ RunTime:0.000633s ]

[ 2016-03-20T09:05:36+08:00 ] 127.0.0.1 /wendaxiangmu/index.php/Admin/Category/category.html
INFO: [ app_init ] --START--
INFO: Run Behavior\BuildLiteBehavior [ RunTime:0.000023s ]
INFO: [ app_init ] --END-- [ RunTime:0.000513s ]

[ 2016-03-20T09:05:36+08:00 ] 127.0.0.1 /wendaxiangmu/index.php/Admin/Reword/reword.html
INFO: [ app_init ] --START--
INFO: Run Behavior\BuildLiteBehavior [ RunTime:0.000015s ]
INFO: [ app_init ] --END-- [ RunTime:0.000307s ]

[ 2016-03-20T09:09:24+08:00 ] 127.0.0.1 /wendaxiangmu/index.php/Admin/Index/index
INFO: [ app_init ] --START--
INFO: Run Behavior\BuildLiteBehavior [ RunTime:0.000014s ]
INFO: [ app_init ] --END-- [ RunTime:0.000652s ]

[ 2016-03-20T09:09:24+08:00 ] 127.0.0.1 /wendaxiangmu/index.php/Admin/Index/show.html
INFO: [ app_init ] --START--
INFO: Run Behavior\BuildLiteBehavior [ RunTime:0.000019s ]
INFO: [ app_init ] --END-- [ RunTime:0.000409s ]

[ 2016-03-20T09:09:25+08:00 ] 127.0.0.1 /wendaxiangmu/index.php/Admin/Category/category.html
INFO: [ app_init ] --START--
INFO: Run Behavior\BuildLiteBehavior [ RunTime:0.000025s ]
INFO: [ app_init ] --END-- [ RunTime:0.000575s ]

[ 2016-03-20T09:09:26+08:00 ] 127.0.0.1 /wendaxiangmu/index.php/Admin/Reword/reword.html
INFO: [ app_init ] --START--
INFO: Run Behavior\BuildLiteBehavior [ RunTime:0.000013s ]
INFO: [ app_init ] --END-- [ RunTime:0.000299s ]

[ 2016-03-20T09:09:28+08:00 ] 127.0.0.1 /wendaxiangmu/index.php/Admin/Reword/reword.html
INFO: [ app_init ] --START--
INFO: Run Behavior\BuildLiteBehavior [ RunTime:0.000024s ]
INFO: [ app_init ] --END-- [ RunTime:0.000534s ]

[ 2016-03-20T09:09:28+08:00 ] 127.0.0.1 /wendaxiangmu/index.php/Admin/Reword/reword.html
INFO: [ app_init ] --START--
INFO: Run Behavior\BuildLiteBehavior [ RunTime:0.000016s ]
INFO: [ app_init ] --END-- [ RunTime:0.000508s ]

[ 2016-03-20T09:09:29+08:00 ] 127.0.0.1 /wendaxiangmu/index.php/Admin/Reword/reword.html
INFO: [ app_init ] --START--
INFO: Run Behavior\BuildLiteBehavior [ RunTime:0.000015s ]
INFO: [ app_init ] --END-- [ RunTime:0.000379s ]

[ 2016-03-20T09:09:34+08:00 ] 127.0.0.1 /wendaxiangmu/index.php/Admin/Reword/reword.html
INFO: [ app_init ] --START--
INFO: Run Behavior\BuildLiteBehavior [ RunTime:0.000014s ]
INFO: [ app_init ] --END-- [ RunTime:0.000334s ]

[ 2016-03-20T09:10:16+08:00 ] 127.0.0.1 /wendaxiangmu/index.php/Admin/Reword/reword.html
INFO: [ app_init ] --START--
INFO: Run Behavior\BuildLiteBehavior [ RunTime:0.000014s ]
INFO: [ app_init ] --END-- [ RunTime:0.000341s ]

[ 2016-03-20T09:10:23+08:00 ] 127.0.0.1 /wendaxiangmu/index.php/Admin/Reword/reword.html
INFO: [ app_init ] --START--
INFO: Run Behavior\BuildLiteBehavior [ RunTime:0.000016s ]
INFO: [ app_init ] --END-- [ RunTime:0.000401s ]

[ 2016-03-20T09:11:42+08:00 ] 127.0.0.1 /wendaxiangmu/index.php/Admin/Index/index
INFO: [ app_init ] --START--
INFO: Run Behavior\BuildLiteBehavior [ RunTime:0.000016s ]
INFO: [ app_init ] --END-- [ RunTime:0.000390s ]

[ 2016-03-20T09:11:42+08:00 ] 127.0.0.1 /wendaxiangmu/index.php/Admin/Index/show.html
INFO: [ app_init ] --START--
INFO: Run Behavior\BuildLiteBehavior [ RunTime:0.000022s ]
INFO: [ app_init ] --END-- [ RunTime:0.000603s ]

[ 2016-03-20T09:11:43+08:00 ] 127.0.0.1 /wendaxiangmu/index.php/Admin/Reword/reword.html
INFO: [ app_init ] --START--
INFO: Run Behavior\BuildLiteBehavior [ RunTime:0.000017s ]
INFO: [ app_init ] --END-- [ RunTime:0.000444s ]

[ 2016-03-20T09:11:58+08:00 ] 127.0.0.1 /wendaxiangmu/index.php/Admin/Reword/reword.html
INFO: [ app_init ] --START--
INFO: Run Behavior\BuildLiteBehavior [ RunTime:0.000015s ]
INFO: [ app_init ] --END-- [ RunTime:0.000400s ]

[ 2016-03-20T09:14:16+08:00 ] 127.0.0.1 /wendaxiangmu/index.php/Admin/Index/index
INFO: [ app_init ] --START--
INFO: Run Behavior\BuildLiteBehavior [ RunTime:0.000030s ]
INFO: [ app_init ] --END-- [ RunTime:0.001054s ]

[ 2016-03-20T09:14:16+08:00 ] 127.0.0.1 /wendaxiangmu/index.php/Admin/Index/show.html
INFO: [ app_init ] --START--
INFO: Run Behavior\BuildLiteBehavior [ RunTime:0.000025s ]
INFO: [ app_init ] --END-- [ RunTime:0.000612s ]

[ 2016-03-20T09:14:17+08:00 ] 127.0.0.1 /wendaxiangmu/index.php/Admin/Reword/reword.html
INFO: [ app_init ] --START--
INFO: Run Behavior\BuildLiteBehavior [ RunTime:0.000014s ]
INFO: [ app_init ] --END-- [ RunTime:0.000341s ]

[ 2016-03-20T09:14:18+08:00 ] 127.0.0.1 /wendaxiangmu/index.php/Admin/Reword/upgold/
INFO: [ app_init ] --START--
INFO: Run Behavior\BuildLiteBehavior [ RunTime:0.000014s ]
INFO: [ app_init ] --END-- [ RunTime:0.000327s ]

[ 2016-03-20T09:14:25+08:00 ] 127.0.0.1 /wendaxiangmu/index.php/Admin/Reword/reword.html
INFO: [ app_init ] --START--
INFO: Run Behavior\BuildLiteBehavior [ RunTime:0.000026s ]
INFO: [ app_init ] --END-- [ RunTime:0.000644s ]

[ 2016-03-20T09:15:22+08:00 ] 127.0.0.1 /wendaxiangmu/index.php/Admin/Index/index
INFO: [ app_init ] --START--
INFO: Run Behavior\BuildLiteBehavior [ RunTime:0.000015s ]
INFO: [ app_init ] --END-- [ RunTime:0.000359s ]

[ 2016-03-20T09:15:22+08:00 ] 127.0.0.1 /wendaxiangmu/index.php/Admin/Index/show.html
INFO: [ app_init ] --START--
INFO: Run Behavior\BuildLiteBehavior [ RunTime:0.000016s ]
INFO: [ app_init ] --END-- [ RunTime:0.000415s ]

[ 2016-03-20T09:15:31+08:00 ] 127.0.0.1 /wendaxiangmu/index.php/Admin/Reword/reword.html
INFO: [ app_init ] --START--
INFO: Run Behavior\BuildLiteBehavior [ RunTime:0.000013s ]
INFO: [ app_init ] --END-- [ RunTime:0.000335s ]

[ 2016-03-20T09:15:32+08:00 ] 127.0.0.1 /wendaxiangmu/index.php/Admin/Reword/upgold/
INFO: [ app_init ] --START--
INFO: Run Behavior\BuildLiteBehavior [ RunTime:0.000028s ]
INFO: [ app_init ] --END-- [ RunTime:0.000720s ]

[ 2016-03-20T09:16:27+08:00 ] 127.0.0.1 /wendaxiangmu/index.php/Admin/Reword/reword.html
INFO: [ app_init ] --START--
INFO: Run Behavior\BuildLiteBehavior [ RunTime:0.000043s ]
INFO: [ app_init ] --END-- [ RunTime:0.000743s ]

[ 2016-03-20T09:16:27+08:00 ] 127.0.0.1 /wendaxiangmu/index.php/Admin/Reword/upgold/
INFO: [ app_init ] --START--
INFO: Run Behavior\BuildLiteBehavior [ RunTime:0.000027s ]
INFO: [ app_init ] --END-- [ RunTime:0.000623s ]

[ 2016-03-20T09:17:28+08:00 ] 127.0.0.1 /wendaxiangmu/index.php/Admin/Reword/reword.html
INFO: [ app_init ] --START--
INFO: Run Behavior\BuildLiteBehavior [ RunTime:0.000017s ]
INFO: [ app_init ] --END-- [ RunTime:0.000419s ]

[ 2016-03-20T09:17:29+08:00 ] 127.0.0.1 /wendaxiangmu/index.php/Admin/Reword/upgold/
INFO: [ app_init ] --START--
INFO: Run Behavior\BuildLiteBehavior [ RunTime:0.000017s ]
INFO: [ app_init ] --END-- [ RunTime:0.000361s ]

[ 2016-03-20T09:18:51+08:00 ] 127.0.0.1 /wendaxiangmu/index.php/Admin/Reword/reword.html
INFO: [ app_init ] --START--
INFO: Run Behavior\BuildLiteBehavior [ RunTime:0.000014s ]
INFO: [ app_init ] --END-- [ RunTime:0.000410s ]

[ 2016-03-20T09:18:56+08:00 ] 127.0.0.1 /wendaxiangmu/index.php/Admin/Reword/upgold/
INFO: [ app_init ] --START--
INFO: Run Behavior\BuildLiteBehavior [ RunTime:0.000017s ]
INFO: [ app_init ] --END-- [ RunTime:0.000404s ]

[ 2016-03-20T09:20:29+08:00 ] 127.0.0.1 /wendaxiangmu/index.php/Admin/Reword/reword.html
INFO: [ app_init ] --START--
INFO: Run Behavior\BuildLiteBehavior [ RunTime:0.000013s ]
INFO: [ app_init ] --END-- [ RunTime:0.000307s ]

[ 2016-03-20T09:20:30+08:00 ] 127.0.0.1 /wendaxiangmu/index.php/Admin/Reword/upgold/
INFO: [ app_init ] --START--
INFO: Run Behavior\BuildLiteBehavior [ RunTime:0.000025s ]
INFO: [ app_init ] --END-- [ RunTime:0.000555s ]

[ 2016-03-20T09:23:02+08:00 ] 127.0.0.1 /wendaxiangmu/index.php/Admin/Index/index
INFO: [ app_init ] --START--
INFO: Run Behavior\BuildLiteBehavior [ RunTime:0.000015s ]
INFO: [ app_init ] --END-- [ RunTime:0.000387s ]

[ 2016-03-20T09:23:02+08:00 ] 127.0.0.1 /wendaxiangmu/index.php/Admin/Index/show.html
INFO: [ app_init ] --START--
INFO: Run Behavior\BuildLiteBehavior [ RunTime:0.000018s ]
INFO: [ app_init ] --END-- [ RunTime:0.000453s ]

[ 2016-03-20T09:23:03+08:00 ] 127.0.0.1 /wendaxiangmu/index.php/Admin/Reword/reword.html
INFO: [ app_init ] --START--
INFO: Run Behavior\BuildLiteBehavior [ RunTime:0.000027s ]
INFO: [ app_init ] --END-- [ RunTime:0.000616s ]

[ 2016-03-20T09:23:04+08:00 ] 127.0.0.1 /wendaxiangmu/index.php/Admin/Reword/upgold/
INFO: [ app_init ] --START--
INFO: Run Behavior\BuildLiteBehavior [ RunTime:0.000015s ]
INFO: [ app_init ] --END-- [ RunTime:0.000344s ]

[ 2016-03-20T09:23:59+08:00 ] 127.0.0.1 /wendaxiangmu/index.php/Admin/Index/index
INFO: [ app_init ] --START--
INFO: Run Behavior\BuildLiteBehavior [ RunTime:0.000022s ]
INFO: [ app_init ] --END-- [ RunTime:0.000517s ]

[ 2016-03-20T09:23:59+08:00 ] 127.0.0.1 /wendaxiangmu/index.php/Admin/Index/show.html
INFO: [ app_init ] --START--
INFO: Run Behavior\BuildLiteBehavior [ RunTime:0.000018s ]
INFO: [ app_init ] --END-- [ RunTime:0.000477s ]

[ 2016-03-20T09:24:00+08:00 ] 127.0.0.1 /wendaxiangmu/index.php/Admin/Reword/reword.html
INFO: [ app_init ] --START--
INFO: Run Behavior\BuildLiteBehavior [ RunTime:0.000027s ]
INFO: [ app_init ] --END-- [ RunTime:0.000660s ]

[ 2016-03-20T09:24:01+08:00 ] 127.0.0.1 /wendaxiangmu/index.php/Admin/Reword/upgold/
INFO: [ app_init ] --START--
INFO: Run Behavior\BuildLiteBehavior [ RunTime:0.000016s ]
INFO: [ app_init ] --END-- [ RunTime:0.000384s ]

[ 2016-03-20T09:24:38+08:00 ] 127.0.0.1 /wendaxiangmu/index.php/Admin/Reword/reword.html
INFO: [ app_init ] --START--
INFO: Run Behavior\BuildLiteBehavior [ RunTime:0.000027s ]
INFO: [ app_init ] --END-- [ RunTime:0.000518s ]

[ 2016-03-20T09:24:38+08:00 ] 127.0.0.1 /wendaxiangmu/index.php/Admin/Reword/upgold/
INFO: [ app_init ] --START--
INFO: Run Behavior\BuildLiteBehavior [ RunTime:0.000027s ]
INFO: [ app_init ] --END-- [ RunTime:0.000595s ]

[ 2016-03-20T09:28:49+08:00 ] 127.0.0.1 /wendaxiangmu/index.php/Admin/Reword/reword.html
INFO: [ app_init ] --START--
INFO: Run Behavior\BuildLiteBehavior [ RunTime:0.000026s ]
INFO: [ app_init ] --END-- [ RunTime:0.000662s ]

[ 2016-03-20T09:28:50+08:00 ] 127.0.0.1 /wendaxiangmu/index.php/Admin/Reword/upgold/
INFO: [ app_init ] --START--
INFO: Run Behavior\BuildLiteBehavior [ RunTime:0.000013s ]
INFO: [ app_init ] --END-- [ RunTime:0.000320s ]

[ 2016-03-20T09:33:18+08:00 ] 127.0.0.1 /wendaxiangmu/index.php/Admin/Index/index
INFO: [ app_init ] --START--
INFO: Run Behavior\BuildLiteBehavior [ RunTime:0.000019s ]
INFO: [ app_init ] --END-- [ RunTime:0.000560s ]

[ 2016-03-20T09:33:18+08:00 ] 127.0.0.1 /wendaxiangmu/index.php/Admin/Index/show.html
INFO: [ app_init ] --START--
INFO: Run Behavior\BuildLiteBehavior [ RunTime:0.000017s ]
INFO: [ app_init ] --END-- [ RunTime:0.000429s ]

[ 2016-03-20T09:33:19+08:00 ] 127.0.0.1 /wendaxiangmu/index.php/Admin/Reword/reword.html
INFO: [ app_init ] --START--
INFO: Run Behavior\BuildLiteBehavior [ RunTime:0.000016s ]
INFO: [ app_init ] --END-- [ RunTime:0.000405s ]

[ 2016-03-20T09:33:23+08:00 ] 127.0.0.1 /wendaxiangmu/index.php/Admin/Reword/upgold/
INFO: [ app_init ] --START--
INFO: Run Behavior\BuildLiteBehavior [ RunTime:0.000026s ]
INFO: [ app_init ] --END-- [ RunTime:0.000530s ]

[ 2016-03-20T09:34:29+08:00 ] 127.0.0.1 /wendaxiangmu/index.php/Admin/Index/index
INFO: [ app_init ] --START--
INFO: Run Behavior\BuildLiteBehavior [ RunTime:0.000017s ]
INFO: [ app_init ] --END-- [ RunTime:0.000361s ]

[ 2016-03-20T09:34:29+08:00 ] 127.0.0.1 /wendaxiangmu/index.php/Admin/Index/show.html
INFO: [ app_init ] --START--
INFO: Run Behavior\BuildLiteBehavior [ RunTime:0.000022s ]
INFO: [ app_init ] --END-- [ RunTime:0.000435s ]

[ 2016-03-20T09:34:29+08:00 ] 127.0.0.1 /wendaxiangmu/index.php/Admin/Index/index
INFO: [ app_init ] --START--
INFO: Run Behavior\BuildLiteBehavior [ RunTime:0.000031s ]
INFO: [ app_init ] --END-- [ RunTime:0.001068s ]

[ 2016-03-20T09:34:30+08:00 ] 127.0.0.1 /wendaxiangmu/index.php/Admin/Index/show.html
INFO: [ app_init ] --START--
INFO: Run Behavior\BuildLiteBehavior [ RunTime:0.000026s ]
INFO: [ app_init ] --END-- [ RunTime:0.000446s ]

[ 2016-03-20T09:34:30+08:00 ] 127.0.0.1 /wendaxiangmu/index.php/Admin/Index/index
INFO: [ app_init ] --START--
INFO: Run Behavior\BuildLiteBehavior [ RunTime:0.000026s ]
INFO: [ app_init ] --END-- [ RunTime:0.000663s ]

[ 2016-03-20T09:34:30+08:00 ] 127.0.0.1 /wendaxiangmu/index.php/Admin/Index/show.html
INFO: [ app_init ] --START--
INFO: Run Behavior\BuildLiteBehavior [ RunTime:0.000021s ]
INFO: [ app_init ] --END-- [ RunTime:0.000560s ]

[ 2016-03-20T09:34:31+08:00 ] 127.0.0.1 /wendaxiangmu/index.php/Admin/Reword/reword.html
INFO: [ app_init ] --START--
INFO: Run Behavior\BuildLiteBehavior [ RunTime:0.000020s ]
INFO: [ app_init ] --END-- [ RunTime:0.000430s ]

[ 2016-03-20T09:36:02+08:00 ] 127.0.0.1 /wendaxiangmu/index.php/Admin/Index/index
INFO: [ app_init ] --START--
INFO: Run Behavior\BuildLiteBehavior [ RunTime:0.000026s ]
INFO: [ app_init ] --END-- [ RunTime:0.000780s ]

[ 2016-03-20T09:36:02+08:00 ] 127.0.0.1 /wendaxiangmu/index.php/Admin/Index/show.html
INFO: [ app_init ] --START--
INFO: Run Behavior\BuildLiteBehavior [ RunTime:0.000024s ]
INFO: [ app_init ] --END-- [ RunTime:0.000585s ]

[ 2016-03-20T09:36:02+08:00 ] 127.0.0.1 /wendaxiangmu/index.php/Admin/Index/index
INFO: [ app_init ] --START--
INFO: Run Behavior\BuildLiteBehavior [ RunTime:0.000020s ]
INFO: [ app_init ] --END-- [ RunTime:0.000478s ]

[ 2016-03-20T09:36:02+08:00 ] 127.0.0.1 /wendaxiangmu/index.php/Admin/Index/show.html
INFO: [ app_init ] --START--
INFO: Run Behavior\BuildLiteBehavior [ RunTime:0.000018s ]
INFO: [ app_init ] --END-- [ RunTime:0.000439s ]

[ 2016-03-20T09:36:03+08:00 ] 127.0.0.1 /wendaxiangmu/index.php/Admin/Reword/reword.html
INFO: [ app_init ] --START--
INFO: Run Behavior\BuildLiteBehavior [ RunTime:0.000015s ]
INFO: [ app_init ] --END-- [ RunTime:0.000334s ]

[ 2016-03-20T09:36:23+08:00 ] 127.0.0.1 /wendaxiangmu/index.php/Admin/Index/index
INFO: [ app_init ] --START--
INFO: Run Behavior\BuildLiteBehavior [ RunTime:0.000025s ]
INFO: [ app_init ] --END-- [ RunTime:0.000704s ]

[ 2016-03-20T09:36:23+08:00 ] 127.0.0.1 /wendaxiangmu/index.php/Admin/Index/show.html
INFO: [ app_init ] --START--
INFO: Run Behavior\BuildLiteBehavior [ RunTime:0.000017s ]
INFO: [ app_init ] --END-- [ RunTime:0.000399s ]

[ 2016-03-20T09:36:24+08:00 ] 127.0.0.1 /wendaxiangmu/index.php/Admin/Reword/reword.html
INFO: [ app_init ] --START--
INFO: Run Behavior\BuildLiteBehavior [ RunTime:0.000013s ]
INFO: [ app_init ] --END-- [ RunTime:0.000345s ]

[ 2016-03-20T09:36:29+08:00 ] 127.0.0.1 /wendaxiangmu/index.php/Admin/Reword/upgold/
INFO: [ app_init ] --START--
INFO: Run Behavior\BuildLiteBehavior [ RunTime:0.000014s ]
INFO: [ app_init ] --END-- [ RunTime:0.000333s ]

[ 2016-03-20T09:38:43+08:00 ] 127.0.0.1 /wendaxiangmu/index.php/Admin/Index/index
INFO: [ app_init ] --START--
INFO: Run Behavior\BuildLiteBehavior [ RunTime:0.000028s ]
INFO: [ app_init ] --END-- [ RunTime:0.000672s ]

[ 2016-03-20T09:38:43+08:00 ] 127.0.0.1 /wendaxiangmu/index.php/Admin/Index/show.html
INFO: [ app_init ] --START--
INFO: Run Behavior\BuildLiteBehavior [ RunTime:0.000017s ]
INFO: [ app_init ] --END-- [ RunTime:0.000388s ]

[ 2016-03-20T09:38:44+08:00 ] 127.0.0.1 /wendaxiangmu/index.php/Admin/Reword/reword.html
INFO: [ app_init ] --START--
INFO: Run Behavior\BuildLiteBehavior [ RunTime:0.000014s ]
INFO: [ app_init ] --END-- [ RunTime:0.000303s ]

[ 2016-03-20T09:38:58+08:00 ] 127.0.0.1 /wendaxiangmu/index.php/Admin/Index/index
INFO: [ app_init ] --START--
INFO: Run Behavior\BuildLiteBehavior [ RunTime:0.000024s ]
INFO: [ app_init ] --END-- [ RunTime:0.000599s ]

[ 2016-03-20T09:38:58+08:00 ] 127.0.0.1 /wendaxiangmu/index.php/Admin/Index/show.html
INFO: [ app_init ] --START--
INFO: Run Behavior\BuildLiteBehavior [ RunTime:0.000027s ]
INFO: [ app_init ] --END-- [ RunTime:0.000578s ]

[ 2016-03-20T09:38:59+08:00 ] 127.0.0.1 /wendaxiangmu/index.php/Admin/Reword/reword.html
INFO: [ app_init ] --START--
INFO: Run Behavior\BuildLiteBehavior [ RunTime:0.000023s ]
INFO: [ app_init ] --END-- [ RunTime:0.000594s ]

[ 2016-03-20T09:39:16+08:00 ] 127.0.0.1 /wendaxiangmu/index.php/Admin/Reword/reword.html
INFO: [ app_init ] --START--
INFO: Run Behavior\BuildLiteBehavior [ RunTime:0.000018s ]
INFO: [ app_init ] --END-- [ RunTime:0.000363s ]

[ 2016-03-20T09:39:17+08:00 ] 127.0.0.1 /wendaxiangmu/index.php/Admin/Reword/reword.html
INFO: [ app_init ] --START--
INFO: Run Behavior\BuildLiteBehavior [ RunTime:0.000013s ]
INFO: [ app_init ] --END-- [ RunTime:0.000298s ]

[ 2016-03-20T09:39:17+08:00 ] 127.0.0.1 /wendaxiangmu/index.php/Admin/Reword/reword.html
INFO: [ app_init ] --START--
INFO: Run Behavior\BuildLiteBehavior [ RunTime:0.000014s ]
INFO: [ app_init ] --END-- [ RunTime:0.000356s ]

[ 2016-03-20T09:39:17+08:00 ] 127.0.0.1 /wendaxiangmu/index.php/Admin/Reword/reword.html
INFO: [ app_init ] --START--
INFO: Run Behavior\BuildLiteBehavior [ RunTime:0.000016s ]
INFO: [ app_init ] --END-- [ RunTime:0.000366s ]

[ 2016-03-20T09:39:17+08:00 ] 127.0.0.1 /wendaxiangmu/index.php/Admin/Reword/reword.html
INFO: [ app_init ] --START--
INFO: Run Behavior\BuildLiteBehavior [ RunTime:0.000016s ]
INFO: [ app_init ] --END-- [ RunTime:0.000373s ]

[ 2016-03-20T09:39:20+08:00 ] 127.0.0.1 /wendaxiangmu/index.php/Admin/Index/index
INFO: [ app_init ] --START--
INFO: Run Behavior\BuildLiteBehavior [ RunTime:0.000018s ]
INFO: [ app_init ] --END-- [ RunTime:0.000635s ]

[ 2016-03-20T09:39:20+08:00 ] 127.0.0.1 /wendaxiangmu/index.php/Admin/Index/show.html
INFO: [ app_init ] --START--
INFO: Run Behavior\BuildLiteBehavior [ RunTime:0.000018s ]
INFO: [ app_init ] --END-- [ RunTime:0.000390s ]

[ 2016-03-20T09:39:21+08:00 ] 127.0.0.1 /wendaxiangmu/index.php/Admin/Reword/reword.html
INFO: [ app_init ] --START--
INFO: Run Behavior\BuildLiteBehavior [ RunTime:0.000014s ]
INFO: [ app_init ] --END-- [ RunTime:0.000376s ]

