[ 2016-05-18T08:18:56+08:00 ] 127.0.0.1 /wendaxiangmu/index.php/admin/login/login_check
INFO: [ app_begin ] --START--
INFO: Run Behavior\ReadHtmlCacheBehavior [ RunTime:0.000658s ]
INFO: [ app_begin ] --END-- [ RunTime:0.000989s ]
NOTIC: [2048] Declaration of Admin\Model\LoginModel::find() should be compatible with that of Think\Model::find() D:\web\apache\htdocs\wendaxiangmu\Application\Admin\Model\LoginModel.class.php 第 4 行.
SQL: SHOW COLUMNS FROM `login` [ RunTime:0.0141s ]
SQL: SHOW COLUMNS FROM `login` [ RunTime:0.0055s ]
SQL: SELECT * FROM `login` WHERE ( username='田金刚' ) LIMIT 1   [ RunTime:0.0009s ]
INFO: [ app_end ] --START--
INFO: Run Behavior\ShowPageTraceBehavior [ RunTime:0.001017s ]
INFO: [ app_end ] --END-- [ RunTime:0.001099s ]

[ 2016-05-18T08:20:12+08:00 ] 127.0.0.1 /wendaxiangmu/index.php/admin/login/login_check
INFO: [ app_begin ] --START--
INFO: Run Behavior\ReadHtmlCacheBehavior [ RunTime:0.000656s ]
INFO: [ app_begin ] --END-- [ RunTime:0.000983s ]
NOTIC: [2048] Declaration of Admin\Model\LoginModel::find() should be compatible with that of Think\Model::find() D:\web\apache\htdocs\wendaxiangmu\Application\Admin\Model\LoginModel.class.php 第 4 行.
SQL: SHOW COLUMNS FROM `login` [ RunTime:0.0046s ]
SQL: SHOW COLUMNS FROM `login` [ RunTime:0.0052s ]
SQL: SELECT * FROM `login` WHERE ( username='张三' ) LIMIT 1   [ RunTime:0.0009s ]
SQL: UPDATE `login` SET `last_time`='2016-04-25 20:53:50',`login_time`='2016-05-18 08:20:12',`last_ip`='127.0.0.1',`login_ip`='127.0.0.1' WHERE ( username='张三' ) [ RunTime:0.0519s ]
INFO: [ app_end ] --START--
INFO: Run Behavior\ShowPageTraceBehavior [ RunTime:0.000900s ]
INFO: [ app_end ] --END-- [ RunTime:0.000981s ]

[ 2016-05-18T08:21:25+08:00 ] 127.0.0.1 /wendaxiangmu/index.php/Admin/Login/login_check
INFO: [ app_begin ] --START--
INFO: Run Behavior\ReadHtmlCacheBehavior [ RunTime:0.000782s ]
INFO: [ app_begin ] --END-- [ RunTime:0.001331s ]
NOTIC: [2048] Declaration of Admin\Model\LoginModel::find() should be compatible with that of Think\Model::find() D:\web\apache\htdocs\wendaxiangmu\Application\Admin\Model\LoginModel.class.php 第 4 行.
SQL: SHOW COLUMNS FROM `login` [ RunTime:0.0398s ]
SQL: SHOW COLUMNS FROM `login` [ RunTime:0.0064s ]
SQL: SELECT * FROM `login` WHERE ( username='田金刚' ) LIMIT 1   [ RunTime:0.0009s ]
SQL: UPDATE `login` SET `last_time`=NULL,`login_time`='2016-05-18 08:21:25',`last_ip`=NULL,`login_ip`='127.0.0.1' WHERE ( username='田金刚' ) [ RunTime:0.0310s ]
INFO: [ app_end ] --START--
INFO: Run Behavior\ShowPageTraceBehavior [ RunTime:0.001146s ]
INFO: [ app_end ] --END-- [ RunTime:0.001244s ]

[ 2016-05-18T09:46:26+08:00 ] 127.0.0.1 /wendaxiangmu/index.php/admin/login/login_check
INFO: [ app_begin ] --START--
INFO: Run Behavior\ReadHtmlCacheBehavior [ RunTime:0.000632s ]
INFO: [ app_begin ] --END-- [ RunTime:0.001024s ]
NOTIC: [2048] Declaration of Admin\Model\LoginModel::find() should be compatible with that of Think\Model::find() D:\web\apache\htdocs\wendaxiangmu\Application\Admin\Model\LoginModel.class.php 第 4 行.
SQL: SHOW COLUMNS FROM `login` [ RunTime:0.0046s ]
SQL: SHOW COLUMNS FROM `login` [ RunTime:0.0046s ]
SQL: SELECT * FROM `login` WHERE ( username='田金刚' ) LIMIT 1   [ RunTime:0.0005s ]
SQL: UPDATE `login` SET `last_time`='2016-05-18 08:21:25',`login_time`='2016-05-18 09:46:26',`last_ip`='127.0.0.1',`login_ip`='127.0.0.1' WHERE ( username='田金刚' ) [ RunTime:0.0560s ]
INFO: [ app_end ] --START--
INFO: Run Behavior\ShowPageTraceBehavior [ RunTime:0.000985s ]
INFO: [ app_end ] --END-- [ RunTime:0.001050s ]

