[ 2016-03-27T12:27:41+08:00 ] 127.0.0.1 /wendaxiangmu/index.php/Admin/Login/login_check
INFO: [ app_begin ] --START--
INFO: Run Behavior\ReadHtmlCacheBehavior [ RunTime:0.000476s ]
INFO: [ app_begin ] --END-- [ RunTime:0.000946s ]
NOTIC: [2048] Declaration of Admin\Model\LoginModel::find() should be compatible with that of Think\Model::find() D:\web\apache\htdocs\wendaxiangmu\Application\Admin\Model\LoginModel.class.php 第 4 行.
SQL: SHOW COLUMNS FROM `login` [ RunTime:0.0043s ]
SQL: SHOW COLUMNS FROM `login` [ RunTime:0.0045s ]
SQL: SELECT * FROM `login` WHERE ( username='张三' ) LIMIT 1   [ RunTime:0.0008s ]
SQL: UPDATE `login` SET `last_time`='2016-03-26 15:48:43',`login_time`='2016-03-27 12:27:41',`last_ip`='127.0.0.1',`login_ip`='127.0.0.1' WHERE ( username='张三' ) [ RunTime:0.0464s ]
INFO: [ app_end ] --START--
INFO: Run Behavior\ShowPageTraceBehavior [ RunTime:0.000674s ]
INFO: [ app_end ] --END-- [ RunTime:0.000748s ]

[ 2016-03-27T13:05:41+08:00 ] 127.0.0.1 /wendaxiangmu/index.php/Admin/Login/login_check
INFO: [ app_begin ] --START--
INFO: Run Behavior\ReadHtmlCacheBehavior [ RunTime:0.000414s ]
INFO: [ app_begin ] --END-- [ RunTime:0.000752s ]
NOTIC: [2048] Declaration of Admin\Model\LoginModel::find() should be compatible with that of Think\Model::find() D:\web\apache\htdocs\wendaxiangmu\Application\Admin\Model\LoginModel.class.php 第 4 行.
SQL: SHOW COLUMNS FROM `login` [ RunTime:0.0044s ]
SQL: SHOW COLUMNS FROM `login` [ RunTime:0.0049s ]
SQL: SELECT * FROM `login` WHERE ( username='张三' ) LIMIT 1   [ RunTime:0.0009s ]
SQL: UPDATE `login` SET `last_time`='2016-03-27 12:27:41',`login_time`='2016-03-27 13:05:41',`last_ip`='127.0.0.1',`login_ip`='127.0.0.1' WHERE ( username='张三' ) [ RunTime:0.0463s ]
INFO: [ app_end ] --START--
INFO: Run Behavior\ShowPageTraceBehavior [ RunTime:0.000548s ]
INFO: [ app_end ] --END-- [ RunTime:0.000610s ]

[ 2016-03-27T13:45:40+08:00 ] 127.0.0.1 /wendaxiangmu/index.php/Admin/User/show.html
ERR: Think\Model:look方法不存在！

[ 2016-03-27T13:46:55+08:00 ] 127.0.0.1 /wendaxiangmu/index.php/Admin/User/show.html
ERR: Think\Model:look方法不存在！

[ 2016-03-27T13:49:36+08:00 ] 127.0.0.1 /wendaxiangmu/index.php/Admin/User/show.html
ERR: Think\Model:look方法不存在！

[ 2016-03-27T13:50:41+08:00 ] 127.0.0.1 /wendaxiangmu/index.php/Admin/User/show.html
ERR: SQLSTATE[42000]: Syntax error or access violation: 1064 You have an error in your SQL syntax; check the manual that corresponds to your MySQL server version for the right syntax to use near 'lock=0 )' at line 1

[ 2016-03-27T13:51:37+08:00 ] 127.0.0.1 /wendaxiangmu/index.php/Admin/User/show.html
ERR: Think\Model:look方法不存在！

[ 2016-03-27T14:10:47+08:00 ] 127.0.0.1 /wendaxiangmu/index.php/Admin/Login/login_check
INFO: [ app_begin ] --START--
INFO: Run Behavior\ReadHtmlCacheBehavior [ RunTime:0.000456s ]
INFO: [ app_begin ] --END-- [ RunTime:0.000808s ]
SQL: SHOW COLUMNS FROM `hd_user` [ RunTime:0.0048s ]
SQL: SELECT * FROM `hd_user` WHERE `id` = 0 LIMIT 1   [ RunTime:0.0007s ]
INFO: [ app_end ] --START--
INFO: Run Behavior\ShowPageTraceBehavior [ RunTime:0.000608s ]
INFO: [ app_end ] --END-- [ RunTime:0.000699s ]

[ 2016-03-27T14:10:48+08:00 ] 127.0.0.1 /wendaxiangmu/index.php/Admin/Login/login_check
INFO: [ app_begin ] --START--
INFO: Run Behavior\ReadHtmlCacheBehavior [ RunTime:0.000388s ]
INFO: [ app_begin ] --END-- [ RunTime:0.000713s ]
SQL: SHOW COLUMNS FROM `hd_user` [ RunTime:0.0045s ]
SQL: SELECT * FROM `hd_user` WHERE `id` = 0 LIMIT 1   [ RunTime:0.0008s ]
INFO: [ app_end ] --START--
INFO: Run Behavior\ShowPageTraceBehavior [ RunTime:0.000588s ]
INFO: [ app_end ] --END-- [ RunTime:0.000669s ]

[ 2016-03-27T14:11:05+08:00 ] 127.0.0.1 /wendaxiangmu/index.php/Admin/Login/login_check
INFO: [ app_begin ] --START--
INFO: Run Behavior\ReadHtmlCacheBehavior [ RunTime:0.000419s ]
INFO: [ app_begin ] --END-- [ RunTime:0.000730s ]
SQL: SHOW COLUMNS FROM `hd_user` [ RunTime:0.0045s ]
SQL: SELECT * FROM `hd_user` WHERE `id` = 0 LIMIT 1   [ RunTime:0.0007s ]
INFO: [ app_end ] --START--
INFO: Run Behavior\ShowPageTraceBehavior [ RunTime:0.000673s ]
INFO: [ app_end ] --END-- [ RunTime:0.000761s ]

[ 2016-03-27T14:11:06+08:00 ] 127.0.0.1 /wendaxiangmu/index.php/Admin/Login/login_check
INFO: [ app_begin ] --START--
INFO: Run Behavior\ReadHtmlCacheBehavior [ RunTime:0.000658s ]
INFO: [ app_begin ] --END-- [ RunTime:0.001158s ]
SQL: SHOW COLUMNS FROM `hd_user` [ RunTime:0.0063s ]
SQL: SELECT * FROM `hd_user` WHERE `id` = 0 LIMIT 1   [ RunTime:0.0008s ]
INFO: [ app_end ] --START--
INFO: Run Behavior\ShowPageTraceBehavior [ RunTime:0.000561s ]
INFO: [ app_end ] --END-- [ RunTime:0.000649s ]

[ 2016-03-27T14:11:36+08:00 ] 127.0.0.1 /wendaxiangmu/index.php/Admin/Login/login_check
INFO: [ app_begin ] --START--
INFO: Run Behavior\ReadHtmlCacheBehavior [ RunTime:0.000424s ]
INFO: [ app_begin ] --END-- [ RunTime:0.000742s ]
SQL: SHOW COLUMNS FROM `hd_user` [ RunTime:0.0055s ]
SQL: SELECT * FROM `hd_user` WHERE `id` = 0 LIMIT 1   [ RunTime:0.0006s ]
INFO: [ app_end ] --START--
INFO: Run Behavior\ShowPageTraceBehavior [ RunTime:0.000478s ]
INFO: [ app_end ] --END-- [ RunTime:0.000558s ]

[ 2016-03-27T14:13:20+08:00 ] 127.0.0.1 /wendaxiangmu/index.php/Admin/Login/login_check
INFO: [ app_begin ] --START--
INFO: Run Behavior\ReadHtmlCacheBehavior [ RunTime:0.000638s ]
INFO: [ app_begin ] --END-- [ RunTime:0.001149s ]
NOTIC: [2048] Declaration of Admin\Model\LoginModel::find() should be compatible with that of Think\Model::find() D:\web\apache\htdocs\wendaxiangmu\Application\Admin\Model\LoginModel.class.php 第 4 行.
SQL: SHOW COLUMNS FROM `login` [ RunTime:0.0047s ]
SQL: SHOW COLUMNS FROM `login` [ RunTime:0.0048s ]
SQL: SELECT * FROM `login` WHERE ( username='' ) LIMIT 1   [ RunTime:0.0008s ]
INFO: [ app_end ] --START--
INFO: Run Behavior\ShowPageTraceBehavior [ RunTime:0.000684s ]
INFO: [ app_end ] --END-- [ RunTime:0.000785s ]

[ 2016-03-27T14:13:57+08:00 ] 127.0.0.1 /wendaxiangmu/index.php/Admin/Login/login_check
INFO: [ app_begin ] --START--
INFO: Run Behavior\ReadHtmlCacheBehavior [ RunTime:0.000736s ]
INFO: [ app_begin ] --END-- [ RunTime:0.001292s ]
NOTIC: [2048] Declaration of Admin\Model\LoginModel::find() should be compatible with that of Think\Model::find() D:\web\apache\htdocs\wendaxiangmu\Application\Admin\Model\LoginModel.class.php 第 4 行.
SQL: SHOW COLUMNS FROM `login` [ RunTime:0.0046s ]
SQL: SHOW COLUMNS FROM `login` [ RunTime:0.0053s ]
SQL: SELECT * FROM `login` WHERE ( username='' ) LIMIT 1   [ RunTime:0.0009s ]
INFO: [ app_end ] --START--
INFO: Run Behavior\ShowPageTraceBehavior [ RunTime:0.000524s ]
INFO: [ app_end ] --END-- [ RunTime:0.000595s ]

[ 2016-03-27T14:13:58+08:00 ] 127.0.0.1 /wendaxiangmu/index.php/Admin/Login/login_check
INFO: [ app_begin ] --START--
INFO: Run Behavior\ReadHtmlCacheBehavior [ RunTime:0.000460s ]
INFO: [ app_begin ] --END-- [ RunTime:0.000802s ]
NOTIC: [2048] Declaration of Admin\Model\LoginModel::find() should be compatible with that of Think\Model::find() D:\web\apache\htdocs\wendaxiangmu\Application\Admin\Model\LoginModel.class.php 第 4 行.
SQL: SHOW COLUMNS FROM `login` [ RunTime:0.0049s ]
SQL: SHOW COLUMNS FROM `login` [ RunTime:0.0051s ]
SQL: SELECT * FROM `login` WHERE ( username='' ) LIMIT 1   [ RunTime:0.0010s ]
INFO: [ app_end ] --START--
INFO: Run Behavior\ShowPageTraceBehavior [ RunTime:0.000475s ]
INFO: [ app_end ] --END-- [ RunTime:0.000554s ]

[ 2016-03-27T14:13:59+08:00 ] 127.0.0.1 /wendaxiangmu/index.php/Admin/Login/login_check
INFO: [ app_begin ] --START--
INFO: Run Behavior\ReadHtmlCacheBehavior [ RunTime:0.000738s ]
INFO: [ app_begin ] --END-- [ RunTime:0.001320s ]
NOTIC: [2048] Declaration of Admin\Model\LoginModel::find() should be compatible with that of Think\Model::find() D:\web\apache\htdocs\wendaxiangmu\Application\Admin\Model\LoginModel.class.php 第 4 行.
SQL: SHOW COLUMNS FROM `login` [ RunTime:0.0047s ]
SQL: SHOW COLUMNS FROM `login` [ RunTime:0.0059s ]
SQL: SELECT * FROM `login` WHERE ( username='' ) LIMIT 1   [ RunTime:0.0008s ]
INFO: [ app_end ] --START--
INFO: Run Behavior\ShowPageTraceBehavior [ RunTime:0.000648s ]
INFO: [ app_end ] --END-- [ RunTime:0.000745s ]

[ 2016-03-27T14:14:16+08:00 ] 127.0.0.1 /wendaxiangmu/index.php/Admin/Login/login_check
INFO: [ app_begin ] --START--
INFO: Run Behavior\ReadHtmlCacheBehavior [ RunTime:0.000439s ]
INFO: [ app_begin ] --END-- [ RunTime:0.000767s ]
NOTIC: [2048] Declaration of Admin\Model\LoginModel::find() should be compatible with that of Think\Model::find() D:\web\apache\htdocs\wendaxiangmu\Application\Admin\Model\LoginModel.class.php 第 4 行.
SQL: SHOW COLUMNS FROM `login` [ RunTime:0.0054s ]
SQL: SHOW COLUMNS FROM `login` [ RunTime:0.0056s ]
SQL: SELECT * FROM `login` WHERE ( username='' ) LIMIT 1   [ RunTime:0.0008s ]
INFO: [ app_end ] --START--
INFO: Run Behavior\ShowPageTraceBehavior [ RunTime:0.000490s ]
INFO: [ app_end ] --END-- [ RunTime:0.000558s ]

[ 2016-03-27T14:15:05+08:00 ] 127.0.0.1 /wendaxiangmu/index.php/Admin/Login/login_check
INFO: [ app_begin ] --START--
INFO: Run Behavior\ReadHtmlCacheBehavior [ RunTime:0.000453s ]
INFO: [ app_begin ] --END-- [ RunTime:0.000785s ]
NOTIC: [2048] Declaration of Admin\Model\LoginModel::find() should be compatible with that of Think\Model::find() D:\web\apache\htdocs\wendaxiangmu\Application\Admin\Model\LoginModel.class.php 第 4 行.
SQL: SHOW COLUMNS FROM `login` [ RunTime:0.0051s ]
SQL: SHOW COLUMNS FROM `login` [ RunTime:0.0056s ]
SQL: SELECT * FROM `login` WHERE ( username='张三' ) LIMIT 1   [ RunTime:0.0009s ]
SQL: UPDATE `login` SET `last_time`='2016-03-27 13:05:41',`login_time`='2016-03-27 14:15:05',`last_ip`='127.0.0.1',`login_ip`='127.0.0.1' WHERE ( username='张三' ) [ RunTime:0.0559s ]
INFO: [ app_end ] --START--
INFO: Run Behavior\ShowPageTraceBehavior [ RunTime:0.000674s ]
INFO: [ app_end ] --END-- [ RunTime:0.000750s ]

[ 2016-03-27T14:15:10+08:00 ] 127.0.0.1 /wendaxiangmu/index.php/Admin/User/show.html
ERR: Think\Model:look方法不存在！

[ 2016-03-27T14:23:58+08:00 ] 127.0.0.1 /wendaxiangmu/index.php/Admin/Login/login_check
INFO: [ app_begin ] --START--
INFO: Run Behavior\ReadHtmlCacheBehavior [ RunTime:0.000450s ]
INFO: [ app_begin ] --END-- [ RunTime:0.000790s ]
NOTIC: [2048] Declaration of Admin\Model\LoginModel::find() should be compatible with that of Think\Model::find() D:\web\apache\htdocs\wendaxiangmu\Application\Admin\Model\LoginModel.class.php 第 4 行.
SQL: SHOW COLUMNS FROM `login` [ RunTime:0.0052s ]
SQL: SHOW COLUMNS FROM `login` [ RunTime:0.0051s ]
SQL: SELECT * FROM `login` WHERE ( username='张三' ) LIMIT 1   [ RunTime:0.0007s ]
SQL: UPDATE `login` SET `last_time`='2016-03-27 14:15:05',`login_time`='2016-03-27 14:23:57',`last_ip`='127.0.0.1',`login_ip`='127.0.0.1' WHERE ( username='张三' ) [ RunTime:0.0483s ]
INFO: [ app_end ] --START--
INFO: Run Behavior\ShowPageTraceBehavior [ RunTime:0.000666s ]
INFO: [ app_end ] --END-- [ RunTime:0.000743s ]

[ 2016-03-27T14:27:02+08:00 ] 127.0.0.1 /wendaxiangmu/index.php/Admin/Login/login_check
INFO: [ app_begin ] --START--
INFO: Run Behavior\ReadHtmlCacheBehavior [ RunTime:0.000429s ]
INFO: [ app_begin ] --END-- [ RunTime:0.000722s ]
NOTIC: [2048] Declaration of Admin\Model\LoginModel::find() should be compatible with that of Think\Model::find() D:\web\apache\htdocs\wendaxiangmu\Application\Admin\Model\LoginModel.class.php 第 4 行.
SQL: SHOW COLUMNS FROM `login` [ RunTime:0.0045s ]
SQL: SHOW COLUMNS FROM `login` [ RunTime:0.0043s ]
SQL: SELECT * FROM `login` WHERE ( username='张三' ) LIMIT 1   [ RunTime:0.0007s ]
SQL: UPDATE `login` SET `last_time`='2016-03-27 14:23:57',`login_time`='2016-03-27 14:27:02',`last_ip`='127.0.0.1',`login_ip`='127.0.0.1' WHERE ( username='张三' ) [ RunTime:0.0519s ]
INFO: [ app_end ] --START--
INFO: Run Behavior\ShowPageTraceBehavior [ RunTime:0.001428s ]
INFO: [ app_end ] --END-- [ RunTime:0.001575s ]

