[ 2016-05-17T20:57:21+08:00 ] 127.0.0.1 /wendaxiangmu/index.php/admin/login/login_check
INFO: [ app_begin ] --START--
INFO: Run Behavior\ReadHtmlCacheBehavior [ RunTime:0.000727s ]
INFO: [ app_begin ] --END-- [ RunTime:0.001118s ]
NOTIC: [2048] Declaration of Admin\Model\LoginModel::find() should be compatible with that of Think\Model::find() D:\web\apache\htdocs\wendaxiangmu\Application\Admin\Model\LoginModel.class.php 第 4 行.
SQL: SHOW COLUMNS FROM `login` [ RunTime:0.0261s ]
SQL: SHOW COLUMNS FROM `login` [ RunTime:0.0057s ]
SQL: SELECT * FROM `login` WHERE ( username='田金刚' ) LIMIT 1   [ RunTime:0.0010s ]
INFO: [ app_end ] --START--
INFO: Run Behavior\ShowPageTraceBehavior [ RunTime:0.001220s ]
INFO: [ app_end ] --END-- [ RunTime:0.001331s ]

[ 2016-05-17T20:57:29+08:00 ] 127.0.0.1 /wendaxiangmu/index.php/admin/login/login_check
INFO: [ app_begin ] --START--
INFO: Run Behavior\ReadHtmlCacheBehavior [ RunTime:0.000689s ]
INFO: [ app_begin ] --END-- [ RunTime:0.001055s ]
NOTIC: [2048] Declaration of Admin\Model\LoginModel::find() should be compatible with that of Think\Model::find() D:\web\apache\htdocs\wendaxiangmu\Application\Admin\Model\LoginModel.class.php 第 4 行.
SQL: SHOW COLUMNS FROM `login` [ RunTime:0.0038s ]
SQL: SHOW COLUMNS FROM `login` [ RunTime:0.0043s ]
SQL: SELECT * FROM `login` WHERE ( username='admin' ) LIMIT 1   [ RunTime:0.0008s ]
INFO: [ app_end ] --START--
INFO: Run Behavior\ShowPageTraceBehavior [ RunTime:0.000830s ]
INFO: [ app_end ] --END-- [ RunTime:0.000913s ]

[ 2016-05-17T20:57:47+08:00 ] 127.0.0.1 /wendaxiangmu/index.php/admin/login/login_check
INFO: [ app_begin ] --START--
INFO: Run Behavior\ReadHtmlCacheBehavior [ RunTime:0.000685s ]
INFO: [ app_begin ] --END-- [ RunTime:0.001036s ]
NOTIC: [2048] Declaration of Admin\Model\LoginModel::find() should be compatible with that of Think\Model::find() D:\web\apache\htdocs\wendaxiangmu\Application\Admin\Model\LoginModel.class.php 第 4 行.
SQL: SHOW COLUMNS FROM `login` [ RunTime:0.0046s ]
SQL: SHOW COLUMNS FROM `login` [ RunTime:0.0053s ]
SQL: SELECT * FROM `login` WHERE ( username='admin' ) LIMIT 1   [ RunTime:0.0008s ]
INFO: [ app_end ] --START--
INFO: Run Behavior\ShowPageTraceBehavior [ RunTime:0.000762s ]
INFO: [ app_end ] --END-- [ RunTime:0.000830s ]

