[ 2016-05-16T13:47:29+08:00 ] 127.0.0.1 /shop/index.php
INFO: [ app_init ] --START--
INFO: Run Behavior\BuildLiteBehavior [ RunTime:0.000020s ]
INFO: [ app_init ] --END-- [ RunTime:0.000690s ]
INFO: [ app_begin ] --START--
INFO: Run Behavior\ReadHtmlCacheBehavior [ RunTime:0.007998s ]
INFO: [ app_begin ] --END-- [ RunTime:0.008087s ]
SQL: SHOW COLUMNS FROM `ecs_good` [ RunTime:0.0415s ]
SQL: SELECT * FROM `ecs_good` LIMIT 6   [ RunTime:0.0007s ]
INFO: [ view_parse ] --START--
INFO: [ template_filter ] --START--
INFO: Run Behavior\ContentReplaceBehavior [ RunTime:0.000402s ]
INFO: [ template_filter ] --END-- [ RunTime:0.000487s ]
NOTIC: [8] Undefined variable: cate D:\web\apache\htdocs\shop\Runtime\Cache\Home\400c995c330f1f6ecac6b9102849eb7e.php 第 140 行.
INFO: Run Behavior\ParseTemplateBehavior [ RunTime:0.124188s ]
INFO: [ view_parse ] --END-- [ RunTime:0.124273s ]
INFO: [ view_filter ] --START--
INFO: Run Behavior\WriteHtmlCacheBehavior [ RunTime:0.014128s ]
INFO: [ view_filter ] --END-- [ RunTime:0.014215s ]
INFO: [ app_end ] --START--
INFO: Run Behavior\ShowPageTraceBehavior [ RunTime:0.001712s ]
INFO: [ app_end ] --END-- [ RunTime:0.001824s ]

