[ 2016-04-20T16:13:26+08:00 ] 127.0.0.1 /shop/index.php
INFO: [ app_init ] --START--
INFO: Run Behavior\BuildLiteBehavior [ RunTime:0.000024s ]
INFO: [ app_init ] --END-- [ RunTime:0.000565s ]
INFO: [ app_begin ] --START--
INFO: Run Behavior\ReadHtmlCacheBehavior [ RunTime:0.000742s ]
INFO: [ app_begin ] --END-- [ RunTime:0.000852s ]
INFO: [ view_parse ] --START--
INFO: Run Behavior\ParseTemplateBehavior [ RunTime:0.000503s ]
INFO: [ view_parse ] --END-- [ RunTime:0.000602s ]
INFO: [ view_filter ] --START--
INFO: Run Behavior\WriteHtmlCacheBehavior [ RunTime:0.000489s ]
INFO: [ view_filter ] --END-- [ RunTime:0.000576s ]
INFO: [ app_end ] --START--
INFO: Run Behavior\ShowPageTraceBehavior [ RunTime:0.001034s ]
INFO: [ app_end ] --END-- [ RunTime:0.001155s ]

[ 2016-04-20T19:35:16+08:00 ] 127.0.0.1 /shop/index.php
INFO: [ app_init ] --START--
INFO: Run Behavior\BuildLiteBehavior [ RunTime:0.000021s ]
INFO: [ app_init ] --END-- [ RunTime:0.000634s ]
INFO: [ app_begin ] --START--
INFO: Run Behavior\ReadHtmlCacheBehavior [ RunTime:0.001016s ]
INFO: [ app_begin ] --END-- [ RunTime:0.001143s ]
INFO: [ view_parse ] --START--
INFO: Run Behavior\ParseTemplateBehavior [ RunTime:0.001172s ]
INFO: [ view_parse ] --END-- [ RunTime:0.001275s ]
INFO: [ view_filter ] --START--
INFO: Run Behavior\WriteHtmlCacheBehavior [ RunTime:0.000290s ]
INFO: [ view_filter ] --END-- [ RunTime:0.000357s ]
INFO: [ app_end ] --START--
INFO: Run Behavior\ShowPageTraceBehavior [ RunTime:0.000546s ]
INFO: [ app_end ] --END-- [ RunTime:0.000615s ]

