[ 2016-05-17T16:56:01+08:00 ] 127.0.0.1 /shop/index.php
INFO: [ app_init ] --START--
INFO: Run Behavior\BuildLiteBehavior [ RunTime:0.000016s ]
INFO: [ app_init ] --END-- [ RunTime:0.000648s ]
INFO: [ app_begin ] --START--
INFO: Run Behavior\ReadHtmlCacheBehavior [ RunTime:0.013637s ]
INFO: [ app_begin ] --END-- [ RunTime:0.013731s ]
SQL: SHOW COLUMNS FROM `ecs_good` [ RunTime:0.0193s ]
SQL: SELECT * FROM `ecs_good` LIMIT 6   [ RunTime:0.0006s ]
INFO: [ view_parse ] --START--
INFO: [ template_filter ] --START--
INFO: Run Behavior\ContentReplaceBehavior [ RunTime:0.000306s ]
INFO: [ template_filter ] --END-- [ RunTime:0.000378s ]
NOTIC: [8] Undefined variable: cate D:\web\apache\htdocs\shop\Runtime\Cache\Home\400c995c330f1f6ecac6b9102849eb7e.php 第 140 行.
INFO: Run Behavior\ParseTemplateBehavior [ RunTime:0.066837s ]
INFO: [ view_parse ] --END-- [ RunTime:0.066908s ]
INFO: [ view_filter ] --START--
INFO: Run Behavior\WriteHtmlCacheBehavior [ RunTime:0.014505s ]
INFO: [ view_filter ] --END-- [ RunTime:0.014624s ]
INFO: [ app_end ] --START--
INFO: Run Behavior\ShowPageTraceBehavior [ RunTime:0.011815s ]
INFO: [ app_end ] --END-- [ RunTime:0.011936s ]

