[ 2016-03-05T14:17:37+08:00 ] 127.0.0.1 /php3xiangmu/index.php
INFO: [ app_init ] --START--
INFO: Run Behavior\BuildLiteBehavior [ RunTime:0.000034s ]
INFO: [ app_init ] --END-- [ RunTime:0.001034s ]
INFO: [ app_begin ] --START--
INFO: Run Behavior\ReadHtmlCacheBehavior [ RunTime:0.000634s ]
INFO: [ app_begin ] --END-- [ RunTime:0.000699s ]
INFO: [ view_parse ] --START--
INFO: [ template_filter ] --START--
INFO: Run Behavior\ContentReplaceBehavior [ RunTime:0.000086s ]
INFO: [ template_filter ] --END-- [ RunTime:0.000172s ]
INFO: Run Behavior\ParseTemplateBehavior [ RunTime:0.008824s ]
INFO: [ view_parse ] --END-- [ RunTime:0.008895s ]
INFO: [ view_filter ] --START--
INFO: Run Behavior\WriteHtmlCacheBehavior [ RunTime:0.000433s ]
INFO: [ view_filter ] --END-- [ RunTime:0.000486s ]
INFO: [ app_end ] --START--
INFO: Run Behavior\ShowPageTraceBehavior [ RunTime:0.001072s ]
INFO: [ app_end ] --END-- [ RunTime:0.001184s ]

[ 2016-03-05T15:51:40+08:00 ] 127.0.0.1 /php3xiangmu/index.php/Home/Index/index
INFO: [ app_init ] --START--
INFO: Run Behavior\BuildLiteBehavior [ RunTime:0.000016s ]
INFO: [ app_init ] --END-- [ RunTime:0.000358s ]
INFO: [ app_begin ] --START--
INFO: Run Behavior\ReadHtmlCacheBehavior [ RunTime:0.000459s ]
INFO: [ app_begin ] --END-- [ RunTime:0.000524s ]
INFO: [ view_parse ] --START--
INFO: [ template_filter ] --START--
INFO: Run Behavior\ContentReplaceBehavior [ RunTime:0.000204s ]
INFO: [ template_filter ] --END-- [ RunTime:0.000328s ]
INFO: Run Behavior\ParseTemplateBehavior [ RunTime:0.009161s ]
INFO: [ view_parse ] --END-- [ RunTime:0.009242s ]
INFO: [ view_filter ] --START--
INFO: Run Behavior\WriteHtmlCacheBehavior [ RunTime:0.000388s ]
INFO: [ view_filter ] --END-- [ RunTime:0.000455s ]
INFO: [ app_end ] --START--
INFO: Run Behavior\ShowPageTraceBehavior [ RunTime:0.000672s ]
INFO: [ app_end ] --END-- [ RunTime:0.000802s ]

[ 2016-03-05T15:51:49+08:00 ] 127.0.0.1 /php3xiangmu/index.php/Home/Index/images/logo.png
INFO: [ app_init ] --START--
INFO: Run Behavior\BuildLiteBehavior [ RunTime:0.000024s ]
INFO: [ app_init ] --END-- [ RunTime:0.000621s ]

[ 2016-03-05T15:51:55+08:00 ] 127.0.0.1 /php3xiangmu/index.php/Home/Index/index
INFO: [ app_init ] --START--
INFO: Run Behavior\BuildLiteBehavior [ RunTime:0.000013s ]
INFO: [ app_init ] --END-- [ RunTime:0.000330s ]
INFO: [ app_begin ] --START--
INFO: Run Behavior\ReadHtmlCacheBehavior [ RunTime:0.000435s ]
INFO: [ app_begin ] --END-- [ RunTime:0.000489s ]
INFO: [ view_parse ] --START--
INFO: [ template_filter ] --START--
INFO: Run Behavior\ContentReplaceBehavior [ RunTime:0.000093s ]
INFO: [ template_filter ] --END-- [ RunTime:0.000168s ]
INFO: Run Behavior\ParseTemplateBehavior [ RunTime:0.008956s ]
INFO: [ view_parse ] --END-- [ RunTime:0.009033s ]
INFO: [ view_filter ] --START--
INFO: Run Behavior\WriteHtmlCacheBehavior [ RunTime:0.000361s ]
INFO: [ view_filter ] --END-- [ RunTime:0.000413s ]
INFO: [ app_end ] --START--
INFO: Run Behavior\ShowPageTraceBehavior [ RunTime:0.000659s ]
INFO: [ app_end ] --END-- [ RunTime:0.000770s ]

[ 2016-03-05T15:51:55+08:00 ] 127.0.0.1 /php3xiangmu/index.php/Home/Index/images/logo.png
INFO: [ app_init ] --START--
INFO: Run Behavior\BuildLiteBehavior [ RunTime:0.000015s ]
INFO: [ app_init ] --END-- [ RunTime:0.000332s ]

[ 2016-03-05T15:51:55+08:00 ] 127.0.0.1 /php3xiangmu/index.php/Home/Index/videos
INFO: [ app_init ] --START--
INFO: Run Behavior\BuildLiteBehavior [ RunTime:0.000015s ]
INFO: [ app_init ] --END-- [ RunTime:0.000373s ]
INFO: [ app_begin ] --START--
INFO: Run Behavior\ReadHtmlCacheBehavior [ RunTime:0.000530s ]
INFO: [ app_begin ] --END-- [ RunTime:0.000603s ]
NOTIC: [2048] Declaration of Home\Model\WmvModel::find() should be compatible with that of Think\Model::find() D:\web\apache\htdocs\php3xiangmu\Apps\Home\Model\WmvModel.class.php 第 4 行.
SQL: SHOW COLUMNS FROM `wmv` [ RunTime:0.0336s ]
SQL: SHOW COLUMNS FROM `wmv` [ RunTime:0.0047s ]
SQL: SELECT * FROM `wmv` WHERE `statue` = 1  [ RunTime:0.0007s ]
INFO: [ view_parse ] --START--
INFO: [ template_filter ] --START--
INFO: Run Behavior\ContentReplaceBehavior [ RunTime:0.000087s ]
INFO: [ template_filter ] --END-- [ RunTime:0.000154s ]
INFO: Run Behavior\ParseTemplateBehavior [ RunTime:0.018500s ]
INFO: [ view_parse ] --END-- [ RunTime:0.018604s ]
INFO: [ view_filter ] --START--
INFO: Run Behavior\WriteHtmlCacheBehavior [ RunTime:0.000425s ]
INFO: [ view_filter ] --END-- [ RunTime:0.000492s ]
INFO: [ app_end ] --START--
INFO: Run Behavior\ShowPageTraceBehavior [ RunTime:0.000702s ]
INFO: [ app_end ] --END-- [ RunTime:0.000780s ]

[ 2016-03-05T15:51:57+08:00 ] 127.0.0.1 /php3xiangmu/index.php/Home/Index/videos
INFO: [ app_init ] --START--
INFO: Run Behavior\BuildLiteBehavior [ RunTime:0.000052s ]
INFO: [ app_init ] --END-- [ RunTime:0.000889s ]
INFO: [ app_begin ] --START--
INFO: Run Behavior\ReadHtmlCacheBehavior [ RunTime:0.001119s ]
INFO: [ app_begin ] --END-- [ RunTime:0.001301s ]
NOTIC: [2048] Declaration of Home\Model\WmvModel::find() should be compatible with that of Think\Model::find() D:\web\apache\htdocs\php3xiangmu\Apps\Home\Model\WmvModel.class.php 第 4 行.
SQL: SHOW COLUMNS FROM `wmv` [ RunTime:0.0063s ]
SQL: SHOW COLUMNS FROM `wmv` [ RunTime:0.0074s ]
SQL: SELECT * FROM `wmv` WHERE `statue` = 1  [ RunTime:0.0006s ]
INFO: [ view_parse ] --START--
INFO: [ template_filter ] --START--
INFO: Run Behavior\ContentReplaceBehavior [ RunTime:0.000143s ]
INFO: [ template_filter ] --END-- [ RunTime:0.000262s ]
INFO: Run Behavior\ParseTemplateBehavior [ RunTime:0.027918s ]
INFO: [ view_parse ] --END-- [ RunTime:0.028048s ]
INFO: [ view_filter ] --START--
INFO: Run Behavior\WriteHtmlCacheBehavior [ RunTime:0.000483s ]
INFO: [ view_filter ] --END-- [ RunTime:0.000573s ]
INFO: [ app_end ] --START--
INFO: Run Behavior\ShowPageTraceBehavior [ RunTime:0.000939s ]
INFO: [ app_end ] --END-- [ RunTime:0.001081s ]

[ 2016-03-05T15:52:11+08:00 ] 127.0.0.1 /php3xiangmu/index.php/Home/Index/contact
INFO: [ app_init ] --START--
INFO: Run Behavior\BuildLiteBehavior [ RunTime:0.000026s ]
INFO: [ app_init ] --END-- [ RunTime:0.000666s ]
INFO: [ app_begin ] --START--
INFO: Run Behavior\ReadHtmlCacheBehavior [ RunTime:0.000580s ]
INFO: [ app_begin ] --END-- [ RunTime:0.000660s ]
INFO: [ view_parse ] --START--
INFO: [ template_filter ] --START--
INFO: Run Behavior\ContentReplaceBehavior [ RunTime:0.000086s ]
INFO: [ template_filter ] --END-- [ RunTime:0.000169s ]
INFO: Run Behavior\ParseTemplateBehavior [ RunTime:0.274628s ]
INFO: [ view_parse ] --END-- [ RunTime:0.274793s ]
INFO: [ view_filter ] --START--
INFO: Run Behavior\WriteHtmlCacheBehavior [ RunTime:0.000271s ]
INFO: [ view_filter ] --END-- [ RunTime:0.000327s ]
INFO: [ app_end ] --START--
INFO: Run Behavior\ShowPageTraceBehavior [ RunTime:0.000494s ]
INFO: [ app_end ] --END-- [ RunTime:0.000551s ]

[ 2016-03-05T15:52:17+08:00 ] 127.0.0.1 /php3xiangmu/index.php/Home/Index/hehe
INFO: [ app_init ] --START--
INFO: Run Behavior\BuildLiteBehavior [ RunTime:0.000021s ]
INFO: [ app_init ] --END-- [ RunTime:0.000475s ]
INFO: [ app_begin ] --START--
INFO: Run Behavior\ReadHtmlCacheBehavior [ RunTime:0.001007s ]
INFO: [ app_begin ] --END-- [ RunTime:0.001153s ]
NOTIC: [2048] Declaration of Home\Model\WmvModel::find() should be compatible with that of Think\Model::find() D:\web\apache\htdocs\php3xiangmu\Apps\Home\Model\WmvModel.class.php 第 4 行.
SQL: SHOW COLUMNS FROM `wmv` [ RunTime:0.0074s ]
SQL: SHOW COLUMNS FROM `wmv` [ RunTime:0.0049s ]
SQL: SELECT * FROM `wmv` WHERE ( id='' ) LIMIT 1   [ RunTime:0.0009s ]
INFO: [ view_parse ] --START--
INFO: [ template_filter ] --START--
INFO: Run Behavior\ContentReplaceBehavior [ RunTime:0.000059s ]
INFO: [ template_filter ] --END-- [ RunTime:0.000180s ]
INFO: Run Behavior\ParseTemplateBehavior [ RunTime:0.145043s ]
INFO: [ view_parse ] --END-- [ RunTime:0.145131s ]
INFO: [ view_filter ] --START--
INFO: Run Behavior\WriteHtmlCacheBehavior [ RunTime:0.000234s ]
INFO: [ view_filter ] --END-- [ RunTime:0.000280s ]
INFO: [ app_end ] --START--
INFO: Run Behavior\ShowPageTraceBehavior [ RunTime:0.000608s ]
INFO: [ app_end ] --END-- [ RunTime:0.000659s ]

[ 2016-03-05T15:52:20+08:00 ] 127.0.0.1 /php3xiangmu/index.php/Home/Index/index.html
INFO: [ app_init ] --START--
INFO: Run Behavior\BuildLiteBehavior [ RunTime:0.000016s ]
INFO: [ app_init ] --END-- [ RunTime:0.000419s ]
INFO: [ app_begin ] --START--
INFO: Run Behavior\ReadHtmlCacheBehavior [ RunTime:0.000696s ]
INFO: [ app_begin ] --END-- [ RunTime:0.000783s ]
INFO: [ view_parse ] --START--
INFO: [ template_filter ] --START--
INFO: Run Behavior\ContentReplaceBehavior [ RunTime:0.000095s ]
INFO: [ template_filter ] --END-- [ RunTime:0.000169s ]
INFO: Run Behavior\ParseTemplateBehavior [ RunTime:0.009405s ]
INFO: [ view_parse ] --END-- [ RunTime:0.009505s ]
INFO: [ view_filter ] --START--
INFO: Run Behavior\WriteHtmlCacheBehavior [ RunTime:0.000226s ]
INFO: [ view_filter ] --END-- [ RunTime:0.000276s ]
INFO: [ app_end ] --START--
INFO: Run Behavior\ShowPageTraceBehavior [ RunTime:0.000759s ]
INFO: [ app_end ] --END-- [ RunTime:0.000875s ]

[ 2016-03-05T15:52:20+08:00 ] 127.0.0.1 /php3xiangmu/index.php/Home/Index/images/logo.png
INFO: [ app_init ] --START--
INFO: Run Behavior\BuildLiteBehavior [ RunTime:0.000023s ]
INFO: [ app_init ] --END-- [ RunTime:0.000524s ]

[ 2016-03-05T15:52:23+08:00 ] 127.0.0.1 /php3xiangmu/index.php/Home/Index/reviews
INFO: [ app_init ] --START--
INFO: Run Behavior\BuildLiteBehavior [ RunTime:0.000015s ]
INFO: [ app_init ] --END-- [ RunTime:0.000361s ]
INFO: [ app_begin ] --START--
INFO: Run Behavior\ReadHtmlCacheBehavior [ RunTime:0.000503s ]
INFO: [ app_begin ] --END-- [ RunTime:0.000574s ]
NOTIC: [2048] Declaration of Home\Model\WmvModel::find() should be compatible with that of Think\Model::find() D:\web\apache\htdocs\php3xiangmu\Apps\Home\Model\WmvModel.class.php 第 4 行.
SQL: SHOW COLUMNS FROM `wmv` [ RunTime:0.0055s ]
NOTIC: [2] Missing argument 1 for Home\Model\WmvModel::show(), called in D:\web\apache\htdocs\php3xiangmu\Apps\Home\Controller\IndexController.class.php on line 36 and defined D:\web\apache\htdocs\php3xiangmu\Apps\Home\Model\WmvModel.class.php 第 6 行.
SQL: SHOW COLUMNS FROM `wmv` [ RunTime:0.0072s ]
NOTIC: [8] Undefined variable: where D:\web\apache\htdocs\php3xiangmu\Apps\Home\Model\WmvModel.class.php 第 7 行.
SQL: SELECT * FROM `wmv`  [ RunTime:0.0007s ]
INFO: [ view_parse ] --START--
INFO: [ template_filter ] --START--
INFO: Run Behavior\ContentReplaceBehavior [ RunTime:0.000119s ]
INFO: [ template_filter ] --END-- [ RunTime:0.000180s ]
INFO: Run Behavior\ParseTemplateBehavior [ RunTime:0.220047s ]
INFO: [ view_parse ] --END-- [ RunTime:0.220151s ]
INFO: [ view_filter ] --START--
INFO: Run Behavior\WriteHtmlCacheBehavior [ RunTime:0.000251s ]
INFO: [ view_filter ] --END-- [ RunTime:0.000305s ]
INFO: [ app_end ] --START--
INFO: Run Behavior\ShowPageTraceBehavior [ RunTime:0.000666s ]
INFO: [ app_end ] --END-- [ RunTime:0.000804s ]

[ 2016-03-05T15:52:31+08:00 ] 127.0.0.1 /php3xiangmu/index.php/Home/Index/single/id/3
INFO: [ app_init ] --START--
INFO: Run Behavior\BuildLiteBehavior [ RunTime:0.000016s ]
INFO: [ app_init ] --END-- [ RunTime:0.000460s ]
INFO: [ app_begin ] --START--
INFO: Run Behavior\ReadHtmlCacheBehavior [ RunTime:0.000664s ]
INFO: [ app_begin ] --END-- [ RunTime:0.000745s ]
NOTIC: [2048] Declaration of Home\Model\WmvModel::find() should be compatible with that of Think\Model::find() D:\web\apache\htdocs\php3xiangmu\Apps\Home\Model\WmvModel.class.php 第 4 行.
SQL: SHOW COLUMNS FROM `wmv` [ RunTime:0.0048s ]
SQL: SHOW COLUMNS FROM `wmv` [ RunTime:0.0056s ]
SQL: SELECT * FROM `wmv` WHERE ( id='3' ) LIMIT 1   [ RunTime:0.0004s ]
NOTIC: [2048] Declaration of Home\Model\PingModel::add() should be compatible with that of Think\Model::add() D:\web\apache\htdocs\php3xiangmu\Apps\Home\Model\PingModel.class.php 第 15 行.
NOTIC: [2048] Declaration of Home\Model\PingModel::select() should be compatible with that of Think\Model::select() D:\web\apache\htdocs\php3xiangmu\Apps\Home\Model\PingModel.class.php 第 15 行.
SQL: SHOW COLUMNS FROM `ping` [ RunTime:0.0531s ]
SQL: SHOW COLUMNS FROM `ping` [ RunTime:0.0059s ]
SQL: SELECT * FROM `ping`  [ RunTime:0.0010s ]
INFO: [ view_parse ] --START--
INFO: [ template_filter ] --START--
INFO: Run Behavior\ContentReplaceBehavior [ RunTime:0.000361s ]
INFO: [ template_filter ] --END-- [ RunTime:0.000639s ]
NOTIC: [8] Use of undefined constant id - assumed 'id' D:\web\apache\htdocs\php3xiangmu\Runtime\Cache\Home\9d8d921080ff1edcbdb955e6e5c679fe.php 第 146 行.
NOTIC: [8] Use of undefined constant id - assumed 'id' D:\web\apache\htdocs\php3xiangmu\Runtime\Cache\Home\9d8d921080ff1edcbdb955e6e5c679fe.php 第 146 行.
NOTIC: [8] Use of undefined constant id - assumed 'id' D:\web\apache\htdocs\php3xiangmu\Runtime\Cache\Home\9d8d921080ff1edcbdb955e6e5c679fe.php 第 146 行.
NOTIC: [8] Use of undefined constant id - assumed 'id' D:\web\apache\htdocs\php3xiangmu\Runtime\Cache\Home\9d8d921080ff1edcbdb955e6e5c679fe.php 第 146 行.
NOTIC: [8] Use of undefined constant id - assumed 'id' D:\web\apache\htdocs\php3xiangmu\Runtime\Cache\Home\9d8d921080ff1edcbdb955e6e5c679fe.php 第 146 行.
NOTIC: [8] Use of undefined constant id - assumed 'id' D:\web\apache\htdocs\php3xiangmu\Runtime\Cache\Home\9d8d921080ff1edcbdb955e6e5c679fe.php 第 146 行.
NOTIC: [8] Use of undefined constant id - assumed 'id' D:\web\apache\htdocs\php3xiangmu\Runtime\Cache\Home\9d8d921080ff1edcbdb955e6e5c679fe.php 第 146 行.
NOTIC: [8] Use of undefined constant id - assumed 'id' D:\web\apache\htdocs\php3xiangmu\Runtime\Cache\Home\9d8d921080ff1edcbdb955e6e5c679fe.php 第 146 行.
NOTIC: [8] Use of undefined constant id - assumed 'id' D:\web\apache\htdocs\php3xiangmu\Runtime\Cache\Home\9d8d921080ff1edcbdb955e6e5c679fe.php 第 146 行.
NOTIC: [8] Use of undefined constant id - assumed 'id' D:\web\apache\htdocs\php3xiangmu\Runtime\Cache\Home\9d8d921080ff1edcbdb955e6e5c679fe.php 第 146 行.
NOTIC: [8] Use of undefined constant id - assumed 'id' D:\web\apache\htdocs\php3xiangmu\Runtime\Cache\Home\9d8d921080ff1edcbdb955e6e5c679fe.php 第 146 行.
NOTIC: [8] Use of undefined constant id - assumed 'id' D:\web\apache\htdocs\php3xiangmu\Runtime\Cache\Home\9d8d921080ff1edcbdb955e6e5c679fe.php 第 146 行.
NOTIC: [8] Use of undefined constant id - assumed 'id' D:\web\apache\htdocs\php3xiangmu\Runtime\Cache\Home\9d8d921080ff1edcbdb955e6e5c679fe.php 第 146 行.
NOTIC: [8] Use of undefined constant id - assumed 'id' D:\web\apache\htdocs\php3xiangmu\Runtime\Cache\Home\9d8d921080ff1edcbdb955e6e5c679fe.php 第 146 行.
NOTIC: [8] Use of undefined constant id - assumed 'id' D:\web\apache\htdocs\php3xiangmu\Runtime\Cache\Home\9d8d921080ff1edcbdb955e6e5c679fe.php 第 146 行.
NOTIC: [8] Use of undefined constant id - assumed 'id' D:\web\apache\htdocs\php3xiangmu\Runtime\Cache\Home\9d8d921080ff1edcbdb955e6e5c679fe.php 第 146 行.
NOTIC: [8] Use of undefined constant id - assumed 'id' D:\web\apache\htdocs\php3xiangmu\Runtime\Cache\Home\9d8d921080ff1edcbdb955e6e5c679fe.php 第 146 行.
NOTIC: [8] Use of undefined constant id - assumed 'id' D:\web\apache\htdocs\php3xiangmu\Runtime\Cache\Home\9d8d921080ff1edcbdb955e6e5c679fe.php 第 435 行.
INFO: Run Behavior\ParseTemplateBehavior [ RunTime:0.036570s ]
INFO: [ view_parse ] --END-- [ RunTime:0.036727s ]
INFO: [ view_filter ] --START--
INFO: Run Behavior\WriteHtmlCacheBehavior [ RunTime:0.000362s ]
INFO: [ view_filter ] --END-- [ RunTime:0.000413s ]
INFO: [ app_end ] --START--
INFO: Run Behavior\ShowPageTraceBehavior [ RunTime:0.000945s ]
INFO: [ app_end ] --END-- [ RunTime:0.001060s ]

[ 2016-03-05T15:52:42+08:00 ] 127.0.0.1 /php3xiangmu/index.php/Home/Index/videos
INFO: [ app_init ] --START--
INFO: Run Behavior\BuildLiteBehavior [ RunTime:0.000022s ]
INFO: [ app_init ] --END-- [ RunTime:0.000525s ]
INFO: [ app_begin ] --START--
INFO: Run Behavior\ReadHtmlCacheBehavior [ RunTime:0.000945s ]
INFO: [ app_begin ] --END-- [ RunTime:0.001071s ]
NOTIC: [2048] Declaration of Home\Model\WmvModel::find() should be compatible with that of Think\Model::find() D:\web\apache\htdocs\php3xiangmu\Apps\Home\Model\WmvModel.class.php 第 4 行.
SQL: SHOW COLUMNS FROM `wmv` [ RunTime:0.0048s ]
SQL: SHOW COLUMNS FROM `wmv` [ RunTime:0.0051s ]
SQL: SELECT * FROM `wmv` WHERE `statue` = 1  [ RunTime:0.0008s ]
INFO: [ view_parse ] --START--
INFO: [ template_filter ] --START--
INFO: Run Behavior\ContentReplaceBehavior [ RunTime:0.000129s ]
INFO: [ template_filter ] --END-- [ RunTime:0.000248s ]
INFO: Run Behavior\ParseTemplateBehavior [ RunTime:0.012558s ]
INFO: [ view_parse ] --END-- [ RunTime:0.012675s ]
INFO: [ view_filter ] --START--
INFO: Run Behavior\WriteHtmlCacheBehavior [ RunTime:0.000395s ]
INFO: [ view_filter ] --END-- [ RunTime:0.000487s ]
INFO: [ app_end ] --START--
INFO: Run Behavior\ShowPageTraceBehavior [ RunTime:0.000804s ]
INFO: [ app_end ] --END-- [ RunTime:0.000919s ]

[ 2016-03-05T15:52:43+08:00 ] 127.0.0.1 /php3xiangmu/index.php/Home/Index/hehe
INFO: [ app_init ] --START--
INFO: Run Behavior\BuildLiteBehavior [ RunTime:0.000029s ]
INFO: [ app_init ] --END-- [ RunTime:0.001538s ]
INFO: [ app_begin ] --START--
INFO: Run Behavior\ReadHtmlCacheBehavior [ RunTime:0.000604s ]
INFO: [ app_begin ] --END-- [ RunTime:0.000692s ]
NOTIC: [2048] Declaration of Home\Model\WmvModel::find() should be compatible with that of Think\Model::find() D:\web\apache\htdocs\php3xiangmu\Apps\Home\Model\WmvModel.class.php 第 4 行.
SQL: SHOW COLUMNS FROM `wmv` [ RunTime:0.0050s ]
SQL: SHOW COLUMNS FROM `wmv` [ RunTime:0.0063s ]
SQL: SELECT * FROM `wmv` WHERE ( id='' ) LIMIT 1   [ RunTime:0.0012s ]
INFO: [ view_parse ] --START--
INFO: [ template_filter ] --START--
INFO: Run Behavior\ContentReplaceBehavior [ RunTime:0.000066s ]
INFO: [ template_filter ] --END-- [ RunTime:0.000142s ]
INFO: Run Behavior\ParseTemplateBehavior [ RunTime:0.006680s ]
INFO: [ view_parse ] --END-- [ RunTime:0.006776s ]
INFO: [ view_filter ] --START--
INFO: Run Behavior\WriteHtmlCacheBehavior [ RunTime:0.000312s ]
INFO: [ view_filter ] --END-- [ RunTime:0.000381s ]
INFO: [ app_end ] --START--
INFO: Run Behavior\ShowPageTraceBehavior [ RunTime:0.000576s ]
INFO: [ app_end ] --END-- [ RunTime:0.000659s ]

[ 2016-03-05T15:52:44+08:00 ] 127.0.0.1 /php3xiangmu/index.php/Home/Index/single
INFO: [ app_init ] --START--
INFO: Run Behavior\BuildLiteBehavior [ RunTime:0.000016s ]
INFO: [ app_init ] --END-- [ RunTime:0.000430s ]
INFO: [ app_begin ] --START--
INFO: Run Behavior\ReadHtmlCacheBehavior [ RunTime:0.000526s ]
INFO: [ app_begin ] --END-- [ RunTime:0.000596s ]
NOTIC: [8] Undefined index: id D:\web\apache\htdocs\php3xiangmu\Apps\Home\Controller\IndexController.class.php 第 16 行.
NOTIC: [2048] Declaration of Home\Model\WmvModel::find() should be compatible with that of Think\Model::find() D:\web\apache\htdocs\php3xiangmu\Apps\Home\Model\WmvModel.class.php 第 4 行.
SQL: SHOW COLUMNS FROM `wmv` [ RunTime:0.0047s ]
SQL: SHOW COLUMNS FROM `wmv` [ RunTime:0.0070s ]
SQL: SELECT * FROM `wmv` WHERE ( id='' ) LIMIT 1   [ RunTime:0.0009s ]
NOTIC: [2048] Declaration of Home\Model\PingModel::add() should be compatible with that of Think\Model::add() D:\web\apache\htdocs\php3xiangmu\Apps\Home\Model\PingModel.class.php 第 15 行.
NOTIC: [2048] Declaration of Home\Model\PingModel::select() should be compatible with that of Think\Model::select() D:\web\apache\htdocs\php3xiangmu\Apps\Home\Model\PingModel.class.php 第 15 行.
SQL: SHOW COLUMNS FROM `ping` [ RunTime:0.0052s ]
SQL: SHOW COLUMNS FROM `ping` [ RunTime:0.0060s ]
SQL: SELECT * FROM `ping`  [ RunTime:0.0010s ]
INFO: [ view_parse ] --START--
INFO: [ template_filter ] --START--
INFO: Run Behavior\ContentReplaceBehavior [ RunTime:0.000413s ]
INFO: [ template_filter ] --END-- [ RunTime:0.000540s ]
NOTIC: [8] Use of undefined constant id - assumed 'id' D:\web\apache\htdocs\php3xiangmu\Runtime\Cache\Home\9d8d921080ff1edcbdb955e6e5c679fe.php 第 146 行.
NOTIC: [8] Use of undefined constant id - assumed 'id' D:\web\apache\htdocs\php3xiangmu\Runtime\Cache\Home\9d8d921080ff1edcbdb955e6e5c679fe.php 第 146 行.
NOTIC: [8] Use of undefined constant id - assumed 'id' D:\web\apache\htdocs\php3xiangmu\Runtime\Cache\Home\9d8d921080ff1edcbdb955e6e5c679fe.php 第 146 行.
NOTIC: [8] Use of undefined constant id - assumed 'id' D:\web\apache\htdocs\php3xiangmu\Runtime\Cache\Home\9d8d921080ff1edcbdb955e6e5c679fe.php 第 146 行.
NOTIC: [8] Use of undefined constant id - assumed 'id' D:\web\apache\htdocs\php3xiangmu\Runtime\Cache\Home\9d8d921080ff1edcbdb955e6e5c679fe.php 第 146 行.
NOTIC: [8] Use of undefined constant id - assumed 'id' D:\web\apache\htdocs\php3xiangmu\Runtime\Cache\Home\9d8d921080ff1edcbdb955e6e5c679fe.php 第 146 行.
NOTIC: [8] Use of undefined constant id - assumed 'id' D:\web\apache\htdocs\php3xiangmu\Runtime\Cache\Home\9d8d921080ff1edcbdb955e6e5c679fe.php 第 146 行.
NOTIC: [8] Use of undefined constant id - assumed 'id' D:\web\apache\htdocs\php3xiangmu\Runtime\Cache\Home\9d8d921080ff1edcbdb955e6e5c679fe.php 第 146 行.
NOTIC: [8] Use of undefined constant id - assumed 'id' D:\web\apache\htdocs\php3xiangmu\Runtime\Cache\Home\9d8d921080ff1edcbdb955e6e5c679fe.php 第 146 行.
NOTIC: [8] Use of undefined constant id - assumed 'id' D:\web\apache\htdocs\php3xiangmu\Runtime\Cache\Home\9d8d921080ff1edcbdb955e6e5c679fe.php 第 146 行.
NOTIC: [8] Use of undefined constant id - assumed 'id' D:\web\apache\htdocs\php3xiangmu\Runtime\Cache\Home\9d8d921080ff1edcbdb955e6e5c679fe.php 第 146 行.
NOTIC: [8] Use of undefined constant id - assumed 'id' D:\web\apache\htdocs\php3xiangmu\Runtime\Cache\Home\9d8d921080ff1edcbdb955e6e5c679fe.php 第 146 行.
NOTIC: [8] Use of undefined constant id - assumed 'id' D:\web\apache\htdocs\php3xiangmu\Runtime\Cache\Home\9d8d921080ff1edcbdb955e6e5c679fe.php 第 146 行.
NOTIC: [8] Use of undefined constant id - assumed 'id' D:\web\apache\htdocs\php3xiangmu\Runtime\Cache\Home\9d8d921080ff1edcbdb955e6e5c679fe.php 第 146 行.
NOTIC: [8] Use of undefined constant id - assumed 'id' D:\web\apache\htdocs\php3xiangmu\Runtime\Cache\Home\9d8d921080ff1edcbdb955e6e5c679fe.php 第 146 行.
NOTIC: [8] Use of undefined constant id - assumed 'id' D:\web\apache\htdocs\php3xiangmu\Runtime\Cache\Home\9d8d921080ff1edcbdb955e6e5c679fe.php 第 146 行.
NOTIC: [8] Use of undefined constant id - assumed 'id' D:\web\apache\htdocs\php3xiangmu\Runtime\Cache\Home\9d8d921080ff1edcbdb955e6e5c679fe.php 第 146 行.
NOTIC: [8] Use of undefined constant id - assumed 'id' D:\web\apache\htdocs\php3xiangmu\Runtime\Cache\Home\9d8d921080ff1edcbdb955e6e5c679fe.php 第 435 行.
INFO: Run Behavior\ParseTemplateBehavior [ RunTime:0.014193s ]
INFO: [ view_parse ] --END-- [ RunTime:0.014255s ]
INFO: [ view_filter ] --START--
INFO: Run Behavior\WriteHtmlCacheBehavior [ RunTime:0.000249s ]
INFO: [ view_filter ] --END-- [ RunTime:0.000297s ]
INFO: [ app_end ] --START--
INFO: Run Behavior\ShowPageTraceBehavior [ RunTime:0.000629s ]
INFO: [ app_end ] --END-- [ RunTime:0.000703s ]

[ 2016-03-05T15:52:44+08:00 ] 127.0.0.1 /php3xiangmu/index.php/Home/Index/videos
INFO: [ app_init ] --START--
INFO: Run Behavior\BuildLiteBehavior [ RunTime:0.000015s ]
INFO: [ app_init ] --END-- [ RunTime:0.000318s ]
INFO: [ app_begin ] --START--
INFO: Run Behavior\ReadHtmlCacheBehavior [ RunTime:0.000669s ]
INFO: [ app_begin ] --END-- [ RunTime:0.000744s ]
NOTIC: [2048] Declaration of Home\Model\WmvModel::find() should be compatible with that of Think\Model::find() D:\web\apache\htdocs\php3xiangmu\Apps\Home\Model\WmvModel.class.php 第 4 行.
SQL: SHOW COLUMNS FROM `wmv` [ RunTime:0.0050s ]
SQL: SHOW COLUMNS FROM `wmv` [ RunTime:0.0065s ]
SQL: SELECT * FROM `wmv` WHERE `statue` = 1  [ RunTime:0.0010s ]
INFO: [ view_parse ] --START--
INFO: [ template_filter ] --START--
INFO: Run Behavior\ContentReplaceBehavior [ RunTime:0.000113s ]
INFO: [ template_filter ] --END-- [ RunTime:0.000246s ]
INFO: Run Behavior\ParseTemplateBehavior [ RunTime:0.011550s ]
INFO: [ view_parse ] --END-- [ RunTime:0.011676s ]
INFO: [ view_filter ] --START--
INFO: Run Behavior\WriteHtmlCacheBehavior [ RunTime:0.000414s ]
INFO: [ view_filter ] --END-- [ RunTime:0.000510s ]
INFO: [ app_end ] --START--
INFO: Run Behavior\ShowPageTraceBehavior [ RunTime:0.000684s ]
INFO: [ app_end ] --END-- [ RunTime:0.000779s ]

[ 2016-03-05T15:52:46+08:00 ] 127.0.0.1 /php3xiangmu/index.php/Home/Index/index
INFO: [ app_init ] --START--
INFO: Run Behavior\BuildLiteBehavior [ RunTime:0.000023s ]
INFO: [ app_init ] --END-- [ RunTime:0.000543s ]
INFO: [ app_begin ] --START--
INFO: Run Behavior\ReadHtmlCacheBehavior [ RunTime:0.000772s ]
INFO: [ app_begin ] --END-- [ RunTime:0.000888s ]
INFO: [ view_parse ] --START--
INFO: [ template_filter ] --START--
INFO: Run Behavior\ContentReplaceBehavior [ RunTime:0.000154s ]
INFO: [ template_filter ] --END-- [ RunTime:0.000277s ]
INFO: Run Behavior\ParseTemplateBehavior [ RunTime:0.077803s ]
INFO: [ view_parse ] --END-- [ RunTime:0.077910s ]
INFO: [ view_filter ] --START--
INFO: Run Behavior\WriteHtmlCacheBehavior [ RunTime:0.000285s ]
INFO: [ view_filter ] --END-- [ RunTime:0.000347s ]
INFO: [ app_end ] --START--
INFO: Run Behavior\ShowPageTraceBehavior [ RunTime:0.000746s ]
INFO: [ app_end ] --END-- [ RunTime:0.001097s ]

[ 2016-03-05T15:52:46+08:00 ] 127.0.0.1 /php3xiangmu/index.php/Home/Index/images/logo.png
INFO: [ app_init ] --START--
INFO: Run Behavior\BuildLiteBehavior [ RunTime:0.000017s ]
INFO: [ app_init ] --END-- [ RunTime:0.000478s ]

