[ 2016-03-04T08:22:03+08:00 ] 127.0.0.1 /php3xiangmu/index.php/Home/Index/videos
INFO: [ app_init ] --START--
INFO: Run Behavior\BuildLiteBehavior [ RunTime:0.000014s ]
INFO: [ app_init ] --END-- [ RunTime:0.000373s ]
INFO: [ app_begin ] --START--
INFO: Run Behavior\ReadHtmlCacheBehavior [ RunTime:0.000538s ]
INFO: [ app_begin ] --END-- [ RunTime:0.000631s ]
NOTIC: [2048] Declaration of Home\Model\WmvModel::find() should be compatible with that of Think\Model::find() D:\web\apache\htdocs\php3xiangmu\Apps\Home\Model\WmvModel.class.php 第 4 行.
SQL: SHOW COLUMNS FROM `wmv` [ RunTime:0.0046s ]
SQL: SHOW COLUMNS FROM `wmv` [ RunTime:0.0050s ]
SQL: SELECT * FROM `wmv` WHERE `statue` = 1  [ RunTime:0.0007s ]
INFO: [ view_parse ] --START--
INFO: [ template_filter ] --START--
INFO: Run Behavior\ContentReplaceBehavior [ RunTime:0.000098s ]
INFO: [ template_filter ] --END-- [ RunTime:0.000171s ]
INFO: Run Behavior\ParseTemplateBehavior [ RunTime:0.008626s ]
INFO: [ view_parse ] --END-- [ RunTime:0.008730s ]
INFO: [ view_filter ] --START--
INFO: Run Behavior\WriteHtmlCacheBehavior [ RunTime:0.000263s ]
INFO: [ view_filter ] --END-- [ RunTime:0.000314s ]
INFO: [ app_end ] --START--
INFO: Run Behavior\ShowPageTraceBehavior [ RunTime:0.000664s ]
INFO: [ app_end ] --END-- [ RunTime:0.000736s ]

[ 2016-03-04T08:22:08+08:00 ] 127.0.0.1 /php3xiangmu/index.php/Home/Index/index
INFO: [ app_init ] --START--
INFO: Run Behavior\BuildLiteBehavior [ RunTime:0.000025s ]
INFO: [ app_init ] --END-- [ RunTime:0.000606s ]
INFO: [ app_begin ] --START--
INFO: Run Behavior\ReadHtmlCacheBehavior [ RunTime:0.000983s ]
INFO: [ app_begin ] --END-- [ RunTime:0.001112s ]
INFO: [ view_parse ] --START--
INFO: [ template_filter ] --START--
INFO: Run Behavior\ContentReplaceBehavior [ RunTime:0.000150s ]
INFO: [ template_filter ] --END-- [ RunTime:0.000271s ]
INFO: Run Behavior\ParseTemplateBehavior [ RunTime:0.012487s ]
INFO: [ view_parse ] --END-- [ RunTime:0.012610s ]
INFO: [ view_filter ] --START--
INFO: Run Behavior\WriteHtmlCacheBehavior [ RunTime:0.000441s ]
INFO: [ view_filter ] --END-- [ RunTime:0.000534s ]
INFO: [ app_end ] --START--
INFO: Run Behavior\ShowPageTraceBehavior [ RunTime:0.001588s ]
INFO: [ app_end ] --END-- [ RunTime:0.005688s ]

[ 2016-03-04T08:22:08+08:00 ] 127.0.0.1 /php3xiangmu/index.php/Home/Index/images/logo.png
INFO: [ app_init ] --START--
INFO: Run Behavior\BuildLiteBehavior [ RunTime:0.000025s ]
INFO: [ app_init ] --END-- [ RunTime:0.000927s ]

[ 2016-03-04T08:22:13+08:00 ] 127.0.0.1 /php3xiangmu/index.php/Home/Index/contact
INFO: [ app_init ] --START--
INFO: Run Behavior\BuildLiteBehavior [ RunTime:0.000015s ]
INFO: [ app_init ] --END-- [ RunTime:0.000426s ]
INFO: [ app_begin ] --START--
INFO: Run Behavior\ReadHtmlCacheBehavior [ RunTime:0.000624s ]
INFO: [ app_begin ] --END-- [ RunTime:0.000695s ]
INFO: [ view_parse ] --START--
INFO: [ template_filter ] --START--
INFO: Run Behavior\ContentReplaceBehavior [ RunTime:0.000105s ]
INFO: [ template_filter ] --END-- [ RunTime:0.000169s ]
INFO: Run Behavior\ParseTemplateBehavior [ RunTime:0.007130s ]
INFO: [ view_parse ] --END-- [ RunTime:0.007233s ]
INFO: [ view_filter ] --START--
INFO: Run Behavior\WriteHtmlCacheBehavior [ RunTime:0.000365s ]
INFO: [ view_filter ] --END-- [ RunTime:0.000411s ]
INFO: [ app_end ] --START--
INFO: Run Behavior\ShowPageTraceBehavior [ RunTime:0.000626s ]
INFO: [ app_end ] --END-- [ RunTime:0.000695s ]

[ 2016-03-04T08:22:17+08:00 ] 127.0.0.1 /php3xiangmu/index.php/Home/Index/reviews
INFO: [ app_init ] --START--
INFO: Run Behavior\BuildLiteBehavior [ RunTime:0.000022s ]
INFO: [ app_init ] --END-- [ RunTime:0.000534s ]
INFO: [ app_begin ] --START--
INFO: Run Behavior\ReadHtmlCacheBehavior [ RunTime:0.001012s ]
INFO: [ app_begin ] --END-- [ RunTime:0.001153s ]
NOTIC: [2048] Declaration of Home\Model\WmvModel::find() should be compatible with that of Think\Model::find() D:\web\apache\htdocs\php3xiangmu\Apps\Home\Model\WmvModel.class.php 第 4 行.
SQL: SHOW COLUMNS FROM `wmv` [ RunTime:0.0052s ]
NOTIC: [2] Missing argument 1 for Home\Model\WmvModel::show(), called in D:\web\apache\htdocs\php3xiangmu\Apps\Home\Controller\IndexController.class.php on line 36 and defined D:\web\apache\htdocs\php3xiangmu\Apps\Home\Model\WmvModel.class.php 第 6 行.
SQL: SHOW COLUMNS FROM `wmv` [ RunTime:0.0056s ]
NOTIC: [8] Undefined variable: where D:\web\apache\htdocs\php3xiangmu\Apps\Home\Model\WmvModel.class.php 第 7 行.
SQL: SELECT * FROM `wmv`  [ RunTime:0.0008s ]
INFO: [ view_parse ] --START--
INFO: [ template_filter ] --START--
INFO: Run Behavior\ContentReplaceBehavior [ RunTime:0.000132s ]
INFO: [ template_filter ] --END-- [ RunTime:0.000203s ]
INFO: Run Behavior\ParseTemplateBehavior [ RunTime:0.012426s ]
INFO: [ view_parse ] --END-- [ RunTime:0.012523s ]
INFO: [ view_filter ] --START--
INFO: Run Behavior\WriteHtmlCacheBehavior [ RunTime:0.000331s ]
INFO: [ view_filter ] --END-- [ RunTime:0.000402s ]
INFO: [ app_end ] --START--
INFO: Run Behavior\ShowPageTraceBehavior [ RunTime:0.001052s ]
INFO: [ app_end ] --END-- [ RunTime:0.001195s ]

[ 2016-03-04T08:22:47+08:00 ] 127.0.0.1 /php3xiangmu/index.php/Home/Index/index
INFO: [ app_init ] --START--
INFO: Run Behavior\BuildLiteBehavior [ RunTime:0.000015s ]
INFO: [ app_init ] --END-- [ RunTime:0.000331s ]
INFO: [ app_begin ] --START--
INFO: Run Behavior\ReadHtmlCacheBehavior [ RunTime:0.000496s ]
INFO: [ app_begin ] --END-- [ RunTime:0.000572s ]
INFO: [ view_parse ] --START--
INFO: [ template_filter ] --START--
INFO: Run Behavior\ContentReplaceBehavior [ RunTime:0.000177s ]
INFO: [ template_filter ] --END-- [ RunTime:0.000312s ]
INFO: Run Behavior\ParseTemplateBehavior [ RunTime:0.009135s ]
INFO: [ view_parse ] --END-- [ RunTime:0.009214s ]
INFO: [ view_filter ] --START--
INFO: Run Behavior\WriteHtmlCacheBehavior [ RunTime:0.000262s ]
INFO: [ view_filter ] --END-- [ RunTime:0.000314s ]
INFO: [ app_end ] --START--
INFO: Run Behavior\ShowPageTraceBehavior [ RunTime:0.000842s ]
INFO: [ app_end ] --END-- [ RunTime:0.000941s ]

[ 2016-03-04T08:22:47+08:00 ] 127.0.0.1 /php3xiangmu/index.php/Home/Index/images/logo.png
INFO: [ app_init ] --START--
INFO: Run Behavior\BuildLiteBehavior [ RunTime:0.000015s ]
INFO: [ app_init ] --END-- [ RunTime:0.000347s ]

[ 2016-03-04T08:22:47+08:00 ] 127.0.0.1 /php3xiangmu/index.php/Home/Index/images/logo.png
INFO: [ app_init ] --START--
INFO: Run Behavior\BuildLiteBehavior [ RunTime:0.000026s ]
INFO: [ app_init ] --END-- [ RunTime:0.000573s ]

[ 2016-03-04T08:22:48+08:00 ] 127.0.0.1 /php3xiangmu/index.php/Home/Index/videos
INFO: [ app_init ] --START--
INFO: Run Behavior\BuildLiteBehavior [ RunTime:0.000016s ]
INFO: [ app_init ] --END-- [ RunTime:0.000424s ]
INFO: [ app_begin ] --START--
INFO: Run Behavior\ReadHtmlCacheBehavior [ RunTime:0.000612s ]
INFO: [ app_begin ] --END-- [ RunTime:0.000692s ]
NOTIC: [2048] Declaration of Home\Model\WmvModel::find() should be compatible with that of Think\Model::find() D:\web\apache\htdocs\php3xiangmu\Apps\Home\Model\WmvModel.class.php 第 4 行.
SQL: SHOW COLUMNS FROM `wmv` [ RunTime:0.0054s ]
SQL: SHOW COLUMNS FROM `wmv` [ RunTime:0.0070s ]
SQL: SELECT * FROM `wmv` WHERE `statue` = 1  [ RunTime:0.0008s ]
INFO: [ view_parse ] --START--
INFO: [ template_filter ] --START--
INFO: Run Behavior\ContentReplaceBehavior [ RunTime:0.000151s ]
INFO: [ template_filter ] --END-- [ RunTime:0.000281s ]
INFO: Run Behavior\ParseTemplateBehavior [ RunTime:0.009790s ]
INFO: [ view_parse ] --END-- [ RunTime:0.009907s ]
INFO: [ view_filter ] --START--
INFO: Run Behavior\WriteHtmlCacheBehavior [ RunTime:0.000351s ]
INFO: [ view_filter ] --END-- [ RunTime:0.000450s ]
INFO: [ app_end ] --START--
INFO: Run Behavior\ShowPageTraceBehavior [ RunTime:0.000927s ]
INFO: [ app_end ] --END-- [ RunTime:0.001192s ]

[ 2016-03-04T08:22:50+08:00 ] 127.0.0.1 /php3xiangmu/index.php/Home/Index/reviews
INFO: [ app_init ] --START--
INFO: Run Behavior\BuildLiteBehavior [ RunTime:0.000028s ]
INFO: [ app_init ] --END-- [ RunTime:0.000710s ]
INFO: [ app_begin ] --START--
INFO: Run Behavior\ReadHtmlCacheBehavior [ RunTime:0.000635s ]
INFO: [ app_begin ] --END-- [ RunTime:0.000755s ]
NOTIC: [2048] Declaration of Home\Model\WmvModel::find() should be compatible with that of Think\Model::find() D:\web\apache\htdocs\php3xiangmu\Apps\Home\Model\WmvModel.class.php 第 4 行.
SQL: SHOW COLUMNS FROM `wmv` [ RunTime:0.0062s ]
NOTIC: [2] Missing argument 1 for Home\Model\WmvModel::show(), called in D:\web\apache\htdocs\php3xiangmu\Apps\Home\Controller\IndexController.class.php on line 36 and defined D:\web\apache\htdocs\php3xiangmu\Apps\Home\Model\WmvModel.class.php 第 6 行.
SQL: SHOW COLUMNS FROM `wmv` [ RunTime:0.0057s ]
NOTIC: [8] Undefined variable: where D:\web\apache\htdocs\php3xiangmu\Apps\Home\Model\WmvModel.class.php 第 7 行.
SQL: SELECT * FROM `wmv`  [ RunTime:0.0010s ]
INFO: [ view_parse ] --START--
INFO: [ template_filter ] --START--
INFO: Run Behavior\ContentReplaceBehavior [ RunTime:0.000135s ]
INFO: [ template_filter ] --END-- [ RunTime:0.000202s ]
INFO: Run Behavior\ParseTemplateBehavior [ RunTime:0.012617s ]
INFO: [ view_parse ] --END-- [ RunTime:0.012725s ]
INFO: [ view_filter ] --START--
INFO: Run Behavior\WriteHtmlCacheBehavior [ RunTime:0.000264s ]
INFO: [ view_filter ] --END-- [ RunTime:0.000314s ]
INFO: [ app_end ] --START--
INFO: Run Behavior\ShowPageTraceBehavior [ RunTime:0.000815s ]
INFO: [ app_end ] --END-- [ RunTime:0.000960s ]

[ 2016-03-04T08:23:12+08:00 ] 127.0.0.1 /php3xiangmu/index.php/Home/Index/single/id/6
INFO: [ app_init ] --START--
INFO: Run Behavior\BuildLiteBehavior [ RunTime:0.000023s ]
INFO: [ app_init ] --END-- [ RunTime:0.000619s ]
INFO: [ app_begin ] --START--
INFO: Run Behavior\ReadHtmlCacheBehavior [ RunTime:0.001042s ]
INFO: [ app_begin ] --END-- [ RunTime:0.001164s ]
NOTIC: [2048] Declaration of Home\Model\WmvModel::find() should be compatible with that of Think\Model::find() D:\web\apache\htdocs\php3xiangmu\Apps\Home\Model\WmvModel.class.php 第 4 行.
SQL: SHOW COLUMNS FROM `wmv` [ RunTime:0.0044s ]
SQL: SHOW COLUMNS FROM `wmv` [ RunTime:0.0056s ]
SQL: SELECT * FROM `wmv` WHERE ( id='6' ) LIMIT 1   [ RunTime:0.0009s ]
NOTIC: [2048] Declaration of Home\Model\PingModel::add() should be compatible with that of Think\Model::add() D:\web\apache\htdocs\php3xiangmu\Apps\Home\Model\PingModel.class.php 第 15 行.
NOTIC: [2048] Declaration of Home\Model\PingModel::select() should be compatible with that of Think\Model::select() D:\web\apache\htdocs\php3xiangmu\Apps\Home\Model\PingModel.class.php 第 15 行.
SQL: SHOW COLUMNS FROM `ping` [ RunTime:0.0049s ]
SQL: SHOW COLUMNS FROM `ping` [ RunTime:0.0051s ]
SQL: SELECT * FROM `ping`  [ RunTime:0.0010s ]
INFO: [ view_parse ] --START--
INFO: [ template_filter ] --START--
INFO: Run Behavior\ContentReplaceBehavior [ RunTime:0.000284s ]
INFO: [ template_filter ] --END-- [ RunTime:0.000417s ]
NOTIC: [8] Use of undefined constant id - assumed 'id' D:\web\apache\htdocs\php3xiangmu\Runtime\Cache\Home\9d8d921080ff1edcbdb955e6e5c679fe.php 第 146 行.
NOTIC: [8] Use of undefined constant id - assumed 'id' D:\web\apache\htdocs\php3xiangmu\Runtime\Cache\Home\9d8d921080ff1edcbdb955e6e5c679fe.php 第 146 行.
NOTIC: [8] Use of undefined constant id - assumed 'id' D:\web\apache\htdocs\php3xiangmu\Runtime\Cache\Home\9d8d921080ff1edcbdb955e6e5c679fe.php 第 146 行.
NOTIC: [8] Use of undefined constant id - assumed 'id' D:\web\apache\htdocs\php3xiangmu\Runtime\Cache\Home\9d8d921080ff1edcbdb955e6e5c679fe.php 第 146 行.
NOTIC: [8] Use of undefined constant id - assumed 'id' D:\web\apache\htdocs\php3xiangmu\Runtime\Cache\Home\9d8d921080ff1edcbdb955e6e5c679fe.php 第 146 行.
NOTIC: [8] Use of undefined constant id - assumed 'id' D:\web\apache\htdocs\php3xiangmu\Runtime\Cache\Home\9d8d921080ff1edcbdb955e6e5c679fe.php 第 146 行.
NOTIC: [8] Use of undefined constant id - assumed 'id' D:\web\apache\htdocs\php3xiangmu\Runtime\Cache\Home\9d8d921080ff1edcbdb955e6e5c679fe.php 第 146 行.
NOTIC: [8] Use of undefined constant id - assumed 'id' D:\web\apache\htdocs\php3xiangmu\Runtime\Cache\Home\9d8d921080ff1edcbdb955e6e5c679fe.php 第 146 行.
NOTIC: [8] Use of undefined constant id - assumed 'id' D:\web\apache\htdocs\php3xiangmu\Runtime\Cache\Home\9d8d921080ff1edcbdb955e6e5c679fe.php 第 146 行.
NOTIC: [8] Use of undefined constant id - assumed 'id' D:\web\apache\htdocs\php3xiangmu\Runtime\Cache\Home\9d8d921080ff1edcbdb955e6e5c679fe.php 第 146 行.
NOTIC: [8] Use of undefined constant id - assumed 'id' D:\web\apache\htdocs\php3xiangmu\Runtime\Cache\Home\9d8d921080ff1edcbdb955e6e5c679fe.php 第 146 行.
NOTIC: [8] Use of undefined constant id - assumed 'id' D:\web\apache\htdocs\php3xiangmu\Runtime\Cache\Home\9d8d921080ff1edcbdb955e6e5c679fe.php 第 146 行.
NOTIC: [8] Use of undefined constant id - assumed 'id' D:\web\apache\htdocs\php3xiangmu\Runtime\Cache\Home\9d8d921080ff1edcbdb955e6e5c679fe.php 第 146 行.
NOTIC: [8] Use of undefined constant id - assumed 'id' D:\web\apache\htdocs\php3xiangmu\Runtime\Cache\Home\9d8d921080ff1edcbdb955e6e5c679fe.php 第 146 行.
NOTIC: [8] Use of undefined constant id - assumed 'id' D:\web\apache\htdocs\php3xiangmu\Runtime\Cache\Home\9d8d921080ff1edcbdb955e6e5c679fe.php 第 146 行.
NOTIC: [8] Use of undefined constant id - assumed 'id' D:\web\apache\htdocs\php3xiangmu\Runtime\Cache\Home\9d8d921080ff1edcbdb955e6e5c679fe.php 第 146 行.
NOTIC: [8] Use of undefined constant id - assumed 'id' D:\web\apache\htdocs\php3xiangmu\Runtime\Cache\Home\9d8d921080ff1edcbdb955e6e5c679fe.php 第 435 行.
INFO: Run Behavior\ParseTemplateBehavior [ RunTime:0.015102s ]
INFO: [ view_parse ] --END-- [ RunTime:0.015238s ]
INFO: [ view_filter ] --START--
INFO: Run Behavior\WriteHtmlCacheBehavior [ RunTime:0.000410s ]
INFO: [ view_filter ] --END-- [ RunTime:0.000461s ]
INFO: [ app_end ] --START--
INFO: Run Behavior\ShowPageTraceBehavior [ RunTime:0.000792s ]
INFO: [ app_end ] --END-- [ RunTime:0.000889s ]

[ 2016-03-04T08:23:42+08:00 ] 127.0.0.1 /php3xiangmu/index.php/Home/Index/ping_add
INFO: [ app_init ] --START--
INFO: Run Behavior\BuildLiteBehavior [ RunTime:0.000015s ]
INFO: [ app_init ] --END-- [ RunTime:0.000349s ]
INFO: [ app_begin ] --START--
INFO: Run Behavior\ReadHtmlCacheBehavior [ RunTime:0.000524s ]
INFO: [ app_begin ] --END-- [ RunTime:0.000617s ]
NOTIC: [2048] Declaration of Home\Model\PingModel::add() should be compatible with that of Think\Model::add() D:\web\apache\htdocs\php3xiangmu\Apps\Home\Model\PingModel.class.php 第 5 行.
NOTIC: [2048] Declaration of Home\Model\PingModel::select() should be compatible with that of Think\Model::select() D:\web\apache\htdocs\php3xiangmu\Apps\Home\Model\PingModel.class.php 第 5 行.
SQL: SHOW COLUMNS FROM `ping` [ RunTime:0.0062s ]
SQL: SHOW COLUMNS FROM `ping` [ RunTime:0.0066s ]
SQL: INSERT INTO `ping` (`ping_num`,`ping_han`,`ping_name`,`ping_time`) VALUES ('6','你还记得刚好相反慈悲和大家','阿凡达','2016-03-04 08:23:42') [ RunTime:0.0613s ]
INFO: [ view_parse ] --START--
INFO: [ template_filter ] --START--
INFO: Run Behavior\ContentReplaceBehavior [ RunTime:0.000051s ]
INFO: [ template_filter ] --END-- [ RunTime:0.000118s ]
INFO: Run Behavior\ParseTemplateBehavior [ RunTime:0.005488s ]
INFO: [ view_parse ] --END-- [ RunTime:0.005564s ]
INFO: [ view_filter ] --START--
INFO: Run Behavior\WriteHtmlCacheBehavior [ RunTime:0.000228s ]
INFO: [ view_filter ] --END-- [ RunTime:0.000276s ]
INFO: [ app_end ] --START--
INFO: Run Behavior\ShowPageTraceBehavior [ RunTime:0.000490s ]
INFO: [ app_end ] --END-- [ RunTime:0.000543s ]

[ 2016-03-04T08:23:43+08:00 ] 127.0.0.1 /php3xiangmu/index.php/Home/Index/single.html
INFO: [ app_init ] --START--
INFO: Run Behavior\BuildLiteBehavior [ RunTime:0.000024s ]
INFO: [ app_init ] --END-- [ RunTime:0.000541s ]
INFO: [ app_begin ] --START--
INFO: Run Behavior\ReadHtmlCacheBehavior [ RunTime:0.000824s ]
INFO: [ app_begin ] --END-- [ RunTime:0.000939s ]
NOTIC: [8] Undefined index: id D:\web\apache\htdocs\php3xiangmu\Apps\Home\Controller\IndexController.class.php 第 16 行.
NOTIC: [2048] Declaration of Home\Model\WmvModel::find() should be compatible with that of Think\Model::find() D:\web\apache\htdocs\php3xiangmu\Apps\Home\Model\WmvModel.class.php 第 4 行.
SQL: SHOW COLUMNS FROM `wmv` [ RunTime:0.0057s ]
SQL: SHOW COLUMNS FROM `wmv` [ RunTime:0.0051s ]
SQL: SELECT * FROM `wmv` WHERE ( id='' ) LIMIT 1   [ RunTime:0.0010s ]
NOTIC: [2048] Declaration of Home\Model\PingModel::add() should be compatible with that of Think\Model::add() D:\web\apache\htdocs\php3xiangmu\Apps\Home\Model\PingModel.class.php 第 15 行.
NOTIC: [2048] Declaration of Home\Model\PingModel::select() should be compatible with that of Think\Model::select() D:\web\apache\htdocs\php3xiangmu\Apps\Home\Model\PingModel.class.php 第 15 行.
SQL: SHOW COLUMNS FROM `ping` [ RunTime:0.0052s ]
SQL: SHOW COLUMNS FROM `ping` [ RunTime:0.0048s ]
SQL: SELECT * FROM `ping`  [ RunTime:0.0012s ]
INFO: [ view_parse ] --START--
INFO: [ template_filter ] --START--
INFO: Run Behavior\ContentReplaceBehavior [ RunTime:0.000177s ]
INFO: [ template_filter ] --END-- [ RunTime:0.000259s ]
NOTIC: [8] Use of undefined constant id - assumed 'id' D:\web\apache\htdocs\php3xiangmu\Runtime\Cache\Home\9d8d921080ff1edcbdb955e6e5c679fe.php 第 146 行.
NOTIC: [8] Use of undefined constant id - assumed 'id' D:\web\apache\htdocs\php3xiangmu\Runtime\Cache\Home\9d8d921080ff1edcbdb955e6e5c679fe.php 第 146 行.
NOTIC: [8] Use of undefined constant id - assumed 'id' D:\web\apache\htdocs\php3xiangmu\Runtime\Cache\Home\9d8d921080ff1edcbdb955e6e5c679fe.php 第 146 行.
NOTIC: [8] Use of undefined constant id - assumed 'id' D:\web\apache\htdocs\php3xiangmu\Runtime\Cache\Home\9d8d921080ff1edcbdb955e6e5c679fe.php 第 146 行.
NOTIC: [8] Use of undefined constant id - assumed 'id' D:\web\apache\htdocs\php3xiangmu\Runtime\Cache\Home\9d8d921080ff1edcbdb955e6e5c679fe.php 第 146 行.
NOTIC: [8] Use of undefined constant id - assumed 'id' D:\web\apache\htdocs\php3xiangmu\Runtime\Cache\Home\9d8d921080ff1edcbdb955e6e5c679fe.php 第 146 行.
NOTIC: [8] Use of undefined constant id - assumed 'id' D:\web\apache\htdocs\php3xiangmu\Runtime\Cache\Home\9d8d921080ff1edcbdb955e6e5c679fe.php 第 146 行.
NOTIC: [8] Use of undefined constant id - assumed 'id' D:\web\apache\htdocs\php3xiangmu\Runtime\Cache\Home\9d8d921080ff1edcbdb955e6e5c679fe.php 第 146 行.
NOTIC: [8] Use of undefined constant id - assumed 'id' D:\web\apache\htdocs\php3xiangmu\Runtime\Cache\Home\9d8d921080ff1edcbdb955e6e5c679fe.php 第 146 行.
NOTIC: [8] Use of undefined constant id - assumed 'id' D:\web\apache\htdocs\php3xiangmu\Runtime\Cache\Home\9d8d921080ff1edcbdb955e6e5c679fe.php 第 146 行.
NOTIC: [8] Use of undefined constant id - assumed 'id' D:\web\apache\htdocs\php3xiangmu\Runtime\Cache\Home\9d8d921080ff1edcbdb955e6e5c679fe.php 第 146 行.
NOTIC: [8] Use of undefined constant id - assumed 'id' D:\web\apache\htdocs\php3xiangmu\Runtime\Cache\Home\9d8d921080ff1edcbdb955e6e5c679fe.php 第 146 行.
NOTIC: [8] Use of undefined constant id - assumed 'id' D:\web\apache\htdocs\php3xiangmu\Runtime\Cache\Home\9d8d921080ff1edcbdb955e6e5c679fe.php 第 146 行.
NOTIC: [8] Use of undefined constant id - assumed 'id' D:\web\apache\htdocs\php3xiangmu\Runtime\Cache\Home\9d8d921080ff1edcbdb955e6e5c679fe.php 第 146 行.
NOTIC: [8] Use of undefined constant id - assumed 'id' D:\web\apache\htdocs\php3xiangmu\Runtime\Cache\Home\9d8d921080ff1edcbdb955e6e5c679fe.php 第 146 行.
NOTIC: [8] Use of undefined constant id - assumed 'id' D:\web\apache\htdocs\php3xiangmu\Runtime\Cache\Home\9d8d921080ff1edcbdb955e6e5c679fe.php 第 146 行.
NOTIC: [8] Use of undefined constant id - assumed 'id' D:\web\apache\htdocs\php3xiangmu\Runtime\Cache\Home\9d8d921080ff1edcbdb955e6e5c679fe.php 第 146 行.
NOTIC: [8] Use of undefined constant id - assumed 'id' D:\web\apache\htdocs\php3xiangmu\Runtime\Cache\Home\9d8d921080ff1edcbdb955e6e5c679fe.php 第 435 行.
INFO: Run Behavior\ParseTemplateBehavior [ RunTime:0.012660s ]
INFO: [ view_parse ] --END-- [ RunTime:0.012719s ]
INFO: [ view_filter ] --START--
INFO: Run Behavior\WriteHtmlCacheBehavior [ RunTime:0.000265s ]
INFO: [ view_filter ] --END-- [ RunTime:0.000312s ]
INFO: [ app_end ] --START--
INFO: Run Behavior\ShowPageTraceBehavior [ RunTime:0.000678s ]
INFO: [ app_end ] --END-- [ RunTime:0.000775s ]

[ 2016-03-04T08:25:28+08:00 ] 127.0.0.1 /php3xiangmu/index.php/Home/Index/reviews
INFO: [ app_init ] --START--
INFO: Run Behavior\BuildLiteBehavior [ RunTime:0.000020s ]
INFO: [ app_init ] --END-- [ RunTime:0.000495s ]
INFO: [ app_begin ] --START--
INFO: Run Behavior\ReadHtmlCacheBehavior [ RunTime:0.001240s ]
INFO: [ app_begin ] --END-- [ RunTime:0.001357s ]
NOTIC: [2048] Declaration of Home\Model\WmvModel::find() should be compatible with that of Think\Model::find() D:\web\apache\htdocs\php3xiangmu\Apps\Home\Model\WmvModel.class.php 第 4 行.
SQL: SHOW COLUMNS FROM `wmv` [ RunTime:0.0049s ]
NOTIC: [2] Missing argument 1 for Home\Model\WmvModel::show(), called in D:\web\apache\htdocs\php3xiangmu\Apps\Home\Controller\IndexController.class.php on line 36 and defined D:\web\apache\htdocs\php3xiangmu\Apps\Home\Model\WmvModel.class.php 第 6 行.
SQL: SHOW COLUMNS FROM `wmv` [ RunTime:0.0061s ]
NOTIC: [8] Undefined variable: where D:\web\apache\htdocs\php3xiangmu\Apps\Home\Model\WmvModel.class.php 第 7 行.
SQL: SELECT * FROM `wmv`  [ RunTime:0.0006s ]
INFO: [ view_parse ] --START--
INFO: [ template_filter ] --START--
INFO: Run Behavior\ContentReplaceBehavior [ RunTime:0.000208s ]
INFO: [ template_filter ] --END-- [ RunTime:0.000322s ]
INFO: Run Behavior\ParseTemplateBehavior [ RunTime:0.014066s ]
INFO: [ view_parse ] --END-- [ RunTime:0.014157s ]
INFO: [ view_filter ] --START--
INFO: Run Behavior\WriteHtmlCacheBehavior [ RunTime:0.000335s ]
INFO: [ view_filter ] --END-- [ RunTime:0.000393s ]
INFO: [ app_end ] --START--
INFO: Run Behavior\ShowPageTraceBehavior [ RunTime:0.000783s ]
INFO: [ app_end ] --END-- [ RunTime:0.000871s ]

[ 2016-03-04T08:25:32+08:00 ] 127.0.0.1 /php3xiangmu/index.php/Home/Index/single/id/1
INFO: [ app_init ] --START--
INFO: Run Behavior\BuildLiteBehavior [ RunTime:0.000013s ]
INFO: [ app_init ] --END-- [ RunTime:0.000386s ]
INFO: [ app_begin ] --START--
INFO: Run Behavior\ReadHtmlCacheBehavior [ RunTime:0.000488s ]
INFO: [ app_begin ] --END-- [ RunTime:0.000553s ]
NOTIC: [2048] Declaration of Home\Model\WmvModel::find() should be compatible with that of Think\Model::find() D:\web\apache\htdocs\php3xiangmu\Apps\Home\Model\WmvModel.class.php 第 4 行.
SQL: SHOW COLUMNS FROM `wmv` [ RunTime:0.0051s ]
SQL: SHOW COLUMNS FROM `wmv` [ RunTime:0.0055s ]
SQL: SELECT * FROM `wmv` WHERE ( id='1' ) LIMIT 1   [ RunTime:0.0011s ]
NOTIC: [2048] Declaration of Home\Model\PingModel::add() should be compatible with that of Think\Model::add() D:\web\apache\htdocs\php3xiangmu\Apps\Home\Model\PingModel.class.php 第 15 行.
NOTIC: [2048] Declaration of Home\Model\PingModel::select() should be compatible with that of Think\Model::select() D:\web\apache\htdocs\php3xiangmu\Apps\Home\Model\PingModel.class.php 第 15 行.
SQL: SHOW COLUMNS FROM `ping` [ RunTime:0.0056s ]
SQL: SHOW COLUMNS FROM `ping` [ RunTime:0.0051s ]
SQL: SELECT * FROM `ping`  [ RunTime:0.0009s ]
INFO: [ view_parse ] --START--
INFO: [ template_filter ] --START--
INFO: Run Behavior\ContentReplaceBehavior [ RunTime:0.000156s ]
INFO: [ template_filter ] --END-- [ RunTime:0.000224s ]
NOTIC: [8] Use of undefined constant id - assumed 'id' D:\web\apache\htdocs\php3xiangmu\Runtime\Cache\Home\9d8d921080ff1edcbdb955e6e5c679fe.php 第 146 行.
NOTIC: [8] Use of undefined constant id - assumed 'id' D:\web\apache\htdocs\php3xiangmu\Runtime\Cache\Home\9d8d921080ff1edcbdb955e6e5c679fe.php 第 146 行.
NOTIC: [8] Use of undefined constant id - assumed 'id' D:\web\apache\htdocs\php3xiangmu\Runtime\Cache\Home\9d8d921080ff1edcbdb955e6e5c679fe.php 第 146 行.
NOTIC: [8] Use of undefined constant id - assumed 'id' D:\web\apache\htdocs\php3xiangmu\Runtime\Cache\Home\9d8d921080ff1edcbdb955e6e5c679fe.php 第 146 行.
NOTIC: [8] Use of undefined constant id - assumed 'id' D:\web\apache\htdocs\php3xiangmu\Runtime\Cache\Home\9d8d921080ff1edcbdb955e6e5c679fe.php 第 146 行.
NOTIC: [8] Use of undefined constant id - assumed 'id' D:\web\apache\htdocs\php3xiangmu\Runtime\Cache\Home\9d8d921080ff1edcbdb955e6e5c679fe.php 第 146 行.
NOTIC: [8] Use of undefined constant id - assumed 'id' D:\web\apache\htdocs\php3xiangmu\Runtime\Cache\Home\9d8d921080ff1edcbdb955e6e5c679fe.php 第 146 行.
NOTIC: [8] Use of undefined constant id - assumed 'id' D:\web\apache\htdocs\php3xiangmu\Runtime\Cache\Home\9d8d921080ff1edcbdb955e6e5c679fe.php 第 146 行.
NOTIC: [8] Use of undefined constant id - assumed 'id' D:\web\apache\htdocs\php3xiangmu\Runtime\Cache\Home\9d8d921080ff1edcbdb955e6e5c679fe.php 第 146 行.
NOTIC: [8] Use of undefined constant id - assumed 'id' D:\web\apache\htdocs\php3xiangmu\Runtime\Cache\Home\9d8d921080ff1edcbdb955e6e5c679fe.php 第 146 行.
NOTIC: [8] Use of undefined constant id - assumed 'id' D:\web\apache\htdocs\php3xiangmu\Runtime\Cache\Home\9d8d921080ff1edcbdb955e6e5c679fe.php 第 146 行.
NOTIC: [8] Use of undefined constant id - assumed 'id' D:\web\apache\htdocs\php3xiangmu\Runtime\Cache\Home\9d8d921080ff1edcbdb955e6e5c679fe.php 第 146 行.
NOTIC: [8] Use of undefined constant id - assumed 'id' D:\web\apache\htdocs\php3xiangmu\Runtime\Cache\Home\9d8d921080ff1edcbdb955e6e5c679fe.php 第 146 行.
NOTIC: [8] Use of undefined constant id - assumed 'id' D:\web\apache\htdocs\php3xiangmu\Runtime\Cache\Home\9d8d921080ff1edcbdb955e6e5c679fe.php 第 146 行.
NOTIC: [8] Use of undefined constant id - assumed 'id' D:\web\apache\htdocs\php3xiangmu\Runtime\Cache\Home\9d8d921080ff1edcbdb955e6e5c679fe.php 第 146 行.
NOTIC: [8] Use of undefined constant id - assumed 'id' D:\web\apache\htdocs\php3xiangmu\Runtime\Cache\Home\9d8d921080ff1edcbdb955e6e5c679fe.php 第 146 行.
NOTIC: [8] Use of undefined constant id - assumed 'id' D:\web\apache\htdocs\php3xiangmu\Runtime\Cache\Home\9d8d921080ff1edcbdb955e6e5c679fe.php 第 146 行.
NOTIC: [8] Use of undefined constant id - assumed 'id' D:\web\apache\htdocs\php3xiangmu\Runtime\Cache\Home\9d8d921080ff1edcbdb955e6e5c679fe.php 第 435 行.
INFO: Run Behavior\ParseTemplateBehavior [ RunTime:0.012190s ]
INFO: [ view_parse ] --END-- [ RunTime:0.012256s ]
INFO: [ view_filter ] --START--
INFO: Run Behavior\WriteHtmlCacheBehavior [ RunTime:0.000262s ]
INFO: [ view_filter ] --END-- [ RunTime:0.000306s ]
INFO: [ app_end ] --START--
INFO: Run Behavior\ShowPageTraceBehavior [ RunTime:0.000622s ]
INFO: [ app_end ] --END-- [ RunTime:0.000694s ]

[ 2016-03-04T08:27:44+08:00 ] 127.0.0.1 /php3xiangmu/index.php/Home/Index/reviews
INFO: [ app_init ] --START--
INFO: Run Behavior\BuildLiteBehavior [ RunTime:0.000016s ]
INFO: [ app_init ] --END-- [ RunTime:0.000625s ]
INFO: [ app_begin ] --START--
INFO: Run Behavior\ReadHtmlCacheBehavior [ RunTime:0.000837s ]
INFO: [ app_begin ] --END-- [ RunTime:0.000946s ]
NOTIC: [2048] Declaration of Home\Model\WmvModel::find() should be compatible with that of Think\Model::find() D:\web\apache\htdocs\php3xiangmu\Apps\Home\Model\WmvModel.class.php 第 4 行.
SQL: SHOW COLUMNS FROM `wmv` [ RunTime:0.0045s ]
NOTIC: [2] Missing argument 1 for Home\Model\WmvModel::show(), called in D:\web\apache\htdocs\php3xiangmu\Apps\Home\Controller\IndexController.class.php on line 36 and defined D:\web\apache\htdocs\php3xiangmu\Apps\Home\Model\WmvModel.class.php 第 6 行.
SQL: SHOW COLUMNS FROM `wmv` [ RunTime:0.0052s ]
NOTIC: [8] Undefined variable: where D:\web\apache\htdocs\php3xiangmu\Apps\Home\Model\WmvModel.class.php 第 7 行.
SQL: SELECT * FROM `wmv`  [ RunTime:0.0010s ]
INFO: [ view_parse ] --START--
INFO: [ template_filter ] --START--
INFO: Run Behavior\ContentReplaceBehavior [ RunTime:0.000146s ]
INFO: [ template_filter ] --END-- [ RunTime:0.000220s ]
INFO: Run Behavior\ParseTemplateBehavior [ RunTime:0.016481s ]
INFO: [ view_parse ] --END-- [ RunTime:0.016638s ]
INFO: [ view_filter ] --START--
INFO: Run Behavior\WriteHtmlCacheBehavior [ RunTime:0.000543s ]
INFO: [ view_filter ] --END-- [ RunTime:0.000619s ]
INFO: [ app_end ] --START--
INFO: Run Behavior\ShowPageTraceBehavior [ RunTime:0.001429s ]
INFO: [ app_end ] --END-- [ RunTime:0.001551s ]

[ 2016-03-04T08:28:26+08:00 ] 127.0.0.1 /php3xiangmu/index.php/Home/Index/single/id/1
INFO: [ app_init ] --START--
INFO: Run Behavior\BuildLiteBehavior [ RunTime:0.000017s ]
INFO: [ app_init ] --END-- [ RunTime:0.000414s ]
INFO: [ app_begin ] --START--
INFO: Run Behavior\ReadHtmlCacheBehavior [ RunTime:0.000597s ]
INFO: [ app_begin ] --END-- [ RunTime:0.000670s ]
NOTIC: [2048] Declaration of Home\Model\WmvModel::find() should be compatible with that of Think\Model::find() D:\web\apache\htdocs\php3xiangmu\Apps\Home\Model\WmvModel.class.php 第 4 行.
SQL: SHOW COLUMNS FROM `wmv` [ RunTime:0.0059s ]
SQL: SHOW COLUMNS FROM `wmv` [ RunTime:0.0055s ]
SQL: SELECT * FROM `wmv` WHERE ( id='1' ) LIMIT 1   [ RunTime:0.0011s ]
NOTIC: [2048] Declaration of Home\Model\PingModel::add() should be compatible with that of Think\Model::add() D:\web\apache\htdocs\php3xiangmu\Apps\Home\Model\PingModel.class.php 第 15 行.
NOTIC: [2048] Declaration of Home\Model\PingModel::select() should be compatible with that of Think\Model::select() D:\web\apache\htdocs\php3xiangmu\Apps\Home\Model\PingModel.class.php 第 15 行.
SQL: SHOW COLUMNS FROM `ping` [ RunTime:0.0046s ]
SQL: SHOW COLUMNS FROM `ping` [ RunTime:0.0047s ]
SQL: SELECT * FROM `ping`  [ RunTime:0.0010s ]
INFO: [ view_parse ] --START--
INFO: [ template_filter ] --START--
INFO: Run Behavior\ContentReplaceBehavior [ RunTime:0.000189s ]
INFO: [ template_filter ] --END-- [ RunTime:0.000265s ]
NOTIC: [8] Use of undefined constant id - assumed 'id' D:\web\apache\htdocs\php3xiangmu\Runtime\Cache\Home\9d8d921080ff1edcbdb955e6e5c679fe.php 第 146 行.
NOTIC: [8] Use of undefined constant id - assumed 'id' D:\web\apache\htdocs\php3xiangmu\Runtime\Cache\Home\9d8d921080ff1edcbdb955e6e5c679fe.php 第 146 行.
NOTIC: [8] Use of undefined constant id - assumed 'id' D:\web\apache\htdocs\php3xiangmu\Runtime\Cache\Home\9d8d921080ff1edcbdb955e6e5c679fe.php 第 146 行.
NOTIC: [8] Use of undefined constant id - assumed 'id' D:\web\apache\htdocs\php3xiangmu\Runtime\Cache\Home\9d8d921080ff1edcbdb955e6e5c679fe.php 第 146 行.
NOTIC: [8] Use of undefined constant id - assumed 'id' D:\web\apache\htdocs\php3xiangmu\Runtime\Cache\Home\9d8d921080ff1edcbdb955e6e5c679fe.php 第 146 行.
NOTIC: [8] Use of undefined constant id - assumed 'id' D:\web\apache\htdocs\php3xiangmu\Runtime\Cache\Home\9d8d921080ff1edcbdb955e6e5c679fe.php 第 146 行.
NOTIC: [8] Use of undefined constant id - assumed 'id' D:\web\apache\htdocs\php3xiangmu\Runtime\Cache\Home\9d8d921080ff1edcbdb955e6e5c679fe.php 第 146 行.
NOTIC: [8] Use of undefined constant id - assumed 'id' D:\web\apache\htdocs\php3xiangmu\Runtime\Cache\Home\9d8d921080ff1edcbdb955e6e5c679fe.php 第 146 行.
NOTIC: [8] Use of undefined constant id - assumed 'id' D:\web\apache\htdocs\php3xiangmu\Runtime\Cache\Home\9d8d921080ff1edcbdb955e6e5c679fe.php 第 146 行.
NOTIC: [8] Use of undefined constant id - assumed 'id' D:\web\apache\htdocs\php3xiangmu\Runtime\Cache\Home\9d8d921080ff1edcbdb955e6e5c679fe.php 第 146 行.
NOTIC: [8] Use of undefined constant id - assumed 'id' D:\web\apache\htdocs\php3xiangmu\Runtime\Cache\Home\9d8d921080ff1edcbdb955e6e5c679fe.php 第 146 行.
NOTIC: [8] Use of undefined constant id - assumed 'id' D:\web\apache\htdocs\php3xiangmu\Runtime\Cache\Home\9d8d921080ff1edcbdb955e6e5c679fe.php 第 146 行.
NOTIC: [8] Use of undefined constant id - assumed 'id' D:\web\apache\htdocs\php3xiangmu\Runtime\Cache\Home\9d8d921080ff1edcbdb955e6e5c679fe.php 第 146 行.
NOTIC: [8] Use of undefined constant id - assumed 'id' D:\web\apache\htdocs\php3xiangmu\Runtime\Cache\Home\9d8d921080ff1edcbdb955e6e5c679fe.php 第 146 行.
NOTIC: [8] Use of undefined constant id - assumed 'id' D:\web\apache\htdocs\php3xiangmu\Runtime\Cache\Home\9d8d921080ff1edcbdb955e6e5c679fe.php 第 146 行.
NOTIC: [8] Use of undefined constant id - assumed 'id' D:\web\apache\htdocs\php3xiangmu\Runtime\Cache\Home\9d8d921080ff1edcbdb955e6e5c679fe.php 第 146 行.
NOTIC: [8] Use of undefined constant id - assumed 'id' D:\web\apache\htdocs\php3xiangmu\Runtime\Cache\Home\9d8d921080ff1edcbdb955e6e5c679fe.php 第 146 行.
NOTIC: [8] Use of undefined constant id - assumed 'id' D:\web\apache\htdocs\php3xiangmu\Runtime\Cache\Home\9d8d921080ff1edcbdb955e6e5c679fe.php 第 435 行.
INFO: Run Behavior\ParseTemplateBehavior [ RunTime:0.012909s ]
INFO: [ view_parse ] --END-- [ RunTime:0.012984s ]
INFO: [ view_filter ] --START--
INFO: Run Behavior\WriteHtmlCacheBehavior [ RunTime:0.000261s ]
INFO: [ view_filter ] --END-- [ RunTime:0.000309s ]
INFO: [ app_end ] --START--
INFO: Run Behavior\ShowPageTraceBehavior [ RunTime:0.000683s ]
INFO: [ app_end ] --END-- [ RunTime:0.000762s ]

[ 2016-03-04T08:28:30+08:00 ] 127.0.0.1 /php3xiangmu/index.php/Home/Index/single/id/single.html
INFO: [ app_init ] --START--
INFO: Run Behavior\BuildLiteBehavior [ RunTime:0.000014s ]
INFO: [ app_init ] --END-- [ RunTime:0.000357s ]
INFO: [ app_begin ] --START--
INFO: Run Behavior\ReadHtmlCacheBehavior [ RunTime:0.000551s ]
INFO: [ app_begin ] --END-- [ RunTime:0.000612s ]
NOTIC: [2048] Declaration of Home\Model\WmvModel::find() should be compatible with that of Think\Model::find() D:\web\apache\htdocs\php3xiangmu\Apps\Home\Model\WmvModel.class.php 第 4 行.
SQL: SHOW COLUMNS FROM `wmv` [ RunTime:0.0055s ]
SQL: SHOW COLUMNS FROM `wmv` [ RunTime:0.0064s ]
SQL: SELECT * FROM `wmv` WHERE ( id='single' ) LIMIT 1   [ RunTime:0.0011s ]
NOTIC: [2048] Declaration of Home\Model\PingModel::add() should be compatible with that of Think\Model::add() D:\web\apache\htdocs\php3xiangmu\Apps\Home\Model\PingModel.class.php 第 15 行.
NOTIC: [2048] Declaration of Home\Model\PingModel::select() should be compatible with that of Think\Model::select() D:\web\apache\htdocs\php3xiangmu\Apps\Home\Model\PingModel.class.php 第 15 行.
SQL: SHOW COLUMNS FROM `ping` [ RunTime:0.0071s ]
SQL: SHOW COLUMNS FROM `ping` [ RunTime:0.0062s ]
SQL: SELECT * FROM `ping`  [ RunTime:0.0012s ]
INFO: [ view_parse ] --START--
INFO: [ template_filter ] --START--
INFO: Run Behavior\ContentReplaceBehavior [ RunTime:0.000172s ]
INFO: [ template_filter ] --END-- [ RunTime:0.000246s ]
NOTIC: [8] Use of undefined constant id - assumed 'id' D:\web\apache\htdocs\php3xiangmu\Runtime\Cache\Home\9d8d921080ff1edcbdb955e6e5c679fe.php 第 146 行.
NOTIC: [8] Use of undefined constant id - assumed 'id' D:\web\apache\htdocs\php3xiangmu\Runtime\Cache\Home\9d8d921080ff1edcbdb955e6e5c679fe.php 第 146 行.
NOTIC: [8] Use of undefined constant id - assumed 'id' D:\web\apache\htdocs\php3xiangmu\Runtime\Cache\Home\9d8d921080ff1edcbdb955e6e5c679fe.php 第 146 行.
NOTIC: [8] Use of undefined constant id - assumed 'id' D:\web\apache\htdocs\php3xiangmu\Runtime\Cache\Home\9d8d921080ff1edcbdb955e6e5c679fe.php 第 146 行.
NOTIC: [8] Use of undefined constant id - assumed 'id' D:\web\apache\htdocs\php3xiangmu\Runtime\Cache\Home\9d8d921080ff1edcbdb955e6e5c679fe.php 第 146 行.
NOTIC: [8] Use of undefined constant id - assumed 'id' D:\web\apache\htdocs\php3xiangmu\Runtime\Cache\Home\9d8d921080ff1edcbdb955e6e5c679fe.php 第 146 行.
NOTIC: [8] Use of undefined constant id - assumed 'id' D:\web\apache\htdocs\php3xiangmu\Runtime\Cache\Home\9d8d921080ff1edcbdb955e6e5c679fe.php 第 146 行.
NOTIC: [8] Use of undefined constant id - assumed 'id' D:\web\apache\htdocs\php3xiangmu\Runtime\Cache\Home\9d8d921080ff1edcbdb955e6e5c679fe.php 第 146 行.
NOTIC: [8] Use of undefined constant id - assumed 'id' D:\web\apache\htdocs\php3xiangmu\Runtime\Cache\Home\9d8d921080ff1edcbdb955e6e5c679fe.php 第 146 行.
NOTIC: [8] Use of undefined constant id - assumed 'id' D:\web\apache\htdocs\php3xiangmu\Runtime\Cache\Home\9d8d921080ff1edcbdb955e6e5c679fe.php 第 146 行.
NOTIC: [8] Use of undefined constant id - assumed 'id' D:\web\apache\htdocs\php3xiangmu\Runtime\Cache\Home\9d8d921080ff1edcbdb955e6e5c679fe.php 第 146 行.
NOTIC: [8] Use of undefined constant id - assumed 'id' D:\web\apache\htdocs\php3xiangmu\Runtime\Cache\Home\9d8d921080ff1edcbdb955e6e5c679fe.php 第 146 行.
NOTIC: [8] Use of undefined constant id - assumed 'id' D:\web\apache\htdocs\php3xiangmu\Runtime\Cache\Home\9d8d921080ff1edcbdb955e6e5c679fe.php 第 146 行.
NOTIC: [8] Use of undefined constant id - assumed 'id' D:\web\apache\htdocs\php3xiangmu\Runtime\Cache\Home\9d8d921080ff1edcbdb955e6e5c679fe.php 第 146 行.
NOTIC: [8] Use of undefined constant id - assumed 'id' D:\web\apache\htdocs\php3xiangmu\Runtime\Cache\Home\9d8d921080ff1edcbdb955e6e5c679fe.php 第 146 行.
NOTIC: [8] Use of undefined constant id - assumed 'id' D:\web\apache\htdocs\php3xiangmu\Runtime\Cache\Home\9d8d921080ff1edcbdb955e6e5c679fe.php 第 146 行.
NOTIC: [8] Use of undefined constant id - assumed 'id' D:\web\apache\htdocs\php3xiangmu\Runtime\Cache\Home\9d8d921080ff1edcbdb955e6e5c679fe.php 第 146 行.
NOTIC: [8] Use of undefined constant id - assumed 'id' D:\web\apache\htdocs\php3xiangmu\Runtime\Cache\Home\9d8d921080ff1edcbdb955e6e5c679fe.php 第 435 行.
INFO: Run Behavior\ParseTemplateBehavior [ RunTime:0.014279s ]
INFO: [ view_parse ] --END-- [ RunTime:0.014346s ]
INFO: [ view_filter ] --START--
INFO: Run Behavior\WriteHtmlCacheBehavior [ RunTime:0.000315s ]
INFO: [ view_filter ] --END-- [ RunTime:0.000372s ]
INFO: [ app_end ] --START--
INFO: Run Behavior\ShowPageTraceBehavior [ RunTime:0.000702s ]
INFO: [ app_end ] --END-- [ RunTime:0.000817s ]

[ 2016-03-04T08:38:48+08:00 ] 127.0.0.1 /php3xiangmu/index.php/Home/Index/videos
INFO: [ app_init ] --START--
INFO: Run Behavior\BuildLiteBehavior [ RunTime:0.000017s ]
INFO: [ app_init ] --END-- [ RunTime:0.000474s ]
INFO: [ app_begin ] --START--
INFO: Run Behavior\ReadHtmlCacheBehavior [ RunTime:0.000769s ]
INFO: [ app_begin ] --END-- [ RunTime:0.000865s ]
NOTIC: [2048] Declaration of Home\Model\WmvModel::find() should be compatible with that of Think\Model::find() D:\web\apache\htdocs\php3xiangmu\Apps\Home\Model\WmvModel.class.php 第 4 行.
SQL: SHOW COLUMNS FROM `wmv` [ RunTime:0.0061s ]
SQL: SHOW COLUMNS FROM `wmv` [ RunTime:0.0076s ]
SQL: SELECT * FROM `wmv` WHERE `statue` = 1  [ RunTime:0.0010s ]
INFO: [ view_parse ] --START--
INFO: [ template_filter ] --START--
INFO: Run Behavior\ContentReplaceBehavior [ RunTime:0.000141s ]
INFO: [ template_filter ] --END-- [ RunTime:0.000278s ]
INFO: Run Behavior\ParseTemplateBehavior [ RunTime:0.013143s ]
INFO: [ view_parse ] --END-- [ RunTime:0.013276s ]
INFO: [ view_filter ] --START--
INFO: Run Behavior\WriteHtmlCacheBehavior [ RunTime:0.000543s ]
INFO: [ view_filter ] --END-- [ RunTime:0.000633s ]
INFO: [ app_end ] --START--
INFO: Run Behavior\ShowPageTraceBehavior [ RunTime:0.001074s ]
INFO: [ app_end ] --END-- [ RunTime:0.001191s ]

[ 2016-03-04T08:39:36+08:00 ] 127.0.0.1 /php3xiangmu/index.php/Home/Index/videos
INFO: [ app_init ] --START--
INFO: Run Behavior\BuildLiteBehavior [ RunTime:0.000015s ]
INFO: [ app_init ] --END-- [ RunTime:0.000336s ]
INFO: [ app_begin ] --START--
INFO: Run Behavior\ReadHtmlCacheBehavior [ RunTime:0.000506s ]
INFO: [ app_begin ] --END-- [ RunTime:0.000572s ]
NOTIC: [2048] Declaration of Home\Model\WmvModel::find() should be compatible with that of Think\Model::find() D:\web\apache\htdocs\php3xiangmu\Apps\Home\Model\WmvModel.class.php 第 4 行.
SQL: SHOW COLUMNS FROM `wmv` [ RunTime:0.0050s ]
SQL: SHOW COLUMNS FROM `wmv` [ RunTime:0.0056s ]
SQL: SELECT * FROM `wmv` WHERE `statue` = 1  [ RunTime:0.0011s ]
INFO: [ view_parse ] --START--
INFO: [ template_filter ] --START--
INFO: Run Behavior\ContentReplaceBehavior [ RunTime:0.000079s ]
INFO: [ template_filter ] --END-- [ RunTime:0.000144s ]
INFO: Run Behavior\ParseTemplateBehavior [ RunTime:0.008040s ]
INFO: [ view_parse ] --END-- [ RunTime:0.008107s ]
INFO: [ view_filter ] --START--
INFO: Run Behavior\WriteHtmlCacheBehavior [ RunTime:0.000220s ]
INFO: [ view_filter ] --END-- [ RunTime:0.000267s ]
INFO: [ app_end ] --START--
INFO: Run Behavior\ShowPageTraceBehavior [ RunTime:0.000753s ]
INFO: [ app_end ] --END-- [ RunTime:0.000849s ]

[ 2016-03-04T08:39:40+08:00 ] 127.0.0.1 /php3xiangmu/index.php/Home/Index/reviews
INFO: [ app_init ] --START--
INFO: Run Behavior\BuildLiteBehavior [ RunTime:0.000023s ]
INFO: [ app_init ] --END-- [ RunTime:0.000545s ]
INFO: [ app_begin ] --START--
INFO: Run Behavior\ReadHtmlCacheBehavior [ RunTime:0.000803s ]
INFO: [ app_begin ] --END-- [ RunTime:0.000918s ]
NOTIC: [2048] Declaration of Home\Model\WmvModel::find() should be compatible with that of Think\Model::find() D:\web\apache\htdocs\php3xiangmu\Apps\Home\Model\WmvModel.class.php 第 4 行.
SQL: SHOW COLUMNS FROM `wmv` [ RunTime:0.0065s ]
NOTIC: [2] Missing argument 1 for Home\Model\WmvModel::show(), called in D:\web\apache\htdocs\php3xiangmu\Apps\Home\Controller\IndexController.class.php on line 36 and defined D:\web\apache\htdocs\php3xiangmu\Apps\Home\Model\WmvModel.class.php 第 6 行.
SQL: SHOW COLUMNS FROM `wmv` [ RunTime:0.0072s ]
NOTIC: [8] Undefined variable: where D:\web\apache\htdocs\php3xiangmu\Apps\Home\Model\WmvModel.class.php 第 7 行.
SQL: SELECT * FROM `wmv`  [ RunTime:0.0012s ]
INFO: [ view_parse ] --START--
INFO: [ template_filter ] --START--
INFO: Run Behavior\ContentReplaceBehavior [ RunTime:0.000299s ]
INFO: [ template_filter ] --END-- [ RunTime:0.000443s ]
INFO: Run Behavior\ParseTemplateBehavior [ RunTime:0.017408s ]
INFO: [ view_parse ] --END-- [ RunTime:0.017492s ]
INFO: [ view_filter ] --START--
INFO: Run Behavior\WriteHtmlCacheBehavior [ RunTime:0.000282s ]
INFO: [ view_filter ] --END-- [ RunTime:0.000334s ]
INFO: [ app_end ] --START--
INFO: Run Behavior\ShowPageTraceBehavior [ RunTime:0.000825s ]
INFO: [ app_end ] --END-- [ RunTime:0.000969s ]

[ 2016-03-04T08:39:42+08:00 ] 127.0.0.1 /php3xiangmu/index.php/Home/Index/index
INFO: [ app_init ] --START--
INFO: Run Behavior\BuildLiteBehavior [ RunTime:0.000021s ]
INFO: [ app_init ] --END-- [ RunTime:0.000496s ]
INFO: [ app_begin ] --START--
INFO: Run Behavior\ReadHtmlCacheBehavior [ RunTime:0.000728s ]
INFO: [ app_begin ] --END-- [ RunTime:0.000836s ]
INFO: [ view_parse ] --START--
INFO: [ template_filter ] --START--
INFO: Run Behavior\ContentReplaceBehavior [ RunTime:0.000156s ]
INFO: [ template_filter ] --END-- [ RunTime:0.000588s ]
INFO: Run Behavior\ParseTemplateBehavior [ RunTime:0.012286s ]
INFO: [ view_parse ] --END-- [ RunTime:0.012390s ]
INFO: [ view_filter ] --START--
INFO: Run Behavior\WriteHtmlCacheBehavior [ RunTime:0.000517s ]
INFO: [ view_filter ] --END-- [ RunTime:0.000611s ]
INFO: [ app_end ] --START--
INFO: Run Behavior\ShowPageTraceBehavior [ RunTime:0.000923s ]
INFO: [ app_end ] --END-- [ RunTime:0.001056s ]

[ 2016-03-04T08:39:42+08:00 ] 127.0.0.1 /php3xiangmu/index.php/Home/Index/images/logo.png
INFO: [ app_init ] --START--
INFO: Run Behavior\BuildLiteBehavior [ RunTime:0.000024s ]
INFO: [ app_init ] --END-- [ RunTime:0.000506s ]

[ 2016-03-04T08:39:48+08:00 ] 127.0.0.1 /php3xiangmu/index.php/Home/Index/videos
INFO: [ app_init ] --START--
INFO: Run Behavior\BuildLiteBehavior [ RunTime:0.000034s ]
INFO: [ app_init ] --END-- [ RunTime:0.000704s ]
INFO: [ app_begin ] --START--
INFO: Run Behavior\ReadHtmlCacheBehavior [ RunTime:0.001180s ]
INFO: [ app_begin ] --END-- [ RunTime:0.001307s ]
NOTIC: [2048] Declaration of Home\Model\WmvModel::find() should be compatible with that of Think\Model::find() D:\web\apache\htdocs\php3xiangmu\Apps\Home\Model\WmvModel.class.php 第 4 行.
SQL: SHOW COLUMNS FROM `wmv` [ RunTime:0.0060s ]
SQL: SHOW COLUMNS FROM `wmv` [ RunTime:0.0065s ]
SQL: SELECT * FROM `wmv` WHERE `statue` = 1  [ RunTime:0.0005s ]
INFO: [ view_parse ] --START--
INFO: [ template_filter ] --START--
INFO: Run Behavior\ContentReplaceBehavior [ RunTime:0.000087s ]
INFO: [ template_filter ] --END-- [ RunTime:0.000169s ]
INFO: Run Behavior\ParseTemplateBehavior [ RunTime:0.008954s ]
INFO: [ view_parse ] --END-- [ RunTime:0.009035s ]
INFO: [ view_filter ] --START--
INFO: Run Behavior\WriteHtmlCacheBehavior [ RunTime:0.000266s ]
INFO: [ view_filter ] --END-- [ RunTime:0.000324s ]
INFO: [ app_end ] --START--
INFO: Run Behavior\ShowPageTraceBehavior [ RunTime:0.000997s ]
INFO: [ app_end ] --END-- [ RunTime:0.001115s ]

[ 2016-03-04T08:39:51+08:00 ] 127.0.0.1 /php3xiangmu/index.php/Home/Index/index
INFO: [ app_init ] --START--
INFO: Run Behavior\BuildLiteBehavior [ RunTime:0.000013s ]
INFO: [ app_init ] --END-- [ RunTime:0.000332s ]
INFO: [ app_begin ] --START--
INFO: Run Behavior\ReadHtmlCacheBehavior [ RunTime:0.000446s ]
INFO: [ app_begin ] --END-- [ RunTime:0.000507s ]
INFO: [ view_parse ] --START--
INFO: [ template_filter ] --START--
INFO: Run Behavior\ContentReplaceBehavior [ RunTime:0.000086s ]
INFO: [ template_filter ] --END-- [ RunTime:0.000153s ]
INFO: Run Behavior\ParseTemplateBehavior [ RunTime:0.008322s ]
INFO: [ view_parse ] --END-- [ RunTime:0.008460s ]
INFO: [ view_filter ] --START--
INFO: Run Behavior\WriteHtmlCacheBehavior [ RunTime:0.000222s ]
INFO: [ view_filter ] --END-- [ RunTime:0.000268s ]
INFO: [ app_end ] --START--
INFO: Run Behavior\ShowPageTraceBehavior [ RunTime:0.000599s ]
INFO: [ app_end ] --END-- [ RunTime:0.000685s ]

[ 2016-03-04T08:39:51+08:00 ] 127.0.0.1 /php3xiangmu/index.php/Home/Index/images/logo.png
INFO: [ app_init ] --START--
INFO: Run Behavior\BuildLiteBehavior [ RunTime:0.000015s ]
INFO: [ app_init ] --END-- [ RunTime:0.000422s ]

[ 2016-03-04T08:48:01+08:00 ] 127.0.0.1 /php3xiangmu/index.php/Home/Index/index
INFO: [ app_init ] --START--
INFO: Run Behavior\BuildLiteBehavior [ RunTime:0.000021s ]
INFO: [ app_init ] --END-- [ RunTime:0.000615s ]
INFO: [ app_begin ] --START--
INFO: Run Behavior\ReadHtmlCacheBehavior [ RunTime:0.000674s ]
INFO: [ app_begin ] --END-- [ RunTime:0.000751s ]
INFO: [ view_parse ] --START--
INFO: [ template_filter ] --START--
INFO: Run Behavior\ContentReplaceBehavior [ RunTime:0.000087s ]
INFO: [ template_filter ] --END-- [ RunTime:0.000156s ]
INFO: Run Behavior\ParseTemplateBehavior [ RunTime:0.008762s ]
INFO: [ view_parse ] --END-- [ RunTime:0.008838s ]
INFO: [ view_filter ] --START--
INFO: Run Behavior\WriteHtmlCacheBehavior [ RunTime:0.000327s ]
INFO: [ view_filter ] --END-- [ RunTime:0.000374s ]
INFO: [ app_end ] --START--
INFO: Run Behavior\ShowPageTraceBehavior [ RunTime:0.000703s ]
INFO: [ app_end ] --END-- [ RunTime:0.000774s ]

[ 2016-03-04T08:48:01+08:00 ] 127.0.0.1 /php3xiangmu/index.php/Home/Index/images/logo.png
INFO: [ app_init ] --START--
INFO: Run Behavior\BuildLiteBehavior [ RunTime:0.000017s ]
INFO: [ app_init ] --END-- [ RunTime:0.000376s ]

[ 2016-03-04T08:48:07+08:00 ] 127.0.0.1 /php3xiangmu/index.php/Home/Index/index
INFO: [ app_init ] --START--
INFO: Run Behavior\BuildLiteBehavior [ RunTime:0.000023s ]
INFO: [ app_init ] --END-- [ RunTime:0.000583s ]
INFO: [ app_begin ] --START--
INFO: Run Behavior\ReadHtmlCacheBehavior [ RunTime:0.001048s ]
INFO: [ app_begin ] --END-- [ RunTime:0.001199s ]
INFO: [ view_parse ] --START--
INFO: [ template_filter ] --START--
INFO: Run Behavior\ContentReplaceBehavior [ RunTime:0.000118s ]
INFO: [ template_filter ] --END-- [ RunTime:0.000211s ]
INFO: Run Behavior\ParseTemplateBehavior [ RunTime:0.009357s ]
INFO: [ view_parse ] --END-- [ RunTime:0.009479s ]
INFO: [ view_filter ] --START--
INFO: Run Behavior\WriteHtmlCacheBehavior [ RunTime:0.000477s ]
INFO: [ view_filter ] --END-- [ RunTime:0.000585s ]
INFO: [ app_end ] --START--
INFO: Run Behavior\ShowPageTraceBehavior [ RunTime:0.000949s ]
INFO: [ app_end ] --END-- [ RunTime:0.001101s ]

[ 2016-03-04T08:48:07+08:00 ] 127.0.0.1 /php3xiangmu/index.php/Home/Index/images/logo.png
INFO: [ app_init ] --START--
INFO: Run Behavior\BuildLiteBehavior [ RunTime:0.000022s ]
INFO: [ app_init ] --END-- [ RunTime:0.000516s ]

[ 2016-03-04T08:48:08+08:00 ] 127.0.0.1 /php3xiangmu/index.php/Home/Index/videos
INFO: [ app_init ] --START--
INFO: Run Behavior\BuildLiteBehavior [ RunTime:0.000024s ]
INFO: [ app_init ] --END-- [ RunTime:0.000616s ]
INFO: [ app_begin ] --START--
INFO: Run Behavior\ReadHtmlCacheBehavior [ RunTime:0.000736s ]
INFO: [ app_begin ] --END-- [ RunTime:0.000844s ]
NOTIC: [2048] Declaration of Home\Model\WmvModel::find() should be compatible with that of Think\Model::find() D:\web\apache\htdocs\php3xiangmu\Apps\Home\Model\WmvModel.class.php 第 4 行.
SQL: SHOW COLUMNS FROM `wmv` [ RunTime:0.0062s ]
SQL: SHOW COLUMNS FROM `wmv` [ RunTime:0.0070s ]
SQL: SELECT * FROM `wmv` WHERE `statue` = 1  [ RunTime:0.0011s ]
INFO: [ view_parse ] --START--
INFO: [ template_filter ] --START--
INFO: Run Behavior\ContentReplaceBehavior [ RunTime:0.000098s ]
INFO: [ template_filter ] --END-- [ RunTime:0.000181s ]
INFO: Run Behavior\ParseTemplateBehavior [ RunTime:0.009456s ]
INFO: [ view_parse ] --END-- [ RunTime:0.009580s ]
INFO: [ view_filter ] --START--
INFO: Run Behavior\WriteHtmlCacheBehavior [ RunTime:0.000519s ]
INFO: [ view_filter ] --END-- [ RunTime:0.000615s ]
INFO: [ app_end ] --START--
INFO: Run Behavior\ShowPageTraceBehavior [ RunTime:0.000837s ]
INFO: [ app_end ] --END-- [ RunTime:0.000961s ]

[ 2016-03-04T08:48:22+08:00 ] 127.0.0.1 /php3xiangmu/index.php/Home/Index/contact
INFO: [ app_init ] --START--
INFO: Run Behavior\BuildLiteBehavior [ RunTime:0.000015s ]
INFO: [ app_init ] --END-- [ RunTime:0.000423s ]
INFO: [ app_begin ] --START--
INFO: Run Behavior\ReadHtmlCacheBehavior [ RunTime:0.000757s ]
INFO: [ app_begin ] --END-- [ RunTime:0.000820s ]
INFO: [ view_parse ] --START--
INFO: [ template_filter ] --START--
INFO: Run Behavior\ContentReplaceBehavior [ RunTime:0.000131s ]
INFO: [ template_filter ] --END-- [ RunTime:0.000238s ]
INFO: Run Behavior\ParseTemplateBehavior [ RunTime:0.007764s ]
INFO: [ view_parse ] --END-- [ RunTime:0.007846s ]
INFO: [ view_filter ] --START--
INFO: Run Behavior\WriteHtmlCacheBehavior [ RunTime:0.000253s ]
INFO: [ view_filter ] --END-- [ RunTime:0.000309s ]
INFO: [ app_end ] --START--
INFO: Run Behavior\ShowPageTraceBehavior [ RunTime:0.000467s ]
INFO: [ app_end ] --END-- [ RunTime:0.000522s ]

[ 2016-03-04T08:49:15+08:00 ] 127.0.0.1 /php3xiangmu/index.php/Home/Index/videos
INFO: [ app_init ] --START--
INFO: Run Behavior\BuildLiteBehavior [ RunTime:0.000018s ]
INFO: [ app_init ] --END-- [ RunTime:0.000550s ]
INFO: [ app_begin ] --START--
INFO: Run Behavior\ReadHtmlCacheBehavior [ RunTime:0.000804s ]
INFO: [ app_begin ] --END-- [ RunTime:0.000914s ]
NOTIC: [2048] Declaration of Home\Model\WmvModel::find() should be compatible with that of Think\Model::find() D:\web\apache\htdocs\php3xiangmu\Apps\Home\Model\WmvModel.class.php 第 4 行.
SQL: SHOW COLUMNS FROM `wmv` [ RunTime:0.0054s ]
SQL: SHOW COLUMNS FROM `wmv` [ RunTime:0.0052s ]
SQL: SELECT * FROM `wmv` WHERE `statue` = 1  [ RunTime:0.0009s ]
INFO: [ view_parse ] --START--
INFO: [ template_filter ] --START--
INFO: Run Behavior\ContentReplaceBehavior [ RunTime:0.000083s ]
INFO: [ template_filter ] --END-- [ RunTime:0.000208s ]
INFO: Run Behavior\ParseTemplateBehavior [ RunTime:0.010043s ]
INFO: [ view_parse ] --END-- [ RunTime:0.010171s ]
INFO: [ view_filter ] --START--
INFO: Run Behavior\WriteHtmlCacheBehavior [ RunTime:0.000245s ]
INFO: [ view_filter ] --END-- [ RunTime:0.000305s ]
INFO: [ app_end ] --START--
INFO: Run Behavior\ShowPageTraceBehavior [ RunTime:0.000786s ]
INFO: [ app_end ] --END-- [ RunTime:0.000890s ]

[ 2016-03-04T08:49:30+08:00 ] 127.0.0.1 /php3xiangmu/index.php/Home/Index/videos
INFO: [ app_init ] --START--
INFO: Run Behavior\BuildLiteBehavior [ RunTime:0.000017s ]
INFO: [ app_init ] --END-- [ RunTime:0.000519s ]
INFO: [ app_begin ] --START--
INFO: Run Behavior\ReadHtmlCacheBehavior [ RunTime:0.000537s ]
INFO: [ app_begin ] --END-- [ RunTime:0.000603s ]
NOTIC: [2048] Declaration of Home\Model\WmvModel::find() should be compatible with that of Think\Model::find() D:\web\apache\htdocs\php3xiangmu\Apps\Home\Model\WmvModel.class.php 第 4 行.
SQL: SHOW COLUMNS FROM `wmv` [ RunTime:0.0049s ]
SQL: SHOW COLUMNS FROM `wmv` [ RunTime:0.0060s ]
SQL: SELECT * FROM `wmv` WHERE `statue` = 1  [ RunTime:0.0011s ]
INFO: [ view_parse ] --START--
INFO: [ template_filter ] --START--
INFO: Run Behavior\ContentReplaceBehavior [ RunTime:0.000092s ]
INFO: [ template_filter ] --END-- [ RunTime:0.000190s ]
INFO: Run Behavior\ParseTemplateBehavior [ RunTime:0.010169s ]
INFO: [ view_parse ] --END-- [ RunTime:0.010321s ]
INFO: [ view_filter ] --START--
INFO: Run Behavior\WriteHtmlCacheBehavior [ RunTime:0.000504s ]
INFO: [ view_filter ] --END-- [ RunTime:0.000608s ]
INFO: [ app_end ] --START--
INFO: Run Behavior\ShowPageTraceBehavior [ RunTime:0.000930s ]
INFO: [ app_end ] --END-- [ RunTime:0.001092s ]

[ 2016-03-04T08:53:32+08:00 ] 127.0.0.1 /php3xiangmu/index.php/Home/Index/videos
INFO: [ app_init ] --START--
INFO: Run Behavior\BuildLiteBehavior [ RunTime:0.000027s ]
INFO: [ app_init ] --END-- [ RunTime:0.000546s ]
INFO: [ app_begin ] --START--
INFO: Run Behavior\ReadHtmlCacheBehavior [ RunTime:0.000738s ]
INFO: [ app_begin ] --END-- [ RunTime:0.000822s ]
NOTIC: [2048] Declaration of Home\Model\WmvModel::find() should be compatible with that of Think\Model::find() D:\web\apache\htdocs\php3xiangmu\Apps\Home\Model\WmvModel.class.php 第 4 行.
SQL: SHOW COLUMNS FROM `wmv` [ RunTime:0.0055s ]
SQL: SHOW COLUMNS FROM `wmv` [ RunTime:0.0064s ]
SQL: SELECT * FROM `wmv` WHERE `statue` = 1  [ RunTime:0.0011s ]
INFO: [ view_parse ] --START--
INFO: [ template_filter ] --START--
INFO: Run Behavior\ContentReplaceBehavior [ RunTime:0.000089s ]
INFO: [ template_filter ] --END-- [ RunTime:0.000164s ]
INFO: Run Behavior\ParseTemplateBehavior [ RunTime:0.009462s ]
INFO: [ view_parse ] --END-- [ RunTime:0.009656s ]
INFO: [ view_filter ] --START--
INFO: Run Behavior\WriteHtmlCacheBehavior [ RunTime:0.000944s ]
INFO: [ view_filter ] --END-- [ RunTime:0.001069s ]
INFO: [ app_end ] --START--
INFO: Run Behavior\ShowPageTraceBehavior [ RunTime:0.001054s ]
INFO: [ app_end ] --END-- [ RunTime:0.001169s ]

[ 2016-03-04T08:54:38+08:00 ] 127.0.0.1 /php3xiangmu/index.php/Home/Index/videos
INFO: [ app_init ] --START--
INFO: Run Behavior\BuildLiteBehavior [ RunTime:0.000023s ]
INFO: [ app_init ] --END-- [ RunTime:0.000582s ]
INFO: [ app_begin ] --START--
INFO: Run Behavior\ReadHtmlCacheBehavior [ RunTime:0.000831s ]
INFO: [ app_begin ] --END-- [ RunTime:0.000953s ]
NOTIC: [2048] Declaration of Home\Model\WmvModel::find() should be compatible with that of Think\Model::find() D:\web\apache\htdocs\php3xiangmu\Apps\Home\Model\WmvModel.class.php 第 4 行.
SQL: SHOW COLUMNS FROM `wmv` [ RunTime:0.0052s ]
SQL: SHOW COLUMNS FROM `wmv` [ RunTime:0.0065s ]
SQL: SELECT * FROM `wmv` WHERE `statue` = 1  [ RunTime:0.0011s ]
INFO: [ view_parse ] --START--
INFO: [ template_filter ] --START--
INFO: Run Behavior\ContentReplaceBehavior [ RunTime:0.000099s ]
INFO: [ template_filter ] --END-- [ RunTime:0.000171s ]
INFO: Run Behavior\ParseTemplateBehavior [ RunTime:0.010258s ]
INFO: [ view_parse ] --END-- [ RunTime:0.010369s ]
INFO: [ view_filter ] --START--
INFO: Run Behavior\WriteHtmlCacheBehavior [ RunTime:0.000335s ]
INFO: [ view_filter ] --END-- [ RunTime:0.000393s ]
INFO: [ app_end ] --START--
INFO: Run Behavior\ShowPageTraceBehavior [ RunTime:0.000944s ]
INFO: [ app_end ] --END-- [ RunTime:0.001045s ]

[ 2016-03-04T08:55:23+08:00 ] 127.0.0.1 /php3xiangmu/index.php/Home/Index/videos
INFO: [ app_init ] --START--
INFO: Run Behavior\BuildLiteBehavior [ RunTime:0.000020s ]
INFO: [ app_init ] --END-- [ RunTime:0.000562s ]
INFO: [ app_begin ] --START--
INFO: Run Behavior\ReadHtmlCacheBehavior [ RunTime:0.000755s ]
INFO: [ app_begin ] --END-- [ RunTime:0.000819s ]
NOTIC: [2048] Declaration of Home\Model\WmvModel::find() should be compatible with that of Think\Model::find() D:\web\apache\htdocs\php3xiangmu\Apps\Home\Model\WmvModel.class.php 第 4 行.
SQL: SHOW COLUMNS FROM `wmv` [ RunTime:0.0060s ]
SQL: SHOW COLUMNS FROM `wmv` [ RunTime:0.0051s ]
SQL: SELECT * FROM `wmv` WHERE `statue` = 1  [ RunTime:0.0009s ]
INFO: [ view_parse ] --START--
INFO: [ template_filter ] --START--
INFO: Run Behavior\ContentReplaceBehavior [ RunTime:0.000088s ]
INFO: [ template_filter ] --END-- [ RunTime:0.000158s ]
INFO: Run Behavior\ParseTemplateBehavior [ RunTime:0.010408s ]
INFO: [ view_parse ] --END-- [ RunTime:0.010531s ]
INFO: [ view_filter ] --START--
INFO: Run Behavior\WriteHtmlCacheBehavior [ RunTime:0.000327s ]
INFO: [ view_filter ] --END-- [ RunTime:0.000386s ]
INFO: [ app_end ] --START--
INFO: Run Behavior\ShowPageTraceBehavior [ RunTime:0.000854s ]
INFO: [ app_end ] --END-- [ RunTime:0.000942s ]

[ 2016-03-04T08:55:45+08:00 ] 127.0.0.1 /php3xiangmu/index.php/Home/Index/contact
INFO: [ app_init ] --START--
INFO: Run Behavior\BuildLiteBehavior [ RunTime:0.000016s ]
INFO: [ app_init ] --END-- [ RunTime:0.000395s ]
INFO: [ app_begin ] --START--
INFO: Run Behavior\ReadHtmlCacheBehavior [ RunTime:0.000932s ]
INFO: [ app_begin ] --END-- [ RunTime:0.001085s ]
INFO: [ view_parse ] --START--
INFO: [ template_filter ] --START--
INFO: Run Behavior\ContentReplaceBehavior [ RunTime:0.000085s ]
INFO: [ template_filter ] --END-- [ RunTime:0.000170s ]
INFO: Run Behavior\ParseTemplateBehavior [ RunTime:0.007916s ]
INFO: [ view_parse ] --END-- [ RunTime:0.008006s ]
INFO: [ view_filter ] --START--
INFO: Run Behavior\WriteHtmlCacheBehavior [ RunTime:0.000352s ]
INFO: [ view_filter ] --END-- [ RunTime:0.000402s ]
INFO: [ app_end ] --START--
INFO: Run Behavior\ShowPageTraceBehavior [ RunTime:0.000553s ]
INFO: [ app_end ] --END-- [ RunTime:0.000606s ]

[ 2016-03-04T09:00:52+08:00 ] 127.0.0.1 /php3xiangmu/index.php/Home/Index/contact
INFO: [ app_init ] --START--
INFO: Run Behavior\BuildLiteBehavior [ RunTime:0.000014s ]
INFO: [ app_init ] --END-- [ RunTime:0.000405s ]
INFO: [ app_begin ] --START--
INFO: Run Behavior\ReadHtmlCacheBehavior [ RunTime:0.000683s ]
INFO: [ app_begin ] --END-- [ RunTime:0.000741s ]
INFO: [ view_parse ] --START--
INFO: [ template_filter ] --START--
INFO: Run Behavior\ContentReplaceBehavior [ RunTime:0.000117s ]
INFO: [ template_filter ] --END-- [ RunTime:0.000223s ]
INFO: Run Behavior\ParseTemplateBehavior [ RunTime:0.009221s ]
INFO: [ view_parse ] --END-- [ RunTime:0.009332s ]
INFO: [ view_filter ] --START--
INFO: Run Behavior\WriteHtmlCacheBehavior [ RunTime:0.000320s ]
INFO: [ view_filter ] --END-- [ RunTime:0.000368s ]
INFO: [ app_end ] --START--
INFO: Run Behavior\ShowPageTraceBehavior [ RunTime:0.000703s ]
INFO: [ app_end ] --END-- [ RunTime:0.000773s ]

[ 2016-03-04T09:02:12+08:00 ] 127.0.0.1 /php3xiangmu/index.php/Home/Index/contact
INFO: [ app_init ] --START--
INFO: Run Behavior\BuildLiteBehavior [ RunTime:0.000015s ]
INFO: [ app_init ] --END-- [ RunTime:0.000387s ]
INFO: [ app_begin ] --START--
INFO: Run Behavior\ReadHtmlCacheBehavior [ RunTime:0.000986s ]
INFO: [ app_begin ] --END-- [ RunTime:0.001272s ]
INFO: [ view_parse ] --START--
INFO: [ template_filter ] --START--
INFO: Run Behavior\ContentReplaceBehavior [ RunTime:0.000082s ]
INFO: [ template_filter ] --END-- [ RunTime:0.000160s ]
INFO: Run Behavior\ParseTemplateBehavior [ RunTime:0.007896s ]
INFO: [ view_parse ] --END-- [ RunTime:0.007980s ]
INFO: [ view_filter ] --START--
INFO: Run Behavior\WriteHtmlCacheBehavior [ RunTime:0.000259s ]
INFO: [ view_filter ] --END-- [ RunTime:0.000309s ]
INFO: [ app_end ] --START--
INFO: Run Behavior\ShowPageTraceBehavior [ RunTime:0.000493s ]
INFO: [ app_end ] --END-- [ RunTime:0.000559s ]

[ 2016-03-04T09:02:40+08:00 ] 127.0.0.1 /php3xiangmu/index.php/Home/Index/contact
INFO: [ app_init ] --START--
INFO: Run Behavior\BuildLiteBehavior [ RunTime:0.000022s ]
INFO: [ app_init ] --END-- [ RunTime:0.000703s ]
INFO: [ app_begin ] --START--
INFO: Run Behavior\ReadHtmlCacheBehavior [ RunTime:0.001321s ]
INFO: [ app_begin ] --END-- [ RunTime:0.001477s ]
INFO: [ view_parse ] --START--
INFO: [ template_filter ] --START--
INFO: Run Behavior\ContentReplaceBehavior [ RunTime:0.000094s ]
INFO: [ template_filter ] --END-- [ RunTime:0.000181s ]
INFO: Run Behavior\ParseTemplateBehavior [ RunTime:0.007494s ]
INFO: [ view_parse ] --END-- [ RunTime:0.007571s ]
INFO: [ view_filter ] --START--
INFO: Run Behavior\WriteHtmlCacheBehavior [ RunTime:0.000245s ]
INFO: [ view_filter ] --END-- [ RunTime:0.000302s ]
INFO: [ app_end ] --START--
INFO: Run Behavior\ShowPageTraceBehavior [ RunTime:0.000476s ]
INFO: [ app_end ] --END-- [ RunTime:0.000535s ]

[ 2016-03-04T09:04:20+08:00 ] 127.0.0.1 /php3xiangmu/index.php/Home/Index/contact
INFO: [ app_init ] --START--
INFO: Run Behavior\BuildLiteBehavior [ RunTime:0.000022s ]
INFO: [ app_init ] --END-- [ RunTime:0.000616s ]
INFO: [ app_begin ] --START--
INFO: Run Behavior\ReadHtmlCacheBehavior [ RunTime:0.000682s ]
INFO: [ app_begin ] --END-- [ RunTime:0.000762s ]
INFO: [ view_parse ] --START--
INFO: [ template_filter ] --START--
INFO: Run Behavior\ContentReplaceBehavior [ RunTime:0.000098s ]
INFO: [ template_filter ] --END-- [ RunTime:0.000187s ]
INFO: Run Behavior\ParseTemplateBehavior [ RunTime:0.008464s ]
INFO: [ view_parse ] --END-- [ RunTime:0.008571s ]
INFO: [ view_filter ] --START--
INFO: Run Behavior\WriteHtmlCacheBehavior [ RunTime:0.000388s ]
INFO: [ view_filter ] --END-- [ RunTime:0.000464s ]
INFO: [ app_end ] --START--
INFO: Run Behavior\ShowPageTraceBehavior [ RunTime:0.000635s ]
INFO: [ app_end ] --END-- [ RunTime:0.000721s ]

[ 2016-03-04T09:08:52+08:00 ] 127.0.0.1 /php3xiangmu/index.php/Home/Index/contact
INFO: [ app_init ] --START--
INFO: Run Behavior\BuildLiteBehavior [ RunTime:0.000017s ]
INFO: [ app_init ] --END-- [ RunTime:0.000645s ]
INFO: [ app_begin ] --START--
INFO: Run Behavior\ReadHtmlCacheBehavior [ RunTime:0.001654s ]
INFO: [ app_begin ] --END-- [ RunTime:0.001876s ]
INFO: [ view_parse ] --START--
INFO: [ template_filter ] --START--
INFO: Run Behavior\ContentReplaceBehavior [ RunTime:0.000103s ]
INFO: [ template_filter ] --END-- [ RunTime:0.000207s ]
INFO: Run Behavior\ParseTemplateBehavior [ RunTime:0.008645s ]
INFO: [ view_parse ] --END-- [ RunTime:0.008738s ]
INFO: [ view_filter ] --START--
INFO: Run Behavior\WriteHtmlCacheBehavior [ RunTime:0.000639s ]
INFO: [ view_filter ] --END-- [ RunTime:0.000738s ]
INFO: [ app_end ] --START--
INFO: Run Behavior\ShowPageTraceBehavior [ RunTime:0.000694s ]
INFO: [ app_end ] --END-- [ RunTime:0.000768s ]

[ 2016-03-04T09:09:54+08:00 ] 127.0.0.1 /php3xiangmu/index.php/Home/Index/contact
INFO: [ app_init ] --START--
INFO: Run Behavior\BuildLiteBehavior [ RunTime:0.000023s ]
INFO: [ app_init ] --END-- [ RunTime:0.000576s ]
INFO: [ app_begin ] --START--
INFO: Run Behavior\ReadHtmlCacheBehavior [ RunTime:0.000597s ]
INFO: [ app_begin ] --END-- [ RunTime:0.000677s ]
INFO: [ view_parse ] --START--
INFO: [ template_filter ] --START--
INFO: Run Behavior\ContentReplaceBehavior [ RunTime:0.000097s ]
INFO: [ template_filter ] --END-- [ RunTime:0.000185s ]
INFO: Run Behavior\ParseTemplateBehavior [ RunTime:0.007252s ]
INFO: [ view_parse ] --END-- [ RunTime:0.007386s ]
INFO: [ view_filter ] --START--
INFO: Run Behavior\WriteHtmlCacheBehavior [ RunTime:0.000279s ]
INFO: [ view_filter ] --END-- [ RunTime:0.000330s ]
INFO: [ app_end ] --START--
INFO: Run Behavior\ShowPageTraceBehavior [ RunTime:0.000554s ]
INFO: [ app_end ] --END-- [ RunTime:0.000612s ]

[ 2016-03-04T09:09:56+08:00 ] 127.0.0.1 /php3xiangmu/index.php/Home/Index/contact
INFO: [ app_init ] --START--
INFO: Run Behavior\BuildLiteBehavior [ RunTime:0.000026s ]
INFO: [ app_init ] --END-- [ RunTime:0.000466s ]
INFO: [ app_begin ] --START--
INFO: Run Behavior\ReadHtmlCacheBehavior [ RunTime:0.000873s ]
INFO: [ app_begin ] --END-- [ RunTime:0.000996s ]
INFO: [ view_parse ] --START--
INFO: [ template_filter ] --START--
INFO: Run Behavior\ContentReplaceBehavior [ RunTime:0.000137s ]
INFO: [ template_filter ] --END-- [ RunTime:0.000281s ]
INFO: Run Behavior\ParseTemplateBehavior [ RunTime:0.010680s ]
INFO: [ view_parse ] --END-- [ RunTime:0.010795s ]
INFO: [ view_filter ] --START--
INFO: Run Behavior\WriteHtmlCacheBehavior [ RunTime:0.000288s ]
INFO: [ view_filter ] --END-- [ RunTime:0.000349s ]
INFO: [ app_end ] --START--
INFO: Run Behavior\ShowPageTraceBehavior [ RunTime:0.000574s ]
INFO: [ app_end ] --END-- [ RunTime:0.000643s ]

[ 2016-03-04T09:10:25+08:00 ] 127.0.0.1 /php3xiangmu/index.php/Home/Index/contact
INFO: [ app_init ] --START--
INFO: Run Behavior\BuildLiteBehavior [ RunTime:0.000015s ]
INFO: [ app_init ] --END-- [ RunTime:0.000563s ]
INFO: [ app_begin ] --START--
INFO: Run Behavior\ReadHtmlCacheBehavior [ RunTime:0.000806s ]
INFO: [ app_begin ] --END-- [ RunTime:0.000920s ]
INFO: [ view_parse ] --START--
INFO: [ template_filter ] --START--
INFO: Run Behavior\ContentReplaceBehavior [ RunTime:0.000133s ]
INFO: [ template_filter ] --END-- [ RunTime:0.000234s ]
INFO: Run Behavior\ParseTemplateBehavior [ RunTime:0.009145s ]
INFO: [ view_parse ] --END-- [ RunTime:0.009232s ]
INFO: [ view_filter ] --START--
INFO: Run Behavior\WriteHtmlCacheBehavior [ RunTime:0.000316s ]
INFO: [ view_filter ] --END-- [ RunTime:0.000395s ]
INFO: [ app_end ] --START--
INFO: Run Behavior\ShowPageTraceBehavior [ RunTime:0.000633s ]
INFO: [ app_end ] --END-- [ RunTime:0.000716s ]

[ 2016-03-04T09:11:36+08:00 ] 127.0.0.1 /php3xiangmu/index.php/Home/Index/contact
INFO: [ app_init ] --START--
INFO: Run Behavior\BuildLiteBehavior [ RunTime:0.000017s ]
INFO: [ app_init ] --END-- [ RunTime:0.000426s ]
INFO: [ app_begin ] --START--
INFO: Run Behavior\ReadHtmlCacheBehavior [ RunTime:0.001873s ]
INFO: [ app_begin ] --END-- [ RunTime:0.002096s ]
INFO: [ view_parse ] --START--
INFO: [ template_filter ] --START--
INFO: Run Behavior\ContentReplaceBehavior [ RunTime:0.000109s ]
INFO: [ template_filter ] --END-- [ RunTime:0.000217s ]
INFO: Run Behavior\ParseTemplateBehavior [ RunTime:0.007719s ]
INFO: [ view_parse ] --END-- [ RunTime:0.007812s ]
INFO: [ view_filter ] --START--
INFO: Run Behavior\WriteHtmlCacheBehavior [ RunTime:0.000379s ]
INFO: [ view_filter ] --END-- [ RunTime:0.000457s ]
INFO: [ app_end ] --START--
INFO: Run Behavior\ShowPageTraceBehavior [ RunTime:0.000608s ]
INFO: [ app_end ] --END-- [ RunTime:0.000680s ]

[ 2016-03-04T09:12:34+08:00 ] 127.0.0.1 /php3xiangmu/index.php/Home/Index/contact
INFO: [ app_init ] --START--
INFO: Run Behavior\BuildLiteBehavior [ RunTime:0.000015s ]
INFO: [ app_init ] --END-- [ RunTime:0.000467s ]
INFO: [ app_begin ] --START--
INFO: Run Behavior\ReadHtmlCacheBehavior [ RunTime:0.000893s ]
INFO: [ app_begin ] --END-- [ RunTime:0.000984s ]
INFO: [ view_parse ] --START--
INFO: [ template_filter ] --START--
INFO: Run Behavior\ContentReplaceBehavior [ RunTime:0.000105s ]
INFO: [ template_filter ] --END-- [ RunTime:0.000182s ]
INFO: Run Behavior\ParseTemplateBehavior [ RunTime:0.007860s ]
INFO: [ view_parse ] --END-- [ RunTime:0.007971s ]
INFO: [ view_filter ] --START--
INFO: Run Behavior\WriteHtmlCacheBehavior [ RunTime:0.000343s ]
INFO: [ view_filter ] --END-- [ RunTime:0.000400s ]
INFO: [ app_end ] --START--
INFO: Run Behavior\ShowPageTraceBehavior [ RunTime:0.000677s ]
INFO: [ app_end ] --END-- [ RunTime:0.000759s ]

[ 2016-03-04T09:13:36+08:00 ] 127.0.0.1 /php3xiangmu/index.php/Home/Index/reviews
INFO: [ app_init ] --START--
INFO: Run Behavior\BuildLiteBehavior [ RunTime:0.000013s ]
INFO: [ app_init ] --END-- [ RunTime:0.000355s ]
INFO: [ app_begin ] --START--
INFO: Run Behavior\ReadHtmlCacheBehavior [ RunTime:0.000755s ]
INFO: [ app_begin ] --END-- [ RunTime:0.000850s ]
NOTIC: [2048] Declaration of Home\Model\WmvModel::find() should be compatible with that of Think\Model::find() D:\web\apache\htdocs\php3xiangmu\Apps\Home\Model\WmvModel.class.php 第 4 行.
SQL: SHOW COLUMNS FROM `wmv` [ RunTime:0.0056s ]
NOTIC: [2] Missing argument 1 for Home\Model\WmvModel::show(), called in D:\web\apache\htdocs\php3xiangmu\Apps\Home\Controller\IndexController.class.php on line 36 and defined D:\web\apache\htdocs\php3xiangmu\Apps\Home\Model\WmvModel.class.php 第 6 行.
SQL: SHOW COLUMNS FROM `wmv` [ RunTime:0.0049s ]
NOTIC: [8] Undefined variable: where D:\web\apache\htdocs\php3xiangmu\Apps\Home\Model\WmvModel.class.php 第 7 行.
SQL: SELECT * FROM `wmv`  [ RunTime:0.0013s ]
INFO: [ view_parse ] --START--
INFO: [ template_filter ] --START--
INFO: Run Behavior\ContentReplaceBehavior [ RunTime:0.000221s ]
INFO: [ template_filter ] --END-- [ RunTime:0.000325s ]
INFO: Run Behavior\ParseTemplateBehavior [ RunTime:0.015855s ]
INFO: [ view_parse ] --END-- [ RunTime:0.015970s ]
INFO: [ view_filter ] --START--
INFO: Run Behavior\WriteHtmlCacheBehavior [ RunTime:0.000627s ]
INFO: [ view_filter ] --END-- [ RunTime:0.000724s ]
INFO: [ app_end ] --START--
INFO: Run Behavior\ShowPageTraceBehavior [ RunTime:0.001413s ]
INFO: [ app_end ] --END-- [ RunTime:0.001550s ]

[ 2016-03-04T09:13:39+08:00 ] 127.0.0.1 /php3xiangmu/index.php/Home/Index/single/id/1
INFO: [ app_init ] --START--
INFO: Run Behavior\BuildLiteBehavior [ RunTime:0.000023s ]
INFO: [ app_init ] --END-- [ RunTime:0.000454s ]
INFO: [ app_begin ] --START--
INFO: Run Behavior\ReadHtmlCacheBehavior [ RunTime:0.000874s ]
INFO: [ app_begin ] --END-- [ RunTime:0.000982s ]
NOTIC: [2048] Declaration of Home\Model\WmvModel::find() should be compatible with that of Think\Model::find() D:\web\apache\htdocs\php3xiangmu\Apps\Home\Model\WmvModel.class.php 第 4 行.
SQL: SHOW COLUMNS FROM `wmv` [ RunTime:0.0057s ]
SQL: SHOW COLUMNS FROM `wmv` [ RunTime:0.0068s ]
SQL: SELECT * FROM `wmv` WHERE ( id='1' ) LIMIT 1   [ RunTime:0.0010s ]
NOTIC: [2048] Declaration of Home\Model\PingModel::add() should be compatible with that of Think\Model::add() D:\web\apache\htdocs\php3xiangmu\Apps\Home\Model\PingModel.class.php 第 15 行.
NOTIC: [2048] Declaration of Home\Model\PingModel::select() should be compatible with that of Think\Model::select() D:\web\apache\htdocs\php3xiangmu\Apps\Home\Model\PingModel.class.php 第 15 行.
SQL: SHOW COLUMNS FROM `ping` [ RunTime:0.0061s ]
SQL: SHOW COLUMNS FROM `ping` [ RunTime:0.0068s ]
SQL: SELECT * FROM `ping`  [ RunTime:0.0012s ]
INFO: [ view_parse ] --START--
INFO: [ template_filter ] --START--
INFO: Run Behavior\ContentReplaceBehavior [ RunTime:0.000272s ]
INFO: [ template_filter ] --END-- [ RunTime:0.000389s ]
NOTIC: [8] Use of undefined constant id - assumed 'id' D:\web\apache\htdocs\php3xiangmu\Runtime\Cache\Home\9d8d921080ff1edcbdb955e6e5c679fe.php 第 146 行.
NOTIC: [8] Use of undefined constant id - assumed 'id' D:\web\apache\htdocs\php3xiangmu\Runtime\Cache\Home\9d8d921080ff1edcbdb955e6e5c679fe.php 第 146 行.
NOTIC: [8] Use of undefined constant id - assumed 'id' D:\web\apache\htdocs\php3xiangmu\Runtime\Cache\Home\9d8d921080ff1edcbdb955e6e5c679fe.php 第 146 行.
NOTIC: [8] Use of undefined constant id - assumed 'id' D:\web\apache\htdocs\php3xiangmu\Runtime\Cache\Home\9d8d921080ff1edcbdb955e6e5c679fe.php 第 146 行.
NOTIC: [8] Use of undefined constant id - assumed 'id' D:\web\apache\htdocs\php3xiangmu\Runtime\Cache\Home\9d8d921080ff1edcbdb955e6e5c679fe.php 第 146 行.
NOTIC: [8] Use of undefined constant id - assumed 'id' D:\web\apache\htdocs\php3xiangmu\Runtime\Cache\Home\9d8d921080ff1edcbdb955e6e5c679fe.php 第 146 行.
NOTIC: [8] Use of undefined constant id - assumed 'id' D:\web\apache\htdocs\php3xiangmu\Runtime\Cache\Home\9d8d921080ff1edcbdb955e6e5c679fe.php 第 146 行.
NOTIC: [8] Use of undefined constant id - assumed 'id' D:\web\apache\htdocs\php3xiangmu\Runtime\Cache\Home\9d8d921080ff1edcbdb955e6e5c679fe.php 第 146 行.
NOTIC: [8] Use of undefined constant id - assumed 'id' D:\web\apache\htdocs\php3xiangmu\Runtime\Cache\Home\9d8d921080ff1edcbdb955e6e5c679fe.php 第 146 行.
NOTIC: [8] Use of undefined constant id - assumed 'id' D:\web\apache\htdocs\php3xiangmu\Runtime\Cache\Home\9d8d921080ff1edcbdb955e6e5c679fe.php 第 146 行.
NOTIC: [8] Use of undefined constant id - assumed 'id' D:\web\apache\htdocs\php3xiangmu\Runtime\Cache\Home\9d8d921080ff1edcbdb955e6e5c679fe.php 第 146 行.
NOTIC: [8] Use of undefined constant id - assumed 'id' D:\web\apache\htdocs\php3xiangmu\Runtime\Cache\Home\9d8d921080ff1edcbdb955e6e5c679fe.php 第 146 行.
NOTIC: [8] Use of undefined constant id - assumed 'id' D:\web\apache\htdocs\php3xiangmu\Runtime\Cache\Home\9d8d921080ff1edcbdb955e6e5c679fe.php 第 146 行.
NOTIC: [8] Use of undefined constant id - assumed 'id' D:\web\apache\htdocs\php3xiangmu\Runtime\Cache\Home\9d8d921080ff1edcbdb955e6e5c679fe.php 第 146 行.
NOTIC: [8] Use of undefined constant id - assumed 'id' D:\web\apache\htdocs\php3xiangmu\Runtime\Cache\Home\9d8d921080ff1edcbdb955e6e5c679fe.php 第 146 行.
NOTIC: [8] Use of undefined constant id - assumed 'id' D:\web\apache\htdocs\php3xiangmu\Runtime\Cache\Home\9d8d921080ff1edcbdb955e6e5c679fe.php 第 146 行.
NOTIC: [8] Use of undefined constant id - assumed 'id' D:\web\apache\htdocs\php3xiangmu\Runtime\Cache\Home\9d8d921080ff1edcbdb955e6e5c679fe.php 第 146 行.
NOTIC: [8] Use of undefined constant id - assumed 'id' D:\web\apache\htdocs\php3xiangmu\Runtime\Cache\Home\9d8d921080ff1edcbdb955e6e5c679fe.php 第 435 行.
INFO: Run Behavior\ParseTemplateBehavior [ RunTime:0.015043s ]
INFO: [ view_parse ] --END-- [ RunTime:0.015143s ]
INFO: [ view_filter ] --START--
INFO: Run Behavior\WriteHtmlCacheBehavior [ RunTime:0.000653s ]
INFO: [ view_filter ] --END-- [ RunTime:0.000761s ]
INFO: [ app_end ] --START--
INFO: Run Behavior\ShowPageTraceBehavior [ RunTime:0.001007s ]
INFO: [ app_end ] --END-- [ RunTime:0.001129s ]

[ 2016-03-04T09:14:54+08:00 ] 127.0.0.1 /php3xiangmu/index.php/Home/Index/reviews
INFO: [ app_init ] --START--
INFO: Run Behavior\BuildLiteBehavior [ RunTime:0.000014s ]
INFO: [ app_init ] --END-- [ RunTime:0.000391s ]
INFO: [ app_begin ] --START--
INFO: Run Behavior\ReadHtmlCacheBehavior [ RunTime:0.000442s ]
INFO: [ app_begin ] --END-- [ RunTime:0.000498s ]
NOTIC: [2048] Declaration of Home\Model\WmvModel::find() should be compatible with that of Think\Model::find() D:\web\apache\htdocs\php3xiangmu\Apps\Home\Model\WmvModel.class.php 第 4 行.
SQL: SHOW COLUMNS FROM `wmv` [ RunTime:0.0051s ]
NOTIC: [2] Missing argument 1 for Home\Model\WmvModel::show(), called in D:\web\apache\htdocs\php3xiangmu\Apps\Home\Controller\IndexController.class.php on line 36 and defined D:\web\apache\htdocs\php3xiangmu\Apps\Home\Model\WmvModel.class.php 第 6 行.
SQL: SHOW COLUMNS FROM `wmv` [ RunTime:0.0056s ]
NOTIC: [8] Undefined variable: where D:\web\apache\htdocs\php3xiangmu\Apps\Home\Model\WmvModel.class.php 第 7 行.
SQL: SELECT * FROM `wmv`  [ RunTime:0.0010s ]
INFO: [ view_parse ] --START--
INFO: [ template_filter ] --START--
INFO: Run Behavior\ContentReplaceBehavior [ RunTime:0.000126s ]
INFO: [ template_filter ] --END-- [ RunTime:0.000192s ]
INFO: Run Behavior\ParseTemplateBehavior [ RunTime:0.012221s ]
INFO: [ view_parse ] --END-- [ RunTime:0.012315s ]
INFO: [ view_filter ] --START--
INFO: Run Behavior\WriteHtmlCacheBehavior [ RunTime:0.000339s ]
INFO: [ view_filter ] --END-- [ RunTime:0.000391s ]
INFO: [ app_end ] --START--
INFO: Run Behavior\ShowPageTraceBehavior [ RunTime:0.000735s ]
INFO: [ app_end ] --END-- [ RunTime:0.000846s ]

[ 2016-03-04T09:14:59+08:00 ] 127.0.0.1 /php3xiangmu/index.php/Home/Index/reviews
INFO: [ app_init ] --START--
INFO: Run Behavior\BuildLiteBehavior [ RunTime:0.000044s ]
INFO: [ app_init ] --END-- [ RunTime:0.000873s ]
INFO: [ app_begin ] --START--
INFO: Run Behavior\ReadHtmlCacheBehavior [ RunTime:0.000992s ]
INFO: [ app_begin ] --END-- [ RunTime:0.001112s ]
NOTIC: [2048] Declaration of Home\Model\WmvModel::find() should be compatible with that of Think\Model::find() D:\web\apache\htdocs\php3xiangmu\Apps\Home\Model\WmvModel.class.php 第 4 行.
SQL: SHOW COLUMNS FROM `wmv` [ RunTime:0.0062s ]
NOTIC: [2] Missing argument 1 for Home\Model\WmvModel::show(), called in D:\web\apache\htdocs\php3xiangmu\Apps\Home\Controller\IndexController.class.php on line 36 and defined D:\web\apache\htdocs\php3xiangmu\Apps\Home\Model\WmvModel.class.php 第 6 行.
SQL: SHOW COLUMNS FROM `wmv` [ RunTime:0.0058s ]
NOTIC: [8] Undefined variable: where D:\web\apache\htdocs\php3xiangmu\Apps\Home\Model\WmvModel.class.php 第 7 行.
SQL: SELECT * FROM `wmv`  [ RunTime:0.0011s ]
INFO: [ view_parse ] --START--
INFO: [ template_filter ] --START--
INFO: Run Behavior\ContentReplaceBehavior [ RunTime:0.000151s ]
INFO: [ template_filter ] --END-- [ RunTime:0.000215s ]
INFO: Run Behavior\ParseTemplateBehavior [ RunTime:0.012296s ]
INFO: [ view_parse ] --END-- [ RunTime:0.012367s ]
INFO: [ view_filter ] --START--
INFO: Run Behavior\WriteHtmlCacheBehavior [ RunTime:0.000377s ]
INFO: [ view_filter ] --END-- [ RunTime:0.000424s ]
INFO: [ app_end ] --START--
INFO: Run Behavior\ShowPageTraceBehavior [ RunTime:0.001787s ]
INFO: [ app_end ] --END-- [ RunTime:0.002007s ]

[ 2016-03-04T09:15:02+08:00 ] 127.0.0.1 /php3xiangmu/index.php/Home/Index/videos
INFO: [ app_init ] --START--
INFO: Run Behavior\BuildLiteBehavior [ RunTime:0.000025s ]
INFO: [ app_init ] --END-- [ RunTime:0.000437s ]
INFO: [ app_begin ] --START--
INFO: Run Behavior\ReadHtmlCacheBehavior [ RunTime:0.000726s ]
INFO: [ app_begin ] --END-- [ RunTime:0.000805s ]
NOTIC: [2048] Declaration of Home\Model\WmvModel::find() should be compatible with that of Think\Model::find() D:\web\apache\htdocs\php3xiangmu\Apps\Home\Model\WmvModel.class.php 第 4 行.
SQL: SHOW COLUMNS FROM `wmv` [ RunTime:0.0049s ]
SQL: SHOW COLUMNS FROM `wmv` [ RunTime:0.0057s ]
SQL: SELECT * FROM `wmv` WHERE `statue` = 1  [ RunTime:0.0014s ]
INFO: [ view_parse ] --START--
INFO: [ template_filter ] --START--
INFO: Run Behavior\ContentReplaceBehavior [ RunTime:0.000086s ]
INFO: [ template_filter ] --END-- [ RunTime:0.000148s ]
INFO: Run Behavior\ParseTemplateBehavior [ RunTime:0.009225s ]
INFO: [ view_parse ] --END-- [ RunTime:0.009332s ]
INFO: [ view_filter ] --START--
INFO: Run Behavior\WriteHtmlCacheBehavior [ RunTime:0.000715s ]
INFO: [ view_filter ] --END-- [ RunTime:0.000788s ]
INFO: [ app_end ] --START--
INFO: Run Behavior\ShowPageTraceBehavior [ RunTime:0.000976s ]
INFO: [ app_end ] --END-- [ RunTime:0.001071s ]

[ 2016-03-04T09:15:05+08:00 ] 127.0.0.1 /php3xiangmu/index.php/Home/Index/reviews
INFO: [ app_init ] --START--
INFO: Run Behavior\BuildLiteBehavior [ RunTime:0.000026s ]
INFO: [ app_init ] --END-- [ RunTime:0.000618s ]
INFO: [ app_begin ] --START--
INFO: Run Behavior\ReadHtmlCacheBehavior [ RunTime:0.000933s ]
INFO: [ app_begin ] --END-- [ RunTime:0.001023s ]
NOTIC: [2048] Declaration of Home\Model\WmvModel::find() should be compatible with that of Think\Model::find() D:\web\apache\htdocs\php3xiangmu\Apps\Home\Model\WmvModel.class.php 第 4 行.
SQL: SHOW COLUMNS FROM `wmv` [ RunTime:0.0065s ]
NOTIC: [2] Missing argument 1 for Home\Model\WmvModel::show(), called in D:\web\apache\htdocs\php3xiangmu\Apps\Home\Controller\IndexController.class.php on line 36 and defined D:\web\apache\htdocs\php3xiangmu\Apps\Home\Model\WmvModel.class.php 第 6 行.
SQL: SHOW COLUMNS FROM `wmv` [ RunTime:0.0075s ]
NOTIC: [8] Undefined variable: where D:\web\apache\htdocs\php3xiangmu\Apps\Home\Model\WmvModel.class.php 第 7 行.
SQL: SELECT * FROM `wmv`  [ RunTime:0.0010s ]
INFO: [ view_parse ] --START--
INFO: [ template_filter ] --START--
INFO: Run Behavior\ContentReplaceBehavior [ RunTime:0.000210s ]
INFO: [ template_filter ] --END-- [ RunTime:0.000320s ]
INFO: Run Behavior\ParseTemplateBehavior [ RunTime:0.014825s ]
INFO: [ view_parse ] --END-- [ RunTime:0.014923s ]
INFO: [ view_filter ] --START--
INFO: Run Behavior\WriteHtmlCacheBehavior [ RunTime:0.000275s ]
INFO: [ view_filter ] --END-- [ RunTime:0.000325s ]
INFO: [ app_end ] --START--
INFO: Run Behavior\ShowPageTraceBehavior [ RunTime:0.001502s ]
INFO: [ app_end ] --END-- [ RunTime:0.001939s ]

[ 2016-03-04T09:18:03+08:00 ] 127.0.0.1 /php3xiangmu/index.php/Home/Index/index
INFO: [ app_init ] --START--
INFO: Run Behavior\BuildLiteBehavior [ RunTime:0.000020s ]
INFO: [ app_init ] --END-- [ RunTime:0.000504s ]
INFO: [ app_begin ] --START--
INFO: Run Behavior\ReadHtmlCacheBehavior [ RunTime:0.000682s ]
INFO: [ app_begin ] --END-- [ RunTime:0.000792s ]
INFO: [ view_parse ] --START--
INFO: [ template_filter ] --START--
INFO: Run Behavior\ContentReplaceBehavior [ RunTime:0.000098s ]
INFO: [ template_filter ] --END-- [ RunTime:0.000173s ]
INFO: Run Behavior\ParseTemplateBehavior [ RunTime:0.009492s ]
INFO: [ view_parse ] --END-- [ RunTime:0.009598s ]
INFO: [ view_filter ] --START--
INFO: Run Behavior\WriteHtmlCacheBehavior [ RunTime:0.000357s ]
INFO: [ view_filter ] --END-- [ RunTime:0.000412s ]
INFO: [ app_end ] --START--
INFO: Run Behavior\ShowPageTraceBehavior [ RunTime:0.001161s ]
INFO: [ app_end ] --END-- [ RunTime:0.001284s ]

[ 2016-03-04T09:18:03+08:00 ] 127.0.0.1 /php3xiangmu/index.php/Home/Index/images/logo.png
INFO: [ app_init ] --START--
INFO: Run Behavior\BuildLiteBehavior [ RunTime:0.000023s ]
INFO: [ app_init ] --END-- [ RunTime:0.000527s ]

[ 2016-03-04T09:18:22+08:00 ] 127.0.0.1 /php3xiangmu/index.php/Home/Index/reviews
INFO: [ app_init ] --START--
INFO: Run Behavior\BuildLiteBehavior [ RunTime:0.000014s ]
INFO: [ app_init ] --END-- [ RunTime:0.000328s ]
INFO: [ app_begin ] --START--
INFO: Run Behavior\ReadHtmlCacheBehavior [ RunTime:0.000535s ]
INFO: [ app_begin ] --END-- [ RunTime:0.000604s ]
NOTIC: [2048] Declaration of Home\Model\WmvModel::find() should be compatible with that of Think\Model::find() D:\web\apache\htdocs\php3xiangmu\Apps\Home\Model\WmvModel.class.php 第 4 行.
SQL: SHOW COLUMNS FROM `wmv` [ RunTime:0.0084s ]
NOTIC: [2] Missing argument 1 for Home\Model\WmvModel::show(), called in D:\web\apache\htdocs\php3xiangmu\Apps\Home\Controller\IndexController.class.php on line 36 and defined D:\web\apache\htdocs\php3xiangmu\Apps\Home\Model\WmvModel.class.php 第 6 行.
SQL: SHOW COLUMNS FROM `wmv` [ RunTime:0.0060s ]
NOTIC: [8] Undefined variable: where D:\web\apache\htdocs\php3xiangmu\Apps\Home\Model\WmvModel.class.php 第 7 行.
SQL: SELECT * FROM `wmv`  [ RunTime:0.0012s ]
INFO: [ view_parse ] --START--
INFO: [ template_filter ] --START--
INFO: Run Behavior\ContentReplaceBehavior [ RunTime:0.000159s ]
INFO: [ template_filter ] --END-- [ RunTime:0.000241s ]
INFO: Run Behavior\ParseTemplateBehavior [ RunTime:0.011619s ]
INFO: [ view_parse ] --END-- [ RunTime:0.011690s ]
INFO: [ view_filter ] --START--
INFO: Run Behavior\WriteHtmlCacheBehavior [ RunTime:0.000227s ]
INFO: [ view_filter ] --END-- [ RunTime:0.000275s ]
INFO: [ app_end ] --START--
INFO: Run Behavior\ShowPageTraceBehavior [ RunTime:0.000770s ]
INFO: [ app_end ] --END-- [ RunTime:0.000916s ]

[ 2016-03-04T09:22:16+08:00 ] 127.0.0.1 /php3xiangmu/index.php/Home/Index/reviews
INFO: [ app_init ] --START--
INFO: Run Behavior\BuildLiteBehavior [ RunTime:0.000024s ]
INFO: [ app_init ] --END-- [ RunTime:0.000599s ]
INFO: [ app_begin ] --START--
INFO: Run Behavior\ReadHtmlCacheBehavior [ RunTime:0.000917s ]
INFO: [ app_begin ] --END-- [ RunTime:0.001022s ]
NOTIC: [2048] Declaration of Home\Model\WmvModel::find() should be compatible with that of Think\Model::find() D:\web\apache\htdocs\php3xiangmu\Apps\Home\Model\WmvModel.class.php 第 4 行.
SQL: SHOW COLUMNS FROM `wmv` [ RunTime:0.0051s ]
NOTIC: [2] Missing argument 1 for Home\Model\WmvModel::show(), called in D:\web\apache\htdocs\php3xiangmu\Apps\Home\Controller\IndexController.class.php on line 36 and defined D:\web\apache\htdocs\php3xiangmu\Apps\Home\Model\WmvModel.class.php 第 6 行.
SQL: SHOW COLUMNS FROM `wmv` [ RunTime:0.0068s ]
NOTIC: [8] Undefined variable: where D:\web\apache\htdocs\php3xiangmu\Apps\Home\Model\WmvModel.class.php 第 7 行.
SQL: SELECT * FROM `wmv`  [ RunTime:0.0011s ]
INFO: [ view_parse ] --START--
INFO: [ template_filter ] --START--
INFO: Run Behavior\ContentReplaceBehavior [ RunTime:0.000132s ]
INFO: [ template_filter ] --END-- [ RunTime:0.000207s ]
INFO: Run Behavior\ParseTemplateBehavior [ RunTime:0.014063s ]
INFO: [ view_parse ] --END-- [ RunTime:0.014148s ]
INFO: [ view_filter ] --START--
INFO: Run Behavior\WriteHtmlCacheBehavior [ RunTime:0.000382s ]
INFO: [ view_filter ] --END-- [ RunTime:0.000435s ]
INFO: [ app_end ] --START--
INFO: Run Behavior\ShowPageTraceBehavior [ RunTime:0.000834s ]
INFO: [ app_end ] --END-- [ RunTime:0.000960s ]

[ 2016-03-04T09:22:20+08:00 ] 127.0.0.1 /php3xiangmu/index.php/Home/Index/reviews
INFO: [ app_init ] --START--
INFO: Run Behavior\BuildLiteBehavior [ RunTime:0.000026s ]
INFO: [ app_init ] --END-- [ RunTime:0.000721s ]
INFO: [ app_begin ] --START--
INFO: Run Behavior\ReadHtmlCacheBehavior [ RunTime:0.000858s ]
INFO: [ app_begin ] --END-- [ RunTime:0.000982s ]
NOTIC: [2048] Declaration of Home\Model\WmvModel::find() should be compatible with that of Think\Model::find() D:\web\apache\htdocs\php3xiangmu\Apps\Home\Model\WmvModel.class.php 第 4 行.
SQL: SHOW COLUMNS FROM `wmv` [ RunTime:0.0057s ]
NOTIC: [2] Missing argument 1 for Home\Model\WmvModel::show(), called in D:\web\apache\htdocs\php3xiangmu\Apps\Home\Controller\IndexController.class.php on line 36 and defined D:\web\apache\htdocs\php3xiangmu\Apps\Home\Model\WmvModel.class.php 第 6 行.
SQL: SHOW COLUMNS FROM `wmv` [ RunTime:0.0072s ]
NOTIC: [8] Undefined variable: where D:\web\apache\htdocs\php3xiangmu\Apps\Home\Model\WmvModel.class.php 第 7 行.
SQL: SELECT * FROM `wmv`  [ RunTime:0.0013s ]
INFO: [ view_parse ] --START--
INFO: [ template_filter ] --START--
INFO: Run Behavior\ContentReplaceBehavior [ RunTime:0.000205s ]
INFO: [ template_filter ] --END-- [ RunTime:0.000341s ]
INFO: Run Behavior\ParseTemplateBehavior [ RunTime:0.013869s ]
INFO: [ view_parse ] --END-- [ RunTime:0.013981s ]
INFO: [ view_filter ] --START--
INFO: Run Behavior\WriteHtmlCacheBehavior [ RunTime:0.000379s ]
INFO: [ view_filter ] --END-- [ RunTime:0.000432s ]
INFO: [ app_end ] --START--
INFO: Run Behavior\ShowPageTraceBehavior [ RunTime:0.001030s ]
INFO: [ app_end ] --END-- [ RunTime:0.001168s ]

[ 2016-03-04T09:22:27+08:00 ] 127.0.0.1 /php3xiangmu/index.php/Home/Index/reviews
INFO: [ app_init ] --START--
INFO: Run Behavior\BuildLiteBehavior [ RunTime:0.000025s ]
INFO: [ app_init ] --END-- [ RunTime:0.000612s ]
INFO: [ app_begin ] --START--
INFO: Run Behavior\ReadHtmlCacheBehavior [ RunTime:0.000523s ]
INFO: [ app_begin ] --END-- [ RunTime:0.000597s ]
NOTIC: [2048] Declaration of Home\Model\WmvModel::find() should be compatible with that of Think\Model::find() D:\web\apache\htdocs\php3xiangmu\Apps\Home\Model\WmvModel.class.php 第 4 行.
SQL: SHOW COLUMNS FROM `wmv` [ RunTime:0.0056s ]
NOTIC: [2] Missing argument 1 for Home\Model\WmvModel::show(), called in D:\web\apache\htdocs\php3xiangmu\Apps\Home\Controller\IndexController.class.php on line 36 and defined D:\web\apache\htdocs\php3xiangmu\Apps\Home\Model\WmvModel.class.php 第 6 行.
SQL: SHOW COLUMNS FROM `wmv` [ RunTime:0.0054s ]
NOTIC: [8] Undefined variable: where D:\web\apache\htdocs\php3xiangmu\Apps\Home\Model\WmvModel.class.php 第 7 行.
SQL: SELECT * FROM `wmv`  [ RunTime:0.0010s ]
INFO: [ view_parse ] --START--
INFO: [ template_filter ] --START--
INFO: Run Behavior\ContentReplaceBehavior [ RunTime:0.000119s ]
INFO: [ template_filter ] --END-- [ RunTime:0.000180s ]
INFO: Run Behavior\ParseTemplateBehavior [ RunTime:0.011978s ]
INFO: [ view_parse ] --END-- [ RunTime:0.012075s ]
INFO: [ view_filter ] --START--
INFO: Run Behavior\WriteHtmlCacheBehavior [ RunTime:0.000236s ]
INFO: [ view_filter ] --END-- [ RunTime:0.000282s ]
INFO: [ app_end ] --START--
INFO: Run Behavior\ShowPageTraceBehavior [ RunTime:0.000691s ]
INFO: [ app_end ] --END-- [ RunTime:0.000772s ]

[ 2016-03-04T09:22:36+08:00 ] 127.0.0.1 /php3xiangmu/index.php/Home/Index/hehe
INFO: [ app_init ] --START--
INFO: Run Behavior\BuildLiteBehavior [ RunTime:0.000022s ]
INFO: [ app_init ] --END-- [ RunTime:0.001205s ]
INFO: [ app_begin ] --START--
INFO: Run Behavior\ReadHtmlCacheBehavior [ RunTime:0.000786s ]
INFO: [ app_begin ] --END-- [ RunTime:0.000889s ]
NOTIC: [2048] Declaration of Home\Model\WmvModel::find() should be compatible with that of Think\Model::find() D:\web\apache\htdocs\php3xiangmu\Apps\Home\Model\WmvModel.class.php 第 4 行.
SQL: SHOW COLUMNS FROM `wmv` [ RunTime:0.0056s ]
SQL: SHOW COLUMNS FROM `wmv` [ RunTime:0.0073s ]
SQL: SELECT * FROM `wmv` WHERE ( id='' ) LIMIT 1   [ RunTime:0.0012s ]
INFO: [ view_parse ] --START--
INFO: [ template_filter ] --START--
INFO: Run Behavior\ContentReplaceBehavior [ RunTime:0.000066s ]
INFO: [ template_filter ] --END-- [ RunTime:0.000140s ]
INFO: Run Behavior\ParseTemplateBehavior [ RunTime:0.007903s ]
INFO: [ view_parse ] --END-- [ RunTime:0.008003s ]
INFO: [ view_filter ] --START--
INFO: Run Behavior\WriteHtmlCacheBehavior [ RunTime:0.000363s ]
INFO: [ view_filter ] --END-- [ RunTime:0.000415s ]
INFO: [ app_end ] --START--
INFO: Run Behavior\ShowPageTraceBehavior [ RunTime:0.000687s ]
INFO: [ app_end ] --END-- [ RunTime:0.000762s ]

[ 2016-03-04T09:22:40+08:00 ] 127.0.0.1 /php3xiangmu/index.php/Home/Index/contact
INFO: [ app_init ] --START--
INFO: Run Behavior\BuildLiteBehavior [ RunTime:0.000025s ]
INFO: [ app_init ] --END-- [ RunTime:0.000577s ]
INFO: [ app_begin ] --START--
INFO: Run Behavior\ReadHtmlCacheBehavior [ RunTime:0.001222s ]
INFO: [ app_begin ] --END-- [ RunTime:0.001345s ]
INFO: [ view_parse ] --START--
INFO: [ template_filter ] --START--
INFO: Run Behavior\ContentReplaceBehavior [ RunTime:0.000127s ]
INFO: [ template_filter ] --END-- [ RunTime:0.000246s ]
INFO: Run Behavior\ParseTemplateBehavior [ RunTime:0.010692s ]
INFO: [ view_parse ] --END-- [ RunTime:0.010801s ]
INFO: [ view_filter ] --START--
INFO: Run Behavior\WriteHtmlCacheBehavior [ RunTime:0.000338s ]
INFO: [ view_filter ] --END-- [ RunTime:0.000423s ]
INFO: [ app_end ] --START--
INFO: Run Behavior\ShowPageTraceBehavior [ RunTime:0.000517s ]
INFO: [ app_end ] --END-- [ RunTime:0.000596s ]

[ 2016-03-04T09:22:55+08:00 ] 127.0.0.1 /php3xiangmu/index.php/Home/Index/reviews
INFO: [ app_init ] --START--
INFO: Run Behavior\BuildLiteBehavior [ RunTime:0.000017s ]
INFO: [ app_init ] --END-- [ RunTime:0.000355s ]
INFO: [ app_begin ] --START--
INFO: Run Behavior\ReadHtmlCacheBehavior [ RunTime:0.000488s ]
INFO: [ app_begin ] --END-- [ RunTime:0.000552s ]
NOTIC: [2048] Declaration of Home\Model\WmvModel::find() should be compatible with that of Think\Model::find() D:\web\apache\htdocs\php3xiangmu\Apps\Home\Model\WmvModel.class.php 第 4 行.
SQL: SHOW COLUMNS FROM `wmv` [ RunTime:0.0070s ]
NOTIC: [2] Missing argument 1 for Home\Model\WmvModel::show(), called in D:\web\apache\htdocs\php3xiangmu\Apps\Home\Controller\IndexController.class.php on line 36 and defined D:\web\apache\htdocs\php3xiangmu\Apps\Home\Model\WmvModel.class.php 第 6 行.
SQL: SHOW COLUMNS FROM `wmv` [ RunTime:0.0070s ]
NOTIC: [8] Undefined variable: where D:\web\apache\htdocs\php3xiangmu\Apps\Home\Model\WmvModel.class.php 第 7 行.
SQL: SELECT * FROM `wmv`  [ RunTime:0.0008s ]
INFO: [ view_parse ] --START--
INFO: [ template_filter ] --START--
INFO: Run Behavior\ContentReplaceBehavior [ RunTime:0.000139s ]
INFO: [ template_filter ] --END-- [ RunTime:0.000221s ]
INFO: Run Behavior\ParseTemplateBehavior [ RunTime:0.012181s ]
INFO: [ view_parse ] --END-- [ RunTime:0.012311s ]
INFO: [ view_filter ] --START--
INFO: Run Behavior\WriteHtmlCacheBehavior [ RunTime:0.000317s ]
INFO: [ view_filter ] --END-- [ RunTime:0.000371s ]
INFO: [ app_end ] --START--
INFO: Run Behavior\ShowPageTraceBehavior [ RunTime:0.000837s ]
INFO: [ app_end ] --END-- [ RunTime:0.000950s ]

[ 2016-03-04T09:23:08+08:00 ] 127.0.0.1 /php3xiangmu/index.php/Home/Index/videos
INFO: [ app_init ] --START--
INFO: Run Behavior\BuildLiteBehavior [ RunTime:0.000015s ]
INFO: [ app_init ] --END-- [ RunTime:0.000430s ]
INFO: [ app_begin ] --START--
INFO: Run Behavior\ReadHtmlCacheBehavior [ RunTime:0.000992s ]
INFO: [ app_begin ] --END-- [ RunTime:0.001108s ]
NOTIC: [2048] Declaration of Home\Model\WmvModel::find() should be compatible with that of Think\Model::find() D:\web\apache\htdocs\php3xiangmu\Apps\Home\Model\WmvModel.class.php 第 4 行.
SQL: SHOW COLUMNS FROM `wmv` [ RunTime:0.0064s ]
SQL: SHOW COLUMNS FROM `wmv` [ RunTime:0.0062s ]
SQL: SELECT * FROM `wmv` WHERE `statue` = 1  [ RunTime:0.0009s ]
INFO: [ view_parse ] --START--
INFO: [ template_filter ] --START--
INFO: Run Behavior\ContentReplaceBehavior [ RunTime:0.000145s ]
INFO: [ template_filter ] --END-- [ RunTime:0.000261s ]
INFO: Run Behavior\ParseTemplateBehavior [ RunTime:0.012265s ]
INFO: [ view_parse ] --END-- [ RunTime:0.012373s ]
INFO: [ view_filter ] --START--
INFO: Run Behavior\WriteHtmlCacheBehavior [ RunTime:0.000947s ]
INFO: [ view_filter ] --END-- [ RunTime:0.001133s ]
INFO: [ app_end ] --START--
INFO: Run Behavior\ShowPageTraceBehavior [ RunTime:0.001018s ]
INFO: [ app_end ] --END-- [ RunTime:0.001134s ]

[ 2016-03-04T09:24:01+08:00 ] 127.0.0.1 /php3xiangmu/index.php/Home/Index/reviews
INFO: [ app_init ] --START--
INFO: Run Behavior\BuildLiteBehavior [ RunTime:0.000024s ]
INFO: [ app_init ] --END-- [ RunTime:0.000706s ]
INFO: [ app_begin ] --START--
INFO: Run Behavior\ReadHtmlCacheBehavior [ RunTime:0.000662s ]
INFO: [ app_begin ] --END-- [ RunTime:0.000735s ]
NOTIC: [2048] Declaration of Home\Model\WmvModel::find() should be compatible with that of Think\Model::find() D:\web\apache\htdocs\php3xiangmu\Apps\Home\Model\WmvModel.class.php 第 4 行.
SQL: SHOW COLUMNS FROM `wmv` [ RunTime:0.0054s ]
NOTIC: [2] Missing argument 1 for Home\Model\WmvModel::show(), called in D:\web\apache\htdocs\php3xiangmu\Apps\Home\Controller\IndexController.class.php on line 36 and defined D:\web\apache\htdocs\php3xiangmu\Apps\Home\Model\WmvModel.class.php 第 6 行.
SQL: SHOW COLUMNS FROM `wmv` [ RunTime:0.0054s ]
NOTIC: [8] Undefined variable: where D:\web\apache\htdocs\php3xiangmu\Apps\Home\Model\WmvModel.class.php 第 7 行.
SQL: SELECT * FROM `wmv`  [ RunTime:0.0011s ]
INFO: [ view_parse ] --START--
INFO: [ template_filter ] --START--
INFO: Run Behavior\ContentReplaceBehavior [ RunTime:0.000129s ]
INFO: [ template_filter ] --END-- [ RunTime:0.000195s ]
INFO: Run Behavior\ParseTemplateBehavior [ RunTime:0.012628s ]
INFO: [ view_parse ] --END-- [ RunTime:0.012707s ]
INFO: [ view_filter ] --START--
INFO: Run Behavior\WriteHtmlCacheBehavior [ RunTime:0.000337s ]
INFO: [ view_filter ] --END-- [ RunTime:0.000386s ]
INFO: [ app_end ] --START--
INFO: Run Behavior\ShowPageTraceBehavior [ RunTime:0.000694s ]
INFO: [ app_end ] --END-- [ RunTime:0.000775s ]

[ 2016-03-04T09:24:23+08:00 ] 127.0.0.1 /php3xiangmu/index.php/Home/Index/videos
INFO: [ app_init ] --START--
INFO: Run Behavior\BuildLiteBehavior [ RunTime:0.000025s ]
INFO: [ app_init ] --END-- [ RunTime:0.000630s ]
INFO: [ app_begin ] --START--
INFO: Run Behavior\ReadHtmlCacheBehavior [ RunTime:0.000895s ]
INFO: [ app_begin ] --END-- [ RunTime:0.001019s ]
NOTIC: [2048] Declaration of Home\Model\WmvModel::find() should be compatible with that of Think\Model::find() D:\web\apache\htdocs\php3xiangmu\Apps\Home\Model\WmvModel.class.php 第 4 行.
SQL: SHOW COLUMNS FROM `wmv` [ RunTime:0.0064s ]
SQL: SHOW COLUMNS FROM `wmv` [ RunTime:0.0073s ]
SQL: SELECT * FROM `wmv` WHERE `statue` = 1  [ RunTime:0.0013s ]
INFO: [ view_parse ] --START--
INFO: [ template_filter ] --START--
INFO: Run Behavior\ContentReplaceBehavior [ RunTime:0.000103s ]
INFO: [ template_filter ] --END-- [ RunTime:0.000195s ]
INFO: Run Behavior\ParseTemplateBehavior [ RunTime:0.010685s ]
INFO: [ view_parse ] --END-- [ RunTime:0.010789s ]
INFO: [ view_filter ] --START--
INFO: Run Behavior\WriteHtmlCacheBehavior [ RunTime:0.000459s ]
INFO: [ view_filter ] --END-- [ RunTime:0.000528s ]
INFO: [ app_end ] --START--
INFO: Run Behavior\ShowPageTraceBehavior [ RunTime:0.000984s ]
INFO: [ app_end ] --END-- [ RunTime:0.001089s ]

[ 2016-03-04T09:24:30+08:00 ] 127.0.0.1 /php3xiangmu/index.php/Home/Index/reviews
INFO: [ app_init ] --START--
INFO: Run Behavior\BuildLiteBehavior [ RunTime:0.000029s ]
INFO: [ app_init ] --END-- [ RunTime:0.000815s ]
INFO: [ app_begin ] --START--
INFO: Run Behavior\ReadHtmlCacheBehavior [ RunTime:0.001067s ]
INFO: [ app_begin ] --END-- [ RunTime:0.001184s ]
NOTIC: [2048] Declaration of Home\Model\WmvModel::find() should be compatible with that of Think\Model::find() D:\web\apache\htdocs\php3xiangmu\Apps\Home\Model\WmvModel.class.php 第 4 行.
SQL: SHOW COLUMNS FROM `wmv` [ RunTime:0.0063s ]
NOTIC: [2] Missing argument 1 for Home\Model\WmvModel::show(), called in D:\web\apache\htdocs\php3xiangmu\Apps\Home\Controller\IndexController.class.php on line 36 and defined D:\web\apache\htdocs\php3xiangmu\Apps\Home\Model\WmvModel.class.php 第 6 行.
SQL: SHOW COLUMNS FROM `wmv` [ RunTime:0.0077s ]
NOTIC: [8] Undefined variable: where D:\web\apache\htdocs\php3xiangmu\Apps\Home\Model\WmvModel.class.php 第 7 行.
SQL: SELECT * FROM `wmv`  [ RunTime:0.0013s ]
INFO: [ view_parse ] --START--
INFO: [ template_filter ] --START--
INFO: Run Behavior\ContentReplaceBehavior [ RunTime:0.000203s ]
INFO: [ template_filter ] --END-- [ RunTime:0.000309s ]
INFO: Run Behavior\ParseTemplateBehavior [ RunTime:0.018326s ]
INFO: [ view_parse ] --END-- [ RunTime:0.018441s ]
INFO: [ view_filter ] --START--
INFO: Run Behavior\WriteHtmlCacheBehavior [ RunTime:0.000400s ]
INFO: [ view_filter ] --END-- [ RunTime:0.000457s ]
INFO: [ app_end ] --START--
INFO: Run Behavior\ShowPageTraceBehavior [ RunTime:0.001085s ]
INFO: [ app_end ] --END-- [ RunTime:0.016617s ]

[ 2016-03-04T10:06:36+08:00 ] 127.0.0.1 /php3xiangmu/index.php/Home/Index/index
INFO: [ app_init ] --START--
INFO: Run Behavior\BuildLiteBehavior [ RunTime:0.000017s ]
INFO: [ app_init ] --END-- [ RunTime:0.000394s ]
INFO: [ app_begin ] --START--
INFO: Run Behavior\ReadHtmlCacheBehavior [ RunTime:0.000833s ]
INFO: [ app_begin ] --END-- [ RunTime:0.000925s ]
INFO: [ view_parse ] --START--
INFO: [ template_filter ] --START--
INFO: Run Behavior\ContentReplaceBehavior [ RunTime:0.000095s ]
INFO: [ template_filter ] --END-- [ RunTime:0.000168s ]
INFO: Run Behavior\ParseTemplateBehavior [ RunTime:0.009017s ]
INFO: [ view_parse ] --END-- [ RunTime:0.009109s ]
INFO: [ view_filter ] --START--
INFO: Run Behavior\WriteHtmlCacheBehavior [ RunTime:0.000551s ]
INFO: [ view_filter ] --END-- [ RunTime:0.000647s ]
INFO: [ app_end ] --START--
INFO: Run Behavior\ShowPageTraceBehavior [ RunTime:0.001039s ]
INFO: [ app_end ] --END-- [ RunTime:0.001151s ]

[ 2016-03-04T10:06:36+08:00 ] 127.0.0.1 /php3xiangmu/index.php/Home/Index/images/logo.png
INFO: [ app_init ] --START--
INFO: Run Behavior\BuildLiteBehavior [ RunTime:0.000022s ]
INFO: [ app_init ] --END-- [ RunTime:0.000565s ]

[ 2016-03-04T21:07:33+08:00 ] 127.0.0.1 /php3xiangmu/index.php
INFO: [ app_init ] --START--
INFO: Run Behavior\BuildLiteBehavior [ RunTime:0.000019s ]
INFO: [ app_init ] --END-- [ RunTime:0.000520s ]
INFO: [ app_begin ] --START--
INFO: Run Behavior\ReadHtmlCacheBehavior [ RunTime:0.000905s ]
INFO: [ app_begin ] --END-- [ RunTime:0.001014s ]
INFO: [ view_parse ] --START--
INFO: [ template_filter ] --START--
INFO: Run Behavior\ContentReplaceBehavior [ RunTime:0.000111s ]
INFO: [ template_filter ] --END-- [ RunTime:0.000206s ]
INFO: Run Behavior\ParseTemplateBehavior [ RunTime:0.013664s ]
INFO: [ view_parse ] --END-- [ RunTime:0.013914s ]
INFO: [ view_filter ] --START--
INFO: Run Behavior\WriteHtmlCacheBehavior [ RunTime:0.001168s ]
INFO: [ view_filter ] --END-- [ RunTime:0.001250s ]
INFO: [ app_end ] --START--
INFO: Run Behavior\ShowPageTraceBehavior [ RunTime:0.001193s ]
INFO: [ app_end ] --END-- [ RunTime:0.001316s ]

