[ 2016-03-26T08:33:30+08:00 ] 127.0.0.1 /wendaxiangmu/index.php/Home/Ask/lian
INFO: [ app_begin ] --START--
INFO: Run Behavior\ReadHtmlCacheBehavior [ RunTime:0.000500s ]
INFO: [ app_begin ] --END-- [ RunTime:0.000827s ]
SQL: SHOW COLUMNS FROM `category` [ RunTime:0.0040s ]
SQL: SELECT * FROM `category` WHERE ( p_id=1 )  [ RunTime:0.0005s ]
INFO: [ app_end ] --START--
INFO: Run Behavior\ShowPageTraceBehavior [ RunTime:0.000616s ]
INFO: [ app_end ] --END-- [ RunTime:0.000672s ]

[ 2016-03-26T08:33:31+08:00 ] 127.0.0.1 /wendaxiangmu/index.php/Home/Ask/lian
INFO: [ app_begin ] --START--
INFO: Run Behavior\ReadHtmlCacheBehavior [ RunTime:0.000421s ]
INFO: [ app_begin ] --END-- [ RunTime:0.000736s ]
SQL: SHOW COLUMNS FROM `category` [ RunTime:0.0044s ]
SQL: SELECT * FROM `category` WHERE ( p_id=23 )  [ RunTime:0.0006s ]
INFO: [ app_end ] --START--
INFO: Run Behavior\ShowPageTraceBehavior [ RunTime:0.000574s ]
INFO: [ app_end ] --END-- [ RunTime:0.000632s ]

[ 2016-03-26T08:33:32+08:00 ] 127.0.0.1 /wendaxiangmu/index.php/Home/Ask/lian
INFO: [ app_begin ] --START--
INFO: Run Behavior\ReadHtmlCacheBehavior [ RunTime:0.000386s ]
INFO: [ app_begin ] --END-- [ RunTime:0.000669s ]
SQL: SHOW COLUMNS FROM `category` [ RunTime:0.0049s ]
SQL: SELECT * FROM `category` WHERE ( p_id=27 )  [ RunTime:0.0009s ]
INFO: [ app_end ] --START--
INFO: Run Behavior\ShowPageTraceBehavior [ RunTime:0.000566s ]
INFO: [ app_end ] --END-- [ RunTime:0.000626s ]

[ 2016-03-26T09:15:30+08:00 ] 127.0.0.1 /wendaxiangmu/index.php/Home/Ask/lian
INFO: [ app_begin ] --START--
INFO: Run Behavior\ReadHtmlCacheBehavior [ RunTime:0.000537s ]
INFO: [ app_begin ] --END-- [ RunTime:0.000968s ]
SQL: SHOW COLUMNS FROM `category` [ RunTime:0.0039s ]
SQL: SELECT * FROM `category` WHERE ( p_id=1 )  [ RunTime:0.0006s ]
INFO: [ app_end ] --START--
INFO: Run Behavior\ShowPageTraceBehavior [ RunTime:0.000526s ]
INFO: [ app_end ] --END-- [ RunTime:0.000581s ]

[ 2016-03-26T09:15:34+08:00 ] 127.0.0.1 /wendaxiangmu/index.php/Home/Ask/lian
INFO: [ app_begin ] --START--
INFO: Run Behavior\ReadHtmlCacheBehavior [ RunTime:0.000840s ]
INFO: [ app_begin ] --END-- [ RunTime:0.001737s ]
SQL: SHOW COLUMNS FROM `category` [ RunTime:0.0055s ]
SQL: SELECT * FROM `category` WHERE ( p_id=23 )  [ RunTime:0.0010s ]
INFO: [ app_end ] --START--
INFO: Run Behavior\ShowPageTraceBehavior [ RunTime:0.000593s ]
INFO: [ app_end ] --END-- [ RunTime:0.000664s ]

[ 2016-03-26T09:15:38+08:00 ] 127.0.0.1 /wendaxiangmu/index.php/Home/Ask/lian
INFO: [ app_begin ] --START--
INFO: Run Behavior\ReadHtmlCacheBehavior [ RunTime:0.000619s ]
INFO: [ app_begin ] --END-- [ RunTime:0.001146s ]
SQL: SHOW COLUMNS FROM `category` [ RunTime:0.0053s ]
SQL: SELECT * FROM `category` WHERE ( p_id=27 )  [ RunTime:0.0008s ]
INFO: [ app_end ] --START--
INFO: Run Behavior\ShowPageTraceBehavior [ RunTime:0.000640s ]
INFO: [ app_end ] --END-- [ RunTime:0.000717s ]

[ 2016-03-26T09:28:39+08:00 ] 127.0.0.1 /wendaxiangmu/index.php/Home/Ask/lian
INFO: [ app_begin ] --START--
INFO: Run Behavior\ReadHtmlCacheBehavior [ RunTime:0.000423s ]
INFO: [ app_begin ] --END-- [ RunTime:0.000713s ]
SQL: SHOW COLUMNS FROM `category` [ RunTime:0.0053s ]
SQL: SELECT * FROM `category` WHERE ( p_id=1 )  [ RunTime:0.0010s ]
INFO: [ app_end ] --START--
INFO: Run Behavior\ShowPageTraceBehavior [ RunTime:0.000559s ]
INFO: [ app_end ] --END-- [ RunTime:0.000620s ]

[ 2016-03-26T09:28:40+08:00 ] 127.0.0.1 /wendaxiangmu/index.php/Home/Ask/lian
INFO: [ app_begin ] --START--
INFO: Run Behavior\ReadHtmlCacheBehavior [ RunTime:0.000802s ]
INFO: [ app_begin ] --END-- [ RunTime:0.001441s ]
SQL: SHOW COLUMNS FROM `category` [ RunTime:0.0044s ]
SQL: SELECT * FROM `category` WHERE ( p_id=23 )  [ RunTime:0.0007s ]
INFO: [ app_end ] --START--
INFO: Run Behavior\ShowPageTraceBehavior [ RunTime:0.000570s ]
INFO: [ app_end ] --END-- [ RunTime:0.000649s ]

[ 2016-03-26T09:28:42+08:00 ] 127.0.0.1 /wendaxiangmu/index.php/Home/Ask/lian
INFO: [ app_begin ] --START--
INFO: Run Behavior\ReadHtmlCacheBehavior [ RunTime:0.000773s ]
INFO: [ app_begin ] --END-- [ RunTime:0.001371s ]
SQL: SHOW COLUMNS FROM `category` [ RunTime:0.0063s ]
SQL: SELECT * FROM `category` WHERE ( p_id=27 )  [ RunTime:0.0010s ]
INFO: [ app_end ] --START--
INFO: Run Behavior\ShowPageTraceBehavior [ RunTime:0.000870s ]
INFO: [ app_end ] --END-- [ RunTime:0.000982s ]

[ 2016-03-26T09:29:36+08:00 ] 127.0.0.1 /wendaxiangmu/index.php/Home/Ask/lian
INFO: [ app_begin ] --START--
INFO: Run Behavior\ReadHtmlCacheBehavior [ RunTime:0.000414s ]
INFO: [ app_begin ] --END-- [ RunTime:0.000755s ]
SQL: SHOW COLUMNS FROM `category` [ RunTime:0.0043s ]
SQL: SELECT * FROM `category` WHERE ( p_id=1 )  [ RunTime:0.0009s ]
INFO: [ app_end ] --START--
INFO: Run Behavior\ShowPageTraceBehavior [ RunTime:0.000516s ]
INFO: [ app_end ] --END-- [ RunTime:0.000572s ]

[ 2016-03-26T09:29:38+08:00 ] 127.0.0.1 /wendaxiangmu/index.php/Home/Ask/lian
INFO: [ app_begin ] --START--
INFO: Run Behavior\ReadHtmlCacheBehavior [ RunTime:0.000439s ]
INFO: [ app_begin ] --END-- [ RunTime:0.000794s ]
SQL: SHOW COLUMNS FROM `category` [ RunTime:0.0046s ]
SQL: SELECT * FROM `category` WHERE ( p_id=23 )  [ RunTime:0.0008s ]
INFO: [ app_end ] --START--
INFO: Run Behavior\ShowPageTraceBehavior [ RunTime:0.000621s ]
INFO: [ app_end ] --END-- [ RunTime:0.000680s ]

[ 2016-03-26T09:29:40+08:00 ] 127.0.0.1 /wendaxiangmu/index.php/Home/Ask/lian
INFO: [ app_begin ] --START--
INFO: Run Behavior\ReadHtmlCacheBehavior [ RunTime:0.000506s ]
INFO: [ app_begin ] --END-- [ RunTime:0.000866s ]
SQL: SHOW COLUMNS FROM `category` [ RunTime:0.0056s ]
SQL: SELECT * FROM `category` WHERE ( p_id=27 )  [ RunTime:0.0008s ]
INFO: [ app_end ] --START--
INFO: Run Behavior\ShowPageTraceBehavior [ RunTime:0.000916s ]
INFO: [ app_end ] --END-- [ RunTime:0.001021s ]

[ 2016-03-26T09:31:40+08:00 ] 127.0.0.1 /wendaxiangmu/index.php/Home/Ask/lian
INFO: [ app_begin ] --START--
INFO: Run Behavior\ReadHtmlCacheBehavior [ RunTime:0.000834s ]
INFO: [ app_begin ] --END-- [ RunTime:0.001337s ]
SQL: SHOW COLUMNS FROM `category` [ RunTime:0.0042s ]
SQL: SELECT * FROM `category` WHERE ( p_id=1 )  [ RunTime:0.0007s ]
INFO: [ app_end ] --START--
INFO: Run Behavior\ShowPageTraceBehavior [ RunTime:0.000801s ]
INFO: [ app_end ] --END-- [ RunTime:0.000879s ]

[ 2016-03-26T09:31:42+08:00 ] 127.0.0.1 /wendaxiangmu/index.php/Home/Ask/lian
INFO: [ app_begin ] --START--
INFO: Run Behavior\ReadHtmlCacheBehavior [ RunTime:0.000404s ]
INFO: [ app_begin ] --END-- [ RunTime:0.000924s ]
SQL: SHOW COLUMNS FROM `category` [ RunTime:0.0043s ]
SQL: SELECT * FROM `category` WHERE ( p_id=23 )  [ RunTime:0.0008s ]
INFO: [ app_end ] --START--
INFO: Run Behavior\ShowPageTraceBehavior [ RunTime:0.000717s ]
INFO: [ app_end ] --END-- [ RunTime:0.000793s ]

[ 2016-03-26T09:31:43+08:00 ] 127.0.0.1 /wendaxiangmu/index.php/Home/Ask/lian
INFO: [ app_begin ] --START--
INFO: Run Behavior\ReadHtmlCacheBehavior [ RunTime:0.000816s ]
INFO: [ app_begin ] --END-- [ RunTime:0.001385s ]
SQL: SHOW COLUMNS FROM `category` [ RunTime:0.0052s ]
SQL: SELECT * FROM `category` WHERE ( p_id=27 )  [ RunTime:0.0011s ]
INFO: [ app_end ] --START--
INFO: Run Behavior\ShowPageTraceBehavior [ RunTime:0.000586s ]
INFO: [ app_end ] --END-- [ RunTime:0.000648s ]

[ 2016-03-26T09:32:25+08:00 ] 127.0.0.1 /wendaxiangmu/index.php/Home/Ask/lian
INFO: [ app_begin ] --START--
INFO: Run Behavior\ReadHtmlCacheBehavior [ RunTime:0.000575s ]
INFO: [ app_begin ] --END-- [ RunTime:0.000971s ]
SQL: SHOW COLUMNS FROM `category` [ RunTime:0.0046s ]
SQL: SELECT * FROM `category` WHERE ( p_id=1 )  [ RunTime:0.0007s ]
INFO: [ app_end ] --START--
INFO: Run Behavior\ShowPageTraceBehavior [ RunTime:0.000599s ]
INFO: [ app_end ] --END-- [ RunTime:0.000658s ]

[ 2016-03-26T09:32:27+08:00 ] 127.0.0.1 /wendaxiangmu/index.php/Home/Ask/lian
INFO: [ app_begin ] --START--
INFO: Run Behavior\ReadHtmlCacheBehavior [ RunTime:0.000478s ]
INFO: [ app_begin ] --END-- [ RunTime:0.000910s ]
SQL: SHOW COLUMNS FROM `category` [ RunTime:0.0049s ]
SQL: SELECT * FROM `category` WHERE ( p_id=23 )  [ RunTime:0.0012s ]
INFO: [ app_end ] --START--
INFO: Run Behavior\ShowPageTraceBehavior [ RunTime:0.000626s ]
INFO: [ app_end ] --END-- [ RunTime:0.000686s ]

[ 2016-03-26T09:32:29+08:00 ] 127.0.0.1 /wendaxiangmu/index.php/Home/Ask/lian
INFO: [ app_begin ] --START--
INFO: Run Behavior\ReadHtmlCacheBehavior [ RunTime:0.000714s ]
INFO: [ app_begin ] --END-- [ RunTime:0.001299s ]
SQL: SHOW COLUMNS FROM `category` [ RunTime:0.0051s ]
SQL: SELECT * FROM `category` WHERE ( p_id=27 )  [ RunTime:0.0009s ]
INFO: [ app_end ] --START--
INFO: Run Behavior\ShowPageTraceBehavior [ RunTime:0.000531s ]
INFO: [ app_end ] --END-- [ RunTime:0.000600s ]

[ 2016-03-26T09:33:27+08:00 ] 127.0.0.1 /wendaxiangmu/index.php/Home/Ask/lian
INFO: [ app_begin ] --START--
INFO: Run Behavior\ReadHtmlCacheBehavior [ RunTime:0.000469s ]
INFO: [ app_begin ] --END-- [ RunTime:0.000818s ]
SQL: SHOW COLUMNS FROM `category` [ RunTime:0.0042s ]
SQL: SELECT * FROM `category` WHERE ( p_id=1 )  [ RunTime:0.0008s ]
INFO: [ app_end ] --START--
INFO: Run Behavior\ShowPageTraceBehavior [ RunTime:0.000700s ]
INFO: [ app_end ] --END-- [ RunTime:0.000755s ]

[ 2016-03-26T09:33:28+08:00 ] 127.0.0.1 /wendaxiangmu/index.php/Home/Ask/lian
INFO: [ app_begin ] --START--
INFO: Run Behavior\ReadHtmlCacheBehavior [ RunTime:0.000793s ]
INFO: [ app_begin ] --END-- [ RunTime:0.001403s ]
SQL: SHOW COLUMNS FROM `category` [ RunTime:0.0045s ]
SQL: SELECT * FROM `category` WHERE ( p_id=23 )  [ RunTime:0.0008s ]
INFO: [ app_end ] --START--
INFO: Run Behavior\ShowPageTraceBehavior [ RunTime:0.000618s ]
INFO: [ app_end ] --END-- [ RunTime:0.000692s ]

[ 2016-03-26T09:33:28+08:00 ] 127.0.0.1 /wendaxiangmu/index.php/Home/Ask/lian
INFO: [ app_begin ] --START--
INFO: Run Behavior\ReadHtmlCacheBehavior [ RunTime:0.000446s ]
INFO: [ app_begin ] --END-- [ RunTime:0.000806s ]
SQL: SHOW COLUMNS FROM `category` [ RunTime:0.0041s ]
SQL: SELECT * FROM `category` WHERE ( p_id=27 )  [ RunTime:0.0008s ]
INFO: [ app_end ] --START--
INFO: Run Behavior\ShowPageTraceBehavior [ RunTime:0.000844s ]
INFO: [ app_end ] --END-- [ RunTime:0.000985s ]

[ 2016-03-26T09:43:54+08:00 ] 127.0.0.1 /wendaxiangmu/index.php/Home/Ask/lian
INFO: [ app_begin ] --START--
INFO: Run Behavior\ReadHtmlCacheBehavior [ RunTime:0.000586s ]
INFO: [ app_begin ] --END-- [ RunTime:0.000963s ]
SQL: SHOW COLUMNS FROM `category` [ RunTime:0.0048s ]
SQL: SELECT * FROM `category` WHERE ( p_id=1 )  [ RunTime:0.0008s ]
INFO: [ app_end ] --START--
INFO: Run Behavior\ShowPageTraceBehavior [ RunTime:0.000822s ]
INFO: [ app_end ] --END-- [ RunTime:0.000910s ]

[ 2016-03-26T09:43:56+08:00 ] 127.0.0.1 /wendaxiangmu/index.php/Home/Ask/lian
INFO: [ app_begin ] --START--
INFO: Run Behavior\ReadHtmlCacheBehavior [ RunTime:0.000790s ]
INFO: [ app_begin ] --END-- [ RunTime:0.001381s ]
SQL: SHOW COLUMNS FROM `category` [ RunTime:0.0053s ]
SQL: SELECT * FROM `category` WHERE ( p_id=23 )  [ RunTime:0.0009s ]
INFO: [ app_end ] --START--
INFO: Run Behavior\ShowPageTraceBehavior [ RunTime:0.000692s ]
INFO: [ app_end ] --END-- [ RunTime:0.000754s ]

[ 2016-03-26T09:43:58+08:00 ] 127.0.0.1 /wendaxiangmu/index.php/Home/Ask/lian
INFO: [ app_begin ] --START--
INFO: Run Behavior\ReadHtmlCacheBehavior [ RunTime:0.000504s ]
INFO: [ app_begin ] --END-- [ RunTime:0.000907s ]
SQL: SHOW COLUMNS FROM `category` [ RunTime:0.0048s ]
SQL: SELECT * FROM `category` WHERE ( p_id=27 )  [ RunTime:0.0009s ]
INFO: [ app_end ] --START--
INFO: Run Behavior\ShowPageTraceBehavior [ RunTime:0.000867s ]
INFO: [ app_end ] --END-- [ RunTime:0.000949s ]

[ 2016-03-26T09:47:40+08:00 ] 127.0.0.1 /wendaxiangmu/index.php/Home/Ask/lian
INFO: [ app_begin ] --START--
INFO: Run Behavior\ReadHtmlCacheBehavior [ RunTime:0.000396s ]
INFO: [ app_begin ] --END-- [ RunTime:0.000690s ]
SQL: SHOW COLUMNS FROM `category` [ RunTime:0.0048s ]
SQL: SELECT * FROM `category` WHERE ( p_id=1 )  [ RunTime:0.0010s ]
INFO: [ app_end ] --START--
INFO: Run Behavior\ShowPageTraceBehavior [ RunTime:0.000611s ]
INFO: [ app_end ] --END-- [ RunTime:0.000688s ]

[ 2016-03-26T09:47:43+08:00 ] 127.0.0.1 /wendaxiangmu/index.php/Home/Ask/lian
INFO: [ app_begin ] --START--
INFO: Run Behavior\ReadHtmlCacheBehavior [ RunTime:0.000537s ]
INFO: [ app_begin ] --END-- [ RunTime:0.000953s ]
SQL: SHOW COLUMNS FROM `category` [ RunTime:0.0042s ]
SQL: SELECT * FROM `category` WHERE ( p_id=23 )  [ RunTime:0.0007s ]
INFO: [ app_end ] --START--
INFO: Run Behavior\ShowPageTraceBehavior [ RunTime:0.000654s ]
INFO: [ app_end ] --END-- [ RunTime:0.000714s ]

[ 2016-03-26T09:47:44+08:00 ] 127.0.0.1 /wendaxiangmu/index.php/Home/Ask/lian
INFO: [ app_begin ] --START--
INFO: Run Behavior\ReadHtmlCacheBehavior [ RunTime:0.000450s ]
INFO: [ app_begin ] --END-- [ RunTime:0.000864s ]
SQL: SHOW COLUMNS FROM `category` [ RunTime:0.0046s ]
SQL: SELECT * FROM `category` WHERE ( p_id=27 )  [ RunTime:0.0007s ]
INFO: [ app_end ] --START--
INFO: Run Behavior\ShowPageTraceBehavior [ RunTime:0.000744s ]
INFO: [ app_end ] --END-- [ RunTime:0.000805s ]

[ 2016-03-26T09:48:38+08:00 ] 127.0.0.1 /wendaxiangmu/index.php/Home/Ask/lian
INFO: [ app_begin ] --START--
INFO: Run Behavior\ReadHtmlCacheBehavior [ RunTime:0.000510s ]
INFO: [ app_begin ] --END-- [ RunTime:0.000950s ]
SQL: SHOW COLUMNS FROM `category` [ RunTime:0.0049s ]
SQL: SELECT * FROM `category` WHERE ( p_id=1 )  [ RunTime:0.0009s ]
INFO: [ app_end ] --START--
INFO: Run Behavior\ShowPageTraceBehavior [ RunTime:0.000686s ]
INFO: [ app_end ] --END-- [ RunTime:0.000771s ]

[ 2016-03-26T09:48:40+08:00 ] 127.0.0.1 /wendaxiangmu/index.php/Home/Ask/lian
INFO: [ app_begin ] --START--
INFO: Run Behavior\ReadHtmlCacheBehavior [ RunTime:0.000701s ]
INFO: [ app_begin ] --END-- [ RunTime:0.001233s ]
SQL: SHOW COLUMNS FROM `category` [ RunTime:0.0041s ]
SQL: SELECT * FROM `category` WHERE ( p_id=23 )  [ RunTime:0.0007s ]
INFO: [ app_end ] --START--
INFO: Run Behavior\ShowPageTraceBehavior [ RunTime:0.000794s ]
INFO: [ app_end ] --END-- [ RunTime:0.000859s ]

[ 2016-03-26T09:48:41+08:00 ] 127.0.0.1 /wendaxiangmu/index.php/Home/Ask/lian
INFO: [ app_begin ] --START--
INFO: Run Behavior\ReadHtmlCacheBehavior [ RunTime:0.000713s ]
INFO: [ app_begin ] --END-- [ RunTime:0.001254s ]
SQL: SHOW COLUMNS FROM `category` [ RunTime:0.0044s ]
SQL: SELECT * FROM `category` WHERE ( p_id=27 )  [ RunTime:0.0007s ]
INFO: [ app_end ] --START--
INFO: Run Behavior\ShowPageTraceBehavior [ RunTime:0.000563s ]
INFO: [ app_end ] --END-- [ RunTime:0.000631s ]

[ 2016-03-26T10:32:09+08:00 ] 127.0.0.1 /wendaxiangmu/index.php/Home/Ask/lian
INFO: [ app_begin ] --START--
INFO: Run Behavior\ReadHtmlCacheBehavior [ RunTime:0.000532s ]
INFO: [ app_begin ] --END-- [ RunTime:0.000920s ]
SQL: SHOW COLUMNS FROM `category` [ RunTime:0.0047s ]
SQL: SELECT * FROM `category` WHERE ( p_id=1 )  [ RunTime:0.0009s ]
INFO: [ app_end ] --START--
INFO: Run Behavior\ShowPageTraceBehavior [ RunTime:0.000649s ]
INFO: [ app_end ] --END-- [ RunTime:0.000725s ]

[ 2016-03-26T10:32:11+08:00 ] 127.0.0.1 /wendaxiangmu/index.php/Home/Ask/lian
INFO: [ app_begin ] --START--
INFO: Run Behavior\ReadHtmlCacheBehavior [ RunTime:0.000469s ]
INFO: [ app_begin ] --END-- [ RunTime:0.000891s ]
SQL: SHOW COLUMNS FROM `category` [ RunTime:0.0045s ]
SQL: SELECT * FROM `category` WHERE ( p_id=23 )  [ RunTime:0.0010s ]
INFO: [ app_end ] --START--
INFO: Run Behavior\ShowPageTraceBehavior [ RunTime:0.001006s ]
INFO: [ app_end ] --END-- [ RunTime:0.001137s ]

[ 2016-03-26T10:32:13+08:00 ] 127.0.0.1 /wendaxiangmu/index.php/Home/Ask/lian
INFO: [ app_begin ] --START--
INFO: Run Behavior\ReadHtmlCacheBehavior [ RunTime:0.000618s ]
INFO: [ app_begin ] --END-- [ RunTime:0.000977s ]
SQL: SHOW COLUMNS FROM `category` [ RunTime:0.0045s ]
SQL: SELECT * FROM `category` WHERE ( p_id=27 )  [ RunTime:0.0010s ]
INFO: [ app_end ] --START--
INFO: Run Behavior\ShowPageTraceBehavior [ RunTime:0.000670s ]
INFO: [ app_end ] --END-- [ RunTime:0.000750s ]

[ 2016-03-26T10:35:05+08:00 ] 127.0.0.1 /wendaxiangmu/index.php/Home/Ask/lian
INFO: [ app_begin ] --START--
INFO: Run Behavior\ReadHtmlCacheBehavior [ RunTime:0.000625s ]
INFO: [ app_begin ] --END-- [ RunTime:0.001167s ]
SQL: SHOW COLUMNS FROM `category` [ RunTime:0.0047s ]
SQL: SELECT * FROM `category` WHERE ( p_id=2 )  [ RunTime:0.0010s ]
INFO: [ app_end ] --START--
INFO: Run Behavior\ShowPageTraceBehavior [ RunTime:0.000675s ]
INFO: [ app_end ] --END-- [ RunTime:0.000736s ]

[ 2016-03-26T10:35:07+08:00 ] 127.0.0.1 /wendaxiangmu/index.php/Home/Ask/lian
INFO: [ app_begin ] --START--
INFO: Run Behavior\ReadHtmlCacheBehavior [ RunTime:0.000500s ]
INFO: [ app_begin ] --END-- [ RunTime:0.000889s ]
SQL: SHOW COLUMNS FROM `category` [ RunTime:0.0044s ]
SQL: SELECT * FROM `category` WHERE ( p_id=20 )  [ RunTime:0.0007s ]
INFO: [ app_end ] --START--
INFO: Run Behavior\ShowPageTraceBehavior [ RunTime:0.000799s ]
INFO: [ app_end ] --END-- [ RunTime:0.000862s ]

[ 2016-03-26T10:36:56+08:00 ] 127.0.0.1 /wendaxiangmu/index.php/Home/Ask/lian
INFO: [ app_begin ] --START--
INFO: Run Behavior\ReadHtmlCacheBehavior [ RunTime:0.000887s ]
INFO: [ app_begin ] --END-- [ RunTime:0.001471s ]
SQL: SHOW COLUMNS FROM `category` [ RunTime:0.0045s ]
SQL: SELECT * FROM `category` WHERE ( p_id=1 )  [ RunTime:0.0007s ]
INFO: [ app_end ] --START--
INFO: Run Behavior\ShowPageTraceBehavior [ RunTime:0.000577s ]
INFO: [ app_end ] --END-- [ RunTime:0.000631s ]

[ 2016-03-26T10:36:57+08:00 ] 127.0.0.1 /wendaxiangmu/index.php/Home/Ask/lian
INFO: [ app_begin ] --START--
INFO: Run Behavior\ReadHtmlCacheBehavior [ RunTime:0.000537s ]
INFO: [ app_begin ] --END-- [ RunTime:0.001049s ]
SQL: SHOW COLUMNS FROM `category` [ RunTime:0.0047s ]
SQL: SELECT * FROM `category` WHERE ( p_id=23 )  [ RunTime:0.0011s ]
INFO: [ app_end ] --START--
INFO: Run Behavior\ShowPageTraceBehavior [ RunTime:0.000586s ]
INFO: [ app_end ] --END-- [ RunTime:0.000647s ]

[ 2016-03-26T10:37:01+08:00 ] 127.0.0.1 /wendaxiangmu/index.php/Home/Ask/lian
INFO: [ app_begin ] --START--
INFO: Run Behavior\ReadHtmlCacheBehavior [ RunTime:0.000537s ]
INFO: [ app_begin ] --END-- [ RunTime:0.000907s ]
SQL: SHOW COLUMNS FROM `category` [ RunTime:0.0051s ]
SQL: SELECT * FROM `category` WHERE ( p_id=28 )  [ RunTime:0.0008s ]
INFO: [ app_end ] --START--
INFO: Run Behavior\ShowPageTraceBehavior [ RunTime:0.000718s ]
INFO: [ app_end ] --END-- [ RunTime:0.000797s ]

[ 2016-03-26T10:38:06+08:00 ] 127.0.0.1 /wendaxiangmu/index.php/Home/Ask/lian
INFO: [ app_begin ] --START--
INFO: Run Behavior\ReadHtmlCacheBehavior [ RunTime:0.000612s ]
INFO: [ app_begin ] --END-- [ RunTime:0.000957s ]
SQL: SHOW COLUMNS FROM `category` [ RunTime:0.0056s ]
SQL: SELECT * FROM `category` WHERE ( p_id=1 )  [ RunTime:0.0008s ]
INFO: [ app_end ] --START--
INFO: Run Behavior\ShowPageTraceBehavior [ RunTime:0.000572s ]
INFO: [ app_end ] --END-- [ RunTime:0.000641s ]

[ 2016-03-26T10:38:08+08:00 ] 127.0.0.1 /wendaxiangmu/index.php/Home/Ask/lian
INFO: [ app_begin ] --START--
INFO: Run Behavior\ReadHtmlCacheBehavior [ RunTime:0.000755s ]
INFO: [ app_begin ] --END-- [ RunTime:0.001100s ]
SQL: SHOW COLUMNS FROM `category` [ RunTime:0.0044s ]
SQL: SELECT * FROM `category` WHERE ( p_id=23 )  [ RunTime:0.0008s ]
INFO: [ app_end ] --START--
INFO: Run Behavior\ShowPageTraceBehavior [ RunTime:0.000560s ]
INFO: [ app_end ] --END-- [ RunTime:0.000617s ]

[ 2016-03-26T10:38:10+08:00 ] 127.0.0.1 /wendaxiangmu/index.php/Home/Ask/lian
INFO: [ app_begin ] --START--
INFO: Run Behavior\ReadHtmlCacheBehavior [ RunTime:0.000476s ]
INFO: [ app_begin ] --END-- [ RunTime:0.000836s ]
SQL: SHOW COLUMNS FROM `category` [ RunTime:0.0051s ]
SQL: SELECT * FROM `category` WHERE ( p_id=27 )  [ RunTime:0.0010s ]
INFO: [ app_end ] --START--
INFO: Run Behavior\ShowPageTraceBehavior [ RunTime:0.000568s ]
INFO: [ app_end ] --END-- [ RunTime:0.000630s ]

[ 2016-03-26T10:38:50+08:00 ] 127.0.0.1 /wendaxiangmu/index.php/Home/Ask/lian
INFO: [ app_begin ] --START--
INFO: Run Behavior\ReadHtmlCacheBehavior [ RunTime:0.000673s ]
INFO: [ app_begin ] --END-- [ RunTime:0.001135s ]
SQL: SHOW COLUMNS FROM `category` [ RunTime:0.0044s ]
SQL: SELECT * FROM `category` WHERE ( p_id=1 )  [ RunTime:0.0008s ]
INFO: [ app_end ] --START--
INFO: Run Behavior\ShowPageTraceBehavior [ RunTime:0.000741s ]
INFO: [ app_end ] --END-- [ RunTime:0.000814s ]

[ 2016-03-26T10:38:52+08:00 ] 127.0.0.1 /wendaxiangmu/index.php/Home/Ask/lian
INFO: [ app_begin ] --START--
INFO: Run Behavior\ReadHtmlCacheBehavior [ RunTime:0.000654s ]
INFO: [ app_begin ] --END-- [ RunTime:0.001105s ]
SQL: SHOW COLUMNS FROM `category` [ RunTime:0.0052s ]
SQL: SELECT * FROM `category` WHERE ( p_id=23 )  [ RunTime:0.0009s ]
INFO: [ app_end ] --START--
INFO: Run Behavior\ShowPageTraceBehavior [ RunTime:0.000593s ]
INFO: [ app_end ] --END-- [ RunTime:0.000682s ]

[ 2016-03-26T10:38:53+08:00 ] 127.0.0.1 /wendaxiangmu/index.php/Home/Ask/lian
INFO: [ app_begin ] --START--
INFO: Run Behavior\ReadHtmlCacheBehavior [ RunTime:0.000791s ]
INFO: [ app_begin ] --END-- [ RunTime:0.001377s ]
SQL: SHOW COLUMNS FROM `category` [ RunTime:0.0045s ]
SQL: SELECT * FROM `category` WHERE ( p_id=27 )  [ RunTime:0.0007s ]
INFO: [ app_end ] --START--
INFO: Run Behavior\ShowPageTraceBehavior [ RunTime:0.000597s ]
INFO: [ app_end ] --END-- [ RunTime:0.000668s ]

[ 2016-03-26T11:56:29+08:00 ] 127.0.0.1 /wendaxiangmu/index.php/Home/User/add.html
ERR: 无法加载控制器:User

[ 2016-03-26T11:56:55+08:00 ] 127.0.0.1 /wendaxiangmu/index.php/Home/User/add.html
ERR: 无法加载控制器:User

[ 2016-03-26T11:56:58+08:00 ] 127.0.0.1 /wendaxiangmu/index.php/Home/User/add.html
ERR: 无法加载控制器:User

[ 2016-03-26T11:57:13+08:00 ] 127.0.0.1 /wendaxiangmu/index.php/Home/User/add.html
ERR: 无法加载控制器:User

[ 2016-03-26T11:58:14+08:00 ] 127.0.0.1 /wendaxiangmu/index.php/Home/HDUser/add.html
ERR: 无法加载控制器:HDUser

[ 2016-03-26T11:59:06+08:00 ] 127.0.0.1 /wendaxiangmu/index.php/Home/HDUser/add.html
ERR: 无法加载控制器:HDUser

[ 2016-03-26T14:11:34+08:00 ] 127.0.0.1 /wendaxiangmu/index.php/Home/Common/login_check.html
ERR: Think\Model:look方法不存在！

[ 2016-03-26T14:11:49+08:00 ] 127.0.0.1 /wendaxiangmu/index.php/Home/Common/login_check.html
ERR: Think\Model:look方法不存在！

[ 2016-03-26T14:15:07+08:00 ] 127.0.0.1 /wendaxiangmu/index.php/Home/Common/login_check.html
ERR: 1146:Table 'php4.hd__user' doesn't exist
 [ SQL语句 ] : SHOW COLUMNS FROM `hd__user`

[ 2016-03-26T14:15:36+08:00 ] 127.0.0.1 /wendaxiangmu/index.php/Home/Common/login_check.html
ERR: Think\Model:look方法不存在！

[ 2016-03-26T14:20:43+08:00 ] 127.0.0.1 /wendaxiangmu/index.php/Home/Common/login_check.html
ERR: Think\Model:look方法不存在！

[ 2016-03-26T14:27:19+08:00 ] 127.0.0.1 /wendaxiangmu/index.php/Home/Common/login_check.html
ERR: Think\Model:look方法不存在！

[ 2016-03-26T14:28:25+08:00 ] 127.0.0.1 /wendaxiangmu/index.php/Home/Common/login_check.html
ERR: Think\Model:look方法不存在！

[ 2016-03-26T14:30:06+08:00 ] 127.0.0.1 /wendaxiangmu/index.php/Home/Common/login_check.html
ERR: Think\Model:look方法不存在！

[ 2016-03-26T14:49:39+08:00 ] 127.0.0.1 /wendaxiangmu/index.php/Home/Ask/lian
INFO: [ app_begin ] --START--
INFO: Run Behavior\ReadHtmlCacheBehavior [ RunTime:0.000547s ]
INFO: [ app_begin ] --END-- [ RunTime:0.001089s ]
SQL: SHOW COLUMNS FROM `category` [ RunTime:0.0043s ]
SQL: SELECT * FROM `category` WHERE ( p_id=2 )  [ RunTime:0.0010s ]
INFO: [ app_end ] --START--
INFO: Run Behavior\ShowPageTraceBehavior [ RunTime:0.000538s ]
INFO: [ app_end ] --END-- [ RunTime:0.000595s ]

[ 2016-03-26T14:49:41+08:00 ] 127.0.0.1 /wendaxiangmu/index.php/Home/Ask/lian
INFO: [ app_begin ] --START--
INFO: Run Behavior\ReadHtmlCacheBehavior [ RunTime:0.000498s ]
INFO: [ app_begin ] --END-- [ RunTime:0.000901s ]
SQL: SHOW COLUMNS FROM `category` [ RunTime:0.0043s ]
SQL: SELECT * FROM `category` WHERE ( p_id=20 )  [ RunTime:0.0008s ]
INFO: [ app_end ] --START--
INFO: Run Behavior\ShowPageTraceBehavior [ RunTime:0.000568s ]
INFO: [ app_end ] --END-- [ RunTime:0.000627s ]

[ 2016-03-26T14:50:58+08:00 ] 127.0.0.1 /wendaxiangmu/index.php/Home/HDUser/add.html
ERR: Think\Model:look方法不存在！

[ 2016-03-26T14:52:08+08:00 ] 127.0.0.1 /wendaxiangmu/index.php/Home/HDUser/add.html
ERR: Think\Model:look方法不存在！

[ 2016-03-26T14:53:50+08:00 ] 127.0.0.1 /wendaxiangmu/index.php/Home/Ask/lian
INFO: [ app_begin ] --START--
INFO: Run Behavior\ReadHtmlCacheBehavior [ RunTime:0.000428s ]
INFO: [ app_begin ] --END-- [ RunTime:0.000755s ]
SQL: SHOW COLUMNS FROM `category` [ RunTime:0.0046s ]
SQL: SELECT * FROM `category` WHERE ( p_id=4 )  [ RunTime:0.0011s ]
INFO: [ app_end ] --START--
INFO: Run Behavior\ShowPageTraceBehavior [ RunTime:0.000622s ]
INFO: [ app_end ] --END-- [ RunTime:0.000705s ]

[ 2016-03-26T14:53:52+08:00 ] 127.0.0.1 /wendaxiangmu/index.php/Home/Ask/lian
INFO: [ app_begin ] --START--
INFO: Run Behavior\ReadHtmlCacheBehavior [ RunTime:0.000521s ]
INFO: [ app_begin ] --END-- [ RunTime:0.000915s ]
SQL: SHOW COLUMNS FROM `category` [ RunTime:0.0040s ]
SQL: SELECT * FROM `category` WHERE ( p_id=14 )  [ RunTime:0.0007s ]
INFO: [ app_end ] --START--
INFO: Run Behavior\ShowPageTraceBehavior [ RunTime:0.000613s ]
INFO: [ app_end ] --END-- [ RunTime:0.000671s ]

[ 2016-03-26T15:02:04+08:00 ] 127.0.0.1 /wendaxiangmu/index.php/Home/HDUser/add.html
ERR: Think\Model:look方法不存在！

