[ 2016-03-29T08:57:57+08:00 ] 127.0.0.1 /wendaxiangmu/index.php/Home/Index/question
INFO: [ app_begin ] --START--
INFO: Run Behavior\ReadHtmlCacheBehavior [ RunTime:0.000504s ]
INFO: [ app_begin ] --END-- [ RunTime:0.000886s ]

[ 2016-03-29T08:57:57+08:00 ] 127.0.0.1 /wendaxiangmu/index.php/Home/Index/question
INFO: [ app_begin ] --START--
INFO: Run Behavior\ReadHtmlCacheBehavior [ RunTime:0.000475s ]
INFO: [ app_begin ] --END-- [ RunTime:0.000993s ]

[ 2016-03-29T08:57:57+08:00 ] 127.0.0.1 /wendaxiangmu/index.php/Home/Index/question
INFO: [ app_begin ] --START--
INFO: Run Behavior\ReadHtmlCacheBehavior [ RunTime:0.000442s ]
INFO: [ app_begin ] --END-- [ RunTime:0.000766s ]

[ 2016-03-29T09:00:06+08:00 ] 127.0.0.1 /wendaxiangmu/index.php/Home/Index/question
INFO: [ app_begin ] --START--
INFO: Run Behavior\ReadHtmlCacheBehavior [ RunTime:0.000482s ]
INFO: [ app_begin ] --END-- [ RunTime:0.000811s ]

[ 2016-03-29T09:00:07+08:00 ] 127.0.0.1 /wendaxiangmu/index.php/Home/Index/question
INFO: [ app_begin ] --START--
INFO: Run Behavior\ReadHtmlCacheBehavior [ RunTime:0.000444s ]
INFO: [ app_begin ] --END-- [ RunTime:0.000789s ]

[ 2016-03-29T09:00:07+08:00 ] 127.0.0.1 /wendaxiangmu/index.php/Home/Index/question
INFO: [ app_begin ] --START--
INFO: Run Behavior\ReadHtmlCacheBehavior [ RunTime:0.000454s ]
INFO: [ app_begin ] --END-- [ RunTime:0.000811s ]

[ 2016-03-29T09:00:08+08:00 ] 127.0.0.1 /wendaxiangmu/index.php/Home/Index/question
INFO: [ app_begin ] --START--
INFO: Run Behavior\ReadHtmlCacheBehavior [ RunTime:0.000411s ]
INFO: [ app_begin ] --END-- [ RunTime:0.000764s ]

[ 2016-03-29T09:00:08+08:00 ] 127.0.0.1 /wendaxiangmu/index.php/Home/Index/question
INFO: [ app_begin ] --START--
INFO: Run Behavior\ReadHtmlCacheBehavior [ RunTime:0.000440s ]
INFO: [ app_begin ] --END-- [ RunTime:0.000787s ]

[ 2016-03-29T09:00:08+08:00 ] 127.0.0.1 /wendaxiangmu/index.php/Home/Index/question
INFO: [ app_begin ] --START--
INFO: Run Behavior\ReadHtmlCacheBehavior [ RunTime:0.000443s ]
INFO: [ app_begin ] --END-- [ RunTime:0.000801s ]

[ 2016-03-29T09:00:08+08:00 ] 127.0.0.1 /wendaxiangmu/index.php/Home/Index/question
INFO: [ app_begin ] --START--
INFO: Run Behavior\ReadHtmlCacheBehavior [ RunTime:0.000466s ]
INFO: [ app_begin ] --END-- [ RunTime:0.000804s ]

[ 2016-03-29T09:01:01+08:00 ] 127.0.0.1 /wendaxiangmu/index.php/Home/Index/question
INFO: [ app_begin ] --START--
INFO: Run Behavior\ReadHtmlCacheBehavior [ RunTime:0.000616s ]
INFO: [ app_begin ] --END-- [ RunTime:0.001013s ]

[ 2016-03-29T09:03:20+08:00 ] 127.0.0.1 /wendaxiangmu/index.php/Home/Index/question
INFO: [ app_begin ] --START--
INFO: Run Behavior\ReadHtmlCacheBehavior [ RunTime:0.000588s ]
INFO: [ app_begin ] --END-- [ RunTime:0.000975s ]
SQL: SHOW COLUMNS FROM `hd_ask` [ RunTime:0.0047s ]
SQL: SELECT * FROM `hd_ask` WHERE ( solve=0 ) LIMIT 5,5   [ RunTime:0.0008s ]
NOTIC: [2] json_decode() expects parameter 1 to be string, array given D:\web\apache\htdocs\wendaxiangmu\Application\Home\Controller\IndexController.class.php 第 39 行.
INFO: [ app_end ] --START--
INFO: Run Behavior\ShowPageTraceBehavior [ RunTime:0.000702s ]
INFO: [ app_end ] --END-- [ RunTime:0.000778s ]

[ 2016-03-29T09:04:20+08:00 ] 127.0.0.1 /wendaxiangmu/index.php/Home/Index/question
INFO: [ app_begin ] --START--
INFO: Run Behavior\ReadHtmlCacheBehavior [ RunTime:0.000449s ]
INFO: [ app_begin ] --END-- [ RunTime:0.000768s ]
SQL: SHOW COLUMNS FROM `hd_ask` [ RunTime:0.0040s ]
SQL: SELECT * FROM `hd_ask` WHERE ( solve=0 ) LIMIT 5,5   [ RunTime:0.0007s ]
INFO: [ app_end ] --START--
INFO: Run Behavior\ShowPageTraceBehavior [ RunTime:0.000816s ]
INFO: [ app_end ] --END-- [ RunTime:0.000895s ]

[ 2016-03-29T09:04:31+08:00 ] 127.0.0.1 /wendaxiangmu/index.php/Home/Index/question
INFO: [ app_begin ] --START--
INFO: Run Behavior\ReadHtmlCacheBehavior [ RunTime:0.000390s ]
INFO: [ app_begin ] --END-- [ RunTime:0.000702s ]
SQL: SHOW COLUMNS FROM `hd_ask` [ RunTime:0.0056s ]
SQL: SELECT * FROM `hd_ask` WHERE ( solve=0 ) LIMIT 5,5   [ RunTime:0.0010s ]
INFO: [ app_end ] --START--
INFO: Run Behavior\ShowPageTraceBehavior [ RunTime:0.000634s ]
INFO: [ app_end ] --END-- [ RunTime:0.000713s ]

[ 2016-03-29T09:05:03+08:00 ] 127.0.0.1 /wendaxiangmu/index.php/Home/Index/question
INFO: [ app_begin ] --START--
INFO: Run Behavior\ReadHtmlCacheBehavior [ RunTime:0.000437s ]
INFO: [ app_begin ] --END-- [ RunTime:0.000759s ]
SQL: SHOW COLUMNS FROM `hd_ask` [ RunTime:0.0050s ]
SQL: SELECT * FROM `hd_ask` WHERE ( solve=0 ) LIMIT 5,5   [ RunTime:0.0008s ]
NOTIC: [2] json_decode() expects parameter 1 to be string, array given D:\web\apache\htdocs\wendaxiangmu\Application\Home\Controller\IndexController.class.php 第 39 行.
INFO: [ app_end ] --START--
INFO: Run Behavior\ShowPageTraceBehavior [ RunTime:0.000678s ]
INFO: [ app_end ] --END-- [ RunTime:0.000770s ]

[ 2016-03-29T09:05:09+08:00 ] 127.0.0.1 /wendaxiangmu/index.php/Home/Index/question
INFO: [ app_begin ] --START--
INFO: Run Behavior\ReadHtmlCacheBehavior [ RunTime:0.000829s ]
INFO: [ app_begin ] --END-- [ RunTime:0.001280s ]
SQL: SHOW COLUMNS FROM `hd_ask` [ RunTime:0.0056s ]
SQL: SELECT * FROM `hd_ask` WHERE ( solve=0 ) LIMIT 5,5   [ RunTime:0.0007s ]
NOTIC: [2] json_decode() expects parameter 1 to be string, array given D:\web\apache\htdocs\wendaxiangmu\Application\Home\Controller\IndexController.class.php 第 39 行.
INFO: [ app_end ] --START--
INFO: Run Behavior\ShowPageTraceBehavior [ RunTime:0.000522s ]
INFO: [ app_end ] --END-- [ RunTime:0.000592s ]

[ 2016-03-29T09:05:15+08:00 ] 127.0.0.1 /wendaxiangmu/index.php/Home/Index/question
INFO: [ app_begin ] --START--
INFO: Run Behavior\ReadHtmlCacheBehavior [ RunTime:0.000829s ]
INFO: [ app_begin ] --END-- [ RunTime:0.001261s ]
SQL: SHOW COLUMNS FROM `hd_ask` [ RunTime:0.0059s ]
SQL: SELECT * FROM `hd_ask` WHERE ( solve=0 ) LIMIT 5,5   [ RunTime:0.0011s ]
NOTIC: [2] json_decode() expects parameter 1 to be string, array given D:\web\apache\htdocs\wendaxiangmu\Application\Home\Controller\IndexController.class.php 第 39 行.
INFO: [ app_end ] --START--
INFO: Run Behavior\ShowPageTraceBehavior [ RunTime:0.000894s ]
INFO: [ app_end ] --END-- [ RunTime:0.000970s ]

[ 2016-03-29T09:06:39+08:00 ] 127.0.0.1 /wendaxiangmu/index.php/Home/Index/question
INFO: [ app_begin ] --START--
INFO: Run Behavior\ReadHtmlCacheBehavior [ RunTime:0.000518s ]
INFO: [ app_begin ] --END-- [ RunTime:0.000883s ]
SQL: SHOW COLUMNS FROM `hd_ask` [ RunTime:0.0061s ]
SQL: SELECT * FROM `hd_ask` WHERE ( solve=0 ) LIMIT 5,5   [ RunTime:0.0009s ]
NOTIC: [2] json_decode() expects parameter 1 to be string, array given D:\web\apache\htdocs\wendaxiangmu\Application\Home\Controller\IndexController.class.php 第 39 行.
INFO: [ app_end ] --START--
INFO: Run Behavior\ShowPageTraceBehavior [ RunTime:0.000744s ]
INFO: [ app_end ] --END-- [ RunTime:0.000821s ]

[ 2016-03-29T09:07:46+08:00 ] 127.0.0.1 /wendaxiangmu/index.php/Home/Index/question
INFO: [ app_begin ] --START--
INFO: Run Behavior\ReadHtmlCacheBehavior [ RunTime:0.000507s ]
INFO: [ app_begin ] --END-- [ RunTime:0.000885s ]
SQL: SHOW COLUMNS FROM `hd_ask` [ RunTime:0.0041s ]
SQL: SELECT * FROM `hd_ask` WHERE ( solve=0 ) LIMIT 5,5   [ RunTime:0.0007s ]
INFO: [ app_end ] --START--
INFO: Run Behavior\ShowPageTraceBehavior [ RunTime:0.000540s ]
INFO: [ app_end ] --END-- [ RunTime:0.000592s ]

[ 2016-03-29T09:10:12+08:00 ] 127.0.0.1 /wendaxiangmu/index.php/Home/Index/question
INFO: [ app_begin ] --START--
INFO: Run Behavior\ReadHtmlCacheBehavior [ RunTime:0.000518s ]
INFO: [ app_begin ] --END-- [ RunTime:0.000907s ]
SQL: SHOW COLUMNS FROM `hd_ask` [ RunTime:0.0045s ]
SQL: SELECT * FROM `hd_ask` WHERE ( solve=0 ) LIMIT 5,5   [ RunTime:0.0008s ]
INFO: [ app_end ] --START--
INFO: Run Behavior\ShowPageTraceBehavior [ RunTime:0.000629s ]
INFO: [ app_end ] --END-- [ RunTime:0.000712s ]

[ 2016-03-29T09:10:31+08:00 ] 127.0.0.1 /wendaxiangmu/index.php/Home/Index/question
INFO: [ app_begin ] --START--
INFO: Run Behavior\ReadHtmlCacheBehavior [ RunTime:0.000500s ]
INFO: [ app_begin ] --END-- [ RunTime:0.000851s ]
SQL: SHOW COLUMNS FROM `hd_ask` [ RunTime:0.0040s ]
SQL: SELECT * FROM `hd_ask` WHERE ( solve=0 ) LIMIT 5,5   [ RunTime:0.0007s ]
INFO: [ app_end ] --START--
INFO: Run Behavior\ShowPageTraceBehavior [ RunTime:0.000636s ]
INFO: [ app_end ] --END-- [ RunTime:0.000688s ]

[ 2016-03-29T09:12:23+08:00 ] 127.0.0.1 /wendaxiangmu/index.php/Home/Index/question
INFO: [ app_begin ] --START--
INFO: Run Behavior\ReadHtmlCacheBehavior [ RunTime:0.000471s ]
INFO: [ app_begin ] --END-- [ RunTime:0.000844s ]
SQL: SHOW COLUMNS FROM `hd_ask` [ RunTime:0.0050s ]
SQL: SELECT * FROM `hd_ask` WHERE ( solve=0 ) LIMIT 5,5   [ RunTime:0.0011s ]
INFO: [ app_end ] --START--
INFO: Run Behavior\ShowPageTraceBehavior [ RunTime:0.000820s ]
INFO: [ app_end ] --END-- [ RunTime:0.000920s ]

[ 2016-03-29T09:12:40+08:00 ] 127.0.0.1 /wendaxiangmu/index.php/Home/Index/question
INFO: [ app_begin ] --START--
INFO: Run Behavior\ReadHtmlCacheBehavior [ RunTime:0.000523s ]
INFO: [ app_begin ] --END-- [ RunTime:0.000892s ]
SQL: SHOW COLUMNS FROM `hd_ask` [ RunTime:0.0044s ]
SQL: SELECT * FROM `hd_ask` WHERE ( solve=0 ) LIMIT 5,5   [ RunTime:0.0007s ]
INFO: [ app_end ] --START--
INFO: Run Behavior\ShowPageTraceBehavior [ RunTime:0.000609s ]
INFO: [ app_end ] --END-- [ RunTime:0.000673s ]

[ 2016-03-29T09:13:12+08:00 ] 127.0.0.1 /wendaxiangmu/index.php/Home/Index/question
INFO: [ app_begin ] --START--
INFO: Run Behavior\ReadHtmlCacheBehavior [ RunTime:0.000457s ]
INFO: [ app_begin ] --END-- [ RunTime:0.000804s ]
SQL: SHOW COLUMNS FROM `hd_ask` [ RunTime:0.0041s ]
SQL: SELECT * FROM `hd_ask` WHERE ( solve=0 ) LIMIT 5,5   [ RunTime:0.0008s ]
INFO: [ app_end ] --START--
INFO: Run Behavior\ShowPageTraceBehavior [ RunTime:0.000709s ]
INFO: [ app_end ] --END-- [ RunTime:0.000767s ]

[ 2016-03-29T09:13:15+08:00 ] 127.0.0.1 /wendaxiangmu/index.php/Home/Index/question
INFO: [ app_begin ] --START--
INFO: Run Behavior\ReadHtmlCacheBehavior [ RunTime:0.000437s ]
INFO: [ app_begin ] --END-- [ RunTime:0.000758s ]
SQL: SHOW COLUMNS FROM `hd_ask` [ RunTime:0.0044s ]
SQL: SELECT * FROM `hd_ask` WHERE ( solve=0 ) LIMIT 10,5   [ RunTime:0.0008s ]
INFO: [ app_end ] --START--
INFO: Run Behavior\ShowPageTraceBehavior [ RunTime:0.000584s ]
INFO: [ app_end ] --END-- [ RunTime:0.000693s ]

[ 2016-03-29T09:13:16+08:00 ] 127.0.0.1 /wendaxiangmu/index.php/Home/Index/question
INFO: [ app_begin ] --START--
INFO: Run Behavior\ReadHtmlCacheBehavior [ RunTime:0.000436s ]
INFO: [ app_begin ] --END-- [ RunTime:0.000788s ]
SQL: SHOW COLUMNS FROM `hd_ask` [ RunTime:0.0056s ]
SQL: SELECT * FROM `hd_ask` WHERE ( solve=0 ) LIMIT 15,5   [ RunTime:0.0009s ]
INFO: [ app_end ] --START--
INFO: Run Behavior\ShowPageTraceBehavior [ RunTime:0.000577s ]
INFO: [ app_end ] --END-- [ RunTime:0.000651s ]

[ 2016-03-29T09:15:24+08:00 ] 127.0.0.1 /wendaxiangmu/index.php/Home/Index/question
INFO: [ app_begin ] --START--
INFO: Run Behavior\ReadHtmlCacheBehavior [ RunTime:0.000491s ]
INFO: [ app_begin ] --END-- [ RunTime:0.000809s ]
SQL: SHOW COLUMNS FROM `hd_ask` [ RunTime:0.0042s ]
SQL: SELECT * FROM `hd_ask` WHERE ( solve=0 ) LIMIT 3,3   [ RunTime:0.0006s ]
INFO: [ app_end ] --START--
INFO: Run Behavior\ShowPageTraceBehavior [ RunTime:0.000547s ]
INFO: [ app_end ] --END-- [ RunTime:0.000603s ]

[ 2016-03-29T09:15:27+08:00 ] 127.0.0.1 /wendaxiangmu/index.php/Home/Index/question
INFO: [ app_begin ] --START--
INFO: Run Behavior\ReadHtmlCacheBehavior [ RunTime:0.000416s ]
INFO: [ app_begin ] --END-- [ RunTime:0.000701s ]
SQL: SHOW COLUMNS FROM `hd_ask` [ RunTime:0.0042s ]
SQL: SELECT * FROM `hd_ask` WHERE ( solve=0 ) LIMIT 8,3   [ RunTime:0.0006s ]
INFO: [ app_end ] --START--
INFO: Run Behavior\ShowPageTraceBehavior [ RunTime:0.000483s ]
INFO: [ app_end ] --END-- [ RunTime:0.000534s ]

[ 2016-03-29T09:15:35+08:00 ] 127.0.0.1 /wendaxiangmu/index.php/Home/Index/question
INFO: [ app_begin ] --START--
INFO: Run Behavior\ReadHtmlCacheBehavior [ RunTime:0.000616s ]
INFO: [ app_begin ] --END-- [ RunTime:0.000983s ]
SQL: SHOW COLUMNS FROM `hd_ask` [ RunTime:0.0048s ]
SQL: SELECT * FROM `hd_ask` WHERE ( solve=0 ) LIMIT 13,3   [ RunTime:0.0007s ]
INFO: [ app_end ] --START--
INFO: Run Behavior\ShowPageTraceBehavior [ RunTime:0.000814s ]
INFO: [ app_end ] --END-- [ RunTime:0.000922s ]

[ 2016-03-29T09:15:36+08:00 ] 127.0.0.1 /wendaxiangmu/index.php/Home/Index/question
INFO: [ app_begin ] --START--
INFO: Run Behavior\ReadHtmlCacheBehavior [ RunTime:0.000407s ]
INFO: [ app_begin ] --END-- [ RunTime:0.000712s ]
SQL: SHOW COLUMNS FROM `hd_ask` [ RunTime:0.0047s ]
SQL: SELECT * FROM `hd_ask` WHERE ( solve=0 ) LIMIT 13,3   [ RunTime:0.0009s ]
INFO: [ app_end ] --START--
INFO: Run Behavior\ShowPageTraceBehavior [ RunTime:0.000605s ]
INFO: [ app_end ] --END-- [ RunTime:0.000662s ]

[ 2016-03-29T09:16:19+08:00 ] 127.0.0.1 /wendaxiangmu/index.php/Home/Index/question
INFO: [ app_begin ] --START--
INFO: Run Behavior\ReadHtmlCacheBehavior [ RunTime:0.000460s ]
INFO: [ app_begin ] --END-- [ RunTime:0.000805s ]
SQL: SHOW COLUMNS FROM `hd_ask` [ RunTime:0.0049s ]
SQL: SELECT * FROM `hd_ask` WHERE ( solve=0 ) LIMIT 3,3   [ RunTime:0.0007s ]
INFO: [ app_end ] --START--
INFO: Run Behavior\ShowPageTraceBehavior [ RunTime:0.000549s ]
INFO: [ app_end ] --END-- [ RunTime:0.000608s ]

[ 2016-03-29T09:16:27+08:00 ] 127.0.0.1 /wendaxiangmu/index.php/Home/Index/question
INFO: [ app_begin ] --START--
INFO: Run Behavior\ReadHtmlCacheBehavior [ RunTime:0.000423s ]
INFO: [ app_begin ] --END-- [ RunTime:0.000735s ]
SQL: SHOW COLUMNS FROM `hd_ask` [ RunTime:0.0042s ]
SQL: SELECT * FROM `hd_ask` WHERE ( solve=0 ) LIMIT 8,3   [ RunTime:0.0006s ]
INFO: [ app_end ] --START--
INFO: Run Behavior\ShowPageTraceBehavior [ RunTime:0.000552s ]
INFO: [ app_end ] --END-- [ RunTime:0.000625s ]

[ 2016-03-29T09:16:36+08:00 ] 127.0.0.1 /wendaxiangmu/index.php/Home/Index/question
INFO: [ app_begin ] --START--
INFO: Run Behavior\ReadHtmlCacheBehavior [ RunTime:0.000566s ]
INFO: [ app_begin ] --END-- [ RunTime:0.000994s ]
SQL: SHOW COLUMNS FROM `hd_ask` [ RunTime:0.0047s ]
SQL: SELECT * FROM `hd_ask` WHERE ( solve=0 ) LIMIT 13,3   [ RunTime:0.0009s ]
INFO: [ app_end ] --START--
INFO: Run Behavior\ShowPageTraceBehavior [ RunTime:0.000582s ]
INFO: [ app_end ] --END-- [ RunTime:0.000648s ]

[ 2016-03-29T09:16:37+08:00 ] 127.0.0.1 /wendaxiangmu/index.php/Home/Index/question
INFO: [ app_begin ] --START--
INFO: Run Behavior\ReadHtmlCacheBehavior [ RunTime:0.000467s ]
INFO: [ app_begin ] --END-- [ RunTime:0.000819s ]
SQL: SHOW COLUMNS FROM `hd_ask` [ RunTime:0.0048s ]
SQL: SELECT * FROM `hd_ask` WHERE ( solve=0 ) LIMIT 13,3   [ RunTime:0.0008s ]
INFO: [ app_end ] --START--
INFO: Run Behavior\ShowPageTraceBehavior [ RunTime:0.000631s ]
INFO: [ app_end ] --END-- [ RunTime:0.000699s ]

[ 2016-03-29T09:16:37+08:00 ] 127.0.0.1 /wendaxiangmu/index.php/Home/Index/question
INFO: [ app_begin ] --START--
INFO: Run Behavior\ReadHtmlCacheBehavior [ RunTime:0.000410s ]
INFO: [ app_begin ] --END-- [ RunTime:0.000710s ]
SQL: SHOW COLUMNS FROM `hd_ask` [ RunTime:0.0041s ]
SQL: SELECT * FROM `hd_ask` WHERE ( solve=0 ) LIMIT 13,3   [ RunTime:0.0006s ]
INFO: [ app_end ] --START--
INFO: Run Behavior\ShowPageTraceBehavior [ RunTime:0.000550s ]
INFO: [ app_end ] --END-- [ RunTime:0.000604s ]

[ 2016-03-29T09:16:38+08:00 ] 127.0.0.1 /wendaxiangmu/index.php/Home/Index/question
INFO: [ app_begin ] --START--
INFO: Run Behavior\ReadHtmlCacheBehavior [ RunTime:0.000428s ]
INFO: [ app_begin ] --END-- [ RunTime:0.000778s ]
SQL: SHOW COLUMNS FROM `hd_ask` [ RunTime:0.0047s ]
SQL: SELECT * FROM `hd_ask` WHERE ( solve=0 ) LIMIT 13,3   [ RunTime:0.0007s ]
INFO: [ app_end ] --START--
INFO: Run Behavior\ShowPageTraceBehavior [ RunTime:0.000597s ]
INFO: [ app_end ] --END-- [ RunTime:0.000658s ]

[ 2016-03-29T09:16:38+08:00 ] 127.0.0.1 /wendaxiangmu/index.php/Home/Index/question
INFO: [ app_begin ] --START--
INFO: Run Behavior\ReadHtmlCacheBehavior [ RunTime:0.000433s ]
INFO: [ app_begin ] --END-- [ RunTime:0.000760s ]
SQL: SHOW COLUMNS FROM `hd_ask` [ RunTime:0.0051s ]
SQL: SELECT * FROM `hd_ask` WHERE ( solve=0 ) LIMIT 13,3   [ RunTime:0.0009s ]
INFO: [ app_end ] --START--
INFO: Run Behavior\ShowPageTraceBehavior [ RunTime:0.000571s ]
INFO: [ app_end ] --END-- [ RunTime:0.000638s ]

[ 2016-03-29T09:16:38+08:00 ] 127.0.0.1 /wendaxiangmu/index.php/Home/Index/question
INFO: [ app_begin ] --START--
INFO: Run Behavior\ReadHtmlCacheBehavior [ RunTime:0.000437s ]
INFO: [ app_begin ] --END-- [ RunTime:0.000768s ]
SQL: SHOW COLUMNS FROM `hd_ask` [ RunTime:0.0049s ]
SQL: SELECT * FROM `hd_ask` WHERE ( solve=0 ) LIMIT 13,3   [ RunTime:0.0008s ]
INFO: [ app_end ] --START--
INFO: Run Behavior\ShowPageTraceBehavior [ RunTime:0.000700s ]
INFO: [ app_end ] --END-- [ RunTime:0.000781s ]

[ 2016-03-29T09:16:46+08:00 ] 127.0.0.1 /wendaxiangmu/index.php/Home/Common/verify.html
ERR: 非法操作:verify

[ 2016-03-29T09:16:53+08:00 ] 127.0.0.1 /wendaxiangmu/index.php/Home/Ask/lian
INFO: [ app_begin ] --START--
INFO: Run Behavior\ReadHtmlCacheBehavior [ RunTime:0.000898s ]
INFO: [ app_begin ] --END-- [ RunTime:0.001373s ]
SQL: SHOW COLUMNS FROM `category` [ RunTime:0.0045s ]
SQL: SELECT * FROM `category` WHERE ( p_id=35 )  [ RunTime:0.0011s ]
INFO: [ app_end ] --START--
INFO: Run Behavior\ShowPageTraceBehavior [ RunTime:0.000806s ]
INFO: [ app_end ] --END-- [ RunTime:0.000886s ]

[ 2016-03-29T09:16:57+08:00 ] 127.0.0.1 /wendaxiangmu/index.php/Home/Ask/lian
INFO: [ app_begin ] --START--
INFO: Run Behavior\ReadHtmlCacheBehavior [ RunTime:0.000657s ]
INFO: [ app_begin ] --END-- [ RunTime:0.001040s ]
SQL: SHOW COLUMNS FROM `category` [ RunTime:0.0043s ]
SQL: SELECT * FROM `category` WHERE ( p_id=94 )  [ RunTime:0.0008s ]
INFO: [ app_end ] --START--
INFO: Run Behavior\ShowPageTraceBehavior [ RunTime:0.000555s ]
INFO: [ app_end ] --END-- [ RunTime:0.000609s ]

[ 2016-03-29T09:17:02+08:00 ] 127.0.0.1 /wendaxiangmu/index.php/Home/Ask/lian
INFO: [ app_begin ] --START--
INFO: Run Behavior\ReadHtmlCacheBehavior [ RunTime:0.000428s ]
INFO: [ app_begin ] --END-- [ RunTime:0.000738s ]
SQL: SHOW COLUMNS FROM `category` [ RunTime:0.0049s ]
SQL: SELECT * FROM `category` WHERE ( p_id=92 )  [ RunTime:0.0011s ]
INFO: [ app_end ] --START--
INFO: Run Behavior\ShowPageTraceBehavior [ RunTime:0.000596s ]
INFO: [ app_end ] --END-- [ RunTime:0.000657s ]

[ 2016-03-29T09:17:37+08:00 ] 127.0.0.1 /wendaxiangmu/index.php/Home/Index/question
INFO: [ app_begin ] --START--
INFO: Run Behavior\ReadHtmlCacheBehavior [ RunTime:0.000464s ]
INFO: [ app_begin ] --END-- [ RunTime:0.000789s ]
SQL: SHOW COLUMNS FROM `hd_ask` [ RunTime:0.0040s ]
SQL: SELECT * FROM `hd_ask` WHERE ( solve=0 ) LIMIT 3,3   [ RunTime:0.0008s ]
INFO: [ app_end ] --START--
INFO: Run Behavior\ShowPageTraceBehavior [ RunTime:0.000688s ]
INFO: [ app_end ] --END-- [ RunTime:0.000775s ]

[ 2016-03-29T09:17:42+08:00 ] 127.0.0.1 /wendaxiangmu/index.php/Home/Index/question
INFO: [ app_begin ] --START--
INFO: Run Behavior\ReadHtmlCacheBehavior [ RunTime:0.000533s ]
INFO: [ app_begin ] --END-- [ RunTime:0.000934s ]
SQL: SHOW COLUMNS FROM `hd_ask` [ RunTime:0.0052s ]
SQL: SELECT * FROM `hd_ask` WHERE ( solve=0 ) LIMIT 8,3   [ RunTime:0.0008s ]
INFO: [ app_end ] --START--
INFO: Run Behavior\ShowPageTraceBehavior [ RunTime:0.000598s ]
INFO: [ app_end ] --END-- [ RunTime:0.000666s ]

[ 2016-03-29T09:17:44+08:00 ] 127.0.0.1 /wendaxiangmu/index.php/Home/Index/question
INFO: [ app_begin ] --START--
INFO: Run Behavior\ReadHtmlCacheBehavior [ RunTime:0.000492s ]
INFO: [ app_begin ] --END-- [ RunTime:0.000862s ]
SQL: SHOW COLUMNS FROM `hd_ask` [ RunTime:0.0041s ]
SQL: SELECT * FROM `hd_ask` WHERE ( solve=0 ) LIMIT 13,3   [ RunTime:0.0007s ]
INFO: [ app_end ] --START--
INFO: Run Behavior\ShowPageTraceBehavior [ RunTime:0.000727s ]
INFO: [ app_end ] --END-- [ RunTime:0.000790s ]

[ 2016-03-29T09:17:45+08:00 ] 127.0.0.1 /wendaxiangmu/index.php/Home/Index/question
INFO: [ app_begin ] --START--
INFO: Run Behavior\ReadHtmlCacheBehavior [ RunTime:0.000424s ]
INFO: [ app_begin ] --END-- [ RunTime:0.000720s ]
SQL: SHOW COLUMNS FROM `hd_ask` [ RunTime:0.0044s ]
SQL: SELECT * FROM `hd_ask` WHERE ( solve=0 ) LIMIT 13,3   [ RunTime:0.0008s ]
INFO: [ app_end ] --START--
INFO: Run Behavior\ShowPageTraceBehavior [ RunTime:0.000581s ]
INFO: [ app_end ] --END-- [ RunTime:0.000652s ]

[ 2016-03-29T09:17:45+08:00 ] 127.0.0.1 /wendaxiangmu/index.php/Home/Index/question
INFO: [ app_begin ] --START--
INFO: Run Behavior\ReadHtmlCacheBehavior [ RunTime:0.000457s ]
INFO: [ app_begin ] --END-- [ RunTime:0.000795s ]
SQL: SHOW COLUMNS FROM `hd_ask` [ RunTime:0.0042s ]
SQL: SELECT * FROM `hd_ask` WHERE ( solve=0 ) LIMIT 13,3   [ RunTime:0.0007s ]
INFO: [ app_end ] --START--
INFO: Run Behavior\ShowPageTraceBehavior [ RunTime:0.000577s ]
INFO: [ app_end ] --END-- [ RunTime:0.000635s ]

[ 2016-03-29T09:18:05+08:00 ] 127.0.0.1 /wendaxiangmu/index.php/Home/Index/question
INFO: [ app_begin ] --START--
INFO: Run Behavior\ReadHtmlCacheBehavior [ RunTime:0.000815s ]
INFO: [ app_begin ] --END-- [ RunTime:0.001292s ]
SQL: SHOW COLUMNS FROM `hd_ask` [ RunTime:0.0041s ]
SQL: SELECT * FROM `hd_ask` WHERE ( solve=0 ) LIMIT 13,3   [ RunTime:0.0007s ]
INFO: [ app_end ] --START--
INFO: Run Behavior\ShowPageTraceBehavior [ RunTime:0.000678s ]
INFO: [ app_end ] --END-- [ RunTime:0.000736s ]

[ 2016-03-29T09:18:06+08:00 ] 127.0.0.1 /wendaxiangmu/index.php/Home/Index/question
INFO: [ app_begin ] --START--
INFO: Run Behavior\ReadHtmlCacheBehavior [ RunTime:0.000429s ]
INFO: [ app_begin ] --END-- [ RunTime:0.000755s ]
SQL: SHOW COLUMNS FROM `hd_ask` [ RunTime:0.0046s ]
SQL: SELECT * FROM `hd_ask` WHERE ( solve=0 ) LIMIT 13,3   [ RunTime:0.0007s ]
INFO: [ app_end ] --START--
INFO: Run Behavior\ShowPageTraceBehavior [ RunTime:0.000613s ]
INFO: [ app_end ] --END-- [ RunTime:0.000686s ]

[ 2016-03-29T09:18:06+08:00 ] 127.0.0.1 /wendaxiangmu/index.php/Home/Index/question
INFO: [ app_begin ] --START--
INFO: Run Behavior\ReadHtmlCacheBehavior [ RunTime:0.000447s ]
INFO: [ app_begin ] --END-- [ RunTime:0.000785s ]
SQL: SHOW COLUMNS FROM `hd_ask` [ RunTime:0.0046s ]
SQL: SELECT * FROM `hd_ask` WHERE ( solve=0 ) LIMIT 13,3   [ RunTime:0.0008s ]
INFO: [ app_end ] --START--
INFO: Run Behavior\ShowPageTraceBehavior [ RunTime:0.000701s ]
INFO: [ app_end ] --END-- [ RunTime:0.000782s ]

[ 2016-03-29T09:18:07+08:00 ] 127.0.0.1 /wendaxiangmu/index.php/Home/Index/question
INFO: [ app_begin ] --START--
INFO: Run Behavior\ReadHtmlCacheBehavior [ RunTime:0.000408s ]
INFO: [ app_begin ] --END-- [ RunTime:0.000711s ]
SQL: SHOW COLUMNS FROM `hd_ask` [ RunTime:0.0046s ]
SQL: SELECT * FROM `hd_ask` WHERE ( solve=0 ) LIMIT 13,3   [ RunTime:0.0007s ]
INFO: [ app_end ] --START--
INFO: Run Behavior\ShowPageTraceBehavior [ RunTime:0.000547s ]
INFO: [ app_end ] --END-- [ RunTime:0.000603s ]

[ 2016-03-29T09:18:07+08:00 ] 127.0.0.1 /wendaxiangmu/index.php/Home/Index/question
INFO: [ app_begin ] --START--
INFO: Run Behavior\ReadHtmlCacheBehavior [ RunTime:0.000476s ]
INFO: [ app_begin ] --END-- [ RunTime:0.000828s ]
SQL: SHOW COLUMNS FROM `hd_ask` [ RunTime:0.0047s ]
SQL: SELECT * FROM `hd_ask` WHERE ( solve=0 ) LIMIT 13,3   [ RunTime:0.0008s ]
INFO: [ app_end ] --START--
INFO: Run Behavior\ShowPageTraceBehavior [ RunTime:0.000774s ]
INFO: [ app_end ] --END-- [ RunTime:0.000905s ]

[ 2016-03-29T09:18:08+08:00 ] 127.0.0.1 /wendaxiangmu/index.php/Home/Index/question
INFO: [ app_begin ] --START--
INFO: Run Behavior\ReadHtmlCacheBehavior [ RunTime:0.000612s ]
INFO: [ app_begin ] --END-- [ RunTime:0.000971s ]
SQL: SHOW COLUMNS FROM `hd_ask` [ RunTime:0.0061s ]
SQL: SELECT * FROM `hd_ask` WHERE ( solve=0 ) LIMIT 13,3   [ RunTime:0.0008s ]
INFO: [ app_end ] --START--
INFO: Run Behavior\ShowPageTraceBehavior [ RunTime:0.000889s ]
INFO: [ app_end ] --END-- [ RunTime:0.001013s ]

[ 2016-03-29T09:18:14+08:00 ] 127.0.0.1 /wendaxiangmu/index.php/Home/Index/question
INFO: [ app_begin ] --START--
INFO: Run Behavior\ReadHtmlCacheBehavior [ RunTime:0.000497s ]
INFO: [ app_begin ] --END-- [ RunTime:0.000820s ]
SQL: SHOW COLUMNS FROM `hd_ask` [ RunTime:0.0046s ]
SQL: SELECT * FROM `hd_ask` WHERE ( solve=0 ) LIMIT 3,3   [ RunTime:0.0008s ]
INFO: [ app_end ] --START--
INFO: Run Behavior\ShowPageTraceBehavior [ RunTime:0.000800s ]
INFO: [ app_end ] --END-- [ RunTime:0.000891s ]

[ 2016-03-29T09:18:18+08:00 ] 127.0.0.1 /wendaxiangmu/index.php/Home/Index/question
INFO: [ app_begin ] --START--
INFO: Run Behavior\ReadHtmlCacheBehavior [ RunTime:0.000389s ]
INFO: [ app_begin ] --END-- [ RunTime:0.000677s ]
SQL: SHOW COLUMNS FROM `hd_ask` [ RunTime:0.0042s ]
SQL: SELECT * FROM `hd_ask` WHERE ( solve=0 ) LIMIT 8,3   [ RunTime:0.0007s ]
INFO: [ app_end ] --START--
INFO: Run Behavior\ShowPageTraceBehavior [ RunTime:0.000555s ]
INFO: [ app_end ] --END-- [ RunTime:0.000641s ]

[ 2016-03-29T09:18:21+08:00 ] 127.0.0.1 /wendaxiangmu/index.php/Home/Index/question
INFO: [ app_begin ] --START--
INFO: Run Behavior\ReadHtmlCacheBehavior [ RunTime:0.000480s ]
INFO: [ app_begin ] --END-- [ RunTime:0.000829s ]
SQL: SHOW COLUMNS FROM `hd_ask` [ RunTime:0.0041s ]
SQL: SELECT * FROM `hd_ask` WHERE ( solve=0 ) LIMIT 13,3   [ RunTime:0.0006s ]
INFO: [ app_end ] --START--
INFO: Run Behavior\ShowPageTraceBehavior [ RunTime:0.000591s ]
INFO: [ app_end ] --END-- [ RunTime:0.000660s ]

[ 2016-03-29T09:19:13+08:00 ] 127.0.0.1 /wendaxiangmu/index.php/Home/Index/question
INFO: [ app_begin ] --START--
INFO: Run Behavior\ReadHtmlCacheBehavior [ RunTime:0.000554s ]
INFO: [ app_begin ] --END-- [ RunTime:0.000968s ]
SQL: SHOW COLUMNS FROM `hd_ask` [ RunTime:0.0062s ]
SQL: SELECT * FROM `hd_ask` WHERE ( solve=0 ) LIMIT 5,5   [ RunTime:0.0012s ]
INFO: [ app_end ] --START--
INFO: Run Behavior\ShowPageTraceBehavior [ RunTime:0.000610s ]
INFO: [ app_end ] --END-- [ RunTime:0.000677s ]

[ 2016-03-29T09:19:17+08:00 ] 127.0.0.1 /wendaxiangmu/index.php/Home/Index/question
INFO: [ app_begin ] --START--
INFO: Run Behavior\ReadHtmlCacheBehavior [ RunTime:0.000468s ]
INFO: [ app_begin ] --END-- [ RunTime:0.000797s ]
SQL: SHOW COLUMNS FROM `hd_ask` [ RunTime:0.0042s ]
SQL: SELECT * FROM `hd_ask` WHERE ( solve=0 ) LIMIT 10,5   [ RunTime:0.0007s ]
INFO: [ app_end ] --START--
INFO: Run Behavior\ShowPageTraceBehavior [ RunTime:0.000623s ]
INFO: [ app_end ] --END-- [ RunTime:0.000687s ]

[ 2016-03-29T09:19:19+08:00 ] 127.0.0.1 /wendaxiangmu/index.php/Home/Index/question
INFO: [ app_begin ] --START--
INFO: Run Behavior\ReadHtmlCacheBehavior [ RunTime:0.000594s ]
INFO: [ app_begin ] --END-- [ RunTime:0.001079s ]
SQL: SHOW COLUMNS FROM `hd_ask` [ RunTime:0.0049s ]
SQL: SELECT * FROM `hd_ask` WHERE ( solve=0 ) LIMIT 15,5   [ RunTime:0.0007s ]
INFO: [ app_end ] --START--
INFO: Run Behavior\ShowPageTraceBehavior [ RunTime:0.000565s ]
INFO: [ app_end ] --END-- [ RunTime:0.000624s ]

[ 2016-03-29T09:19:20+08:00 ] 127.0.0.1 /wendaxiangmu/index.php/Home/Index/question
INFO: [ app_begin ] --START--
INFO: Run Behavior\ReadHtmlCacheBehavior [ RunTime:0.000447s ]
INFO: [ app_begin ] --END-- [ RunTime:0.000777s ]
SQL: SHOW COLUMNS FROM `hd_ask` [ RunTime:0.0047s ]
SQL: SELECT * FROM `hd_ask` WHERE ( solve=0 ) LIMIT 15,5   [ RunTime:0.0008s ]
INFO: [ app_end ] --START--
INFO: Run Behavior\ShowPageTraceBehavior [ RunTime:0.000710s ]
INFO: [ app_end ] --END-- [ RunTime:0.000768s ]

[ 2016-03-29T09:19:54+08:00 ] 127.0.0.1 /wendaxiangmu/index.php/Home/Common/verify.html
ERR: 非法操作:verify

[ 2016-03-29T09:19:54+08:00 ] 127.0.0.1 /wendaxiangmu/index.php/Home/Common/verify.html
ERR: 非法操作:verify

[ 2016-03-29T09:20:01+08:00 ] 127.0.0.1 /wendaxiangmu/index.php/Home/Ask/lian
INFO: [ app_begin ] --START--
INFO: Run Behavior\ReadHtmlCacheBehavior [ RunTime:0.000644s ]
INFO: [ app_begin ] --END-- [ RunTime:0.001257s ]
SQL: SHOW COLUMNS FROM `category` [ RunTime:0.0052s ]
SQL: SELECT * FROM `category` WHERE ( p_id=2 )  [ RunTime:0.0010s ]
INFO: [ app_end ] --START--
INFO: Run Behavior\ShowPageTraceBehavior [ RunTime:0.000875s ]
INFO: [ app_end ] --END-- [ RunTime:0.000968s ]

[ 2016-03-29T09:20:03+08:00 ] 127.0.0.1 /wendaxiangmu/index.php/Home/Ask/lian
INFO: [ app_begin ] --START--
INFO: Run Behavior\ReadHtmlCacheBehavior [ RunTime:0.000633s ]
INFO: [ app_begin ] --END-- [ RunTime:0.001206s ]
SQL: SHOW COLUMNS FROM `category` [ RunTime:0.0045s ]
SQL: SELECT * FROM `category` WHERE ( p_id=40 )  [ RunTime:0.0009s ]
INFO: [ app_end ] --START--
INFO: Run Behavior\ShowPageTraceBehavior [ RunTime:0.000559s ]
INFO: [ app_end ] --END-- [ RunTime:0.000619s ]

[ 2016-03-29T09:20:13+08:00 ] 127.0.0.1 /wendaxiangmu/index.php/Home/Index/question
INFO: [ app_begin ] --START--
INFO: Run Behavior\ReadHtmlCacheBehavior [ RunTime:0.000673s ]
INFO: [ app_begin ] --END-- [ RunTime:0.001136s ]
SQL: SHOW COLUMNS FROM `hd_ask` [ RunTime:0.0055s ]
SQL: SELECT * FROM `hd_ask` WHERE ( solve=0 ) LIMIT 5,5   [ RunTime:0.0009s ]
INFO: [ app_end ] --START--
INFO: Run Behavior\ShowPageTraceBehavior [ RunTime:0.000549s ]
INFO: [ app_end ] --END-- [ RunTime:0.000609s ]

[ 2016-03-29T09:20:14+08:00 ] 127.0.0.1 /wendaxiangmu/index.php/Home/Index/question
INFO: [ app_begin ] --START--
INFO: Run Behavior\ReadHtmlCacheBehavior [ RunTime:0.000466s ]
INFO: [ app_begin ] --END-- [ RunTime:0.000815s ]
SQL: SHOW COLUMNS FROM `hd_ask` [ RunTime:0.0046s ]
SQL: SELECT * FROM `hd_ask` WHERE ( solve=0 ) LIMIT 10,5   [ RunTime:0.0007s ]
INFO: [ app_end ] --START--
INFO: Run Behavior\ShowPageTraceBehavior [ RunTime:0.000534s ]
INFO: [ app_end ] --END-- [ RunTime:0.000605s ]

[ 2016-03-29T09:20:14+08:00 ] 127.0.0.1 /wendaxiangmu/index.php/Home/Index/question
INFO: [ app_begin ] --START--
INFO: Run Behavior\ReadHtmlCacheBehavior [ RunTime:0.000391s ]
INFO: [ app_begin ] --END-- [ RunTime:0.000700s ]
SQL: SHOW COLUMNS FROM `hd_ask` [ RunTime:0.0043s ]
SQL: SELECT * FROM `hd_ask` WHERE ( solve=0 ) LIMIT 15,5   [ RunTime:0.0007s ]
INFO: [ app_end ] --START--
INFO: Run Behavior\ShowPageTraceBehavior [ RunTime:0.000496s ]
INFO: [ app_end ] --END-- [ RunTime:0.000550s ]

[ 2016-03-29T09:23:16+08:00 ] 127.0.0.1 /wendaxiangmu/index.php/Home/Index/question
INFO: [ app_begin ] --START--
INFO: Run Behavior\ReadHtmlCacheBehavior [ RunTime:0.000452s ]
INFO: [ app_begin ] --END-- [ RunTime:0.000775s ]
SQL: SHOW COLUMNS FROM `hd_ask` [ RunTime:0.0040s ]
SQL: SELECT * FROM `hd_ask` WHERE ( solve=0 ) LIMIT 5,5   [ RunTime:0.0007s ]
INFO: [ app_end ] --START--
INFO: Run Behavior\ShowPageTraceBehavior [ RunTime:0.000565s ]
INFO: [ app_end ] --END-- [ RunTime:0.000621s ]

[ 2016-03-29T09:23:18+08:00 ] 127.0.0.1 /wendaxiangmu/index.php/Home/Index/question
INFO: [ app_begin ] --START--
INFO: Run Behavior\ReadHtmlCacheBehavior [ RunTime:0.000443s ]
INFO: [ app_begin ] --END-- [ RunTime:0.000769s ]
SQL: SHOW COLUMNS FROM `hd_ask` [ RunTime:0.0054s ]
SQL: SELECT * FROM `hd_ask` WHERE ( solve=0 ) LIMIT 10,5   [ RunTime:0.0009s ]
INFO: [ app_end ] --START--
INFO: Run Behavior\ShowPageTraceBehavior [ RunTime:0.000667s ]
INFO: [ app_end ] --END-- [ RunTime:0.000751s ]

[ 2016-03-29T09:24:22+08:00 ] 127.0.0.1 /wendaxiangmu/index.php/Home/Index/question
INFO: [ app_begin ] --START--
INFO: Run Behavior\ReadHtmlCacheBehavior [ RunTime:0.002057s ]
INFO: [ app_begin ] --END-- [ RunTime:0.003128s ]
SQL: SHOW COLUMNS FROM `hd_ask` [ RunTime:0.0066s ]
SQL: SELECT * FROM `hd_ask` WHERE ( solve=0 ) LIMIT 5,5   [ RunTime:0.0012s ]
INFO: [ app_end ] --START--
INFO: Run Behavior\ShowPageTraceBehavior [ RunTime:0.000841s ]
INFO: [ app_end ] --END-- [ RunTime:0.000953s ]

[ 2016-03-29T09:24:31+08:00 ] 127.0.0.1 /wendaxiangmu/index.php/Home/Index/question
INFO: [ app_begin ] --START--
INFO: Run Behavior\ReadHtmlCacheBehavior [ RunTime:0.000479s ]
INFO: [ app_begin ] --END-- [ RunTime:0.000845s ]
SQL: SHOW COLUMNS FROM `hd_ask` [ RunTime:0.0044s ]
SQL: SELECT * FROM `hd_ask` WHERE ( solve=0 ) LIMIT 10,5   [ RunTime:0.0010s ]
INFO: [ app_end ] --START--
INFO: Run Behavior\ShowPageTraceBehavior [ RunTime:0.000845s ]
INFO: [ app_end ] --END-- [ RunTime:0.000946s ]

[ 2016-03-29T09:26:24+08:00 ] 127.0.0.1 /wendaxiangmu/index.php/Home/Index/question
INFO: [ app_begin ] --START--
INFO: Run Behavior\ReadHtmlCacheBehavior [ RunTime:0.001223s ]
INFO: [ app_begin ] --END-- [ RunTime:0.002460s ]
SQL: SHOW COLUMNS FROM `hd_ask` [ RunTime:0.0063s ]
SQL: SELECT * FROM `hd_ask` WHERE ( solve=0 ) LIMIT 5,5   [ RunTime:0.0010s ]
INFO: [ app_end ] --START--
INFO: Run Behavior\ShowPageTraceBehavior [ RunTime:0.000757s ]
INFO: [ app_end ] --END-- [ RunTime:0.000835s ]

[ 2016-03-29T09:26:25+08:00 ] 127.0.0.1 /wendaxiangmu/index.php/Home/Index/question
INFO: [ app_begin ] --START--
INFO: Run Behavior\ReadHtmlCacheBehavior [ RunTime:0.000477s ]
INFO: [ app_begin ] --END-- [ RunTime:0.000836s ]
SQL: SHOW COLUMNS FROM `hd_ask` [ RunTime:0.0048s ]
SQL: SELECT * FROM `hd_ask` WHERE ( solve=0 ) LIMIT 10,5   [ RunTime:0.0008s ]
INFO: [ app_end ] --START--
INFO: Run Behavior\ShowPageTraceBehavior [ RunTime:0.000576s ]
INFO: [ app_end ] --END-- [ RunTime:0.000661s ]

[ 2016-03-29T09:26:26+08:00 ] 127.0.0.1 /wendaxiangmu/index.php/Home/Index/question
INFO: [ app_begin ] --START--
INFO: Run Behavior\ReadHtmlCacheBehavior [ RunTime:0.000561s ]
INFO: [ app_begin ] --END-- [ RunTime:0.000893s ]
SQL: SHOW COLUMNS FROM `hd_ask` [ RunTime:0.0048s ]
SQL: SELECT * FROM `hd_ask` WHERE ( solve=0 ) LIMIT 15,5   [ RunTime:0.0009s ]
INFO: [ app_end ] --START--
INFO: Run Behavior\ShowPageTraceBehavior [ RunTime:0.000667s ]
INFO: [ app_end ] --END-- [ RunTime:0.000766s ]

[ 2016-03-29T09:26:27+08:00 ] 127.0.0.1 /wendaxiangmu/index.php/Home/Index/question
INFO: [ app_begin ] --START--
INFO: Run Behavior\ReadHtmlCacheBehavior [ RunTime:0.000474s ]
INFO: [ app_begin ] --END-- [ RunTime:0.000810s ]
SQL: SHOW COLUMNS FROM `hd_ask` [ RunTime:0.0049s ]
SQL: SELECT * FROM `hd_ask` WHERE ( solve=0 ) LIMIT 15,5   [ RunTime:0.0008s ]
INFO: [ app_end ] --START--
INFO: Run Behavior\ShowPageTraceBehavior [ RunTime:0.000779s ]
INFO: [ app_end ] --END-- [ RunTime:0.000876s ]

[ 2016-03-29T09:26:27+08:00 ] 127.0.0.1 /wendaxiangmu/index.php/Home/Index/question
INFO: [ app_begin ] --START--
INFO: Run Behavior\ReadHtmlCacheBehavior [ RunTime:0.000436s ]
INFO: [ app_begin ] --END-- [ RunTime:0.000787s ]
SQL: SHOW COLUMNS FROM `hd_ask` [ RunTime:0.0048s ]
SQL: SELECT * FROM `hd_ask` WHERE ( solve=0 ) LIMIT 15,5   [ RunTime:0.0010s ]
INFO: [ app_end ] --START--
INFO: Run Behavior\ShowPageTraceBehavior [ RunTime:0.000602s ]
INFO: [ app_end ] --END-- [ RunTime:0.000674s ]

[ 2016-03-29T09:26:28+08:00 ] 127.0.0.1 /wendaxiangmu/index.php/Home/Index/question
INFO: [ app_begin ] --START--
INFO: Run Behavior\ReadHtmlCacheBehavior [ RunTime:0.000608s ]
INFO: [ app_begin ] --END-- [ RunTime:0.001005s ]
SQL: SHOW COLUMNS FROM `hd_ask` [ RunTime:0.0050s ]
SQL: SELECT * FROM `hd_ask` WHERE ( solve=0 ) LIMIT 15,5   [ RunTime:0.0008s ]
INFO: [ app_end ] --START--
INFO: Run Behavior\ShowPageTraceBehavior [ RunTime:0.000586s ]
INFO: [ app_end ] --END-- [ RunTime:0.000646s ]

[ 2016-03-29T09:26:28+08:00 ] 127.0.0.1 /wendaxiangmu/index.php/Home/Index/question
INFO: [ app_begin ] --START--
INFO: Run Behavior\ReadHtmlCacheBehavior [ RunTime:0.000444s ]
INFO: [ app_begin ] --END-- [ RunTime:0.000752s ]
SQL: SHOW COLUMNS FROM `hd_ask` [ RunTime:0.0041s ]
SQL: SELECT * FROM `hd_ask` WHERE ( solve=0 ) LIMIT 15,5   [ RunTime:0.0007s ]
INFO: [ app_end ] --START--
INFO: Run Behavior\ShowPageTraceBehavior [ RunTime:0.000569s ]
INFO: [ app_end ] --END-- [ RunTime:0.000633s ]

[ 2016-03-29T09:26:28+08:00 ] 127.0.0.1 /wendaxiangmu/index.php/Home/Index/question
INFO: [ app_begin ] --START--
INFO: Run Behavior\ReadHtmlCacheBehavior [ RunTime:0.000447s ]
INFO: [ app_begin ] --END-- [ RunTime:0.000831s ]
SQL: SHOW COLUMNS FROM `hd_ask` [ RunTime:0.0046s ]
SQL: SELECT * FROM `hd_ask` WHERE ( solve=0 ) LIMIT 15,5   [ RunTime:0.0008s ]
INFO: [ app_end ] --START--
INFO: Run Behavior\ShowPageTraceBehavior [ RunTime:0.000516s ]
INFO: [ app_end ] --END-- [ RunTime:0.000576s ]

[ 2016-03-29T09:26:29+08:00 ] 127.0.0.1 /wendaxiangmu/index.php/Home/Index/question
INFO: [ app_begin ] --START--
INFO: Run Behavior\ReadHtmlCacheBehavior [ RunTime:0.000396s ]
INFO: [ app_begin ] --END-- [ RunTime:0.000688s ]
SQL: SHOW COLUMNS FROM `hd_ask` [ RunTime:0.0045s ]
SQL: SELECT * FROM `hd_ask` WHERE ( solve=0 ) LIMIT 15,5   [ RunTime:0.0008s ]
INFO: [ app_end ] --START--
INFO: Run Behavior\ShowPageTraceBehavior [ RunTime:0.000711s ]
INFO: [ app_end ] --END-- [ RunTime:0.000799s ]

[ 2016-03-29T09:26:29+08:00 ] 127.0.0.1 /wendaxiangmu/index.php/Home/Index/question
INFO: [ app_begin ] --START--
INFO: Run Behavior\ReadHtmlCacheBehavior [ RunTime:0.000458s ]
INFO: [ app_begin ] --END-- [ RunTime:0.000797s ]
SQL: SHOW COLUMNS FROM `hd_ask` [ RunTime:0.0043s ]
SQL: SELECT * FROM `hd_ask` WHERE ( solve=0 ) LIMIT 15,5   [ RunTime:0.0007s ]
INFO: [ app_end ] --START--
INFO: Run Behavior\ShowPageTraceBehavior [ RunTime:0.000608s ]
INFO: [ app_end ] --END-- [ RunTime:0.000682s ]

[ 2016-03-29T09:26:29+08:00 ] 127.0.0.1 /wendaxiangmu/index.php/Home/Index/question
INFO: [ app_begin ] --START--
INFO: Run Behavior\ReadHtmlCacheBehavior [ RunTime:0.000685s ]
INFO: [ app_begin ] --END-- [ RunTime:0.001199s ]
SQL: SHOW COLUMNS FROM `hd_ask` [ RunTime:0.0052s ]
SQL: SELECT * FROM `hd_ask` WHERE ( solve=0 ) LIMIT 15,5   [ RunTime:0.0009s ]
INFO: [ app_end ] --START--
INFO: Run Behavior\ShowPageTraceBehavior [ RunTime:0.000597s ]
INFO: [ app_end ] --END-- [ RunTime:0.000665s ]

[ 2016-03-29T09:26:29+08:00 ] 127.0.0.1 /wendaxiangmu/index.php/Home/Index/question
INFO: [ app_begin ] --START--
INFO: Run Behavior\ReadHtmlCacheBehavior [ RunTime:0.000442s ]
INFO: [ app_begin ] --END-- [ RunTime:0.000763s ]
SQL: SHOW COLUMNS FROM `hd_ask` [ RunTime:0.0045s ]
SQL: SELECT * FROM `hd_ask` WHERE ( solve=0 ) LIMIT 15,5   [ RunTime:0.0009s ]
INFO: [ app_end ] --START--
INFO: Run Behavior\ShowPageTraceBehavior [ RunTime:0.000539s ]
INFO: [ app_end ] --END-- [ RunTime:0.000600s ]

[ 2016-03-29T09:26:30+08:00 ] 127.0.0.1 /wendaxiangmu/index.php/Home/Index/question
INFO: [ app_begin ] --START--
INFO: Run Behavior\ReadHtmlCacheBehavior [ RunTime:0.000390s ]
INFO: [ app_begin ] --END-- [ RunTime:0.000682s ]
SQL: SHOW COLUMNS FROM `hd_ask` [ RunTime:0.0043s ]
SQL: SELECT * FROM `hd_ask` WHERE ( solve=0 ) LIMIT 15,5   [ RunTime:0.0008s ]
INFO: [ app_end ] --START--
INFO: Run Behavior\ShowPageTraceBehavior [ RunTime:0.000511s ]
INFO: [ app_end ] --END-- [ RunTime:0.000563s ]

[ 2016-03-29T09:26:30+08:00 ] 127.0.0.1 /wendaxiangmu/index.php/Home/Index/question
INFO: [ app_begin ] --START--
INFO: Run Behavior\ReadHtmlCacheBehavior [ RunTime:0.000524s ]
INFO: [ app_begin ] --END-- [ RunTime:0.000901s ]
SQL: SHOW COLUMNS FROM `hd_ask` [ RunTime:0.0048s ]
SQL: SELECT * FROM `hd_ask` WHERE ( solve=0 ) LIMIT 15,5   [ RunTime:0.0008s ]
INFO: [ app_end ] --START--
INFO: Run Behavior\ShowPageTraceBehavior [ RunTime:0.000536s ]
INFO: [ app_end ] --END-- [ RunTime:0.000603s ]

[ 2016-03-29T09:26:30+08:00 ] 127.0.0.1 /wendaxiangmu/index.php/Home/Index/question
INFO: [ app_begin ] --START--
INFO: Run Behavior\ReadHtmlCacheBehavior [ RunTime:0.000728s ]
INFO: [ app_begin ] --END-- [ RunTime:0.001297s ]
SQL: SHOW COLUMNS FROM `hd_ask` [ RunTime:0.0066s ]
SQL: SELECT * FROM `hd_ask` WHERE ( solve=0 ) LIMIT 15,5   [ RunTime:0.0009s ]
INFO: [ app_end ] --START--
INFO: Run Behavior\ShowPageTraceBehavior [ RunTime:0.000807s ]
INFO: [ app_end ] --END-- [ RunTime:0.000920s ]

[ 2016-03-29T09:26:31+08:00 ] 127.0.0.1 /wendaxiangmu/index.php/Home/Index/question
INFO: [ app_begin ] --START--
INFO: Run Behavior\ReadHtmlCacheBehavior [ RunTime:0.000422s ]
INFO: [ app_begin ] --END-- [ RunTime:0.000744s ]
SQL: SHOW COLUMNS FROM `hd_ask` [ RunTime:0.0043s ]
SQL: SELECT * FROM `hd_ask` WHERE ( solve=0 ) LIMIT 15,5   [ RunTime:0.0007s ]
INFO: [ app_end ] --START--
INFO: Run Behavior\ShowPageTraceBehavior [ RunTime:0.000614s ]
INFO: [ app_end ] --END-- [ RunTime:0.000680s ]

[ 2016-03-29T09:26:32+08:00 ] 127.0.0.1 /wendaxiangmu/index.php/Home/Index/question
INFO: [ app_begin ] --START--
INFO: Run Behavior\ReadHtmlCacheBehavior [ RunTime:0.000725s ]
INFO: [ app_begin ] --END-- [ RunTime:0.001307s ]
SQL: SHOW COLUMNS FROM `hd_ask` [ RunTime:0.0051s ]
SQL: SELECT * FROM `hd_ask` WHERE ( solve=0 ) LIMIT 15,5   [ RunTime:0.0010s ]
INFO: [ app_end ] --START--
INFO: Run Behavior\ShowPageTraceBehavior [ RunTime:0.000598s ]
INFO: [ app_end ] --END-- [ RunTime:0.000659s ]

[ 2016-03-29T09:26:34+08:00 ] 127.0.0.1 /wendaxiangmu/index.php/Home/Index/question
INFO: [ app_begin ] --START--
INFO: Run Behavior\ReadHtmlCacheBehavior [ RunTime:0.000398s ]
INFO: [ app_begin ] --END-- [ RunTime:0.000687s ]
SQL: SHOW COLUMNS FROM `hd_ask` [ RunTime:0.0040s ]
SQL: SELECT * FROM `hd_ask` WHERE ( solve=0 ) LIMIT 15,5   [ RunTime:0.0006s ]
INFO: [ app_end ] --START--
INFO: Run Behavior\ShowPageTraceBehavior [ RunTime:0.000530s ]
INFO: [ app_end ] --END-- [ RunTime:0.000602s ]

[ 2016-03-29T09:27:01+08:00 ] 127.0.0.1 /wendaxiangmu/index.php/Home/Index/question
INFO: [ app_begin ] --START--
INFO: Run Behavior\ReadHtmlCacheBehavior [ RunTime:0.000431s ]
INFO: [ app_begin ] --END-- [ RunTime:0.000776s ]
SQL: SHOW COLUMNS FROM `hd_ask` [ RunTime:0.0053s ]
SQL: SELECT * FROM `hd_ask` WHERE ( solve=0 ) LIMIT 5,5   [ RunTime:0.0009s ]
INFO: [ app_end ] --START--
INFO: Run Behavior\ShowPageTraceBehavior [ RunTime:0.000792s ]
INFO: [ app_end ] --END-- [ RunTime:0.000899s ]

[ 2016-03-29T09:27:02+08:00 ] 127.0.0.1 /wendaxiangmu/index.php/Home/Index/question
INFO: [ app_begin ] --START--
INFO: Run Behavior\ReadHtmlCacheBehavior [ RunTime:0.000430s ]
INFO: [ app_begin ] --END-- [ RunTime:0.000718s ]
SQL: SHOW COLUMNS FROM `hd_ask` [ RunTime:0.0045s ]
SQL: SELECT * FROM `hd_ask` WHERE ( solve=0 ) LIMIT 10,5   [ RunTime:0.0008s ]
INFO: [ app_end ] --START--
INFO: Run Behavior\ShowPageTraceBehavior [ RunTime:0.000599s ]
INFO: [ app_end ] --END-- [ RunTime:0.000677s ]

[ 2016-03-29T09:27:02+08:00 ] 127.0.0.1 /wendaxiangmu/index.php/Home/Index/question
INFO: [ app_begin ] --START--
INFO: Run Behavior\ReadHtmlCacheBehavior [ RunTime:0.000442s ]
INFO: [ app_begin ] --END-- [ RunTime:0.000781s ]
SQL: SHOW COLUMNS FROM `hd_ask` [ RunTime:0.0047s ]
SQL: SELECT * FROM `hd_ask` WHERE ( solve=0 ) LIMIT 15,5   [ RunTime:0.0010s ]
INFO: [ app_end ] --START--
INFO: Run Behavior\ShowPageTraceBehavior [ RunTime:0.000770s ]
INFO: [ app_end ] --END-- [ RunTime:0.000883s ]

[ 2016-03-29T09:27:03+08:00 ] 127.0.0.1 /wendaxiangmu/index.php/Home/Index/question
INFO: [ app_begin ] --START--
INFO: Run Behavior\ReadHtmlCacheBehavior [ RunTime:0.000435s ]
INFO: [ app_begin ] --END-- [ RunTime:0.000784s ]
SQL: SHOW COLUMNS FROM `hd_ask` [ RunTime:0.0050s ]
SQL: SELECT * FROM `hd_ask` WHERE ( solve=0 ) LIMIT 15,5   [ RunTime:0.0008s ]
INFO: [ app_end ] --START--
INFO: Run Behavior\ShowPageTraceBehavior [ RunTime:0.000543s ]
INFO: [ app_end ] --END-- [ RunTime:0.000603s ]

[ 2016-03-29T09:27:05+08:00 ] 127.0.0.1 /wendaxiangmu/index.php/Home/Index/question
INFO: [ app_begin ] --START--
INFO: Run Behavior\ReadHtmlCacheBehavior [ RunTime:0.000451s ]
INFO: [ app_begin ] --END-- [ RunTime:0.000774s ]
SQL: SHOW COLUMNS FROM `hd_ask` [ RunTime:0.0047s ]
SQL: SELECT * FROM `hd_ask` WHERE ( solve=0 ) LIMIT 15,5   [ RunTime:0.0008s ]
INFO: [ app_end ] --START--
INFO: Run Behavior\ShowPageTraceBehavior [ RunTime:0.000535s ]
INFO: [ app_end ] --END-- [ RunTime:0.000595s ]

[ 2016-03-29T09:27:06+08:00 ] 127.0.0.1 /wendaxiangmu/index.php/Home/Index/question
INFO: [ app_begin ] --START--
INFO: Run Behavior\ReadHtmlCacheBehavior [ RunTime:0.000394s ]
INFO: [ app_begin ] --END-- [ RunTime:0.000682s ]
SQL: SHOW COLUMNS FROM `hd_ask` [ RunTime:0.0046s ]
SQL: SELECT * FROM `hd_ask` WHERE ( solve=0 ) LIMIT 15,5   [ RunTime:0.0007s ]
INFO: [ app_end ] --START--
INFO: Run Behavior\ShowPageTraceBehavior [ RunTime:0.000537s ]
INFO: [ app_end ] --END-- [ RunTime:0.000597s ]

[ 2016-03-29T09:27:06+08:00 ] 127.0.0.1 /wendaxiangmu/index.php/Home/Index/question
INFO: [ app_begin ] --START--
INFO: Run Behavior\ReadHtmlCacheBehavior [ RunTime:0.000406s ]
INFO: [ app_begin ] --END-- [ RunTime:0.000705s ]
SQL: SHOW COLUMNS FROM `hd_ask` [ RunTime:0.0045s ]
SQL: SELECT * FROM `hd_ask` WHERE ( solve=0 ) LIMIT 15,5   [ RunTime:0.0007s ]
INFO: [ app_end ] --START--
INFO: Run Behavior\ShowPageTraceBehavior [ RunTime:0.000571s ]
INFO: [ app_end ] --END-- [ RunTime:0.000626s ]

[ 2016-03-29T09:28:12+08:00 ] 127.0.0.1 /wendaxiangmu/index.php/Home/Index/question
INFO: [ app_begin ] --START--
INFO: Run Behavior\ReadHtmlCacheBehavior [ RunTime:0.000701s ]
INFO: [ app_begin ] --END-- [ RunTime:0.001231s ]
SQL: SHOW COLUMNS FROM `hd_ask` [ RunTime:0.0047s ]
SQL: SELECT * FROM `hd_ask` WHERE ( solve=0 ) LIMIT 5,5   [ RunTime:0.0008s ]
INFO: [ app_end ] --START--
INFO: Run Behavior\ShowPageTraceBehavior [ RunTime:0.000833s ]
INFO: [ app_end ] --END-- [ RunTime:0.000919s ]

[ 2016-03-29T09:28:13+08:00 ] 127.0.0.1 /wendaxiangmu/index.php/Home/Index/question
INFO: [ app_begin ] --START--
INFO: Run Behavior\ReadHtmlCacheBehavior [ RunTime:0.000444s ]
INFO: [ app_begin ] --END-- [ RunTime:0.000793s ]
SQL: SHOW COLUMNS FROM `hd_ask` [ RunTime:0.0049s ]
SQL: SELECT * FROM `hd_ask` WHERE ( solve=0 ) LIMIT 10,5   [ RunTime:0.0007s ]
INFO: [ app_end ] --START--
INFO: Run Behavior\ShowPageTraceBehavior [ RunTime:0.000613s ]
INFO: [ app_end ] --END-- [ RunTime:0.000684s ]

[ 2016-03-29T09:28:16+08:00 ] 127.0.0.1 /wendaxiangmu/index.php/Home/Index/question
INFO: [ app_begin ] --START--
INFO: Run Behavior\ReadHtmlCacheBehavior [ RunTime:0.000439s ]
INFO: [ app_begin ] --END-- [ RunTime:0.000777s ]
SQL: SHOW COLUMNS FROM `hd_ask` [ RunTime:0.0045s ]
SQL: SELECT * FROM `hd_ask` WHERE ( solve=0 ) LIMIT 15,5   [ RunTime:0.0007s ]
INFO: [ app_end ] --START--
INFO: Run Behavior\ShowPageTraceBehavior [ RunTime:0.000619s ]
INFO: [ app_end ] --END-- [ RunTime:0.000685s ]

[ 2016-03-29T09:28:16+08:00 ] 127.0.0.1 /wendaxiangmu/index.php/Home/Index/question
INFO: [ app_begin ] --START--
INFO: Run Behavior\ReadHtmlCacheBehavior [ RunTime:0.000459s ]
INFO: [ app_begin ] --END-- [ RunTime:0.000784s ]
SQL: SHOW COLUMNS FROM `hd_ask` [ RunTime:0.0051s ]
SQL: SELECT * FROM `hd_ask` WHERE ( solve=0 ) LIMIT 15,5   [ RunTime:0.0009s ]
INFO: [ app_end ] --START--
INFO: Run Behavior\ShowPageTraceBehavior [ RunTime:0.000533s ]
INFO: [ app_end ] --END-- [ RunTime:0.000595s ]

[ 2016-03-29T09:28:16+08:00 ] 127.0.0.1 /wendaxiangmu/index.php/Home/Index/question
INFO: [ app_begin ] --START--
INFO: Run Behavior\ReadHtmlCacheBehavior [ RunTime:0.000607s ]
INFO: [ app_begin ] --END-- [ RunTime:0.000950s ]
SQL: SHOW COLUMNS FROM `hd_ask` [ RunTime:0.0051s ]
SQL: SELECT * FROM `hd_ask` WHERE ( solve=0 ) LIMIT 15,5   [ RunTime:0.0008s ]
INFO: [ app_end ] --START--
INFO: Run Behavior\ShowPageTraceBehavior [ RunTime:0.000583s ]
INFO: [ app_end ] --END-- [ RunTime:0.000653s ]

[ 2016-03-29T09:28:21+08:00 ] 127.0.0.1 /wendaxiangmu/index.php/Home/Index/question
INFO: [ app_begin ] --START--
INFO: Run Behavior\ReadHtmlCacheBehavior [ RunTime:0.000462s ]
INFO: [ app_begin ] --END-- [ RunTime:0.000747s ]
SQL: SHOW COLUMNS FROM `hd_ask` [ RunTime:0.0044s ]
SQL: SELECT * FROM `hd_ask` WHERE ( solve=0 ) LIMIT 15,5   [ RunTime:0.0007s ]
INFO: [ app_end ] --START--
INFO: Run Behavior\ShowPageTraceBehavior [ RunTime:0.000496s ]
INFO: [ app_end ] --END-- [ RunTime:0.000544s ]

[ 2016-03-29T09:28:21+08:00 ] 127.0.0.1 /wendaxiangmu/index.php/Home/Index/question
INFO: [ app_begin ] --START--
INFO: Run Behavior\ReadHtmlCacheBehavior [ RunTime:0.000448s ]
INFO: [ app_begin ] --END-- [ RunTime:0.000773s ]
SQL: SHOW COLUMNS FROM `hd_ask` [ RunTime:0.0045s ]
SQL: SELECT * FROM `hd_ask` WHERE ( solve=0 ) LIMIT 15,5   [ RunTime:0.0008s ]
INFO: [ app_end ] --START--
INFO: Run Behavior\ShowPageTraceBehavior [ RunTime:0.000598s ]
INFO: [ app_end ] --END-- [ RunTime:0.000666s ]

[ 2016-03-29T09:28:22+08:00 ] 127.0.0.1 /wendaxiangmu/index.php/Home/Index/question
INFO: [ app_begin ] --START--
INFO: Run Behavior\ReadHtmlCacheBehavior [ RunTime:0.000459s ]
INFO: [ app_begin ] --END-- [ RunTime:0.000792s ]
SQL: SHOW COLUMNS FROM `hd_ask` [ RunTime:0.0053s ]
SQL: SELECT * FROM `hd_ask` WHERE ( solve=0 ) LIMIT 15,5   [ RunTime:0.0009s ]
INFO: [ app_end ] --START--
INFO: Run Behavior\ShowPageTraceBehavior [ RunTime:0.000573s ]
INFO: [ app_end ] --END-- [ RunTime:0.000635s ]

[ 2016-03-29T09:28:23+08:00 ] 127.0.0.1 /wendaxiangmu/index.php/Home/Index/question
INFO: [ app_begin ] --START--
INFO: Run Behavior\ReadHtmlCacheBehavior [ RunTime:0.000418s ]
INFO: [ app_begin ] --END-- [ RunTime:0.000729s ]
SQL: SHOW COLUMNS FROM `hd_ask` [ RunTime:0.0043s ]
SQL: SELECT * FROM `hd_ask` WHERE ( solve=0 ) LIMIT 15,5   [ RunTime:0.0007s ]
INFO: [ app_end ] --START--
INFO: Run Behavior\ShowPageTraceBehavior [ RunTime:0.000546s ]
INFO: [ app_end ] --END-- [ RunTime:0.000611s ]

[ 2016-03-29T09:28:23+08:00 ] 127.0.0.1 /wendaxiangmu/index.php/Home/Index/question
INFO: [ app_begin ] --START--
INFO: Run Behavior\ReadHtmlCacheBehavior [ RunTime:0.000592s ]
INFO: [ app_begin ] --END-- [ RunTime:0.000965s ]
SQL: SHOW COLUMNS FROM `hd_ask` [ RunTime:0.0049s ]
SQL: SELECT * FROM `hd_ask` WHERE ( solve=0 ) LIMIT 15,5   [ RunTime:0.0008s ]
INFO: [ app_end ] --START--
INFO: Run Behavior\ShowPageTraceBehavior [ RunTime:0.000526s ]
INFO: [ app_end ] --END-- [ RunTime:0.000584s ]

[ 2016-03-29T09:28:23+08:00 ] 127.0.0.1 /wendaxiangmu/index.php/Home/Index/question
INFO: [ app_begin ] --START--
INFO: Run Behavior\ReadHtmlCacheBehavior [ RunTime:0.000442s ]
INFO: [ app_begin ] --END-- [ RunTime:0.000769s ]
SQL: SHOW COLUMNS FROM `hd_ask` [ RunTime:0.0045s ]
SQL: SELECT * FROM `hd_ask` WHERE ( solve=0 ) LIMIT 15,5   [ RunTime:0.0008s ]
INFO: [ app_end ] --START--
INFO: Run Behavior\ShowPageTraceBehavior [ RunTime:0.000622s ]
INFO: [ app_end ] --END-- [ RunTime:0.000689s ]

[ 2016-03-29T09:28:23+08:00 ] 127.0.0.1 /wendaxiangmu/index.php/Home/Index/question
INFO: [ app_begin ] --START--
INFO: Run Behavior\ReadHtmlCacheBehavior [ RunTime:0.000398s ]
INFO: [ app_begin ] --END-- [ RunTime:0.000723s ]
SQL: SHOW COLUMNS FROM `hd_ask` [ RunTime:0.0044s ]
SQL: SELECT * FROM `hd_ask` WHERE ( solve=0 ) LIMIT 15,5   [ RunTime:0.0008s ]
INFO: [ app_end ] --START--
INFO: Run Behavior\ShowPageTraceBehavior [ RunTime:0.000525s ]
INFO: [ app_end ] --END-- [ RunTime:0.000592s ]

[ 2016-03-29T09:28:24+08:00 ] 127.0.0.1 /wendaxiangmu/index.php/Home/Index/question
INFO: [ app_begin ] --START--
INFO: Run Behavior\ReadHtmlCacheBehavior [ RunTime:0.000517s ]
INFO: [ app_begin ] --END-- [ RunTime:0.000889s ]
SQL: SHOW COLUMNS FROM `hd_ask` [ RunTime:0.0044s ]
SQL: SELECT * FROM `hd_ask` WHERE ( solve=0 ) LIMIT 15,5   [ RunTime:0.0007s ]
INFO: [ app_end ] --START--
INFO: Run Behavior\ShowPageTraceBehavior [ RunTime:0.000703s ]
INFO: [ app_end ] --END-- [ RunTime:0.000774s ]

[ 2016-03-29T09:28:24+08:00 ] 127.0.0.1 /wendaxiangmu/index.php/Home/Index/question
INFO: [ app_begin ] --START--
INFO: Run Behavior\ReadHtmlCacheBehavior [ RunTime:0.000390s ]
INFO: [ app_begin ] --END-- [ RunTime:0.000677s ]
SQL: SHOW COLUMNS FROM `hd_ask` [ RunTime:0.0047s ]
SQL: SELECT * FROM `hd_ask` WHERE ( solve=0 ) LIMIT 15,5   [ RunTime:0.0008s ]
INFO: [ app_end ] --START--
INFO: Run Behavior\ShowPageTraceBehavior [ RunTime:0.000583s ]
INFO: [ app_end ] --END-- [ RunTime:0.000639s ]

[ 2016-03-29T13:31:06+08:00 ] 127.0.0.1 /wendaxiangmu/index.php/Home/Index/question
INFO: [ app_begin ] --START--
INFO: Run Behavior\ReadHtmlCacheBehavior [ RunTime:0.000875s ]
INFO: [ app_begin ] --END-- [ RunTime:0.001501s ]
SQL: SHOW COLUMNS FROM `hd_ask` [ RunTime:0.0047s ]
SQL: SELECT * FROM `hd_ask` WHERE ( solve=0 ) LIMIT 5,5   [ RunTime:0.0008s ]
INFO: [ app_end ] --START--
INFO: Run Behavior\ShowPageTraceBehavior [ RunTime:0.000870s ]
INFO: [ app_end ] --END-- [ RunTime:0.000956s ]

[ 2016-03-29T13:31:07+08:00 ] 127.0.0.1 /wendaxiangmu/index.php/Home/Index/question
INFO: [ app_begin ] --START--
INFO: Run Behavior\ReadHtmlCacheBehavior [ RunTime:0.000425s ]
INFO: [ app_begin ] --END-- [ RunTime:0.000715s ]
SQL: SHOW COLUMNS FROM `hd_ask` [ RunTime:0.0045s ]
SQL: SELECT * FROM `hd_ask` WHERE ( solve=0 ) LIMIT 10,5   [ RunTime:0.0009s ]
INFO: [ app_end ] --START--
INFO: Run Behavior\ShowPageTraceBehavior [ RunTime:0.000686s ]
INFO: [ app_end ] --END-- [ RunTime:0.000751s ]

[ 2016-03-29T13:31:09+08:00 ] 127.0.0.1 /wendaxiangmu/index.php/Home/Index/question
INFO: [ app_begin ] --START--
INFO: Run Behavior\ReadHtmlCacheBehavior [ RunTime:0.000520s ]
INFO: [ app_begin ] --END-- [ RunTime:0.000974s ]
SQL: SHOW COLUMNS FROM `hd_ask` [ RunTime:0.0058s ]
SQL: SELECT * FROM `hd_ask` WHERE ( solve=0 ) LIMIT 15,5   [ RunTime:0.0008s ]
INFO: [ app_end ] --START--
INFO: Run Behavior\ShowPageTraceBehavior [ RunTime:0.000536s ]
INFO: [ app_end ] --END-- [ RunTime:0.000593s ]

[ 2016-03-29T13:31:10+08:00 ] 127.0.0.1 /wendaxiangmu/index.php/Home/Index/question
INFO: [ app_begin ] --START--
INFO: Run Behavior\ReadHtmlCacheBehavior [ RunTime:0.000675s ]
INFO: [ app_begin ] --END-- [ RunTime:0.001206s ]
SQL: SHOW COLUMNS FROM `hd_ask` [ RunTime:0.0053s ]
SQL: SELECT * FROM `hd_ask` WHERE ( solve=0 ) LIMIT 15,5   [ RunTime:0.0009s ]
INFO: [ app_end ] --START--
INFO: Run Behavior\ShowPageTraceBehavior [ RunTime:0.000723s ]
INFO: [ app_end ] --END-- [ RunTime:0.000817s ]

[ 2016-03-29T13:31:11+08:00 ] 127.0.0.1 /wendaxiangmu/index.php/Home/Index/question
INFO: [ app_begin ] --START--
INFO: Run Behavior\ReadHtmlCacheBehavior [ RunTime:0.000439s ]
INFO: [ app_begin ] --END-- [ RunTime:0.000763s ]
SQL: SHOW COLUMNS FROM `hd_ask` [ RunTime:0.0062s ]
SQL: SELECT * FROM `hd_ask` WHERE ( solve=0 ) LIMIT 15,5   [ RunTime:0.0010s ]
INFO: [ app_end ] --START--
INFO: Run Behavior\ShowPageTraceBehavior [ RunTime:0.000654s ]
INFO: [ app_end ] --END-- [ RunTime:0.000745s ]

[ 2016-03-29T13:45:29+08:00 ] 127.0.0.1 /wendaxiangmu/index.php/Home/Category/look.html
ERR: 模板不存在:./Application/Home/View/Category/look.html

[ 2016-03-29T13:57:28+08:00 ] 127.0.0.1 /wendaxiangmu/index.php/Home/Common/verify.html
ERR: 非法操作:verify

[ 2016-03-29T13:57:28+08:00 ] 127.0.0.1 /wendaxiangmu/index.php/Home/Common/verify.html
ERR: 非法操作:verify

[ 2016-03-29T13:59:07+08:00 ] 127.0.0.1 /wendaxiangmu/index.php/Home/Category/%7B;U(%27Index/index%27)%7D
ERR: 非法操作:{;U('Index

[ 2016-03-29T13:59:36+08:00 ] 127.0.0.1 /wendaxiangmu/index.php/Home/Category/%7B;U(%27Index/index%27)%7D
ERR: 非法操作:{;U('Index

[ 2016-03-29T13:59:37+08:00 ] 127.0.0.1 /wendaxiangmu/index.php/Home/Category/%7B;U(%27Index/index%27)%7D
ERR: 非法操作:{;U('Index

[ 2016-03-29T13:59:38+08:00 ] 127.0.0.1 /wendaxiangmu/index.php/Home/Category/%7B;U(%27Index/index%27)%7D
ERR: 非法操作:{;U('Index

[ 2016-03-29T13:59:39+08:00 ] 127.0.0.1 /wendaxiangmu/index.php/Home/Category/%7B;U(%27Index/index%27)%7D
ERR: 非法操作:{;U('Index

[ 2016-03-29T13:59:40+08:00 ] 127.0.0.1 /wendaxiangmu/index.php/Home/Category/%7B;U(%27Index/index%27)%7D
ERR: 非法操作:{;U('Index

[ 2016-03-29T13:59:41+08:00 ] 127.0.0.1 /wendaxiangmu/index.php/Home/Category/%7B;U(%27Index/index%27)%7D
ERR: 非法操作:{;U('Index

[ 2016-03-29T13:59:41+08:00 ] 127.0.0.1 /wendaxiangmu/index.php/Home/Category/%7B;U(%27Index/index%27)%7D
ERR: 非法操作:{;U('Index

[ 2016-03-29T13:59:42+08:00 ] 127.0.0.1 /wendaxiangmu/index.php/Home/Category/%7B;U(%27Index/index%27)%7D
ERR: 非法操作:{;U('Index

[ 2016-03-29T13:59:42+08:00 ] 127.0.0.1 /wendaxiangmu/index.php/Home/Category/%7B;U(%27Index/index%27)%7D
ERR: 非法操作:{;U('Index

[ 2016-03-29T14:00:25+08:00 ] 127.0.0.1 /wendaxiangmu/index.php/Home/Category/%7B;U(%27Index/index%27)%7D
ERR: 非法操作:{;U('Index

[ 2016-03-29T14:00:26+08:00 ] 127.0.0.1 /wendaxiangmu/index.php/Home/Category/%7B;U(%27Index/index%27)%7D
ERR: 非法操作:{;U('Index

[ 2016-03-29T14:00:26+08:00 ] 127.0.0.1 /wendaxiangmu/index.php/Home/Category/%7B;U(%27Index/index%27)%7D
ERR: 非法操作:{;U('Index

[ 2016-03-29T14:00:27+08:00 ] 127.0.0.1 /wendaxiangmu/index.php/Home/Category/%7B;U(%27Index/index%27)%7D
ERR: 非法操作:{;U('Index

[ 2016-03-29T14:21:19+08:00 ] 127.0.0.1 /wendaxiangmu/index.php/Home/Index/question
INFO: [ app_begin ] --START--
INFO: Run Behavior\ReadHtmlCacheBehavior [ RunTime:0.000622s ]
INFO: [ app_begin ] --END-- [ RunTime:0.001103s ]
SQL: SHOW COLUMNS FROM `hd_ask` [ RunTime:0.0041s ]
SQL: SELECT * FROM `hd_ask` WHERE ( solve=0 ) LIMIT 5,5   [ RunTime:0.0007s ]
INFO: [ app_end ] --START--
INFO: Run Behavior\ShowPageTraceBehavior [ RunTime:0.000636s ]
INFO: [ app_end ] --END-- [ RunTime:0.000701s ]

[ 2016-03-29T14:21:22+08:00 ] 127.0.0.1 /wendaxiangmu/index.php/Home/Index/question
INFO: [ app_begin ] --START--
INFO: Run Behavior\ReadHtmlCacheBehavior [ RunTime:0.000461s ]
INFO: [ app_begin ] --END-- [ RunTime:0.000805s ]
SQL: SHOW COLUMNS FROM `hd_ask` [ RunTime:0.0051s ]
SQL: SELECT * FROM `hd_ask` WHERE ( solve=0 ) LIMIT 10,5   [ RunTime:0.0009s ]
INFO: [ app_end ] --START--
INFO: Run Behavior\ShowPageTraceBehavior [ RunTime:0.000776s ]
INFO: [ app_end ] --END-- [ RunTime:0.000865s ]

[ 2016-03-29T14:24:02+08:00 ] 127.0.0.1 /wendaxiangmu/index.php/Home/Index/question
INFO: [ app_begin ] --START--
INFO: Run Behavior\ReadHtmlCacheBehavior [ RunTime:0.000463s ]
INFO: [ app_begin ] --END-- [ RunTime:0.000833s ]
SQL: SHOW COLUMNS FROM `hd_ask` [ RunTime:0.0047s ]
SQL: SELECT * FROM `hd_ask` WHERE ( solve=0 ) LIMIT 15,5   [ RunTime:0.0009s ]
INFO: [ app_end ] --START--
INFO: Run Behavior\ShowPageTraceBehavior [ RunTime:0.000548s ]
INFO: [ app_end ] --END-- [ RunTime:0.000609s ]

[ 2016-03-29T14:24:03+08:00 ] 127.0.0.1 /wendaxiangmu/index.php/Home/Index/question
INFO: [ app_begin ] --START--
INFO: Run Behavior\ReadHtmlCacheBehavior [ RunTime:0.000457s ]
INFO: [ app_begin ] --END-- [ RunTime:0.000795s ]
SQL: SHOW COLUMNS FROM `hd_ask` [ RunTime:0.0045s ]
SQL: SELECT * FROM `hd_ask` WHERE ( solve=0 ) LIMIT 15,5   [ RunTime:0.0008s ]
INFO: [ app_end ] --START--
INFO: Run Behavior\ShowPageTraceBehavior [ RunTime:0.000557s ]
INFO: [ app_end ] --END-- [ RunTime:0.000618s ]

[ 2016-03-29T14:24:04+08:00 ] 127.0.0.1 /wendaxiangmu/index.php/Home/Index/question
INFO: [ app_begin ] --START--
INFO: Run Behavior\ReadHtmlCacheBehavior [ RunTime:0.000480s ]
INFO: [ app_begin ] --END-- [ RunTime:0.000817s ]
SQL: SHOW COLUMNS FROM `hd_ask` [ RunTime:0.0053s ]
SQL: SELECT * FROM `hd_ask` WHERE ( solve=0 ) LIMIT 15,5   [ RunTime:0.0009s ]
INFO: [ app_end ] --START--
INFO: Run Behavior\ShowPageTraceBehavior [ RunTime:0.000549s ]
INFO: [ app_end ] --END-- [ RunTime:0.000615s ]

[ 2016-03-29T14:24:04+08:00 ] 127.0.0.1 /wendaxiangmu/index.php/Home/Index/question
INFO: [ app_begin ] --START--
INFO: Run Behavior\ReadHtmlCacheBehavior [ RunTime:0.000478s ]
INFO: [ app_begin ] --END-- [ RunTime:0.000871s ]
SQL: SHOW COLUMNS FROM `hd_ask` [ RunTime:0.0049s ]
SQL: SELECT * FROM `hd_ask` WHERE ( solve=0 ) LIMIT 15,5   [ RunTime:0.0010s ]
INFO: [ app_end ] --START--
INFO: Run Behavior\ShowPageTraceBehavior [ RunTime:0.000566s ]
INFO: [ app_end ] --END-- [ RunTime:0.000672s ]

[ 2016-03-29T14:24:05+08:00 ] 127.0.0.1 /wendaxiangmu/index.php/Home/Index/question
INFO: [ app_begin ] --START--
INFO: Run Behavior\ReadHtmlCacheBehavior [ RunTime:0.000431s ]
INFO: [ app_begin ] --END-- [ RunTime:0.000736s ]
SQL: SHOW COLUMNS FROM `hd_ask` [ RunTime:0.0045s ]
SQL: SELECT * FROM `hd_ask` WHERE ( solve=0 ) LIMIT 15,5   [ RunTime:0.0008s ]
INFO: [ app_end ] --START--
INFO: Run Behavior\ShowPageTraceBehavior [ RunTime:0.000607s ]
INFO: [ app_end ] --END-- [ RunTime:0.000674s ]

[ 2016-03-29T14:24:05+08:00 ] 127.0.0.1 /wendaxiangmu/index.php/Home/Index/question
INFO: [ app_begin ] --START--
INFO: Run Behavior\ReadHtmlCacheBehavior [ RunTime:0.000421s ]
INFO: [ app_begin ] --END-- [ RunTime:0.000728s ]
SQL: SHOW COLUMNS FROM `hd_ask` [ RunTime:0.0041s ]
SQL: SELECT * FROM `hd_ask` WHERE ( solve=0 ) LIMIT 15,5   [ RunTime:0.0007s ]
INFO: [ app_end ] --START--
INFO: Run Behavior\ShowPageTraceBehavior [ RunTime:0.000559s ]
INFO: [ app_end ] --END-- [ RunTime:0.000628s ]

[ 2016-03-29T14:24:10+08:00 ] 127.0.0.1 /wendaxiangmu/index.php/Home/Index/question
INFO: [ app_begin ] --START--
INFO: Run Behavior\ReadHtmlCacheBehavior [ RunTime:0.000681s ]
INFO: [ app_begin ] --END-- [ RunTime:0.001059s ]
SQL: SHOW COLUMNS FROM `hd_ask` [ RunTime:0.0042s ]
SQL: SELECT * FROM `hd_ask` WHERE ( solve=0 ) LIMIT 5,5   [ RunTime:0.0009s ]
INFO: [ app_end ] --START--
INFO: Run Behavior\ShowPageTraceBehavior [ RunTime:0.000680s ]
INFO: [ app_end ] --END-- [ RunTime:0.000750s ]

[ 2016-03-29T14:24:12+08:00 ] 127.0.0.1 /wendaxiangmu/index.php/Home/Index/question
INFO: [ app_begin ] --START--
INFO: Run Behavior\ReadHtmlCacheBehavior [ RunTime:0.000460s ]
INFO: [ app_begin ] --END-- [ RunTime:0.000783s ]
SQL: SHOW COLUMNS FROM `hd_ask` [ RunTime:0.0044s ]
SQL: SELECT * FROM `hd_ask` WHERE ( solve=0 ) LIMIT 10,5   [ RunTime:0.0007s ]
INFO: [ app_end ] --START--
INFO: Run Behavior\ShowPageTraceBehavior [ RunTime:0.000601s ]
INFO: [ app_end ] --END-- [ RunTime:0.000664s ]

[ 2016-03-29T14:24:19+08:00 ] 127.0.0.1 /wendaxiangmu/index.php/Home/Index/question
INFO: [ app_begin ] --START--
INFO: Run Behavior\ReadHtmlCacheBehavior [ RunTime:0.000471s ]
INFO: [ app_begin ] --END-- [ RunTime:0.000796s ]
SQL: SHOW COLUMNS FROM `hd_ask` [ RunTime:0.0046s ]
SQL: SELECT * FROM `hd_ask` WHERE ( solve=0 ) LIMIT 5,5   [ RunTime:0.0009s ]
INFO: [ app_end ] --START--
INFO: Run Behavior\ShowPageTraceBehavior [ RunTime:0.000576s ]
INFO: [ app_end ] --END-- [ RunTime:0.000643s ]

[ 2016-03-29T14:24:20+08:00 ] 127.0.0.1 /wendaxiangmu/index.php/Home/Index/question
INFO: [ app_begin ] --START--
INFO: Run Behavior\ReadHtmlCacheBehavior [ RunTime:0.000675s ]
INFO: [ app_begin ] --END-- [ RunTime:0.001137s ]
SQL: SHOW COLUMNS FROM `hd_ask` [ RunTime:0.0058s ]
SQL: SELECT * FROM `hd_ask` WHERE ( solve=0 ) LIMIT 10,5   [ RunTime:0.0008s ]
INFO: [ app_end ] --START--
INFO: Run Behavior\ShowPageTraceBehavior [ RunTime:0.000761s ]
INFO: [ app_end ] --END-- [ RunTime:0.000854s ]

[ 2016-03-29T14:24:27+08:00 ] 127.0.0.1 /wendaxiangmu/index.php/Home/Common/verify.html
ERR: 非法操作:verify

[ 2016-03-29T14:24:27+08:00 ] 127.0.0.1 /wendaxiangmu/index.php/Home/Common/verify.html
ERR: 非法操作:verify

[ 2016-03-29T14:27:51+08:00 ] 127.0.0.1 /wendaxiangmu/index.php/Home/Category/show.html
ERR: 非法操作:show

[ 2016-03-29T14:55:18+08:00 ] 127.0.0.1 /wendaxiangmu/index.php/Home/Ask/lian
INFO: [ app_begin ] --START--
INFO: Run Behavior\ReadHtmlCacheBehavior [ RunTime:0.000489s ]
INFO: [ app_begin ] --END-- [ RunTime:0.000927s ]
SQL: SHOW COLUMNS FROM `category` [ RunTime:0.0045s ]
SQL: SELECT * FROM `category` WHERE ( p_id=1 )  [ RunTime:0.0008s ]
INFO: [ app_end ] --START--
INFO: Run Behavior\ShowPageTraceBehavior [ RunTime:0.000561s ]
INFO: [ app_end ] --END-- [ RunTime:0.000618s ]

[ 2016-03-29T14:55:19+08:00 ] 127.0.0.1 /wendaxiangmu/index.php/Home/Ask/lian
INFO: [ app_begin ] --START--
INFO: Run Behavior\ReadHtmlCacheBehavior [ RunTime:0.000800s ]
INFO: [ app_begin ] --END-- [ RunTime:0.001374s ]
SQL: SHOW COLUMNS FROM `category` [ RunTime:0.0049s ]
SQL: SELECT * FROM `category` WHERE ( p_id=23 )  [ RunTime:0.0010s ]
INFO: [ app_end ] --START--
INFO: Run Behavior\ShowPageTraceBehavior [ RunTime:0.000548s ]
INFO: [ app_end ] --END-- [ RunTime:0.000605s ]

[ 2016-03-29T14:55:21+08:00 ] 127.0.0.1 /wendaxiangmu/index.php/Home/Ask/lian
INFO: [ app_begin ] --START--
INFO: Run Behavior\ReadHtmlCacheBehavior [ RunTime:0.000572s ]
INFO: [ app_begin ] --END-- [ RunTime:0.000999s ]
SQL: SHOW COLUMNS FROM `category` [ RunTime:0.0045s ]
SQL: SELECT * FROM `category` WHERE ( p_id=27 )  [ RunTime:0.0008s ]
INFO: [ app_end ] --START--
INFO: Run Behavior\ShowPageTraceBehavior [ RunTime:0.000773s ]
INFO: [ app_end ] --END-- [ RunTime:0.000838s ]

[ 2016-03-29T14:55:23+08:00 ] 127.0.0.1 /wendaxiangmu/index.php/Home/Ask/lian
INFO: [ app_begin ] --START--
INFO: Run Behavior\ReadHtmlCacheBehavior [ RunTime:0.000648s ]
INFO: [ app_begin ] --END-- [ RunTime:0.001181s ]
SQL: SHOW COLUMNS FROM `category` [ RunTime:0.0045s ]
SQL: SELECT * FROM `category` WHERE ( p_id=28 )  [ RunTime:0.0008s ]
INFO: [ app_end ] --START--
INFO: Run Behavior\ShowPageTraceBehavior [ RunTime:0.000635s ]
INFO: [ app_end ] --END-- [ RunTime:0.000752s ]

[ 2016-03-29T14:55:25+08:00 ] 127.0.0.1 /wendaxiangmu/index.php/Home/Ask/lian
INFO: [ app_begin ] --START--
INFO: Run Behavior\ReadHtmlCacheBehavior [ RunTime:0.000651s ]
INFO: [ app_begin ] --END-- [ RunTime:0.001259s ]
SQL: SHOW COLUMNS FROM `category` [ RunTime:0.0048s ]
SQL: SELECT * FROM `category` WHERE ( p_id=29 )  [ RunTime:0.0008s ]
INFO: [ app_end ] --START--
INFO: Run Behavior\ShowPageTraceBehavior [ RunTime:0.000542s ]
INFO: [ app_end ] --END-- [ RunTime:0.000607s ]

[ 2016-03-29T14:55:54+08:00 ] 127.0.0.1 /wendaxiangmu/index.php/Home/Common/verify.html
ERR: 非法操作:verify

[ 2016-03-29T14:55:54+08:00 ] 127.0.0.1 /wendaxiangmu/index.php/Home/Common/verify.html
ERR: 非法操作:verify

[ 2016-03-29T15:06:58+08:00 ] 127.0.0.1 /wendaxiangmu/index.php/Home/Common/verify.html
ERR: 非法操作:verify

[ 2016-03-29T15:06:58+08:00 ] 127.0.0.1 /wendaxiangmu/index.php/Home/Common/verify.html
ERR: 非法操作:verify

[ 2016-03-29T15:07:00+08:00 ] 127.0.0.1 /wendaxiangmu/index.php/Home/Common/verify.html
ERR: 非法操作:verify

[ 2016-03-29T15:07:00+08:00 ] 127.0.0.1 /wendaxiangmu/index.php/Home/Common/verify.html
ERR: 非法操作:verify

[ 2016-03-29T15:07:00+08:00 ] 127.0.0.1 /wendaxiangmu/index.php/Home/Common/verify.html
ERR: 非法操作:verify

[ 2016-03-29T15:07:01+08:00 ] 127.0.0.1 /wendaxiangmu/index.php/Home/Common/verify.html
ERR: 非法操作:verify

[ 2016-03-29T15:07:01+08:00 ] 127.0.0.1 /wendaxiangmu/index.php/Home/Common/verify.html
ERR: 非法操作:verify

[ 2016-03-29T15:07:01+08:00 ] 127.0.0.1 /wendaxiangmu/index.php/Home/Common/verify.html
ERR: 非法操作:verify

[ 2016-03-29T15:07:02+08:00 ] 127.0.0.1 /wendaxiangmu/index.php/Home/Common/verify.html
ERR: 非法操作:verify

[ 2016-03-29T15:07:02+08:00 ] 127.0.0.1 /wendaxiangmu/index.php/Home/Common/verify.html
ERR: 非法操作:verify

[ 2016-03-29T15:07:02+08:00 ] 127.0.0.1 /wendaxiangmu/index.php/Home/Common/verify.html
ERR: 非法操作:verify

[ 2016-03-29T15:07:02+08:00 ] 127.0.0.1 /wendaxiangmu/index.php/Home/Common/verify.html
ERR: 非法操作:verify

[ 2016-03-29T15:07:03+08:00 ] 127.0.0.1 /wendaxiangmu/index.php/Home/Common/verify.html
ERR: 非法操作:verify

[ 2016-03-29T15:07:03+08:00 ] 127.0.0.1 /wendaxiangmu/index.php/Home/Common/verify.html
ERR: 非法操作:verify

[ 2016-03-29T15:07:04+08:00 ] 127.0.0.1 /wendaxiangmu/index.php/Home/Common/verify.html
ERR: 非法操作:verify

[ 2016-03-29T15:07:04+08:00 ] 127.0.0.1 /wendaxiangmu/index.php/Home/Common/verify.html
ERR: 非法操作:verify

[ 2016-03-29T15:07:06+08:00 ] 127.0.0.1 /wendaxiangmu/index.php/Home/Common/verify.html
ERR: 非法操作:verify

[ 2016-03-29T15:07:06+08:00 ] 127.0.0.1 /wendaxiangmu/index.php/Home/Common/verify.html
ERR: 非法操作:verify

[ 2016-03-29T15:07:08+08:00 ] 127.0.0.1 /wendaxiangmu/index.php/Home/Common/verify.html
ERR: 非法操作:verify

[ 2016-03-29T15:07:08+08:00 ] 127.0.0.1 /wendaxiangmu/index.php/Home/Common/verify.html
ERR: 非法操作:verify

[ 2016-03-29T15:07:10+08:00 ] 127.0.0.1 /wendaxiangmu/index.php/Home/Common/verify.html
ERR: 非法操作:verify

[ 2016-03-29T15:07:10+08:00 ] 127.0.0.1 /wendaxiangmu/index.php/Home/Common/verify.html
ERR: 非法操作:verify

[ 2016-03-29T15:07:52+08:00 ] 127.0.0.1 /wendaxiangmu/index.php/Home/Common/verify.html
ERR: 非法操作:verify

[ 2016-03-29T15:07:52+08:00 ] 127.0.0.1 /wendaxiangmu/index.php/Home/Common/verify.html
ERR: 非法操作:verify

[ 2016-03-29T15:07:52+08:00 ] 127.0.0.1 /wendaxiangmu/index.php/Home/Common/verify.html
ERR: 非法操作:verify

[ 2016-03-29T15:07:52+08:00 ] 127.0.0.1 /wendaxiangmu/index.php/Home/Common/verify.html
ERR: 非法操作:verify

[ 2016-03-29T15:07:53+08:00 ] 127.0.0.1 /wendaxiangmu/index.php/Home/Common/verify.html
ERR: 非法操作:verify

[ 2016-03-29T15:07:53+08:00 ] 127.0.0.1 /wendaxiangmu/index.php/Home/Common/verify.html
ERR: 非法操作:verify

[ 2016-03-29T15:07:54+08:00 ] 127.0.0.1 /wendaxiangmu/index.php/Home/Common/verify.html
ERR: 非法操作:verify

[ 2016-03-29T15:07:54+08:00 ] 127.0.0.1 /wendaxiangmu/index.php/Home/Common/verify.html
ERR: 非法操作:verify

[ 2016-03-29T15:07:55+08:00 ] 127.0.0.1 /wendaxiangmu/index.php/Home/Common/verify.html
ERR: 非法操作:verify

[ 2016-03-29T15:07:55+08:00 ] 127.0.0.1 /wendaxiangmu/index.php/Home/Common/verify.html
ERR: 非法操作:verify

[ 2016-03-29T15:07:55+08:00 ] 127.0.0.1 /wendaxiangmu/index.php/Home/Common/verify.html
ERR: 非法操作:verify

[ 2016-03-29T15:07:56+08:00 ] 127.0.0.1 /wendaxiangmu/index.php/Home/Common/verify.html
ERR: 非法操作:verify

[ 2016-03-29T15:07:56+08:00 ] 127.0.0.1 /wendaxiangmu/index.php/Home/Common/verify.html
ERR: 非法操作:verify

[ 2016-03-29T15:07:56+08:00 ] 127.0.0.1 /wendaxiangmu/index.php/Home/Common/verify.html
ERR: 非法操作:verify

[ 2016-03-29T15:07:57+08:00 ] 127.0.0.1 /wendaxiangmu/index.php/Home/Common/verify.html
ERR: 非法操作:verify

[ 2016-03-29T15:07:57+08:00 ] 127.0.0.1 /wendaxiangmu/index.php/Home/Common/verify.html
ERR: 非法操作:verify

[ 2016-03-29T15:07:58+08:00 ] 127.0.0.1 /wendaxiangmu/index.php/Home/Common/verify.html
ERR: 非法操作:verify

[ 2016-03-29T15:07:58+08:00 ] 127.0.0.1 /wendaxiangmu/index.php/Home/Common/verify.html
ERR: 非法操作:verify

[ 2016-03-29T15:07:58+08:00 ] 127.0.0.1 /wendaxiangmu/index.php/Home/Common/verify.html
ERR: 非法操作:verify

[ 2016-03-29T15:07:58+08:00 ] 127.0.0.1 /wendaxiangmu/index.php/Home/Common/verify.html
ERR: 非法操作:verify

[ 2016-03-29T15:07:59+08:00 ] 127.0.0.1 /wendaxiangmu/index.php/Home/Common/verify.html
ERR: 非法操作:verify

[ 2016-03-29T15:07:59+08:00 ] 127.0.0.1 /wendaxiangmu/index.php/Home/Common/verify.html
ERR: 非法操作:verify

[ 2016-03-29T15:08:00+08:00 ] 127.0.0.1 /wendaxiangmu/index.php/Home/Common/verify.html
ERR: 非法操作:verify

[ 2016-03-29T15:08:00+08:00 ] 127.0.0.1 /wendaxiangmu/index.php/Home/Common/verify.html
ERR: 非法操作:verify

[ 2016-03-29T15:08:00+08:00 ] 127.0.0.1 /wendaxiangmu/index.php/Home/Common/verify.html
ERR: 非法操作:verify

[ 2016-03-29T15:08:00+08:00 ] 127.0.0.1 /wendaxiangmu/index.php/Home/Common/verify.html
ERR: 非法操作:verify

[ 2016-03-29T15:08:02+08:00 ] 127.0.0.1 /wendaxiangmu/index.php/Home/Common/verify.html
ERR: 非法操作:verify

[ 2016-03-29T15:08:02+08:00 ] 127.0.0.1 /wendaxiangmu/index.php/Home/Common/verify.html
ERR: 非法操作:verify

[ 2016-03-29T15:08:03+08:00 ] 127.0.0.1 /wendaxiangmu/index.php/Home/Common/verify.html
ERR: 非法操作:verify

[ 2016-03-29T15:08:03+08:00 ] 127.0.0.1 /wendaxiangmu/index.php/Home/Common/verify.html
ERR: 非法操作:verify

[ 2016-03-29T15:08:07+08:00 ] 127.0.0.1 /wendaxiangmu/index.php/Home/Common/verify.html
ERR: 非法操作:verify

[ 2016-03-29T15:08:07+08:00 ] 127.0.0.1 /wendaxiangmu/index.php/Home/Common/verify.html
ERR: 非法操作:verify

[ 2016-03-29T15:08:08+08:00 ] 127.0.0.1 /wendaxiangmu/index.php/Home/Common/verify.html
ERR: 非法操作:verify

[ 2016-03-29T15:08:08+08:00 ] 127.0.0.1 /wendaxiangmu/index.php/Home/Common/verify.html
ERR: 非法操作:verify

[ 2016-03-29T15:08:10+08:00 ] 127.0.0.1 /wendaxiangmu/index.php/Home/Common/verify.html
ERR: 非法操作:verify

[ 2016-03-29T15:08:10+08:00 ] 127.0.0.1 /wendaxiangmu/index.php/Home/Common/verify.html
ERR: 非法操作:verify

[ 2016-03-29T15:21:48+08:00 ] 127.0.0.1 /wendaxiangmu/index.php/Home/Index/question
INFO: [ app_begin ] --START--
INFO: Run Behavior\ReadHtmlCacheBehavior [ RunTime:0.000497s ]
INFO: [ app_begin ] --END-- [ RunTime:0.000876s ]
SQL: SHOW COLUMNS FROM `hd_ask` [ RunTime:0.0047s ]
SQL: SELECT * FROM `hd_ask` WHERE ( solve=0 ) LIMIT 5,5   [ RunTime:0.0009s ]
INFO: [ app_end ] --START--
INFO: Run Behavior\ShowPageTraceBehavior [ RunTime:0.000838s ]
INFO: [ app_end ] --END-- [ RunTime:0.000919s ]

[ 2016-03-29T15:21:50+08:00 ] 127.0.0.1 /wendaxiangmu/index.php/Home/Index/question
INFO: [ app_begin ] --START--
INFO: Run Behavior\ReadHtmlCacheBehavior [ RunTime:0.000421s ]
INFO: [ app_begin ] --END-- [ RunTime:0.000722s ]
SQL: SHOW COLUMNS FROM `hd_ask` [ RunTime:0.0042s ]
SQL: SELECT * FROM `hd_ask` WHERE ( solve=0 ) LIMIT 10,5   [ RunTime:0.0007s ]
INFO: [ app_end ] --START--
INFO: Run Behavior\ShowPageTraceBehavior [ RunTime:0.000580s ]
INFO: [ app_end ] --END-- [ RunTime:0.000635s ]

[ 2016-03-29T16:50:03+08:00 ] 127.0.0.1 /wendaxiangmu/index.php/Home/Common/verify.html
ERR: 非法操作:verify

[ 2016-03-29T16:50:03+08:00 ] 127.0.0.1 /wendaxiangmu/index.php/Home/Common/verify.html
ERR: 非法操作:verify

[ 2016-03-29T20:45:38+08:00 ] 127.0.0.1 /wendaxiangmu/index.php/Home/Index/question
INFO: [ app_begin ] --START--
INFO: Run Behavior\ReadHtmlCacheBehavior [ RunTime:0.000451s ]
INFO: [ app_begin ] --END-- [ RunTime:0.000792s ]
SQL: SHOW COLUMNS FROM `hd_ask` [ RunTime:0.0060s ]
SQL: SELECT * FROM `hd_ask` WHERE ( solve=0 ) LIMIT 5,5   [ RunTime:0.0011s ]
INFO: [ app_end ] --START--
INFO: Run Behavior\ShowPageTraceBehavior [ RunTime:0.000751s ]
INFO: [ app_end ] --END-- [ RunTime:0.000849s ]

