[ 2016-03-25T08:40:49+08:00 ] 127.0.0.1 /wendaxiangmu/index.php/Home/User/user/id/
ERR: 非法操作:user

[ 2016-03-25T09:57:11+08:00 ] 127.0.0.1 /wendaxiangmu/index.php/Home/Ask/askd_files/common.css
ERR: 非法操作:askd_files

[ 2016-03-25T09:57:11+08:00 ] 127.0.0.1 /wendaxiangmu/index.php/Home/Ask/askd_files/send.js
ERR: 非法操作:askd_files

[ 2016-03-25T09:57:11+08:00 ] 127.0.0.1 /wendaxiangmu/index.php/Home/Ask/askd_files/ask.css
ERR: 非法操作:askd_files

[ 2016-03-25T09:57:11+08:00 ] 127.0.0.1 /wendaxiangmu/index.php/Home/Ask/askd_files/jquery-1.js
ERR: 非法操作:askd_files

[ 2016-03-25T09:57:11+08:00 ] 127.0.0.1 /wendaxiangmu/index.php/Home/Ask/askd_files/top-bar.js
ERR: 非法操作:askd_files

[ 2016-03-25T09:57:11+08:00 ] 127.0.0.1 /wendaxiangmu/index.php/Home/Ask/askd_files/validate.js
ERR: 非法操作:askd_files

[ 2016-03-25T09:57:11+08:00 ] 127.0.0.1 /wendaxiangmu/index.php/Home/Ask/askd_files/send.js
ERR: 非法操作:askd_files

[ 2016-03-25T09:57:11+08:00 ] 127.0.0.1 /wendaxiangmu/index.php/Home/Ask/askd_files/ask.css
ERR: 非法操作:askd_files

[ 2016-03-25T09:57:11+08:00 ] 127.0.0.1 /wendaxiangmu/index.php/Home/Ask/askd_files/validate.js
ERR: 非法操作:askd_files

[ 2016-03-25T15:13:10+08:00 ] 127.0.0.1 /wendaxiangmu/index.php/Home/Ask/index.html
ERR: 1146:Table 'php4.lian' doesn't exist
 [ SQL语句 ] : SHOW COLUMNS FROM `lian`

[ 2016-03-25T15:13:11+08:00 ] 127.0.0.1 /wendaxiangmu/index.php/Home/Ask/index.html
ERR: 1146:Table 'php4.lian' doesn't exist
 [ SQL语句 ] : SHOW COLUMNS FROM `lian`

[ 2016-03-25T15:13:12+08:00 ] 127.0.0.1 /wendaxiangmu/index.php/Home/Ask/index.html
ERR: 1146:Table 'php4.lian' doesn't exist
 [ SQL语句 ] : SHOW COLUMNS FROM `lian`

[ 2016-03-25T15:13:14+08:00 ] 127.0.0.1 /wendaxiangmu/index.php/Home/Ask/index.html
ERR: 1146:Table 'php4.lian' doesn't exist
 [ SQL语句 ] : SHOW COLUMNS FROM `lian`

[ 2016-03-25T15:13:18+08:00 ] 127.0.0.1 /wendaxiangmu/index.php/Home/Ask/index.html
ERR: 1146:Table 'php4.lian' doesn't exist
 [ SQL语句 ] : SHOW COLUMNS FROM `lian`

[ 2016-03-25T15:13:47+08:00 ] 127.0.0.1 /wendaxiangmu/index.php/Home/Ask/index.html
ERR: 1146:Table 'php4.lian' doesn't exist
 [ SQL语句 ] : SHOW COLUMNS FROM `lian`

[ 2016-03-25T15:13:48+08:00 ] 127.0.0.1 /wendaxiangmu/index.php/Home/Ask/index.html
ERR: 1146:Table 'php4.lian' doesn't exist
 [ SQL语句 ] : SHOW COLUMNS FROM `lian`

[ 2016-03-25T15:13:52+08:00 ] 127.0.0.1 /wendaxiangmu/index.php/Home/Ask/index.html
ERR: 1146:Table 'php4.lian' doesn't exist
 [ SQL语句 ] : SHOW COLUMNS FROM `lian`

[ 2016-03-25T15:14:09+08:00 ] 127.0.0.1 /wendaxiangmu/index.php/Home/Ask/index.html
ERR: 1146:Table 'php4.lian' doesn't exist
 [ SQL语句 ] : SHOW COLUMNS FROM `lian`

[ 2016-03-25T15:14:32+08:00 ] 127.0.0.1 /wendaxiangmu/index.php/Home/Ask/index.html
ERR: 1146:Table 'php4.lian' doesn't exist
 [ SQL语句 ] : SHOW COLUMNS FROM `lian`

[ 2016-03-25T15:14:33+08:00 ] 127.0.0.1 /wendaxiangmu/index.php/Home/Ask/index.html
ERR: 1146:Table 'php4.lian' doesn't exist
 [ SQL语句 ] : SHOW COLUMNS FROM `lian`

[ 2016-03-25T15:14:34+08:00 ] 127.0.0.1 /wendaxiangmu/index.php/Home/Ask/index.html
ERR: 1146:Table 'php4.lian' doesn't exist
 [ SQL语句 ] : SHOW COLUMNS FROM `lian`

[ 2016-03-25T15:14:35+08:00 ] 127.0.0.1 /wendaxiangmu/index.php/Home/Ask/index.html
ERR: 1146:Table 'php4.lian' doesn't exist
 [ SQL语句 ] : SHOW COLUMNS FROM `lian`

[ 2016-03-25T15:14:36+08:00 ] 127.0.0.1 /wendaxiangmu/index.php/Home/Ask/index.html
ERR: 1146:Table 'php4.lian' doesn't exist
 [ SQL语句 ] : SHOW COLUMNS FROM `lian`

[ 2016-03-25T15:14:37+08:00 ] 127.0.0.1 /wendaxiangmu/index.php/Home/Ask/index.html
ERR: 1146:Table 'php4.lian' doesn't exist
 [ SQL语句 ] : SHOW COLUMNS FROM `lian`

[ 2016-03-25T15:14:43+08:00 ] 127.0.0.1 /wendaxiangmu/index.php/Home/Ask/index.html
ERR: 1146:Table 'php4.lian' doesn't exist
 [ SQL语句 ] : SHOW COLUMNS FROM `lian`

[ 2016-03-25T15:17:49+08:00 ] 127.0.0.1 /wendaxiangmu/index.php/Home/Ask/index.html
ERR: 1146:Table 'php4.lian' doesn't exist
 [ SQL语句 ] : SHOW COLUMNS FROM `lian`

[ 2016-03-25T15:17:50+08:00 ] 127.0.0.1 /wendaxiangmu/index.php/Home/Ask/index.html
ERR: 1146:Table 'php4.lian' doesn't exist
 [ SQL语句 ] : SHOW COLUMNS FROM `lian`

[ 2016-03-25T15:28:26+08:00 ] 127.0.0.1 /wendaxiangmu/index.php/Home/Ask/index.html
ERR: 1146:Table 'php4.lian' doesn't exist
 [ SQL语句 ] : SHOW COLUMNS FROM `lian`

[ 2016-03-25T15:28:27+08:00 ] 127.0.0.1 /wendaxiangmu/index.php/Home/Ask/index.html
ERR: 1146:Table 'php4.lian' doesn't exist
 [ SQL语句 ] : SHOW COLUMNS FROM `lian`

[ 2016-03-25T15:28:27+08:00 ] 127.0.0.1 /wendaxiangmu/index.php/Home/Ask/index.html
ERR: 1146:Table 'php4.lian' doesn't exist
 [ SQL语句 ] : SHOW COLUMNS FROM `lian`

[ 2016-03-25T15:28:28+08:00 ] 127.0.0.1 /wendaxiangmu/index.php/Home/Ask/index.html
ERR: 1146:Table 'php4.lian' doesn't exist
 [ SQL语句 ] : SHOW COLUMNS FROM `lian`

[ 2016-03-25T16:58:53+08:00 ] 127.0.0.1 /wendaxiangmu/index.php/Home/Ask/lian
INFO: [ app_begin ] --START--
INFO: Run Behavior\ReadHtmlCacheBehavior [ RunTime:0.000474s ]
INFO: [ app_begin ] --END-- [ RunTime:0.000793s ]
ERR: 1146:Table 'php4.lian' doesn't exist
 [ SQL语句 ] : SHOW COLUMNS FROM `lian`
ERR: 1146:Table 'php4.lian' doesn't exist
 [ SQL语句 ] : SHOW COLUMNS FROM `lian`

[ 2016-03-25T17:00:42+08:00 ] 127.0.0.1 /wendaxiangmu/index.php/Home/Ask/lian
INFO: [ app_begin ] --START--
INFO: Run Behavior\ReadHtmlCacheBehavior [ RunTime:0.000803s ]
INFO: [ app_begin ] --END-- [ RunTime:0.001324s ]
ERR: 1146:Table 'php4.lian' doesn't exist
 [ SQL语句 ] : SHOW COLUMNS FROM `lian`
ERR: 1146:Table 'php4.lian' doesn't exist
 [ SQL语句 ] : SHOW COLUMNS FROM `lian`

[ 2016-03-25T17:01:17+08:00 ] 127.0.0.1 /wendaxiangmu/index.php/Home/Ask/lian
INFO: [ app_begin ] --START--
INFO: Run Behavior\ReadHtmlCacheBehavior [ RunTime:0.000672s ]
INFO: [ app_begin ] --END-- [ RunTime:0.001177s ]
ERR: 1146:Table 'php4.lian' doesn't exist
 [ SQL语句 ] : SHOW COLUMNS FROM `lian`
ERR: 1146:Table 'php4.lian' doesn't exist
 [ SQL语句 ] : SHOW COLUMNS FROM `lian`

[ 2016-03-25T17:01:19+08:00 ] 127.0.0.1 /wendaxiangmu/index.php/Home/Ask/lian
INFO: [ app_begin ] --START--
INFO: Run Behavior\ReadHtmlCacheBehavior [ RunTime:0.000474s ]
INFO: [ app_begin ] --END-- [ RunTime:0.000823s ]
ERR: 1146:Table 'php4.lian' doesn't exist
 [ SQL语句 ] : SHOW COLUMNS FROM `lian`
ERR: 1146:Table 'php4.lian' doesn't exist
 [ SQL语句 ] : SHOW COLUMNS FROM `lian`

[ 2016-03-25T18:37:01+08:00 ] 127.0.0.1 /wendaxiangmu/index.php/Home/Ask/lian
INFO: [ app_begin ] --START--
INFO: Run Behavior\ReadHtmlCacheBehavior [ RunTime:0.000441s ]
INFO: [ app_begin ] --END-- [ RunTime:0.000821s ]
SQL: SHOW COLUMNS FROM `category` [ RunTime:0.0042s ]
SQL: SELECT * FROM `category` WHERE ( p_id=1 )  [ RunTime:0.0007s ]
INFO: [ app_end ] --START--
INFO: Run Behavior\ShowPageTraceBehavior [ RunTime:0.000711s ]
INFO: [ app_end ] --END-- [ RunTime:0.000799s ]

[ 2016-03-25T18:37:04+08:00 ] 127.0.0.1 /wendaxiangmu/index.php/Home/Ask/lian
INFO: [ app_begin ] --START--
INFO: Run Behavior\ReadHtmlCacheBehavior [ RunTime:0.000495s ]
INFO: [ app_begin ] --END-- [ RunTime:0.001016s ]
SQL: SHOW COLUMNS FROM `category` [ RunTime:0.0043s ]
SQL: SELECT * FROM `category` WHERE ( p_id=23 )  [ RunTime:0.0008s ]
INFO: [ app_end ] --START--
INFO: Run Behavior\ShowPageTraceBehavior [ RunTime:0.000665s ]
INFO: [ app_end ] --END-- [ RunTime:0.000726s ]

[ 2016-03-25T18:37:30+08:00 ] 127.0.0.1 /wendaxiangmu/index.php/Home/Ask/lian
INFO: [ app_begin ] --START--
INFO: Run Behavior\ReadHtmlCacheBehavior [ RunTime:0.000427s ]
INFO: [ app_begin ] --END-- [ RunTime:0.000856s ]
SQL: SHOW COLUMNS FROM `category` [ RunTime:0.0044s ]
SQL: SELECT * FROM `category` WHERE ( p_id=1 )  [ RunTime:0.0009s ]
INFO: [ app_end ] --START--
INFO: Run Behavior\ShowPageTraceBehavior [ RunTime:0.000760s ]
INFO: [ app_end ] --END-- [ RunTime:0.000823s ]

[ 2016-03-25T18:37:32+08:00 ] 127.0.0.1 /wendaxiangmu/index.php/Home/Ask/lian
INFO: [ app_begin ] --START--
INFO: Run Behavior\ReadHtmlCacheBehavior [ RunTime:0.000472s ]
INFO: [ app_begin ] --END-- [ RunTime:0.000891s ]
SQL: SHOW COLUMNS FROM `category` [ RunTime:0.0045s ]
SQL: SELECT * FROM `category` WHERE ( p_id=23 )  [ RunTime:0.0007s ]
INFO: [ app_end ] --START--
INFO: Run Behavior\ShowPageTraceBehavior [ RunTime:0.000720s ]
INFO: [ app_end ] --END-- [ RunTime:0.000793s ]

[ 2016-03-25T18:39:14+08:00 ] 127.0.0.1 /wendaxiangmu/index.php/Home/Ask/lian
INFO: [ app_begin ] --START--
INFO: Run Behavior\ReadHtmlCacheBehavior [ RunTime:0.000520s ]
INFO: [ app_begin ] --END-- [ RunTime:0.000955s ]
SQL: SHOW COLUMNS FROM `category` [ RunTime:0.0055s ]
SQL: SELECT * FROM `category` WHERE ( p_id=1 )  [ RunTime:0.0009s ]
INFO: [ app_end ] --START--
INFO: Run Behavior\ShowPageTraceBehavior [ RunTime:0.000568s ]
INFO: [ app_end ] --END-- [ RunTime:0.000630s ]

[ 2016-03-25T18:39:16+08:00 ] 127.0.0.1 /wendaxiangmu/index.php/Home/Ask/lian
INFO: [ app_begin ] --START--
INFO: Run Behavior\ReadHtmlCacheBehavior [ RunTime:0.000473s ]
INFO: [ app_begin ] --END-- [ RunTime:0.000909s ]
SQL: SHOW COLUMNS FROM `category` [ RunTime:0.0052s ]
SQL: SELECT * FROM `category` WHERE ( p_id=23 )  [ RunTime:0.0008s ]
INFO: [ app_end ] --START--
INFO: Run Behavior\ShowPageTraceBehavior [ RunTime:0.000592s ]
INFO: [ app_end ] --END-- [ RunTime:0.000657s ]

[ 2016-03-25T18:39:17+08:00 ] 127.0.0.1 /wendaxiangmu/index.php/Home/Ask/lian
INFO: [ app_begin ] --START--
INFO: Run Behavior\ReadHtmlCacheBehavior [ RunTime:0.000483s ]
INFO: [ app_begin ] --END-- [ RunTime:0.000920s ]
SQL: SHOW COLUMNS FROM `category` [ RunTime:0.0049s ]
SQL: SELECT * FROM `category` WHERE ( p_id=25 )  [ RunTime:0.0008s ]
INFO: [ app_end ] --START--
INFO: Run Behavior\ShowPageTraceBehavior [ RunTime:0.000682s ]
INFO: [ app_end ] --END-- [ RunTime:0.000743s ]

[ 2016-03-25T18:39:18+08:00 ] 127.0.0.1 /wendaxiangmu/index.php/Home/Ask/lian
INFO: [ app_begin ] --START--
INFO: Run Behavior\ReadHtmlCacheBehavior [ RunTime:0.000594s ]
INFO: [ app_begin ] --END-- [ RunTime:0.001310s ]
SQL: SHOW COLUMNS FROM `category` [ RunTime:0.0044s ]
SQL: SELECT * FROM `category` WHERE ( p_id=4 )  [ RunTime:0.0010s ]
INFO: [ app_end ] --START--
INFO: Run Behavior\ShowPageTraceBehavior [ RunTime:0.000541s ]
INFO: [ app_end ] --END-- [ RunTime:0.000593s ]

[ 2016-03-25T18:39:19+08:00 ] 127.0.0.1 /wendaxiangmu/index.php/Home/Ask/lian
INFO: [ app_begin ] --START--
INFO: Run Behavior\ReadHtmlCacheBehavior [ RunTime:0.000407s ]
INFO: [ app_begin ] --END-- [ RunTime:0.000784s ]
SQL: SHOW COLUMNS FROM `category` [ RunTime:0.0044s ]
SQL: SELECT * FROM `category` WHERE ( p_id=14 )  [ RunTime:0.0008s ]
INFO: [ app_end ] --START--
INFO: Run Behavior\ShowPageTraceBehavior [ RunTime:0.000743s ]
INFO: [ app_end ] --END-- [ RunTime:0.000811s ]

[ 2016-03-25T18:39:21+08:00 ] 127.0.0.1 /wendaxiangmu/index.php/Home/Ask/lian
INFO: [ app_begin ] --START--
INFO: Run Behavior\ReadHtmlCacheBehavior [ RunTime:0.000569s ]
INFO: [ app_begin ] --END-- [ RunTime:0.001121s ]
SQL: SHOW COLUMNS FROM `category` [ RunTime:0.0048s ]
SQL: SELECT * FROM `category` WHERE ( p_id=13 )  [ RunTime:0.0010s ]
INFO: [ app_end ] --START--
INFO: Run Behavior\ShowPageTraceBehavior [ RunTime:0.000752s ]
INFO: [ app_end ] --END-- [ RunTime:0.000853s ]

[ 2016-03-25T18:39:22+08:00 ] 127.0.0.1 /wendaxiangmu/index.php/Home/Ask/lian
INFO: [ app_begin ] --START--
INFO: Run Behavior\ReadHtmlCacheBehavior [ RunTime:0.000447s ]
INFO: [ app_begin ] --END-- [ RunTime:0.000837s ]
SQL: SHOW COLUMNS FROM `category` [ RunTime:0.0045s ]
SQL: SELECT * FROM `category` WHERE ( p_id=1 )  [ RunTime:0.0008s ]
INFO: [ app_end ] --START--
INFO: Run Behavior\ShowPageTraceBehavior [ RunTime:0.000580s ]
INFO: [ app_end ] --END-- [ RunTime:0.000651s ]

[ 2016-03-25T18:41:17+08:00 ] 127.0.0.1 /wendaxiangmu/index.php/Home/Ask/lian
INFO: [ app_begin ] --START--
INFO: Run Behavior\ReadHtmlCacheBehavior [ RunTime:0.000494s ]
INFO: [ app_begin ] --END-- [ RunTime:0.000881s ]
SQL: SHOW COLUMNS FROM `category` [ RunTime:0.0041s ]
SQL: SELECT * FROM `category` WHERE ( p_id=1 )  [ RunTime:0.0008s ]
INFO: [ app_end ] --START--
INFO: Run Behavior\ShowPageTraceBehavior [ RunTime:0.000757s ]
INFO: [ app_end ] --END-- [ RunTime:0.000819s ]

[ 2016-03-25T18:41:18+08:00 ] 127.0.0.1 /wendaxiangmu/index.php/Home/Ask/lian
INFO: [ app_begin ] --START--
INFO: Run Behavior\ReadHtmlCacheBehavior [ RunTime:0.000693s ]
INFO: [ app_begin ] --END-- [ RunTime:0.001141s ]
SQL: SHOW COLUMNS FROM `category` [ RunTime:0.0050s ]
SQL: SELECT * FROM `category` WHERE ( p_id=25 )  [ RunTime:0.0009s ]
INFO: [ app_end ] --START--
INFO: Run Behavior\ShowPageTraceBehavior [ RunTime:0.000812s ]
INFO: [ app_end ] --END-- [ RunTime:0.000911s ]

[ 2016-03-25T18:42:03+08:00 ] 127.0.0.1 /wendaxiangmu/index.php/Home/Ask/lian
INFO: [ app_begin ] --START--
INFO: Run Behavior\ReadHtmlCacheBehavior [ RunTime:0.000539s ]
INFO: [ app_begin ] --END-- [ RunTime:0.000946s ]
SQL: SHOW COLUMNS FROM `category` [ RunTime:0.0051s ]
SQL: SELECT * FROM `category` WHERE ( p_id=3 )  [ RunTime:0.0011s ]
INFO: [ app_end ] --START--
INFO: Run Behavior\ShowPageTraceBehavior [ RunTime:0.000818s ]
INFO: [ app_end ] --END-- [ RunTime:0.000938s ]

[ 2016-03-25T18:42:04+08:00 ] 127.0.0.1 /wendaxiangmu/index.php/Home/Ask/lian
INFO: [ app_begin ] --START--
INFO: Run Behavior\ReadHtmlCacheBehavior [ RunTime:0.000904s ]
INFO: [ app_begin ] --END-- [ RunTime:0.001564s ]
SQL: SHOW COLUMNS FROM `category` [ RunTime:0.0049s ]
SQL: SELECT * FROM `category` WHERE ( p_id=17 )  [ RunTime:0.0009s ]
INFO: [ app_end ] --START--
INFO: Run Behavior\ShowPageTraceBehavior [ RunTime:0.001095s ]
INFO: [ app_end ] --END-- [ RunTime:0.001220s ]

[ 2016-03-25T18:42:32+08:00 ] 127.0.0.1 /wendaxiangmu/index.php/Home/Ask/lian
INFO: [ app_begin ] --START--
INFO: Run Behavior\ReadHtmlCacheBehavior [ RunTime:0.000508s ]
INFO: [ app_begin ] --END-- [ RunTime:0.000870s ]
SQL: SHOW COLUMNS FROM `category` [ RunTime:0.0051s ]
SQL: SELECT * FROM `category` WHERE ( p_id=1 )  [ RunTime:0.0008s ]
INFO: [ app_end ] --START--
INFO: Run Behavior\ShowPageTraceBehavior [ RunTime:0.000962s ]
INFO: [ app_end ] --END-- [ RunTime:0.001062s ]

[ 2016-03-25T18:42:34+08:00 ] 127.0.0.1 /wendaxiangmu/index.php/Home/Ask/lian
INFO: [ app_begin ] --START--
INFO: Run Behavior\ReadHtmlCacheBehavior [ RunTime:0.000477s ]
INFO: [ app_begin ] --END-- [ RunTime:0.000812s ]
SQL: SHOW COLUMNS FROM `category` [ RunTime:0.0045s ]
SQL: SELECT * FROM `category` WHERE ( p_id=23 )  [ RunTime:0.0009s ]
INFO: [ app_end ] --START--
INFO: Run Behavior\ShowPageTraceBehavior [ RunTime:0.000679s ]
INFO: [ app_end ] --END-- [ RunTime:0.000732s ]

[ 2016-03-25T19:10:15+08:00 ] 127.0.0.1 /wendaxiangmu/index.php/Home/Ask/lian
INFO: [ app_begin ] --START--
INFO: Run Behavior\ReadHtmlCacheBehavior [ RunTime:0.000818s ]
INFO: [ app_begin ] --END-- [ RunTime:0.001432s ]
SQL: SHOW COLUMNS FROM `category` [ RunTime:0.0042s ]
SQL: SELECT * FROM `category` WHERE ( p_id=1 )  [ RunTime:0.0008s ]
INFO: [ app_end ] --START--
INFO: Run Behavior\ShowPageTraceBehavior [ RunTime:0.000763s ]
INFO: [ app_end ] --END-- [ RunTime:0.000839s ]

[ 2016-03-25T19:10:16+08:00 ] 127.0.0.1 /wendaxiangmu/index.php/Home/Ask/lian
INFO: [ app_begin ] --START--
INFO: Run Behavior\ReadHtmlCacheBehavior [ RunTime:0.000685s ]
INFO: [ app_begin ] --END-- [ RunTime:0.001108s ]
SQL: SHOW COLUMNS FROM `category` [ RunTime:0.0049s ]
SQL: SELECT * FROM `category` WHERE ( p_id=23 )  [ RunTime:0.0010s ]
INFO: [ app_end ] --START--
INFO: Run Behavior\ShowPageTraceBehavior [ RunTime:0.000597s ]
INFO: [ app_end ] --END-- [ RunTime:0.000670s ]

[ 2016-03-25T19:10:19+08:00 ] 127.0.0.1 /wendaxiangmu/index.php/Home/Ask/lian
INFO: [ app_begin ] --START--
INFO: Run Behavior\ReadHtmlCacheBehavior [ RunTime:0.000517s ]
INFO: [ app_begin ] --END-- [ RunTime:0.000906s ]
SQL: SHOW COLUMNS FROM `category` [ RunTime:0.0047s ]
SQL: SELECT * FROM `category` WHERE ( p_id=2 )  [ RunTime:0.0009s ]
INFO: [ app_end ] --START--
INFO: Run Behavior\ShowPageTraceBehavior [ RunTime:0.000582s ]
INFO: [ app_end ] --END-- [ RunTime:0.000651s ]

[ 2016-03-25T19:10:21+08:00 ] 127.0.0.1 /wendaxiangmu/index.php/Home/Ask/lian
INFO: [ app_begin ] --START--
INFO: Run Behavior\ReadHtmlCacheBehavior [ RunTime:0.000548s ]
INFO: [ app_begin ] --END-- [ RunTime:0.001036s ]
SQL: SHOW COLUMNS FROM `category` [ RunTime:0.0041s ]
SQL: SELECT * FROM `category` WHERE ( p_id=24 )  [ RunTime:0.0008s ]
INFO: [ app_end ] --START--
INFO: Run Behavior\ShowPageTraceBehavior [ RunTime:0.000765s ]
INFO: [ app_end ] --END-- [ RunTime:0.000861s ]

[ 2016-03-25T19:20:33+08:00 ] 127.0.0.1 /wendaxiangmu/index.php/Home/Ask/lian
INFO: [ app_begin ] --START--
INFO: Run Behavior\ReadHtmlCacheBehavior [ RunTime:0.000542s ]
INFO: [ app_begin ] --END-- [ RunTime:0.000925s ]
SQL: SHOW COLUMNS FROM `category` [ RunTime:0.0043s ]
SQL: SELECT * FROM `category` WHERE ( p_id=1 )  [ RunTime:0.0007s ]
INFO: [ app_end ] --START--
INFO: Run Behavior\ShowPageTraceBehavior [ RunTime:0.000759s ]
INFO: [ app_end ] --END-- [ RunTime:0.000846s ]

[ 2016-03-25T19:20:36+08:00 ] 127.0.0.1 /wendaxiangmu/index.php/Home/Ask/lian
INFO: [ app_begin ] --START--
INFO: Run Behavior\ReadHtmlCacheBehavior [ RunTime:0.000536s ]
INFO: [ app_begin ] --END-- [ RunTime:0.001057s ]
SQL: SHOW COLUMNS FROM `category` [ RunTime:0.0049s ]
SQL: SELECT * FROM `category` WHERE ( p_id=23 )  [ RunTime:0.0010s ]
INFO: [ app_end ] --START--
INFO: Run Behavior\ShowPageTraceBehavior [ RunTime:0.000768s ]
INFO: [ app_end ] --END-- [ RunTime:0.000870s ]

[ 2016-03-25T19:21:53+08:00 ] 127.0.0.1 /wendaxiangmu/index.php/Home/Ask/lian
INFO: [ app_begin ] --START--
INFO: Run Behavior\ReadHtmlCacheBehavior [ RunTime:0.000468s ]
INFO: [ app_begin ] --END-- [ RunTime:0.000853s ]
SQL: SHOW COLUMNS FROM `category` [ RunTime:0.0060s ]
SQL: SELECT * FROM `category` WHERE ( p_id=1 )  [ RunTime:0.0009s ]
INFO: [ app_end ] --START--
INFO: Run Behavior\ShowPageTraceBehavior [ RunTime:0.000812s ]
INFO: [ app_end ] --END-- [ RunTime:0.000905s ]

[ 2016-03-25T19:21:56+08:00 ] 127.0.0.1 /wendaxiangmu/index.php/Home/Ask/lian
INFO: [ app_begin ] --START--
INFO: Run Behavior\ReadHtmlCacheBehavior [ RunTime:0.000470s ]
INFO: [ app_begin ] --END-- [ RunTime:0.000841s ]
SQL: SHOW COLUMNS FROM `category` [ RunTime:0.0050s ]
SQL: SELECT * FROM `category` WHERE ( p_id=23 )  [ RunTime:0.0010s ]
INFO: [ app_end ] --START--
INFO: Run Behavior\ShowPageTraceBehavior [ RunTime:0.000773s ]
INFO: [ app_end ] --END-- [ RunTime:0.000891s ]

[ 2016-03-25T21:02:49+08:00 ] 127.0.0.1 /wendaxiangmu/index.php/Home/Ask/lian
INFO: [ app_begin ] --START--
INFO: Run Behavior\ReadHtmlCacheBehavior [ RunTime:0.000777s ]
INFO: [ app_begin ] --END-- [ RunTime:0.001312s ]
SQL: SHOW COLUMNS FROM `category` [ RunTime:0.0041s ]
SQL: SELECT * FROM `category` WHERE ( p_id=1 )  [ RunTime:0.0006s ]
INFO: [ app_end ] --START--
INFO: Run Behavior\ShowPageTraceBehavior [ RunTime:0.000844s ]
INFO: [ app_end ] --END-- [ RunTime:0.000932s ]

[ 2016-03-25T21:02:51+08:00 ] 127.0.0.1 /wendaxiangmu/index.php/Home/Ask/lian
INFO: [ app_begin ] --START--
INFO: Run Behavior\ReadHtmlCacheBehavior [ RunTime:0.000467s ]
INFO: [ app_begin ] --END-- [ RunTime:0.000839s ]
SQL: SHOW COLUMNS FROM `category` [ RunTime:0.0044s ]
SQL: SELECT * FROM `category` WHERE ( p_id=23 )  [ RunTime:0.0024s ]
INFO: [ app_end ] --START--
INFO: Run Behavior\ShowPageTraceBehavior [ RunTime:0.000568s ]
INFO: [ app_end ] --END-- [ RunTime:0.000633s ]

[ 2016-03-25T21:25:12+08:00 ] 127.0.0.1 /wendaxiangmu/index.php/Home/Ask/lian
INFO: [ app_begin ] --START--
INFO: Run Behavior\ReadHtmlCacheBehavior [ RunTime:0.000827s ]
INFO: [ app_begin ] --END-- [ RunTime:0.001212s ]
SQL: SHOW COLUMNS FROM `category` [ RunTime:0.0062s ]
SQL: SELECT * FROM `category` WHERE ( p_id=27 )  [ RunTime:0.0010s ]
INFO: [ app_end ] --START--
INFO: Run Behavior\ShowPageTraceBehavior [ RunTime:0.000981s ]
INFO: [ app_end ] --END-- [ RunTime:0.001090s ]

[ 2016-03-25T21:25:46+08:00 ] 127.0.0.1 /wendaxiangmu/index.php/Home/Ask/lian
INFO: [ app_begin ] --START--
INFO: Run Behavior\ReadHtmlCacheBehavior [ RunTime:0.000967s ]
INFO: [ app_begin ] --END-- [ RunTime:0.001362s ]
SQL: SHOW COLUMNS FROM `category` [ RunTime:0.0055s ]
SQL: SELECT * FROM `category` WHERE ( p_id=2 )  [ RunTime:0.0008s ]
INFO: [ app_end ] --START--
INFO: Run Behavior\ShowPageTraceBehavior [ RunTime:0.000597s ]
INFO: [ app_end ] --END-- [ RunTime:0.000668s ]

[ 2016-03-25T21:25:48+08:00 ] 127.0.0.1 /wendaxiangmu/index.php/Home/Ask/lian
INFO: [ app_begin ] --START--
INFO: Run Behavior\ReadHtmlCacheBehavior [ RunTime:0.000445s ]
INFO: [ app_begin ] --END-- [ RunTime:0.000781s ]
SQL: SHOW COLUMNS FROM `category` [ RunTime:0.0084s ]
SQL: SELECT * FROM `category` WHERE ( p_id=20 )  [ RunTime:0.0018s ]
INFO: [ app_end ] --START--
INFO: Run Behavior\ShowPageTraceBehavior [ RunTime:0.001185s ]
INFO: [ app_end ] --END-- [ RunTime:0.008051s ]

