[ 2016-04-17T14:35:39+08:00 ] 127.0.0.1 /shop/index.php/Admin/Good/good.html
INFO: [ app_init ] --START--
INFO: Run Behavior\BuildLiteBehavior [ RunTime:0.000018s ]
INFO: [ app_init ] --END-- [ RunTime:0.000487s ]
INFO: [ app_begin ] --START--
INFO: Run Behavior\ReadHtmlCacheBehavior [ RunTime:0.001151s ]
INFO: [ app_begin ] --END-- [ RunTime:0.001264s ]
SQL: SHOW COLUMNS FROM `ecs_type` [ RunTime:0.0057s ]
SQL: SHOW COLUMNS FROM `ecs_type` [ RunTime:0.0052s ]
SQL: SELECT * FROM `ecs_type`  [ RunTime:0.0010s ]
SQL: SHOW COLUMNS FROM `ecs_brand` [ RunTime:0.0046s ]
SQL: SHOW COLUMNS FROM `ecs_brand` [ RunTime:0.0057s ]
SQL: SELECT * FROM `ecs_brand`  [ RunTime:0.0010s ]
INFO: [ view_parse ] --START--
INFO: [ template_filter ] --START--
INFO: Run Behavior\ContentReplaceBehavior [ RunTime:0.000320s ]
INFO: [ template_filter ] --END-- [ RunTime:0.000388s ]
INFO: Run Behavior\ParseTemplateBehavior [ RunTime:0.016879s ]
INFO: [ view_parse ] --END-- [ RunTime:0.016980s ]
INFO: [ view_filter ] --START--
INFO: Run Behavior\WriteHtmlCacheBehavior [ RunTime:0.000333s ]
INFO: [ view_filter ] --END-- [ RunTime:0.000380s ]
INFO: [ app_end ] --START--
INFO: Run Behavior\ShowPageTraceBehavior [ RunTime:0.001179s ]
INFO: [ app_end ] --END-- [ RunTime:0.001287s ]

[ 2016-04-17T14:35:40+08:00 ] 127.0.0.1 /shop/index.php/Admin/Good/js/tab.js
INFO: [ app_init ] --START--
INFO: Run Behavior\BuildLiteBehavior [ RunTime:0.000022s ]
INFO: [ app_init ] --END-- [ RunTime:0.000829s ]
INFO: [ app_begin ] --START--
INFO: Run Behavior\ReadHtmlCacheBehavior [ RunTime:0.001147s ]
INFO: [ app_begin ] --END-- [ RunTime:0.001277s ]
ERR: 非法操作:js

[ 2016-04-17T14:35:40+08:00 ] 127.0.0.1 /shop/index.php/Admin/Good/js/tab.js
INFO: [ app_init ] --START--
INFO: Run Behavior\BuildLiteBehavior [ RunTime:0.000029s ]
INFO: [ app_init ] --END-- [ RunTime:0.000601s ]
INFO: [ app_begin ] --START--
INFO: Run Behavior\ReadHtmlCacheBehavior [ RunTime:0.001074s ]
INFO: [ app_begin ] --END-- [ RunTime:0.001196s ]
ERR: 非法操作:js

[ 2016-04-17T14:35:40+08:00 ] 127.0.0.1 /shop/index.php/Admin/includes/fckeditor/editor/fckeditor.html?InstanceName=goods_desc&Toolbar=Normal
INFO: [ app_init ] --START--
INFO: Run Behavior\BuildLiteBehavior [ RunTime:0.000031s ]
INFO: [ app_init ] --END-- [ RunTime:0.002401s ]
INFO: [ app_begin ] --START--
INFO: Run Behavior\ReadHtmlCacheBehavior [ RunTime:0.000993s ]
INFO: [ app_begin ] --END-- [ RunTime:0.001143s ]
ERR: 无法加载控制器:Includes

