[ 2016-03-28T10:40:24+08:00 ] 127.0.0.1 /php3xiangmu/index.php/Admin/Login/login
INFO: [ app_init ] --START--
INFO: Run Behavior\BuildLiteBehavior [ RunTime:0.000026s ]
INFO: [ app_init ] --END-- [ RunTime:0.001364s ]
INFO: [ app_begin ] --START--
INFO: Run Behavior\ReadHtmlCacheBehavior [ RunTime:0.016468s ]
INFO: [ app_begin ] --END-- [ RunTime:0.016600s ]
INFO: [ view_parse ] --START--
INFO: [ template_filter ] --START--
INFO: Run Behavior\ContentReplaceBehavior [ RunTime:0.000134s ]
INFO: [ template_filter ] --END-- [ RunTime:0.000254s ]
INFO: Run Behavior\ParseTemplateBehavior [ RunTime:0.057064s ]
INFO: [ view_parse ] --END-- [ RunTime:0.057189s ]
INFO: [ view_filter ] --START--
INFO: Run Behavior\WriteHtmlCacheBehavior [ RunTime:0.000760s ]
INFO: [ view_filter ] --END-- [ RunTime:0.000865s ]
INFO: [ app_end ] --START--
INFO: Run Behavior\ShowPageTraceBehavior [ RunTime:0.006539s ]
INFO: [ app_end ] --END-- [ RunTime:0.006673s ]

[ 2016-03-28T10:40:25+08:00 ] 127.0.0.1 /php3xiangmu/index.php/Admin/Login/verify/
INFO: [ app_init ] --START--
INFO: Run Behavior\BuildLiteBehavior [ RunTime:0.000022s ]
INFO: [ app_init ] --END-- [ RunTime:0.000480s ]
INFO: [ app_begin ] --START--
INFO: Run Behavior\ReadHtmlCacheBehavior [ RunTime:0.000863s ]
INFO: [ app_begin ] --END-- [ RunTime:0.000994s ]
INFO: [ app_end ] --START--
INFO: Run Behavior\ShowPageTraceBehavior [ RunTime:0.000920s ]
INFO: [ app_end ] --END-- [ RunTime:0.001046s ]

[ 2016-03-28T10:40:31+08:00 ] 127.0.0.1 /php3xiangmu/index.php/Admin/Login/verify/0.18161686709639846
INFO: [ app_init ] --START--
INFO: Run Behavior\BuildLiteBehavior [ RunTime:0.000014s ]
INFO: [ app_init ] --END-- [ RunTime:0.000354s ]
INFO: [ app_begin ] --START--
INFO: Run Behavior\ReadHtmlCacheBehavior [ RunTime:0.000486s ]
INFO: [ app_begin ] --END-- [ RunTime:0.000556s ]
INFO: [ app_end ] --START--
INFO: Run Behavior\ShowPageTraceBehavior [ RunTime:0.000467s ]
INFO: [ app_end ] --END-- [ RunTime:0.000538s ]

[ 2016-03-28T10:40:35+08:00 ] 127.0.0.1 /php3xiangmu/index.php/Admin/Login/verify/0.8680230389944944
INFO: [ app_init ] --START--
INFO: Run Behavior\BuildLiteBehavior [ RunTime:0.000013s ]
INFO: [ app_init ] --END-- [ RunTime:0.000329s ]
INFO: [ app_begin ] --START--
INFO: Run Behavior\ReadHtmlCacheBehavior [ RunTime:0.000399s ]
INFO: [ app_begin ] --END-- [ RunTime:0.000466s ]
INFO: [ app_end ] --START--
INFO: Run Behavior\ShowPageTraceBehavior [ RunTime:0.000472s ]
INFO: [ app_end ] --END-- [ RunTime:0.000541s ]

[ 2016-03-28T10:40:36+08:00 ] 127.0.0.1 /php3xiangmu/index.php/Admin/Login/verify/0.2582544085826407
INFO: [ app_init ] --START--
INFO: Run Behavior\BuildLiteBehavior [ RunTime:0.000025s ]
INFO: [ app_init ] --END-- [ RunTime:0.000526s ]
INFO: [ app_begin ] --START--
INFO: Run Behavior\ReadHtmlCacheBehavior [ RunTime:0.000462s ]
INFO: [ app_begin ] --END-- [ RunTime:0.000530s ]
INFO: [ app_end ] --START--
INFO: Run Behavior\ShowPageTraceBehavior [ RunTime:0.000550s ]
INFO: [ app_end ] --END-- [ RunTime:0.000641s ]

[ 2016-03-28T10:40:37+08:00 ] 127.0.0.1 /php3xiangmu/index.php/Admin/Login/verify/0.5791221227042448
INFO: [ app_init ] --START--
INFO: Run Behavior\BuildLiteBehavior [ RunTime:0.000014s ]
INFO: [ app_init ] --END-- [ RunTime:0.000300s ]
INFO: [ app_begin ] --START--
INFO: Run Behavior\ReadHtmlCacheBehavior [ RunTime:0.000425s ]
INFO: [ app_begin ] --END-- [ RunTime:0.000479s ]
INFO: [ app_end ] --START--
INFO: Run Behavior\ShowPageTraceBehavior [ RunTime:0.000658s ]
INFO: [ app_end ] --END-- [ RunTime:0.000734s ]

[ 2016-03-28T10:40:38+08:00 ] 127.0.0.1 /php3xiangmu/index.php/Admin/Login/verify/0.7098299408339793
INFO: [ app_init ] --START--
INFO: Run Behavior\BuildLiteBehavior [ RunTime:0.000018s ]
INFO: [ app_init ] --END-- [ RunTime:0.000447s ]
INFO: [ app_begin ] --START--
INFO: Run Behavior\ReadHtmlCacheBehavior [ RunTime:0.000467s ]
INFO: [ app_begin ] --END-- [ RunTime:0.000530s ]
INFO: [ app_end ] --START--
INFO: Run Behavior\ShowPageTraceBehavior [ RunTime:0.000521s ]
INFO: [ app_end ] --END-- [ RunTime:0.000596s ]

[ 2016-03-28T10:40:49+08:00 ] 127.0.0.1 /php3xiangmu/index.php/Admin/Login/login_check/
INFO: [ app_init ] --START--
INFO: Run Behavior\BuildLiteBehavior [ RunTime:0.000023s ]
INFO: [ app_init ] --END-- [ RunTime:0.000642s ]
INFO: [ app_begin ] --START--
INFO: Run Behavior\ReadHtmlCacheBehavior [ RunTime:0.000740s ]
INFO: [ app_begin ] --END-- [ RunTime:0.000832s ]
NOTIC: [2048] Declaration of Admin\Model\LoginModel::add() should be compatible with that of Think\Model::add() D:\web\apache\htdocs\php3xiangmu\Apps\Admin\Model\LoginModel.class.php 第 5 行.
SQL: SHOW COLUMNS FROM `login` [ RunTime:0.0045s ]
SQL: SHOW COLUMNS FROM `login` [ RunTime:0.0051s ]
SQL: SELECT * FROM `login` WHERE ( username='田金刚' ) LIMIT 1   [ RunTime:0.0010s ]
SQL: SHOW COLUMNS FROM `login` [ RunTime:0.0063s ]
SQL: UPDATE `login` SET `Last_time`='2016-03-22 15:55:08',`Login_time`='2016-03-28 10:40:49',`Last_ip`='127.0.0.1' WHERE ( id=1 ) [ RunTime:0.0325s ]
NOTIC: [8] Undefined index: Last_time D:\web\apache\htdocs\php3xiangmu\Apps\Admin\Controller\LoginController.class.php 第 68 行.
NOTIC: [8] Undefined index: login_ip D:\web\apache\htdocs\php3xiangmu\Apps\Admin\Controller\LoginController.class.php 第 70 行.

[ 2016-03-28T10:40:51+08:00 ] 127.0.0.1 /php3xiangmu/index.php/Admin/Index/index.html
INFO: [ app_init ] --START--
INFO: Run Behavior\BuildLiteBehavior [ RunTime:0.000024s ]
INFO: [ app_init ] --END-- [ RunTime:0.000512s ]
INFO: [ app_begin ] --START--
INFO: Run Behavior\ReadHtmlCacheBehavior [ RunTime:0.000704s ]
INFO: [ app_begin ] --END-- [ RunTime:0.000806s ]
INFO: [ view_parse ] --START--
INFO: [ template_filter ] --START--
INFO: Run Behavior\ContentReplaceBehavior [ RunTime:0.000073s ]
INFO: [ template_filter ] --END-- [ RunTime:0.000216s ]
INFO: Run Behavior\ParseTemplateBehavior [ RunTime:0.006097s ]
INFO: [ view_parse ] --END-- [ RunTime:0.006191s ]
INFO: [ view_filter ] --START--
INFO: Run Behavior\WriteHtmlCacheBehavior [ RunTime:0.000317s ]
INFO: [ view_filter ] --END-- [ RunTime:0.000400s ]
INFO: [ app_end ] --START--
INFO: Run Behavior\ShowPageTraceBehavior [ RunTime:0.000532s ]
INFO: [ app_end ] --END-- [ RunTime:0.000589s ]

[ 2016-03-28T10:40:51+08:00 ] 127.0.0.1 /php3xiangmu/index.php/Admin/Index/admin_top.html
INFO: [ app_init ] --START--
INFO: Run Behavior\BuildLiteBehavior [ RunTime:0.000015s ]
INFO: [ app_init ] --END-- [ RunTime:0.000314s ]
INFO: [ app_begin ] --START--
INFO: Run Behavior\ReadHtmlCacheBehavior [ RunTime:0.000508s ]
INFO: [ app_begin ] --END-- [ RunTime:0.000585s ]
NOTIC: [2048] Declaration of Admin\Model\LoginModel::add() should be compatible with that of Think\Model::add() D:\web\apache\htdocs\php3xiangmu\Apps\Admin\Model\LoginModel.class.php 第 5 行.
SQL: SHOW COLUMNS FROM `login` [ RunTime:0.0063s ]
SQL: SHOW COLUMNS FROM `login` [ RunTime:0.0054s ]
SQL: SELECT * FROM `login` WHERE ( username='田金刚' ) LIMIT 1   [ RunTime:0.0009s ]
INFO: [ view_parse ] --START--
INFO: [ template_filter ] --START--
INFO: Run Behavior\ContentReplaceBehavior [ RunTime:0.000095s ]
INFO: [ template_filter ] --END-- [ RunTime:0.000206s ]
INFO: Run Behavior\ParseTemplateBehavior [ RunTime:0.047839s ]
INFO: [ view_parse ] --END-- [ RunTime:0.047965s ]
INFO: [ view_filter ] --START--
INFO: Run Behavior\WriteHtmlCacheBehavior [ RunTime:0.000311s ]
INFO: [ view_filter ] --END-- [ RunTime:0.000385s ]
INFO: [ app_end ] --START--
INFO: Run Behavior\ShowPageTraceBehavior [ RunTime:0.000541s ]
INFO: [ app_end ] --END-- [ RunTime:0.000606s ]

[ 2016-03-28T10:40:51+08:00 ] 127.0.0.1 /php3xiangmu/index.php/Admin/Index/left.html
INFO: [ app_init ] --START--
INFO: Run Behavior\BuildLiteBehavior [ RunTime:0.000016s ]
INFO: [ app_init ] --END-- [ RunTime:0.000397s ]
INFO: [ app_begin ] --START--
INFO: Run Behavior\ReadHtmlCacheBehavior [ RunTime:0.000593s ]
INFO: [ app_begin ] --END-- [ RunTime:0.000658s ]
INFO: [ view_parse ] --START--
INFO: [ template_filter ] --START--
INFO: Run Behavior\ContentReplaceBehavior [ RunTime:0.000169s ]
INFO: [ template_filter ] --END-- [ RunTime:0.000289s ]
INFO: Run Behavior\ParseTemplateBehavior [ RunTime:0.027634s ]
INFO: [ view_parse ] --END-- [ RunTime:0.027738s ]
INFO: [ view_filter ] --START--
INFO: Run Behavior\WriteHtmlCacheBehavior [ RunTime:0.000355s ]
INFO: [ view_filter ] --END-- [ RunTime:0.000419s ]
INFO: [ app_end ] --START--
INFO: Run Behavior\ShowPageTraceBehavior [ RunTime:0.000951s ]
INFO: [ app_end ] --END-- [ RunTime:0.001042s ]

[ 2016-03-28T10:40:51+08:00 ] 127.0.0.1 /php3xiangmu/index.php/Admin/Index/right.html
INFO: [ app_init ] --START--
INFO: Run Behavior\BuildLiteBehavior [ RunTime:0.000015s ]
INFO: [ app_init ] --END-- [ RunTime:0.000327s ]
INFO: [ app_begin ] --START--
INFO: Run Behavior\ReadHtmlCacheBehavior [ RunTime:0.000444s ]
INFO: [ app_begin ] --END-- [ RunTime:0.000503s ]
INFO: [ view_parse ] --START--
INFO: [ template_filter ] --START--
INFO: Run Behavior\ContentReplaceBehavior [ RunTime:0.000151s ]
INFO: [ template_filter ] --END-- [ RunTime:0.000229s ]
INFO: Run Behavior\ParseTemplateBehavior [ RunTime:0.070249s ]
INFO: [ view_parse ] --END-- [ RunTime:0.070382s ]
INFO: [ view_filter ] --START--
INFO: Run Behavior\WriteHtmlCacheBehavior [ RunTime:0.000329s ]
INFO: [ view_filter ] --END-- [ RunTime:0.000398s ]
INFO: [ app_end ] --START--
INFO: Run Behavior\ShowPageTraceBehavior [ RunTime:0.000837s ]
INFO: [ app_end ] --END-- [ RunTime:0.000945s ]

[ 2016-03-28T10:40:51+08:00 ] 127.0.0.1 /php3xiangmu/index.php/Admin/Index/images/skin.css
INFO: [ app_init ] --START--
INFO: Run Behavior\BuildLiteBehavior [ RunTime:0.000027s ]
INFO: [ app_init ] --END-- [ RunTime:0.000499s ]
INFO: [ app_begin ] --START--
INFO: Run Behavior\ReadHtmlCacheBehavior [ RunTime:0.000797s ]
INFO: [ app_begin ] --END-- [ RunTime:0.000912s ]
ERR: 非法操作:images

[ 2016-03-28T10:40:51+08:00 ] 127.0.0.1 /php3xiangmu/index.php/Admin/Index/images/g.gif
INFO: [ app_init ] --START--
INFO: Run Behavior\BuildLiteBehavior [ RunTime:0.000031s ]
INFO: [ app_init ] --END-- [ RunTime:0.001035s ]

[ 2016-03-28T10:40:59+08:00 ] 127.0.0.1 /php3xiangmu/index.php/Admin/Index/wmv_fs/
INFO: [ app_init ] --START--
INFO: Run Behavior\BuildLiteBehavior [ RunTime:0.000013s ]
INFO: [ app_init ] --END-- [ RunTime:0.000324s ]
INFO: [ app_begin ] --START--
INFO: Run Behavior\ReadHtmlCacheBehavior [ RunTime:0.000431s ]
INFO: [ app_begin ] --END-- [ RunTime:0.000498s ]
SQL: SHOW COLUMNS FROM `wmv` [ RunTime:0.0044s ]
SQL: SELECT COUNT(*) AS tp_count FROM `wmv` LIMIT 1   [ RunTime:0.0006s ]
SQL: SELECT * FROM `wmv` LIMIT 0,3   [ RunTime:0.0003s ]
INFO: [ view_parse ] --START--
INFO: [ template_filter ] --START--
INFO: Run Behavior\ContentReplaceBehavior [ RunTime:0.000081s ]
INFO: [ template_filter ] --END-- [ RunTime:0.000176s ]
NOTIC: [8] Undefined variable: search D:\web\apache\htdocs\php3xiangmu\Runtime\Cache\Admin\29b5bf52b5cb3c74acb7c517b5f071c8.php 第 3 行.
NOTIC: [8] Undefined variable: search1 D:\web\apache\htdocs\php3xiangmu\Runtime\Cache\Admin\29b5bf52b5cb3c74acb7c517b5f071c8.php 第 4 行.
INFO: Run Behavior\ParseTemplateBehavior [ RunTime:0.015396s ]
INFO: [ view_parse ] --END-- [ RunTime:0.015475s ]
INFO: [ view_filter ] --START--
INFO: Run Behavior\WriteHtmlCacheBehavior [ RunTime:0.000321s ]
INFO: [ view_filter ] --END-- [ RunTime:0.000399s ]
INFO: [ app_end ] --START--
INFO: Run Behavior\ShowPageTraceBehavior [ RunTime:0.000531s ]
INFO: [ app_end ] --END-- [ RunTime:0.000600s ]

[ 2016-03-28T10:41:34+08:00 ] 127.0.0.1 /php3xiangmu/index.php/Admin/Index/search_w/search/%E7%A8%8B%E4%BC%9F/search1/%E9%9D%92%E6%98%A5
INFO: [ app_init ] --START--
INFO: Run Behavior\BuildLiteBehavior [ RunTime:0.000015s ]
INFO: [ app_init ] --END-- [ RunTime:0.000394s ]
INFO: [ app_begin ] --START--
INFO: Run Behavior\ReadHtmlCacheBehavior [ RunTime:0.000553s ]
INFO: [ app_begin ] --END-- [ RunTime:0.000621s ]
SQL: SHOW COLUMNS FROM `wmv` [ RunTime:0.0057s ]
SQL: SELECT COUNT(*) AS tp_count FROM `wmv` WHERE ( w_man like '%程伟%' and w_name like '%青春%' ) LIMIT 1   [ RunTime:0.0008s ]
SQL: SELECT * FROM `wmv` WHERE ( w_man like '%程伟%' and w_name like '%青春%' ) LIMIT 0,3   [ RunTime:0.0005s ]
INFO: [ view_parse ] --START--
INFO: [ template_filter ] --START--
INFO: Run Behavior\ContentReplaceBehavior [ RunTime:0.000060s ]
INFO: [ template_filter ] --END-- [ RunTime:0.000125s ]
INFO: Run Behavior\ParseTemplateBehavior [ RunTime:0.007031s ]
INFO: [ view_parse ] --END-- [ RunTime:0.007120s ]
INFO: [ view_filter ] --START--
INFO: Run Behavior\WriteHtmlCacheBehavior [ RunTime:0.000406s ]
INFO: [ view_filter ] --END-- [ RunTime:0.000486s ]
INFO: [ app_end ] --START--
INFO: Run Behavior\ShowPageTraceBehavior [ RunTime:0.000567s ]
INFO: [ app_end ] --END-- [ RunTime:0.000627s ]

